ARM GAS  /tmp/ccbbp8OI.s 			page 1


   1              		.cpu cortex-m3
   2              		.eabi_attribute 20, 1
   3              		.eabi_attribute 21, 1
   4              		.eabi_attribute 23, 3
   5              		.eabi_attribute 24, 1
   6              		.eabi_attribute 25, 1
   7              		.eabi_attribute 26, 1
   8              		.eabi_attribute 30, 2
   9              		.eabi_attribute 34, 1
  10              		.eabi_attribute 18, 4
  11              		.file	"chvt.c"
  12              		.text
  13              	.Ltext0:
  14              		.cfi_sections	.debug_frame
  15              		.section	.text._vt_init,"ax",%progbits
  16              		.align	1
  17              		.p2align 2,,3
  18              		.global	_vt_init
  19              		.syntax unified
  20              		.thumb
  21              		.thumb_func
  22              		.fpu softvfp
  23              		.type	_vt_init, %function
  24              	_vt_init:
  25              	.LFB7:
  26              		.file 1 "../os/kernel/src/chvt.c"
  27              		.loc 1 43 0
  28              		.cfi_startproc
  29              		@ args = 0, pretend = 0, frame = 0
  30              		@ frame_needed = 0, uses_anonymous_args = 0
  31              		@ link register save eliminated.
  32              		.loc 1 46 0
  33 0000 4FF0FF31 		mov	r1, #-1
  34              		.loc 1 47 0
  35 0004 0022     		movs	r2, #0
  36              		.loc 1 45 0
  37 0006 034B     		ldr	r3, .L2
  38              		.loc 1 46 0
  39 0008 9960     		str	r1, [r3, #8]
  40              		.loc 1 45 0
  41 000a 5B60     		str	r3, [r3, #4]
  42 000c 1B60     		str	r3, [r3]
  43              		.loc 1 47 0
  44 000e DA60     		str	r2, [r3, #12]
  45 0010 7047     		bx	lr
  46              	.L3:
  47 0012 00BF     		.align	2
  48              	.L2:
  49 0014 00000000 		.word	.LANCHOR0
  50              		.cfi_endproc
  51              	.LFE7:
  52              		.size	_vt_init, .-_vt_init
  53              		.section	.text.chVTSetI,"ax",%progbits
  54              		.align	1
  55              		.p2align 2,,3
  56              		.global	chVTSetI
  57              		.syntax unified
ARM GAS  /tmp/ccbbp8OI.s 			page 2


  58              		.thumb
  59              		.thumb_func
  60              		.fpu softvfp
  61              		.type	chVTSetI, %function
  62              	chVTSetI:
  63              	.LFB8:
  64              		.loc 1 69 0
  65              		.cfi_startproc
  66              		@ args = 0, pretend = 0, frame = 0
  67              		@ frame_needed = 0, uses_anonymous_args = 0
  68              		@ link register save eliminated.
  69              	.LVL0:
  70 0000 10B4     		push	{r4}
  71              		.cfi_def_cfa_offset 4
  72              		.cfi_offset 4, -4
  73              		.loc 1 78 0
  74 0002 0C4C     		ldr	r4, .L11
  75              		.loc 1 76 0
  76 0004 0361     		str	r3, [r0, #16]
  77              		.loc 1 78 0
  78 0006 2368     		ldr	r3, [r4]
  79              	.LVL1:
  80              		.loc 1 77 0
  81 0008 C260     		str	r2, [r0, #12]
  82              		.loc 1 79 0
  83 000a 9A68     		ldr	r2, [r3, #8]
  84              	.LVL2:
  85 000c 9142     		cmp	r1, r2
  86 000e 04D9     		bls	.L5
  87              	.L6:
  88              		.loc 1 81 0
  89 0010 1B68     		ldr	r3, [r3]
  90              	.LVL3:
  91              		.loc 1 80 0
  92 0012 891A     		subs	r1, r1, r2
  93              	.LVL4:
  94              		.loc 1 79 0
  95 0014 9A68     		ldr	r2, [r3, #8]
  96 0016 8A42     		cmp	r2, r1
  97 0018 FAD3     		bcc	.L6
  98              	.L5:
  99              		.loc 1 84 0
 100 001a 5A68     		ldr	r2, [r3, #4]
 101              		.loc 1 87 0
 102 001c A342     		cmp	r3, r4
 103              		.loc 1 84 0
 104 001e 0360     		str	r3, [r0]
 105 0020 4260     		str	r2, [r0, #4]
 106              		.loc 1 85 0
 107 0022 5860     		str	r0, [r3, #4]
 108 0024 1060     		str	r0, [r2]
 109              		.loc 1 86 0
 110 0026 8160     		str	r1, [r0, #8]
 111              		.loc 1 87 0
 112 0028 02D0     		beq	.L4
 113              		.loc 1 88 0
 114 002a 9A68     		ldr	r2, [r3, #8]
ARM GAS  /tmp/ccbbp8OI.s 			page 3


 115 002c 511A     		subs	r1, r2, r1
 116              	.LVL5:
 117 002e 9960     		str	r1, [r3, #8]
 118              	.LVL6:
 119              	.L4:
 120              		.loc 1 89 0
 121 0030 10BC     		pop	{r4}
 122              		.cfi_restore 4
 123              		.cfi_def_cfa_offset 0
 124 0032 7047     		bx	lr
 125              	.L12:
 126              		.align	2
 127              	.L11:
 128 0034 00000000 		.word	.LANCHOR0
 129              		.cfi_endproc
 130              	.LFE8:
 131              		.size	chVTSetI, .-chVTSetI
 132              		.section	.text.chVTResetI,"ax",%progbits
 133              		.align	1
 134              		.p2align 2,,3
 135              		.global	chVTResetI
 136              		.syntax unified
 137              		.thumb
 138              		.thumb_func
 139              		.fpu softvfp
 140              		.type	chVTResetI, %function
 141              	chVTResetI:
 142              	.LFB9:
 143              		.loc 1 99 0
 144              		.cfi_startproc
 145              		@ args = 0, pretend = 0, frame = 0
 146              		@ frame_needed = 0, uses_anonymous_args = 0
 147              		@ link register save eliminated.
 148              	.LVL7:
 149              		.loc 1 107 0
 150 0000 074A     		ldr	r2, .L15
 151 0002 0368     		ldr	r3, [r0]
 152 0004 9342     		cmp	r3, r2
 153 0006 03D0     		beq	.L14
 154              		.loc 1 108 0
 155 0008 9A68     		ldr	r2, [r3, #8]
 156 000a 8168     		ldr	r1, [r0, #8]
 157 000c 0A44     		add	r2, r2, r1
 158 000e 9A60     		str	r2, [r3, #8]
 159              	.L14:
 160              		.loc 1 111 0
 161 0010 0021     		movs	r1, #0
 162              		.loc 1 109 0
 163 0012 4268     		ldr	r2, [r0, #4]
 164 0014 1360     		str	r3, [r2]
 165              		.loc 1 110 0
 166 0016 0368     		ldr	r3, [r0]
 167 0018 5A60     		str	r2, [r3, #4]
 168              		.loc 1 111 0
 169 001a C160     		str	r1, [r0, #12]
 170 001c 7047     		bx	lr
 171              	.L16:
ARM GAS  /tmp/ccbbp8OI.s 			page 4


 172 001e 00BF     		.align	2
 173              	.L15:
 174 0020 00000000 		.word	.LANCHOR0
 175              		.cfi_endproc
 176              	.LFE9:
 177              		.size	chVTResetI, .-chVTResetI
 178              		.global	vtlist
 179              		.section	.bss.vtlist,"aw",%nobits
 180              		.align	2
 181              		.set	.LANCHOR0,. + 0
 182              		.type	vtlist, %object
 183              		.size	vtlist, 16
 184              	vtlist:
 185 0000 00000000 		.space	16
 185      00000000 
 185      00000000 
 185      00000000 
 186              		.text
 187              	.Letext0:
 188              		.file 2 "/usr/include/newlib/machine/_default_types.h"
 189              		.file 3 "/usr/include/newlib/sys/_stdint.h"
 190              		.file 4 "../os/ports/GCC/ARMCMx/chtypes.h"
 191              		.file 5 "../os/kernel/include/chlists.h"
 192              		.file 6 "../os/kernel/include/chthreads.h"
 193              		.file 7 "../os/ports/GCC/ARMCMx/chcore_v7m.h"
 194              		.file 8 "../os/kernel/include/chvt.h"
 195              		.file 9 "../os/kernel/include/chschd.h"
 196              		.file 10 "../os/kernel/include/chmtx.h"
 197              		.file 11 "../os/kernel/include/chregistry.h"
 198              		.file 12 "../os/kernel/include/ch.h"
 199              		.section	.debug_info,"",%progbits
 200              	.Ldebug_info0:
 201 0000 D7060000 		.4byte	0x6d7
 202 0004 0400     		.2byte	0x4
 203 0006 00000000 		.4byte	.Ldebug_abbrev0
 204 000a 04       		.byte	0x4
 205 000b 01       		.uleb128 0x1
 206 000c FF010000 		.4byte	.LASF108
 207 0010 0C       		.byte	0xc
 208 0011 E3000000 		.4byte	.LASF109
 209 0015 AF040000 		.4byte	.LASF110
 210 0019 00000000 		.4byte	.Ldebug_ranges0+0
 211 001d 00000000 		.4byte	0
 212 0021 00000000 		.4byte	.Ldebug_line0
 213 0025 02       		.uleb128 0x2
 214 0026 04       		.byte	0x4
 215 0027 05       		.byte	0x5
 216 0028 696E7400 		.ascii	"int\000"
 217 002c 03       		.uleb128 0x3
 218 002d 04       		.byte	0x4
 219 002e 07       		.byte	0x7
 220 002f 42010000 		.4byte	.LASF0
 221 0033 03       		.uleb128 0x3
 222 0034 08       		.byte	0x8
 223 0035 05       		.byte	0x5
 224 0036 80000000 		.4byte	.LASF1
 225 003a 03       		.uleb128 0x3
ARM GAS  /tmp/ccbbp8OI.s 			page 5


 226 003b 08       		.byte	0x8
 227 003c 04       		.byte	0x4
 228 003d 9B020000 		.4byte	.LASF2
 229 0041 03       		.uleb128 0x3
 230 0042 01       		.byte	0x1
 231 0043 06       		.byte	0x6
 232 0044 8E000000 		.4byte	.LASF3
 233 0048 04       		.uleb128 0x4
 234 0049 24000000 		.4byte	.LASF6
 235 004d 02       		.byte	0x2
 236 004e 1D       		.byte	0x1d
 237 004f 53000000 		.4byte	0x53
 238 0053 03       		.uleb128 0x3
 239 0054 01       		.byte	0x1
 240 0055 08       		.byte	0x8
 241 0056 3D030000 		.4byte	.LASF4
 242 005a 03       		.uleb128 0x3
 243 005b 02       		.byte	0x2
 244 005c 05       		.byte	0x5
 245 005d 55030000 		.4byte	.LASF5
 246 0061 04       		.uleb128 0x4
 247 0062 F7030000 		.4byte	.LASF7
 248 0066 02       		.byte	0x2
 249 0067 2B       		.byte	0x2b
 250 0068 6C000000 		.4byte	0x6c
 251 006c 03       		.uleb128 0x3
 252 006d 02       		.byte	0x2
 253 006e 07       		.byte	0x7
 254 006f 91010000 		.4byte	.LASF8
 255 0073 04       		.uleb128 0x4
 256 0074 1E040000 		.4byte	.LASF9
 257 0078 02       		.byte	0x2
 258 0079 3F       		.byte	0x3f
 259 007a 7E000000 		.4byte	0x7e
 260 007e 03       		.uleb128 0x3
 261 007f 04       		.byte	0x4
 262 0080 05       		.byte	0x5
 263 0081 D1000000 		.4byte	.LASF10
 264 0085 04       		.uleb128 0x4
 265 0086 26010000 		.4byte	.LASF11
 266 008a 02       		.byte	0x2
 267 008b 41       		.byte	0x41
 268 008c 90000000 		.4byte	0x90
 269 0090 03       		.uleb128 0x3
 270 0091 04       		.byte	0x4
 271 0092 07       		.byte	0x7
 272 0093 57010000 		.4byte	.LASF12
 273 0097 04       		.uleb128 0x4
 274 0098 02030000 		.4byte	.LASF13
 275 009c 02       		.byte	0x2
 276 009d 5B       		.byte	0x5b
 277 009e A2000000 		.4byte	0xa2
 278 00a2 03       		.uleb128 0x3
 279 00a3 08       		.byte	0x8
 280 00a4 07       		.byte	0x7
 281 00a5 35000000 		.4byte	.LASF14
 282 00a9 04       		.uleb128 0x4
ARM GAS  /tmp/ccbbp8OI.s 			page 6


 283 00aa 83040000 		.4byte	.LASF15
 284 00ae 03       		.byte	0x3
 285 00af 18       		.byte	0x18
 286 00b0 48000000 		.4byte	0x48
 287 00b4 04       		.uleb128 0x4
 288 00b5 FB000000 		.4byte	.LASF16
 289 00b9 03       		.byte	0x3
 290 00ba 24       		.byte	0x24
 291 00bb 61000000 		.4byte	0x61
 292 00bf 04       		.uleb128 0x4
 293 00c0 35030000 		.4byte	.LASF17
 294 00c4 03       		.byte	0x3
 295 00c5 2C       		.byte	0x2c
 296 00c6 73000000 		.4byte	0x73
 297 00ca 04       		.uleb128 0x4
 298 00cb C8030000 		.4byte	.LASF18
 299 00cf 03       		.byte	0x3
 300 00d0 30       		.byte	0x30
 301 00d1 85000000 		.4byte	0x85
 302 00d5 04       		.uleb128 0x4
 303 00d6 1B000000 		.4byte	.LASF19
 304 00da 03       		.byte	0x3
 305 00db 3C       		.byte	0x3c
 306 00dc 97000000 		.4byte	0x97
 307 00e0 03       		.uleb128 0x3
 308 00e1 01       		.byte	0x1
 309 00e2 02       		.byte	0x2
 310 00e3 2F030000 		.4byte	.LASF20
 311 00e7 04       		.uleb128 0x4
 312 00e8 B2010000 		.4byte	.LASF21
 313 00ec 04       		.byte	0x4
 314 00ed 25       		.byte	0x25
 315 00ee A9000000 		.4byte	0xa9
 316 00f2 04       		.uleb128 0x4
 317 00f3 DA000000 		.4byte	.LASF22
 318 00f7 04       		.byte	0x4
 319 00f8 26       		.byte	0x26
 320 00f9 A9000000 		.4byte	0xa9
 321 00fd 04       		.uleb128 0x4
 322 00fe 0D030000 		.4byte	.LASF23
 323 0102 04       		.byte	0x4
 324 0103 27       		.byte	0x27
 325 0104 A9000000 		.4byte	0xa9
 326 0108 04       		.uleb128 0x4
 327 0109 C7000000 		.4byte	.LASF24
 328 010d 04       		.byte	0x4
 329 010e 28       		.byte	0x28
 330 010f A9000000 		.4byte	0xa9
 331 0113 04       		.uleb128 0x4
 332 0114 27030000 		.4byte	.LASF25
 333 0118 04       		.byte	0x4
 334 0119 29       		.byte	0x29
 335 011a CA000000 		.4byte	0xca
 336 011e 04       		.uleb128 0x4
 337 011f A4010000 		.4byte	.LASF26
 338 0123 04       		.byte	0x4
 339 0124 2A       		.byte	0x2a
ARM GAS  /tmp/ccbbp8OI.s 			page 7


 340 0125 BF000000 		.4byte	0xbf
 341 0129 04       		.uleb128 0x4
 342 012a C6010000 		.4byte	.LASF27
 343 012e 04       		.byte	0x4
 344 012f 2C       		.byte	0x2c
 345 0130 CA000000 		.4byte	0xca
 346 0134 04       		.uleb128 0x4
 347 0135 09040000 		.4byte	.LASF28
 348 0139 04       		.byte	0x4
 349 013a 2E       		.byte	0x2e
 350 013b CA000000 		.4byte	0xca
 351 013f 05       		.uleb128 0x5
 352 0140 34010000 		.4byte	0x134
 353 0144 04       		.uleb128 0x4
 354 0145 A9030000 		.4byte	.LASF29
 355 0149 05       		.byte	0x5
 356 014a 23       		.byte	0x23
 357 014b 4F010000 		.4byte	0x14f
 358 014f 06       		.uleb128 0x6
 359 0150 A9030000 		.4byte	.LASF29
 360 0154 48       		.byte	0x48
 361 0155 06       		.byte	0x6
 362 0156 57       		.byte	0x57
 363 0157 4C020000 		.4byte	0x24c
 364 015b 07       		.uleb128 0x7
 365 015c 8B030000 		.4byte	.LASF30
 366 0160 06       		.byte	0x6
 367 0161 58       		.byte	0x58
 368 0162 6D020000 		.4byte	0x26d
 369 0166 00       		.byte	0
 370 0167 07       		.uleb128 0x7
 371 0168 20030000 		.4byte	.LASF31
 372 016c 06       		.byte	0x6
 373 016d 5A       		.byte	0x5a
 374 016e 6D020000 		.4byte	0x26d
 375 0172 04       		.byte	0x4
 376 0173 07       		.uleb128 0x7
 377 0174 63000000 		.4byte	.LASF32
 378 0178 06       		.byte	0x6
 379 0179 5C       		.byte	0x5c
 380 017a 13010000 		.4byte	0x113
 381 017e 08       		.byte	0x8
 382 017f 07       		.uleb128 0x7
 383 0180 04050000 		.4byte	.LASF33
 384 0184 06       		.byte	0x6
 385 0185 5D       		.byte	0x5d
 386 0186 32030000 		.4byte	0x332
 387 018a 0C       		.byte	0xc
 388 018b 07       		.uleb128 0x7
 389 018c 0E010000 		.4byte	.LASF34
 390 0190 06       		.byte	0x6
 391 0191 5F       		.byte	0x5f
 392 0192 6D020000 		.4byte	0x26d
 393 0196 10       		.byte	0x10
 394 0197 07       		.uleb128 0x7
 395 0198 C8020000 		.4byte	.LASF35
 396 019c 06       		.byte	0x6
ARM GAS  /tmp/ccbbp8OI.s 			page 8


 397 019d 60       		.byte	0x60
 398 019e 6D020000 		.4byte	0x26d
 399 01a2 14       		.byte	0x14
 400 01a3 07       		.uleb128 0x7
 401 01a4 92040000 		.4byte	.LASF36
 402 01a8 06       		.byte	0x6
 403 01a9 67       		.byte	0x67
 404 01aa FD040000 		.4byte	0x4fd
 405 01ae 18       		.byte	0x18
 406 01af 07       		.uleb128 0x7
 407 01b0 5F030000 		.4byte	.LASF37
 408 01b4 06       		.byte	0x6
 409 01b5 72       		.byte	0x72
 410 01b6 F2000000 		.4byte	0xf2
 411 01ba 1C       		.byte	0x1c
 412 01bb 07       		.uleb128 0x7
 413 01bc A1030000 		.4byte	.LASF38
 414 01c0 06       		.byte	0x6
 415 01c1 76       		.byte	0x76
 416 01c2 E7000000 		.4byte	0xe7
 417 01c6 1D       		.byte	0x1d
 418 01c7 07       		.uleb128 0x7
 419 01c8 61040000 		.4byte	.LASF39
 420 01cc 06       		.byte	0x6
 421 01cd 7B       		.byte	0x7b
 422 01ce FD000000 		.4byte	0xfd
 423 01d2 1E       		.byte	0x1e
 424 01d3 07       		.uleb128 0x7
 425 01d4 67030000 		.4byte	.LASF40
 426 01d8 06       		.byte	0x6
 427 01d9 81       		.byte	0x81
 428 01da 08010000 		.4byte	0x108
 429 01de 1F       		.byte	0x1f
 430 01df 07       		.uleb128 0x7
 431 01e0 28040000 		.4byte	.LASF41
 432 01e4 06       		.byte	0x6
 433 01e5 88       		.byte	0x88
 434 01e6 3F010000 		.4byte	0x13f
 435 01ea 20       		.byte	0x20
 436 01eb 08       		.uleb128 0x8
 437 01ec 705F7500 		.ascii	"p_u\000"
 438 01f0 06       		.byte	0x6
 439 01f1 AD       		.byte	0xad
 440 01f2 C8040000 		.4byte	0x4c8
 441 01f6 24       		.byte	0x24
 442 01f7 07       		.uleb128 0x7
 443 01f8 0A050000 		.4byte	.LASF42
 444 01fc 06       		.byte	0x6
 445 01fd B2       		.byte	0xb2
 446 01fe 93020000 		.4byte	0x293
 447 0202 28       		.byte	0x28
 448 0203 07       		.uleb128 0x7
 449 0204 36040000 		.4byte	.LASF43
 450 0208 06       		.byte	0x6
 451 0209 B8       		.byte	0xb8
 452 020a 73020000 		.4byte	0x273
 453 020e 2C       		.byte	0x2c
ARM GAS  /tmp/ccbbp8OI.s 			page 9


 454 020f 07       		.uleb128 0x7
 455 0210 0D000000 		.4byte	.LASF44
 456 0214 06       		.byte	0x6
 457 0215 BC       		.byte	0xbc
 458 0216 1E010000 		.4byte	0x11e
 459 021a 34       		.byte	0x34
 460 021b 07       		.uleb128 0x7
 461 021c BD030000 		.4byte	.LASF45
 462 0220 06       		.byte	0x6
 463 0221 C2       		.byte	0xc2
 464 0222 29010000 		.4byte	0x129
 465 0226 38       		.byte	0x38
 466 0227 07       		.uleb128 0x7
 467 0228 4B030000 		.4byte	.LASF46
 468 022c 06       		.byte	0x6
 469 022d C9       		.byte	0xc9
 470 022e 0F050000 		.4byte	0x50f
 471 0232 3C       		.byte	0x3c
 472 0233 07       		.uleb128 0x7
 473 0234 13040000 		.4byte	.LASF47
 474 0238 06       		.byte	0x6
 475 0239 CD       		.byte	0xcd
 476 023a 13010000 		.4byte	0x113
 477 023e 40       		.byte	0x40
 478 023f 07       		.uleb128 0x7
 479 0240 B7000000 		.4byte	.LASF48
 480 0244 06       		.byte	0x6
 481 0245 D3       		.byte	0xd3
 482 0246 A9020000 		.4byte	0x2a9
 483 024a 44       		.byte	0x44
 484 024b 00       		.byte	0
 485 024c 09       		.uleb128 0x9
 486 024d 08       		.byte	0x8
 487 024e 05       		.byte	0x5
 488 024f 5A       		.byte	0x5a
 489 0250 6D020000 		.4byte	0x26d
 490 0254 07       		.uleb128 0x7
 491 0255 8B030000 		.4byte	.LASF30
 492 0259 05       		.byte	0x5
 493 025a 5B       		.byte	0x5b
 494 025b 6D020000 		.4byte	0x26d
 495 025f 00       		.byte	0
 496 0260 07       		.uleb128 0x7
 497 0261 20030000 		.4byte	.LASF31
 498 0265 05       		.byte	0x5
 499 0266 5D       		.byte	0x5d
 500 0267 6D020000 		.4byte	0x26d
 501 026b 04       		.byte	0x4
 502 026c 00       		.byte	0
 503 026d 0A       		.uleb128 0xa
 504 026e 04       		.byte	0x4
 505 026f 44010000 		.4byte	0x144
 506 0273 04       		.uleb128 0x4
 507 0274 D6020000 		.4byte	.LASF49
 508 0278 05       		.byte	0x5
 509 0279 5F       		.byte	0x5f
 510 027a 4C020000 		.4byte	0x24c
ARM GAS  /tmp/ccbbp8OI.s 			page 10


 511 027e 09       		.uleb128 0x9
 512 027f 04       		.byte	0x4
 513 0280 05       		.byte	0x5
 514 0281 64       		.byte	0x64
 515 0282 93020000 		.4byte	0x293
 516 0286 07       		.uleb128 0x7
 517 0287 8B030000 		.4byte	.LASF30
 518 028b 05       		.byte	0x5
 519 028c 66       		.byte	0x66
 520 028d 6D020000 		.4byte	0x26d
 521 0291 00       		.byte	0
 522 0292 00       		.byte	0
 523 0293 04       		.uleb128 0x4
 524 0294 BA010000 		.4byte	.LASF50
 525 0298 05       		.byte	0x5
 526 0299 69       		.byte	0x69
 527 029a 7E020000 		.4byte	0x27e
 528 029e 04       		.uleb128 0x4
 529 029f 31010000 		.4byte	.LASF51
 530 02a3 07       		.byte	0x7
 531 02a4 DE       		.byte	0xde
 532 02a5 A9020000 		.4byte	0x2a9
 533 02a9 0B       		.uleb128 0xb
 534 02aa 04       		.byte	0x4
 535 02ab 04       		.uleb128 0x4
 536 02ac D8010000 		.4byte	.LASF52
 537 02b0 07       		.byte	0x7
 538 02b1 E4       		.byte	0xe4
 539 02b2 D5000000 		.4byte	0xd5
 540 02b6 0C       		.uleb128 0xc
 541 02b7 2F040000 		.4byte	.LASF53
 542 02bb 24       		.byte	0x24
 543 02bc 07       		.byte	0x7
 544 02bd 0501     		.2byte	0x105
 545 02bf 32030000 		.4byte	0x332
 546 02c3 0D       		.uleb128 0xd
 547 02c4 723400   		.ascii	"r4\000"
 548 02c7 07       		.byte	0x7
 549 02c8 1801     		.2byte	0x118
 550 02ca 9E020000 		.4byte	0x29e
 551 02ce 00       		.byte	0
 552 02cf 0D       		.uleb128 0xd
 553 02d0 723500   		.ascii	"r5\000"
 554 02d3 07       		.byte	0x7
 555 02d4 1901     		.2byte	0x119
 556 02d6 9E020000 		.4byte	0x29e
 557 02da 04       		.byte	0x4
 558 02db 0D       		.uleb128 0xd
 559 02dc 723600   		.ascii	"r6\000"
 560 02df 07       		.byte	0x7
 561 02e0 1A01     		.2byte	0x11a
 562 02e2 9E020000 		.4byte	0x29e
 563 02e6 08       		.byte	0x8
 564 02e7 0D       		.uleb128 0xd
 565 02e8 723700   		.ascii	"r7\000"
 566 02eb 07       		.byte	0x7
 567 02ec 1B01     		.2byte	0x11b
ARM GAS  /tmp/ccbbp8OI.s 			page 11


 568 02ee 9E020000 		.4byte	0x29e
 569 02f2 0C       		.byte	0xc
 570 02f3 0D       		.uleb128 0xd
 571 02f4 723800   		.ascii	"r8\000"
 572 02f7 07       		.byte	0x7
 573 02f8 1C01     		.2byte	0x11c
 574 02fa 9E020000 		.4byte	0x29e
 575 02fe 10       		.byte	0x10
 576 02ff 0D       		.uleb128 0xd
 577 0300 723900   		.ascii	"r9\000"
 578 0303 07       		.byte	0x7
 579 0304 1D01     		.2byte	0x11d
 580 0306 9E020000 		.4byte	0x29e
 581 030a 14       		.byte	0x14
 582 030b 0D       		.uleb128 0xd
 583 030c 72313000 		.ascii	"r10\000"
 584 0310 07       		.byte	0x7
 585 0311 1E01     		.2byte	0x11e
 586 0313 9E020000 		.4byte	0x29e
 587 0317 18       		.byte	0x18
 588 0318 0D       		.uleb128 0xd
 589 0319 72313100 		.ascii	"r11\000"
 590 031d 07       		.byte	0x7
 591 031e 1F01     		.2byte	0x11f
 592 0320 9E020000 		.4byte	0x29e
 593 0324 1C       		.byte	0x1c
 594 0325 0D       		.uleb128 0xd
 595 0326 6C7200   		.ascii	"lr\000"
 596 0329 07       		.byte	0x7
 597 032a 2001     		.2byte	0x120
 598 032c 9E020000 		.4byte	0x29e
 599 0330 20       		.byte	0x20
 600 0331 00       		.byte	0
 601 0332 0C       		.uleb128 0xc
 602 0333 89010000 		.4byte	.LASF54
 603 0337 04       		.byte	0x4
 604 0338 07       		.byte	0x7
 605 0339 2A01     		.2byte	0x12a
 606 033b 4D030000 		.4byte	0x34d
 607 033f 0D       		.uleb128 0xd
 608 0340 72313300 		.ascii	"r13\000"
 609 0344 07       		.byte	0x7
 610 0345 2B01     		.2byte	0x12b
 611 0347 4D030000 		.4byte	0x34d
 612 034b 00       		.byte	0
 613 034c 00       		.byte	0
 614 034d 0A       		.uleb128 0xa
 615 034e 04       		.byte	0x4
 616 034f B6020000 		.4byte	0x2b6
 617 0353 03       		.uleb128 0x3
 618 0354 04       		.byte	0x4
 619 0355 07       		.byte	0x7
 620 0356 92020000 		.4byte	.LASF55
 621 035a 04       		.uleb128 0x4
 622 035b 72010000 		.4byte	.LASF56
 623 035f 08       		.byte	0x8
 624 0360 51       		.byte	0x51
ARM GAS  /tmp/ccbbp8OI.s 			page 12


 625 0361 65030000 		.4byte	0x365
 626 0365 0A       		.uleb128 0xa
 627 0366 04       		.byte	0x4
 628 0367 6B030000 		.4byte	0x36b
 629 036b 0E       		.uleb128 0xe
 630 036c 76030000 		.4byte	0x376
 631 0370 0F       		.uleb128 0xf
 632 0371 A9020000 		.4byte	0x2a9
 633 0375 00       		.byte	0
 634 0376 04       		.uleb128 0x4
 635 0377 E5030000 		.4byte	.LASF57
 636 037b 08       		.byte	0x8
 637 037c 56       		.byte	0x56
 638 037d 81030000 		.4byte	0x381
 639 0381 06       		.uleb128 0x6
 640 0382 E5030000 		.4byte	.LASF57
 641 0386 14       		.byte	0x14
 642 0387 08       		.byte	0x8
 643 0388 5D       		.byte	0x5d
 644 0389 CA030000 		.4byte	0x3ca
 645 038d 07       		.uleb128 0x7
 646 038e 4F010000 		.4byte	.LASF58
 647 0392 08       		.byte	0x8
 648 0393 5E       		.byte	0x5e
 649 0394 CA030000 		.4byte	0x3ca
 650 0398 00       		.byte	0
 651 0399 07       		.uleb128 0x7
 652 039a 3A010000 		.4byte	.LASF59
 653 039e 08       		.byte	0x8
 654 039f 60       		.byte	0x60
 655 03a0 CA030000 		.4byte	0x3ca
 656 03a4 04       		.byte	0x4
 657 03a5 07       		.uleb128 0x7
 658 03a6 F7010000 		.4byte	.LASF60
 659 03aa 08       		.byte	0x8
 660 03ab 62       		.byte	0x62
 661 03ac 34010000 		.4byte	0x134
 662 03b0 08       		.byte	0x8
 663 03b1 07       		.uleb128 0x7
 664 03b2 13000000 		.4byte	.LASF61
 665 03b6 08       		.byte	0x8
 666 03b7 63       		.byte	0x63
 667 03b8 5A030000 		.4byte	0x35a
 668 03bc 0C       		.byte	0xc
 669 03bd 07       		.uleb128 0x7
 670 03be 41040000 		.4byte	.LASF62
 671 03c2 08       		.byte	0x8
 672 03c3 65       		.byte	0x65
 673 03c4 A9020000 		.4byte	0x2a9
 674 03c8 10       		.byte	0x10
 675 03c9 00       		.byte	0
 676 03ca 0A       		.uleb128 0xa
 677 03cb 04       		.byte	0x4
 678 03cc 76030000 		.4byte	0x376
 679 03d0 09       		.uleb128 0x9
 680 03d1 10       		.byte	0x10
 681 03d2 08       		.byte	0x8
ARM GAS  /tmp/ccbbp8OI.s 			page 13


 682 03d3 6F       		.byte	0x6f
 683 03d4 09040000 		.4byte	0x409
 684 03d8 07       		.uleb128 0x7
 685 03d9 4F010000 		.4byte	.LASF58
 686 03dd 08       		.byte	0x8
 687 03de 70       		.byte	0x70
 688 03df CA030000 		.4byte	0x3ca
 689 03e3 00       		.byte	0
 690 03e4 07       		.uleb128 0x7
 691 03e5 3A010000 		.4byte	.LASF59
 692 03e9 08       		.byte	0x8
 693 03ea 72       		.byte	0x72
 694 03eb CA030000 		.4byte	0x3ca
 695 03ef 04       		.byte	0x4
 696 03f0 07       		.uleb128 0x7
 697 03f1 F7010000 		.4byte	.LASF60
 698 03f5 08       		.byte	0x8
 699 03f6 74       		.byte	0x74
 700 03f7 34010000 		.4byte	0x134
 701 03fb 08       		.byte	0x8
 702 03fc 07       		.uleb128 0x7
 703 03fd 99040000 		.4byte	.LASF63
 704 0401 08       		.byte	0x8
 705 0402 75       		.byte	0x75
 706 0403 3F010000 		.4byte	0x13f
 707 0407 0C       		.byte	0xc
 708 0408 00       		.byte	0
 709 0409 04       		.uleb128 0x4
 710 040a F5040000 		.4byte	.LASF64
 711 040e 08       		.byte	0x8
 712 040f 76       		.byte	0x76
 713 0410 D0030000 		.4byte	0x3d0
 714 0414 10       		.uleb128 0x10
 715 0415 2E000000 		.4byte	.LASF72
 716 0419 08       		.byte	0x8
 717 041a EE       		.byte	0xee
 718 041b 09040000 		.4byte	0x409
 719 041f 09       		.uleb128 0x9
 720 0420 1C       		.byte	0x1c
 721 0421 09       		.byte	0x9
 722 0422 57       		.byte	0x57
 723 0423 70040000 		.4byte	0x470
 724 0427 07       		.uleb128 0x7
 725 0428 DD030000 		.4byte	.LASF65
 726 042c 09       		.byte	0x9
 727 042d 58       		.byte	0x58
 728 042e 73020000 		.4byte	0x273
 729 0432 00       		.byte	0
 730 0433 07       		.uleb128 0x7
 731 0434 7D030000 		.4byte	.LASF66
 732 0438 09       		.byte	0x9
 733 0439 59       		.byte	0x59
 734 043a 13010000 		.4byte	0x113
 735 043e 08       		.byte	0x8
 736 043f 07       		.uleb128 0x7
 737 0440 D0020000 		.4byte	.LASF67
 738 0444 09       		.byte	0x9
ARM GAS  /tmp/ccbbp8OI.s 			page 14


 739 0445 5B       		.byte	0x5b
 740 0446 32030000 		.4byte	0x332
 741 044a 0C       		.byte	0xc
 742 044b 07       		.uleb128 0x7
 743 044c AA010000 		.4byte	.LASF68
 744 0450 09       		.byte	0x9
 745 0451 5E       		.byte	0x5e
 746 0452 6D020000 		.4byte	0x26d
 747 0456 10       		.byte	0x10
 748 0457 07       		.uleb128 0x7
 749 0458 FA020000 		.4byte	.LASF69
 750 045c 09       		.byte	0x9
 751 045d 5F       		.byte	0x5f
 752 045e 6D020000 		.4byte	0x26d
 753 0462 14       		.byte	0x14
 754 0463 07       		.uleb128 0x7
 755 0464 F0020000 		.4byte	.LASF70
 756 0468 09       		.byte	0x9
 757 0469 62       		.byte	0x62
 758 046a 6D020000 		.4byte	0x26d
 759 046e 18       		.byte	0x18
 760 046f 00       		.byte	0
 761 0470 04       		.uleb128 0x4
 762 0471 73040000 		.4byte	.LASF71
 763 0475 09       		.byte	0x9
 764 0476 64       		.byte	0x64
 765 0477 1F040000 		.4byte	0x41f
 766 047b 10       		.uleb128 0x10
 767 047c 7D040000 		.4byte	.LASF73
 768 0480 09       		.byte	0x9
 769 0481 68       		.byte	0x68
 770 0482 70040000 		.4byte	0x470
 771 0486 06       		.uleb128 0x6
 772 0487 D2010000 		.4byte	.LASF74
 773 048b 10       		.byte	0x10
 774 048c 0A       		.byte	0xa
 775 048d 25       		.byte	0x25
 776 048e B7040000 		.4byte	0x4b7
 777 0492 07       		.uleb128 0x7
 778 0493 BF000000 		.4byte	.LASF75
 779 0497 0A       		.byte	0xa
 780 0498 26       		.byte	0x26
 781 0499 73020000 		.4byte	0x273
 782 049d 00       		.byte	0
 783 049e 07       		.uleb128 0x7
 784 049f FC040000 		.4byte	.LASF76
 785 04a3 0A       		.byte	0xa
 786 04a4 28       		.byte	0x28
 787 04a5 6D020000 		.4byte	0x26d
 788 04a9 08       		.byte	0x8
 789 04aa 07       		.uleb128 0x7
 790 04ab 02040000 		.4byte	.LASF77
 791 04af 0A       		.byte	0xa
 792 04b0 2A       		.byte	0x2a
 793 04b1 B7040000 		.4byte	0x4b7
 794 04b5 0C       		.byte	0xc
 795 04b6 00       		.byte	0
ARM GAS  /tmp/ccbbp8OI.s 			page 15


 796 04b7 0A       		.uleb128 0xa
 797 04b8 04       		.byte	0x4
 798 04b9 86040000 		.4byte	0x486
 799 04bd 04       		.uleb128 0x4
 800 04be D2010000 		.4byte	.LASF74
 801 04c2 0A       		.byte	0xa
 802 04c3 2C       		.byte	0x2c
 803 04c4 86040000 		.4byte	0x486
 804 04c8 11       		.uleb128 0x11
 805 04c9 04       		.byte	0x4
 806 04ca 06       		.byte	0x6
 807 04cb 8F       		.byte	0x8f
 808 04cc FD040000 		.4byte	0x4fd
 809 04d0 12       		.uleb128 0x12
 810 04d1 5A040000 		.4byte	.LASF78
 811 04d5 06       		.byte	0x6
 812 04d6 96       		.byte	0x96
 813 04d7 1E010000 		.4byte	0x11e
 814 04db 12       		.uleb128 0x12
 815 04dc 5A000000 		.4byte	.LASF79
 816 04e0 06       		.byte	0x6
 817 04e1 9D       		.byte	0x9d
 818 04e2 1E010000 		.4byte	0x11e
 819 04e6 12       		.uleb128 0x12
 820 04e7 8B040000 		.4byte	.LASF80
 821 04eb 06       		.byte	0x6
 822 04ec A4       		.byte	0xa4
 823 04ed A9020000 		.4byte	0x2a9
 824 04f1 12       		.uleb128 0x12
 825 04f2 84030000 		.4byte	.LASF81
 826 04f6 06       		.byte	0x6
 827 04f7 AB       		.byte	0xab
 828 04f8 29010000 		.4byte	0x129
 829 04fc 00       		.byte	0
 830 04fd 0A       		.uleb128 0xa
 831 04fe 04       		.byte	0x4
 832 04ff 0A050000 		.4byte	0x50a
 833 0503 03       		.uleb128 0x3
 834 0504 01       		.byte	0x1
 835 0505 08       		.byte	0x8
 836 0506 F2030000 		.4byte	.LASF82
 837 050a 13       		.uleb128 0x13
 838 050b 03050000 		.4byte	0x503
 839 050f 0A       		.uleb128 0xa
 840 0510 04       		.byte	0x4
 841 0511 BD040000 		.4byte	0x4bd
 842 0515 09       		.uleb128 0x9
 843 0516 16       		.byte	0x16
 844 0517 0B       		.byte	0xb
 845 0518 25       		.byte	0x25
 846 0519 F6050000 		.4byte	0x5f6
 847 051d 07       		.uleb128 0x7
 848 051e 7B010000 		.4byte	.LASF83
 849 0522 0B       		.byte	0xb
 850 0523 26       		.byte	0x26
 851 0524 F6050000 		.4byte	0x5f6
 852 0528 00       		.byte	0
ARM GAS  /tmp/ccbbp8OI.s 			page 16


 853 0529 07       		.uleb128 0x7
 854 052a E3010000 		.4byte	.LASF84
 855 052e 0B       		.byte	0xb
 856 052f 27       		.byte	0x27
 857 0530 A9000000 		.4byte	0xa9
 858 0534 04       		.byte	0x4
 859 0535 07       		.uleb128 0x7
 860 0536 E3020000 		.4byte	.LASF85
 861 053a 0B       		.byte	0xb
 862 053b 28       		.byte	0x28
 863 053c A9000000 		.4byte	0xa9
 864 0540 05       		.byte	0x5
 865 0541 07       		.uleb128 0x7
 866 0542 A4040000 		.4byte	.LASF86
 867 0546 0B       		.byte	0xb
 868 0547 29       		.byte	0x29
 869 0548 B4000000 		.4byte	0xb4
 870 054c 06       		.byte	0x6
 871 054d 07       		.uleb128 0x7
 872 054e 15030000 		.4byte	.LASF87
 873 0552 0B       		.byte	0xb
 874 0553 2A       		.byte	0x2a
 875 0554 A9000000 		.4byte	0xa9
 876 0558 08       		.byte	0x8
 877 0559 07       		.uleb128 0x7
 878 055a A7020000 		.4byte	.LASF88
 879 055e 0B       		.byte	0xb
 880 055f 2B       		.byte	0x2b
 881 0560 A9000000 		.4byte	0xa9
 882 0564 09       		.byte	0x9
 883 0565 07       		.uleb128 0x7
 884 0566 4C000000 		.4byte	.LASF89
 885 056a 0B       		.byte	0xb
 886 056b 2C       		.byte	0x2c
 887 056c A9000000 		.4byte	0xa9
 888 0570 0A       		.byte	0xa
 889 0571 07       		.uleb128 0x7
 890 0572 D1030000 		.4byte	.LASF90
 891 0576 0B       		.byte	0xb
 892 0577 2D       		.byte	0x2d
 893 0578 A9000000 		.4byte	0xa9
 894 057c 0B       		.byte	0xb
 895 057d 07       		.uleb128 0x7
 896 057e 4F040000 		.4byte	.LASF91
 897 0582 0B       		.byte	0xb
 898 0583 2E       		.byte	0x2e
 899 0584 A9000000 		.4byte	0xa9
 900 0588 0C       		.byte	0xc
 901 0589 07       		.uleb128 0x7
 902 058a B0030000 		.4byte	.LASF92
 903 058e 0B       		.byte	0xb
 904 058f 2F       		.byte	0x2f
 905 0590 A9000000 		.4byte	0xa9
 906 0594 0D       		.byte	0xd
 907 0595 07       		.uleb128 0x7
 908 0596 00000000 		.4byte	.LASF93
 909 059a 0B       		.byte	0xb
ARM GAS  /tmp/ccbbp8OI.s 			page 17


 910 059b 30       		.byte	0x30
 911 059c A9000000 		.4byte	0xa9
 912 05a0 0E       		.byte	0xe
 913 05a1 07       		.uleb128 0x7
 914 05a2 B3020000 		.4byte	.LASF94
 915 05a6 0B       		.byte	0xb
 916 05a7 31       		.byte	0x31
 917 05a8 A9000000 		.4byte	0xa9
 918 05ac 0F       		.byte	0xf
 919 05ad 07       		.uleb128 0x7
 920 05ae 9A000000 		.4byte	.LASF95
 921 05b2 0B       		.byte	0xb
 922 05b3 32       		.byte	0x32
 923 05b4 A9000000 		.4byte	0xa9
 924 05b8 10       		.byte	0x10
 925 05b9 07       		.uleb128 0x7
 926 05ba 6A000000 		.4byte	.LASF96
 927 05be 0B       		.byte	0xb
 928 05bf 34       		.byte	0x34
 929 05c0 A9000000 		.4byte	0xa9
 930 05c4 11       		.byte	0x11
 931 05c5 07       		.uleb128 0x7
 932 05c6 AA000000 		.4byte	.LASF97
 933 05ca 0B       		.byte	0xb
 934 05cb 35       		.byte	0x35
 935 05cc A9000000 		.4byte	0xa9
 936 05d0 12       		.byte	0x12
 937 05d1 07       		.uleb128 0x7
 938 05d2 EB010000 		.4byte	.LASF98
 939 05d6 0B       		.byte	0xb
 940 05d7 36       		.byte	0x36
 941 05d8 A9000000 		.4byte	0xa9
 942 05dc 13       		.byte	0x13
 943 05dd 07       		.uleb128 0x7
 944 05de 92030000 		.4byte	.LASF99
 945 05e2 0B       		.byte	0xb
 946 05e3 37       		.byte	0x37
 947 05e4 A9000000 		.4byte	0xa9
 948 05e8 14       		.byte	0x14
 949 05e9 07       		.uleb128 0x7
 950 05ea 71030000 		.4byte	.LASF100
 951 05ee 0B       		.byte	0xb
 952 05ef 39       		.byte	0x39
 953 05f0 A9000000 		.4byte	0xa9
 954 05f4 15       		.byte	0x15
 955 05f5 00       		.byte	0
 956 05f6 14       		.uleb128 0x14
 957 05f7 03050000 		.4byte	0x503
 958 05fb 06060000 		.4byte	0x606
 959 05ff 15       		.uleb128 0x15
 960 0600 53030000 		.4byte	0x353
 961 0604 03       		.byte	0x3
 962 0605 00       		.byte	0
 963 0606 04       		.uleb128 0x4
 964 0607 04010000 		.4byte	.LASF101
 965 060b 0B       		.byte	0xb
 966 060c 3A       		.byte	0x3a
ARM GAS  /tmp/ccbbp8OI.s 			page 18


 967 060d 15050000 		.4byte	0x515
 968 0611 13       		.uleb128 0x13
 969 0612 06060000 		.4byte	0x606
 970 0616 10       		.uleb128 0x10
 971 0617 69010000 		.4byte	.LASF102
 972 061b 0B       		.byte	0xb
 973 061c 77       		.byte	0x77
 974 061d 11060000 		.4byte	0x611
 975 0621 14       		.uleb128 0x14
 976 0622 AB020000 		.4byte	0x2ab
 977 0626 31060000 		.4byte	0x631
 978 062a 15       		.uleb128 0x15
 979 062b 53030000 		.4byte	0x353
 980 062f 17       		.byte	0x17
 981 0630 00       		.byte	0
 982 0631 10       		.uleb128 0x10
 983 0632 16010000 		.4byte	.LASF103
 984 0636 0C       		.byte	0xc
 985 0637 82       		.byte	0x82
 986 0638 21060000 		.4byte	0x621
 987 063c 16       		.uleb128 0x16
 988 063d 14040000 		.4byte	0x414
 989 0641 01       		.byte	0x1
 990 0642 23       		.byte	0x23
 991 0643 05       		.uleb128 0x5
 992 0644 03       		.byte	0x3
 993 0645 00000000 		.4byte	vtlist
 994 0649 17       		.uleb128 0x17
 995 064a 68040000 		.4byte	.LASF104
 996 064e 01       		.byte	0x1
 997 064f 63       		.byte	0x63
 998 0650 00000000 		.4byte	.LFB9
 999 0654 24000000 		.4byte	.LFE9-.LFB9
 1000 0658 01       		.uleb128 0x1
 1001 0659 9C       		.byte	0x9c
 1002 065a 6C060000 		.4byte	0x66c
 1003 065e 18       		.uleb128 0x18
 1004 065f 76747000 		.ascii	"vtp\000"
 1005 0663 01       		.byte	0x1
 1006 0664 63       		.byte	0x63
 1007 0665 CA030000 		.4byte	0x3ca
 1008 0669 01       		.uleb128 0x1
 1009 066a 50       		.byte	0x50
 1010 066b 00       		.byte	0
 1011 066c 17       		.uleb128 0x17
 1012 066d BF020000 		.4byte	.LASF105
 1013 0671 01       		.byte	0x1
 1014 0672 45       		.byte	0x45
 1015 0673 00000000 		.4byte	.LFB8
 1016 0677 38000000 		.4byte	.LFE8-.LFB8
 1017 067b 01       		.uleb128 0x1
 1018 067c 9C       		.byte	0x9c
 1019 067d C9060000 		.4byte	0x6c9
 1020 0681 18       		.uleb128 0x18
 1021 0682 76747000 		.ascii	"vtp\000"
 1022 0686 01       		.byte	0x1
 1023 0687 45       		.byte	0x45
ARM GAS  /tmp/ccbbp8OI.s 			page 19


 1024 0688 CA030000 		.4byte	0x3ca
 1025 068c 01       		.uleb128 0x1
 1026 068d 50       		.byte	0x50
 1027 068e 19       		.uleb128 0x19
 1028 068f EB020000 		.4byte	.LASF106
 1029 0693 01       		.byte	0x1
 1030 0694 45       		.byte	0x45
 1031 0695 34010000 		.4byte	0x134
 1032 0699 00000000 		.4byte	.LLST0
 1033 069d 19       		.uleb128 0x19
 1034 069e 48040000 		.4byte	.LASF107
 1035 06a2 01       		.byte	0x1
 1036 06a3 45       		.byte	0x45
 1037 06a4 5A030000 		.4byte	0x35a
 1038 06a8 2A000000 		.4byte	.LLST1
 1039 06ac 1A       		.uleb128 0x1a
 1040 06ad 70617200 		.ascii	"par\000"
 1041 06b1 01       		.byte	0x1
 1042 06b2 45       		.byte	0x45
 1043 06b3 A9020000 		.4byte	0x2a9
 1044 06b7 49000000 		.4byte	.LLST2
 1045 06bb 1B       		.uleb128 0x1b
 1046 06bc 7000     		.ascii	"p\000"
 1047 06be 01       		.byte	0x1
 1048 06bf 46       		.byte	0x46
 1049 06c0 CA030000 		.4byte	0x3ca
 1050 06c4 68000000 		.4byte	.LLST3
 1051 06c8 00       		.byte	0
 1052 06c9 1C       		.uleb128 0x1c
 1053 06ca 77000000 		.4byte	.LASF111
 1054 06ce 01       		.byte	0x1
 1055 06cf 2B       		.byte	0x2b
 1056 06d0 00000000 		.4byte	.LFB7
 1057 06d4 18000000 		.4byte	.LFE7-.LFB7
 1058 06d8 01       		.uleb128 0x1
 1059 06d9 9C       		.byte	0x9c
 1060 06da 00       		.byte	0
 1061              		.section	.debug_abbrev,"",%progbits
 1062              	.Ldebug_abbrev0:
 1063 0000 01       		.uleb128 0x1
 1064 0001 11       		.uleb128 0x11
 1065 0002 01       		.byte	0x1
 1066 0003 25       		.uleb128 0x25
 1067 0004 0E       		.uleb128 0xe
 1068 0005 13       		.uleb128 0x13
 1069 0006 0B       		.uleb128 0xb
 1070 0007 03       		.uleb128 0x3
 1071 0008 0E       		.uleb128 0xe
 1072 0009 1B       		.uleb128 0x1b
 1073 000a 0E       		.uleb128 0xe
 1074 000b 55       		.uleb128 0x55
 1075 000c 17       		.uleb128 0x17
 1076 000d 11       		.uleb128 0x11
 1077 000e 01       		.uleb128 0x1
 1078 000f 10       		.uleb128 0x10
 1079 0010 17       		.uleb128 0x17
 1080 0011 00       		.byte	0
ARM GAS  /tmp/ccbbp8OI.s 			page 20


 1081 0012 00       		.byte	0
 1082 0013 02       		.uleb128 0x2
 1083 0014 24       		.uleb128 0x24
 1084 0015 00       		.byte	0
 1085 0016 0B       		.uleb128 0xb
 1086 0017 0B       		.uleb128 0xb
 1087 0018 3E       		.uleb128 0x3e
 1088 0019 0B       		.uleb128 0xb
 1089 001a 03       		.uleb128 0x3
 1090 001b 08       		.uleb128 0x8
 1091 001c 00       		.byte	0
 1092 001d 00       		.byte	0
 1093 001e 03       		.uleb128 0x3
 1094 001f 24       		.uleb128 0x24
 1095 0020 00       		.byte	0
 1096 0021 0B       		.uleb128 0xb
 1097 0022 0B       		.uleb128 0xb
 1098 0023 3E       		.uleb128 0x3e
 1099 0024 0B       		.uleb128 0xb
 1100 0025 03       		.uleb128 0x3
 1101 0026 0E       		.uleb128 0xe
 1102 0027 00       		.byte	0
 1103 0028 00       		.byte	0
 1104 0029 04       		.uleb128 0x4
 1105 002a 16       		.uleb128 0x16
 1106 002b 00       		.byte	0
 1107 002c 03       		.uleb128 0x3
 1108 002d 0E       		.uleb128 0xe
 1109 002e 3A       		.uleb128 0x3a
 1110 002f 0B       		.uleb128 0xb
 1111 0030 3B       		.uleb128 0x3b
 1112 0031 0B       		.uleb128 0xb
 1113 0032 49       		.uleb128 0x49
 1114 0033 13       		.uleb128 0x13
 1115 0034 00       		.byte	0
 1116 0035 00       		.byte	0
 1117 0036 05       		.uleb128 0x5
 1118 0037 35       		.uleb128 0x35
 1119 0038 00       		.byte	0
 1120 0039 49       		.uleb128 0x49
 1121 003a 13       		.uleb128 0x13
 1122 003b 00       		.byte	0
 1123 003c 00       		.byte	0
 1124 003d 06       		.uleb128 0x6
 1125 003e 13       		.uleb128 0x13
 1126 003f 01       		.byte	0x1
 1127 0040 03       		.uleb128 0x3
 1128 0041 0E       		.uleb128 0xe
 1129 0042 0B       		.uleb128 0xb
 1130 0043 0B       		.uleb128 0xb
 1131 0044 3A       		.uleb128 0x3a
 1132 0045 0B       		.uleb128 0xb
 1133 0046 3B       		.uleb128 0x3b
 1134 0047 0B       		.uleb128 0xb
 1135 0048 01       		.uleb128 0x1
 1136 0049 13       		.uleb128 0x13
 1137 004a 00       		.byte	0
ARM GAS  /tmp/ccbbp8OI.s 			page 21


 1138 004b 00       		.byte	0
 1139 004c 07       		.uleb128 0x7
 1140 004d 0D       		.uleb128 0xd
 1141 004e 00       		.byte	0
 1142 004f 03       		.uleb128 0x3
 1143 0050 0E       		.uleb128 0xe
 1144 0051 3A       		.uleb128 0x3a
 1145 0052 0B       		.uleb128 0xb
 1146 0053 3B       		.uleb128 0x3b
 1147 0054 0B       		.uleb128 0xb
 1148 0055 49       		.uleb128 0x49
 1149 0056 13       		.uleb128 0x13
 1150 0057 38       		.uleb128 0x38
 1151 0058 0B       		.uleb128 0xb
 1152 0059 00       		.byte	0
 1153 005a 00       		.byte	0
 1154 005b 08       		.uleb128 0x8
 1155 005c 0D       		.uleb128 0xd
 1156 005d 00       		.byte	0
 1157 005e 03       		.uleb128 0x3
 1158 005f 08       		.uleb128 0x8
 1159 0060 3A       		.uleb128 0x3a
 1160 0061 0B       		.uleb128 0xb
 1161 0062 3B       		.uleb128 0x3b
 1162 0063 0B       		.uleb128 0xb
 1163 0064 49       		.uleb128 0x49
 1164 0065 13       		.uleb128 0x13
 1165 0066 38       		.uleb128 0x38
 1166 0067 0B       		.uleb128 0xb
 1167 0068 00       		.byte	0
 1168 0069 00       		.byte	0
 1169 006a 09       		.uleb128 0x9
 1170 006b 13       		.uleb128 0x13
 1171 006c 01       		.byte	0x1
 1172 006d 0B       		.uleb128 0xb
 1173 006e 0B       		.uleb128 0xb
 1174 006f 3A       		.uleb128 0x3a
 1175 0070 0B       		.uleb128 0xb
 1176 0071 3B       		.uleb128 0x3b
 1177 0072 0B       		.uleb128 0xb
 1178 0073 01       		.uleb128 0x1
 1179 0074 13       		.uleb128 0x13
 1180 0075 00       		.byte	0
 1181 0076 00       		.byte	0
 1182 0077 0A       		.uleb128 0xa
 1183 0078 0F       		.uleb128 0xf
 1184 0079 00       		.byte	0
 1185 007a 0B       		.uleb128 0xb
 1186 007b 0B       		.uleb128 0xb
 1187 007c 49       		.uleb128 0x49
 1188 007d 13       		.uleb128 0x13
 1189 007e 00       		.byte	0
 1190 007f 00       		.byte	0
 1191 0080 0B       		.uleb128 0xb
 1192 0081 0F       		.uleb128 0xf
 1193 0082 00       		.byte	0
 1194 0083 0B       		.uleb128 0xb
ARM GAS  /tmp/ccbbp8OI.s 			page 22


 1195 0084 0B       		.uleb128 0xb
 1196 0085 00       		.byte	0
 1197 0086 00       		.byte	0
 1198 0087 0C       		.uleb128 0xc
 1199 0088 13       		.uleb128 0x13
 1200 0089 01       		.byte	0x1
 1201 008a 03       		.uleb128 0x3
 1202 008b 0E       		.uleb128 0xe
 1203 008c 0B       		.uleb128 0xb
 1204 008d 0B       		.uleb128 0xb
 1205 008e 3A       		.uleb128 0x3a
 1206 008f 0B       		.uleb128 0xb
 1207 0090 3B       		.uleb128 0x3b
 1208 0091 05       		.uleb128 0x5
 1209 0092 01       		.uleb128 0x1
 1210 0093 13       		.uleb128 0x13
 1211 0094 00       		.byte	0
 1212 0095 00       		.byte	0
 1213 0096 0D       		.uleb128 0xd
 1214 0097 0D       		.uleb128 0xd
 1215 0098 00       		.byte	0
 1216 0099 03       		.uleb128 0x3
 1217 009a 08       		.uleb128 0x8
 1218 009b 3A       		.uleb128 0x3a
 1219 009c 0B       		.uleb128 0xb
 1220 009d 3B       		.uleb128 0x3b
 1221 009e 05       		.uleb128 0x5
 1222 009f 49       		.uleb128 0x49
 1223 00a0 13       		.uleb128 0x13
 1224 00a1 38       		.uleb128 0x38
 1225 00a2 0B       		.uleb128 0xb
 1226 00a3 00       		.byte	0
 1227 00a4 00       		.byte	0
 1228 00a5 0E       		.uleb128 0xe
 1229 00a6 15       		.uleb128 0x15
 1230 00a7 01       		.byte	0x1
 1231 00a8 27       		.uleb128 0x27
 1232 00a9 19       		.uleb128 0x19
 1233 00aa 01       		.uleb128 0x1
 1234 00ab 13       		.uleb128 0x13
 1235 00ac 00       		.byte	0
 1236 00ad 00       		.byte	0
 1237 00ae 0F       		.uleb128 0xf
 1238 00af 05       		.uleb128 0x5
 1239 00b0 00       		.byte	0
 1240 00b1 49       		.uleb128 0x49
 1241 00b2 13       		.uleb128 0x13
 1242 00b3 00       		.byte	0
 1243 00b4 00       		.byte	0
 1244 00b5 10       		.uleb128 0x10
 1245 00b6 34       		.uleb128 0x34
 1246 00b7 00       		.byte	0
 1247 00b8 03       		.uleb128 0x3
 1248 00b9 0E       		.uleb128 0xe
 1249 00ba 3A       		.uleb128 0x3a
 1250 00bb 0B       		.uleb128 0xb
 1251 00bc 3B       		.uleb128 0x3b
ARM GAS  /tmp/ccbbp8OI.s 			page 23


 1252 00bd 0B       		.uleb128 0xb
 1253 00be 49       		.uleb128 0x49
 1254 00bf 13       		.uleb128 0x13
 1255 00c0 3F       		.uleb128 0x3f
 1256 00c1 19       		.uleb128 0x19
 1257 00c2 3C       		.uleb128 0x3c
 1258 00c3 19       		.uleb128 0x19
 1259 00c4 00       		.byte	0
 1260 00c5 00       		.byte	0
 1261 00c6 11       		.uleb128 0x11
 1262 00c7 17       		.uleb128 0x17
 1263 00c8 01       		.byte	0x1
 1264 00c9 0B       		.uleb128 0xb
 1265 00ca 0B       		.uleb128 0xb
 1266 00cb 3A       		.uleb128 0x3a
 1267 00cc 0B       		.uleb128 0xb
 1268 00cd 3B       		.uleb128 0x3b
 1269 00ce 0B       		.uleb128 0xb
 1270 00cf 01       		.uleb128 0x1
 1271 00d0 13       		.uleb128 0x13
 1272 00d1 00       		.byte	0
 1273 00d2 00       		.byte	0
 1274 00d3 12       		.uleb128 0x12
 1275 00d4 0D       		.uleb128 0xd
 1276 00d5 00       		.byte	0
 1277 00d6 03       		.uleb128 0x3
 1278 00d7 0E       		.uleb128 0xe
 1279 00d8 3A       		.uleb128 0x3a
 1280 00d9 0B       		.uleb128 0xb
 1281 00da 3B       		.uleb128 0x3b
 1282 00db 0B       		.uleb128 0xb
 1283 00dc 49       		.uleb128 0x49
 1284 00dd 13       		.uleb128 0x13
 1285 00de 00       		.byte	0
 1286 00df 00       		.byte	0
 1287 00e0 13       		.uleb128 0x13
 1288 00e1 26       		.uleb128 0x26
 1289 00e2 00       		.byte	0
 1290 00e3 49       		.uleb128 0x49
 1291 00e4 13       		.uleb128 0x13
 1292 00e5 00       		.byte	0
 1293 00e6 00       		.byte	0
 1294 00e7 14       		.uleb128 0x14
 1295 00e8 01       		.uleb128 0x1
 1296 00e9 01       		.byte	0x1
 1297 00ea 49       		.uleb128 0x49
 1298 00eb 13       		.uleb128 0x13
 1299 00ec 01       		.uleb128 0x1
 1300 00ed 13       		.uleb128 0x13
 1301 00ee 00       		.byte	0
 1302 00ef 00       		.byte	0
 1303 00f0 15       		.uleb128 0x15
 1304 00f1 21       		.uleb128 0x21
 1305 00f2 00       		.byte	0
 1306 00f3 49       		.uleb128 0x49
 1307 00f4 13       		.uleb128 0x13
 1308 00f5 2F       		.uleb128 0x2f
ARM GAS  /tmp/ccbbp8OI.s 			page 24


 1309 00f6 0B       		.uleb128 0xb
 1310 00f7 00       		.byte	0
 1311 00f8 00       		.byte	0
 1312 00f9 16       		.uleb128 0x16
 1313 00fa 34       		.uleb128 0x34
 1314 00fb 00       		.byte	0
 1315 00fc 47       		.uleb128 0x47
 1316 00fd 13       		.uleb128 0x13
 1317 00fe 3A       		.uleb128 0x3a
 1318 00ff 0B       		.uleb128 0xb
 1319 0100 3B       		.uleb128 0x3b
 1320 0101 0B       		.uleb128 0xb
 1321 0102 02       		.uleb128 0x2
 1322 0103 18       		.uleb128 0x18
 1323 0104 00       		.byte	0
 1324 0105 00       		.byte	0
 1325 0106 17       		.uleb128 0x17
 1326 0107 2E       		.uleb128 0x2e
 1327 0108 01       		.byte	0x1
 1328 0109 3F       		.uleb128 0x3f
 1329 010a 19       		.uleb128 0x19
 1330 010b 03       		.uleb128 0x3
 1331 010c 0E       		.uleb128 0xe
 1332 010d 3A       		.uleb128 0x3a
 1333 010e 0B       		.uleb128 0xb
 1334 010f 3B       		.uleb128 0x3b
 1335 0110 0B       		.uleb128 0xb
 1336 0111 27       		.uleb128 0x27
 1337 0112 19       		.uleb128 0x19
 1338 0113 11       		.uleb128 0x11
 1339 0114 01       		.uleb128 0x1
 1340 0115 12       		.uleb128 0x12
 1341 0116 06       		.uleb128 0x6
 1342 0117 40       		.uleb128 0x40
 1343 0118 18       		.uleb128 0x18
 1344 0119 9742     		.uleb128 0x2117
 1345 011b 19       		.uleb128 0x19
 1346 011c 01       		.uleb128 0x1
 1347 011d 13       		.uleb128 0x13
 1348 011e 00       		.byte	0
 1349 011f 00       		.byte	0
 1350 0120 18       		.uleb128 0x18
 1351 0121 05       		.uleb128 0x5
 1352 0122 00       		.byte	0
 1353 0123 03       		.uleb128 0x3
 1354 0124 08       		.uleb128 0x8
 1355 0125 3A       		.uleb128 0x3a
 1356 0126 0B       		.uleb128 0xb
 1357 0127 3B       		.uleb128 0x3b
 1358 0128 0B       		.uleb128 0xb
 1359 0129 49       		.uleb128 0x49
 1360 012a 13       		.uleb128 0x13
 1361 012b 02       		.uleb128 0x2
 1362 012c 18       		.uleb128 0x18
 1363 012d 00       		.byte	0
 1364 012e 00       		.byte	0
 1365 012f 19       		.uleb128 0x19
ARM GAS  /tmp/ccbbp8OI.s 			page 25


 1366 0130 05       		.uleb128 0x5
 1367 0131 00       		.byte	0
 1368 0132 03       		.uleb128 0x3
 1369 0133 0E       		.uleb128 0xe
 1370 0134 3A       		.uleb128 0x3a
 1371 0135 0B       		.uleb128 0xb
 1372 0136 3B       		.uleb128 0x3b
 1373 0137 0B       		.uleb128 0xb
 1374 0138 49       		.uleb128 0x49
 1375 0139 13       		.uleb128 0x13
 1376 013a 02       		.uleb128 0x2
 1377 013b 17       		.uleb128 0x17
 1378 013c 00       		.byte	0
 1379 013d 00       		.byte	0
 1380 013e 1A       		.uleb128 0x1a
 1381 013f 05       		.uleb128 0x5
 1382 0140 00       		.byte	0
 1383 0141 03       		.uleb128 0x3
 1384 0142 08       		.uleb128 0x8
 1385 0143 3A       		.uleb128 0x3a
 1386 0144 0B       		.uleb128 0xb
 1387 0145 3B       		.uleb128 0x3b
 1388 0146 0B       		.uleb128 0xb
 1389 0147 49       		.uleb128 0x49
 1390 0148 13       		.uleb128 0x13
 1391 0149 02       		.uleb128 0x2
 1392 014a 17       		.uleb128 0x17
 1393 014b 00       		.byte	0
 1394 014c 00       		.byte	0
 1395 014d 1B       		.uleb128 0x1b
 1396 014e 34       		.uleb128 0x34
 1397 014f 00       		.byte	0
 1398 0150 03       		.uleb128 0x3
 1399 0151 08       		.uleb128 0x8
 1400 0152 3A       		.uleb128 0x3a
 1401 0153 0B       		.uleb128 0xb
 1402 0154 3B       		.uleb128 0x3b
 1403 0155 0B       		.uleb128 0xb
 1404 0156 49       		.uleb128 0x49
 1405 0157 13       		.uleb128 0x13
 1406 0158 02       		.uleb128 0x2
 1407 0159 17       		.uleb128 0x17
 1408 015a 00       		.byte	0
 1409 015b 00       		.byte	0
 1410 015c 1C       		.uleb128 0x1c
 1411 015d 2E       		.uleb128 0x2e
 1412 015e 00       		.byte	0
 1413 015f 3F       		.uleb128 0x3f
 1414 0160 19       		.uleb128 0x19
 1415 0161 03       		.uleb128 0x3
 1416 0162 0E       		.uleb128 0xe
 1417 0163 3A       		.uleb128 0x3a
 1418 0164 0B       		.uleb128 0xb
 1419 0165 3B       		.uleb128 0x3b
 1420 0166 0B       		.uleb128 0xb
 1421 0167 27       		.uleb128 0x27
 1422 0168 19       		.uleb128 0x19
ARM GAS  /tmp/ccbbp8OI.s 			page 26


 1423 0169 11       		.uleb128 0x11
 1424 016a 01       		.uleb128 0x1
 1425 016b 12       		.uleb128 0x12
 1426 016c 06       		.uleb128 0x6
 1427 016d 40       		.uleb128 0x40
 1428 016e 18       		.uleb128 0x18
 1429 016f 9742     		.uleb128 0x2117
 1430 0171 19       		.uleb128 0x19
 1431 0172 00       		.byte	0
 1432 0173 00       		.byte	0
 1433 0174 00       		.byte	0
 1434              		.section	.debug_loc,"",%progbits
 1435              	.Ldebug_loc0:
 1436              	.LLST0:
 1437 0000 00000000 		.4byte	.LVL0
 1438 0004 14000000 		.4byte	.LVL4
 1439 0008 0100     		.2byte	0x1
 1440 000a 51       		.byte	0x51
 1441 000b 14000000 		.4byte	.LVL4
 1442 000f 2E000000 		.4byte	.LVL5
 1443 0013 0100     		.2byte	0x1
 1444 0015 51       		.byte	0x51
 1445 0016 2E000000 		.4byte	.LVL5
 1446 001a 30000000 		.4byte	.LVL6
 1447 001e 0200     		.2byte	0x2
 1448 0020 70       		.byte	0x70
 1449 0021 08       		.sleb128 8
 1450 0022 00000000 		.4byte	0
 1451 0026 00000000 		.4byte	0
 1452              	.LLST1:
 1453 002a 00000000 		.4byte	.LVL0
 1454 002e 0C000000 		.4byte	.LVL2
 1455 0032 0100     		.2byte	0x1
 1456 0034 52       		.byte	0x52
 1457 0035 0C000000 		.4byte	.LVL2
 1458 0039 38000000 		.4byte	.LFE8
 1459 003d 0200     		.2byte	0x2
 1460 003f 70       		.byte	0x70
 1461 0040 0C       		.sleb128 12
 1462 0041 00000000 		.4byte	0
 1463 0045 00000000 		.4byte	0
 1464              	.LLST2:
 1465 0049 00000000 		.4byte	.LVL0
 1466 004d 08000000 		.4byte	.LVL1
 1467 0051 0100     		.2byte	0x1
 1468 0053 53       		.byte	0x53
 1469 0054 08000000 		.4byte	.LVL1
 1470 0058 38000000 		.4byte	.LFE8
 1471 005c 0200     		.2byte	0x2
 1472 005e 70       		.byte	0x70
 1473 005f 10       		.sleb128 16
 1474 0060 00000000 		.4byte	0
 1475 0064 00000000 		.4byte	0
 1476              	.LLST3:
 1477 0068 08000000 		.4byte	.LVL1
 1478 006c 12000000 		.4byte	.LVL3
 1479 0070 0100     		.2byte	0x1
ARM GAS  /tmp/ccbbp8OI.s 			page 27


 1480 0072 53       		.byte	0x53
 1481 0073 14000000 		.4byte	.LVL4
 1482 0077 38000000 		.4byte	.LFE8
 1483 007b 0100     		.2byte	0x1
 1484 007d 53       		.byte	0x53
 1485 007e 00000000 		.4byte	0
 1486 0082 00000000 		.4byte	0
 1487              		.section	.debug_aranges,"",%progbits
 1488 0000 2C000000 		.4byte	0x2c
 1489 0004 0200     		.2byte	0x2
 1490 0006 00000000 		.4byte	.Ldebug_info0
 1491 000a 04       		.byte	0x4
 1492 000b 00       		.byte	0
 1493 000c 0000     		.2byte	0
 1494 000e 0000     		.2byte	0
 1495 0010 00000000 		.4byte	.LFB7
 1496 0014 18000000 		.4byte	.LFE7-.LFB7
 1497 0018 00000000 		.4byte	.LFB8
 1498 001c 38000000 		.4byte	.LFE8-.LFB8
 1499 0020 00000000 		.4byte	.LFB9
 1500 0024 24000000 		.4byte	.LFE9-.LFB9
 1501 0028 00000000 		.4byte	0
 1502 002c 00000000 		.4byte	0
 1503              		.section	.debug_ranges,"",%progbits
 1504              	.Ldebug_ranges0:
 1505 0000 00000000 		.4byte	.LFB7
 1506 0004 18000000 		.4byte	.LFE7
 1507 0008 00000000 		.4byte	.LFB8
 1508 000c 38000000 		.4byte	.LFE8
 1509 0010 00000000 		.4byte	.LFB9
 1510 0014 24000000 		.4byte	.LFE9
 1511 0018 00000000 		.4byte	0
 1512 001c 00000000 		.4byte	0
 1513              		.section	.debug_line,"",%progbits
 1514              	.Ldebug_line0:
 1515 0000 74010000 		.section	.debug_str,"MS",%progbits,1
 1515      02002101 
 1515      00000201 
 1515      FB0E0D00 
 1515      01010101 
 1516              	.LASF93:
 1517 0000 63665F6F 		.ascii	"cf_off_older\000"
 1517      66665F6F 
 1517      6C646572 
 1517      00
 1518              	.LASF44:
 1519 000d 705F6D73 		.ascii	"p_msg\000"
 1519      6700
 1520              	.LASF61:
 1521 0013 76745F66 		.ascii	"vt_func\000"
 1521      756E6300 
 1522              	.LASF19:
 1523 001b 75696E74 		.ascii	"uint64_t\000"
 1523      36345F74 
 1523      00
 1524              	.LASF6:
 1525 0024 5F5F7569 		.ascii	"__uint8_t\000"
ARM GAS  /tmp/ccbbp8OI.s 			page 28


 1525      6E74385F 
 1525      7400
 1526              	.LASF72:
 1527 002e 76746C69 		.ascii	"vtlist\000"
 1527      737400
 1528              	.LASF14:
 1529 0035 6C6F6E67 		.ascii	"long long unsigned int\000"
 1529      206C6F6E 
 1529      6720756E 
 1529      7369676E 
 1529      65642069 
 1530              	.LASF89:
 1531 004c 63685F74 		.ascii	"ch_threadsize\000"
 1531      68726561 
 1531      6473697A 
 1531      6500
 1532              	.LASF79:
 1533 005a 65786974 		.ascii	"exitcode\000"
 1533      636F6465 
 1533      00
 1534              	.LASF32:
 1535 0063 705F7072 		.ascii	"p_prio\000"
 1535      696F00
 1536              	.LASF96:
 1537 006a 63665F6F 		.ascii	"cf_off_state\000"
 1537      66665F73 
 1537      74617465 
 1537      00
 1538              	.LASF111:
 1539 0077 5F76745F 		.ascii	"_vt_init\000"
 1539      696E6974 
 1539      00
 1540              	.LASF1:
 1541 0080 6C6F6E67 		.ascii	"long long int\000"
 1541      206C6F6E 
 1541      6720696E 
 1541      7400
 1542              	.LASF3:
 1543 008e 7369676E 		.ascii	"signed char\000"
 1543      65642063 
 1543      68617200 
 1544              	.LASF95:
 1545 009a 63665F6F 		.ascii	"cf_off_stklimit\000"
 1545      66665F73 
 1545      746B6C69 
 1545      6D697400 
 1546              	.LASF97:
 1547 00aa 63665F6F 		.ascii	"cf_off_flags\000"
 1547      66665F66 
 1547      6C616773 
 1547      00
 1548              	.LASF48:
 1549 00b7 705F6D70 		.ascii	"p_mpool\000"
 1549      6F6F6C00 
 1550              	.LASF75:
 1551 00bf 6D5F7175 		.ascii	"m_queue\000"
 1551      65756500 
ARM GAS  /tmp/ccbbp8OI.s 			page 29


 1552              	.LASF24:
 1553 00c7 74736C69 		.ascii	"tslices_t\000"
 1553      6365735F 
 1553      7400
 1554              	.LASF10:
 1555 00d1 6C6F6E67 		.ascii	"long int\000"
 1555      20696E74 
 1555      00
 1556              	.LASF22:
 1557 00da 74737461 		.ascii	"tstate_t\000"
 1557      74655F74 
 1557      00
 1558              	.LASF109:
 1559 00e3 2E2E2F6F 		.ascii	"../os/kernel/src/chvt.c\000"
 1559      732F6B65 
 1559      726E656C 
 1559      2F737263 
 1559      2F636876 
 1560              	.LASF16:
 1561 00fb 75696E74 		.ascii	"uint16_t\000"
 1561      31365F74 
 1561      00
 1562              	.LASF101:
 1563 0104 63686465 		.ascii	"chdebug_t\000"
 1563      6275675F 
 1563      7400
 1564              	.LASF34:
 1565 010e 705F6E65 		.ascii	"p_newer\000"
 1565      77657200 
 1566              	.LASF103:
 1567 0116 5F69646C 		.ascii	"_idle_thread_wa\000"
 1567      655F7468 
 1567      72656164 
 1567      5F776100 
 1568              	.LASF11:
 1569 0126 5F5F7569 		.ascii	"__uint32_t\000"
 1569      6E743332 
 1569      5F7400
 1570              	.LASF51:
 1571 0131 72656761 		.ascii	"regarm_t\000"
 1571      726D5F74 
 1571      00
 1572              	.LASF59:
 1573 013a 76745F70 		.ascii	"vt_prev\000"
 1573      72657600 
 1574              	.LASF0:
 1575 0142 756E7369 		.ascii	"unsigned int\000"
 1575      676E6564 
 1575      20696E74 
 1575      00
 1576              	.LASF58:
 1577 014f 76745F6E 		.ascii	"vt_next\000"
 1577      65787400 
 1578              	.LASF12:
 1579 0157 6C6F6E67 		.ascii	"long unsigned int\000"
 1579      20756E73 
 1579      69676E65 
ARM GAS  /tmp/ccbbp8OI.s 			page 30


 1579      6420696E 
 1579      7400
 1580              	.LASF102:
 1581 0169 63685F64 		.ascii	"ch_debug\000"
 1581      65627567 
 1581      00
 1582              	.LASF56:
 1583 0172 76746675 		.ascii	"vtfunc_t\000"
 1583      6E635F74 
 1583      00
 1584              	.LASF83:
 1585 017b 63685F69 		.ascii	"ch_identifier\000"
 1585      64656E74 
 1585      69666965 
 1585      7200
 1586              	.LASF54:
 1587 0189 636F6E74 		.ascii	"context\000"
 1587      65787400 
 1588              	.LASF8:
 1589 0191 73686F72 		.ascii	"short unsigned int\000"
 1589      7420756E 
 1589      7369676E 
 1589      65642069 
 1589      6E7400
 1590              	.LASF26:
 1591 01a4 6D73675F 		.ascii	"msg_t\000"
 1591      7400
 1592              	.LASF68:
 1593 01aa 725F6E65 		.ascii	"r_newer\000"
 1593      77657200 
 1594              	.LASF21:
 1595 01b2 746D6F64 		.ascii	"tmode_t\000"
 1595      655F7400 
 1596              	.LASF50:
 1597 01ba 54687265 		.ascii	"ThreadsList\000"
 1597      6164734C 
 1597      69737400 
 1598              	.LASF27:
 1599 01c6 6576656E 		.ascii	"eventmask_t\000"
 1599      746D6173 
 1599      6B5F7400 
 1600              	.LASF74:
 1601 01d2 4D757465 		.ascii	"Mutex\000"
 1601      7800
 1602              	.LASF52:
 1603 01d8 73746B61 		.ascii	"stkalign_t\000"
 1603      6C69676E 
 1603      5F7400
 1604              	.LASF84:
 1605 01e3 63685F7A 		.ascii	"ch_zero\000"
 1605      65726F00 
 1606              	.LASF98:
 1607 01eb 63665F6F 		.ascii	"cf_off_refs\000"
 1607      66665F72 
 1607      65667300 
 1608              	.LASF60:
 1609 01f7 76745F74 		.ascii	"vt_time\000"
ARM GAS  /tmp/ccbbp8OI.s 			page 31


 1609      696D6500 
 1610              	.LASF108:
 1611 01ff 474E5520 		.ascii	"GNU C11 6.3.1 20170620 -mcpu=cortex-m3 -mno-thumb-i"
 1611      43313120 
 1611      362E332E 
 1611      31203230 
 1611      31373036 
 1612 0232 6E746572 		.ascii	"nterwork -mthumb -ggdb -O2 -fomit-frame-pointer -ff"
 1612      776F726B 
 1612      202D6D74 
 1612      68756D62 
 1612      202D6767 
 1613 0265 756E6374 		.ascii	"unction-sections -fdata-sections -fno-common\000"
 1613      696F6E2D 
 1613      73656374 
 1613      696F6E73 
 1613      202D6664 
 1614              	.LASF55:
 1615 0292 73697A65 		.ascii	"sizetype\000"
 1615      74797065 
 1615      00
 1616              	.LASF2:
 1617 029b 6C6F6E67 		.ascii	"long double\000"
 1617      20646F75 
 1617      626C6500 
 1618              	.LASF88:
 1619 02a7 63685F74 		.ascii	"ch_timesize\000"
 1619      696D6573 
 1619      697A6500 
 1620              	.LASF94:
 1621 02b3 63665F6F 		.ascii	"cf_off_name\000"
 1621      66665F6E 
 1621      616D6500 
 1622              	.LASF105:
 1623 02bf 63685654 		.ascii	"chVTSetI\000"
 1623      53657449 
 1623      00
 1624              	.LASF35:
 1625 02c8 705F6F6C 		.ascii	"p_older\000"
 1625      64657200 
 1626              	.LASF67:
 1627 02d0 725F6374 		.ascii	"r_ctx\000"
 1627      7800
 1628              	.LASF49:
 1629 02d6 54687265 		.ascii	"ThreadsQueue\000"
 1629      61647351 
 1629      75657565 
 1629      00
 1630              	.LASF85:
 1631 02e3 63685F73 		.ascii	"ch_size\000"
 1631      697A6500 
 1632              	.LASF106:
 1633 02eb 74696D65 		.ascii	"time\000"
 1633      00
 1634              	.LASF70:
 1635 02f0 725F6375 		.ascii	"r_current\000"
 1635      7272656E 
ARM GAS  /tmp/ccbbp8OI.s 			page 32


 1635      7400
 1636              	.LASF69:
 1637 02fa 725F6F6C 		.ascii	"r_older\000"
 1637      64657200 
 1638              	.LASF13:
 1639 0302 5F5F7569 		.ascii	"__uint64_t\000"
 1639      6E743634 
 1639      5F7400
 1640              	.LASF23:
 1641 030d 74726566 		.ascii	"trefs_t\000"
 1641      735F7400 
 1642              	.LASF87:
 1643 0315 63685F70 		.ascii	"ch_ptrsize\000"
 1643      74727369 
 1643      7A6500
 1644              	.LASF31:
 1645 0320 705F7072 		.ascii	"p_prev\000"
 1645      657600
 1646              	.LASF25:
 1647 0327 74707269 		.ascii	"tprio_t\000"
 1647      6F5F7400 
 1648              	.LASF20:
 1649 032f 5F426F6F 		.ascii	"_Bool\000"
 1649      6C00
 1650              	.LASF17:
 1651 0335 696E7433 		.ascii	"int32_t\000"
 1651      325F7400 
 1652              	.LASF4:
 1653 033d 756E7369 		.ascii	"unsigned char\000"
 1653      676E6564 
 1653      20636861 
 1653      7200
 1654              	.LASF46:
 1655 034b 705F6D74 		.ascii	"p_mtxlist\000"
 1655      786C6973 
 1655      7400
 1656              	.LASF5:
 1657 0355 73686F72 		.ascii	"short int\000"
 1657      7420696E 
 1657      7400
 1658              	.LASF37:
 1659 035f 705F7374 		.ascii	"p_state\000"
 1659      61746500 
 1660              	.LASF40:
 1661 0367 705F7072 		.ascii	"p_preempt\000"
 1661      65656D70 
 1661      7400
 1662              	.LASF100:
 1663 0371 63665F6F 		.ascii	"cf_off_time\000"
 1663      66665F74 
 1663      696D6500 
 1664              	.LASF66:
 1665 037d 725F7072 		.ascii	"r_prio\000"
 1665      696F00
 1666              	.LASF81:
 1667 0384 65776D61 		.ascii	"ewmask\000"
 1667      736B00
ARM GAS  /tmp/ccbbp8OI.s 			page 33


 1668              	.LASF30:
 1669 038b 705F6E65 		.ascii	"p_next\000"
 1669      787400
 1670              	.LASF99:
 1671 0392 63665F6F 		.ascii	"cf_off_preempt\000"
 1671      66665F70 
 1671      7265656D 
 1671      707400
 1672              	.LASF38:
 1673 03a1 705F666C 		.ascii	"p_flags\000"
 1673      61677300 
 1674              	.LASF29:
 1675 03a9 54687265 		.ascii	"Thread\000"
 1675      616400
 1676              	.LASF92:
 1677 03b0 63665F6F 		.ascii	"cf_off_newer\000"
 1677      66665F6E 
 1677      65776572 
 1677      00
 1678              	.LASF45:
 1679 03bd 705F6570 		.ascii	"p_epending\000"
 1679      656E6469 
 1679      6E6700
 1680              	.LASF18:
 1681 03c8 75696E74 		.ascii	"uint32_t\000"
 1681      33325F74 
 1681      00
 1682              	.LASF90:
 1683 03d1 63665F6F 		.ascii	"cf_off_prio\000"
 1683      66665F70 
 1683      72696F00 
 1684              	.LASF65:
 1685 03dd 725F7175 		.ascii	"r_queue\000"
 1685      65756500 
 1686              	.LASF57:
 1687 03e5 56697274 		.ascii	"VirtualTimer\000"
 1687      75616C54 
 1687      696D6572 
 1687      00
 1688              	.LASF82:
 1689 03f2 63686172 		.ascii	"char\000"
 1689      00
 1690              	.LASF7:
 1691 03f7 5F5F7569 		.ascii	"__uint16_t\000"
 1691      6E743136 
 1691      5F7400
 1692              	.LASF77:
 1693 0402 6D5F6E65 		.ascii	"m_next\000"
 1693      787400
 1694              	.LASF28:
 1695 0409 73797374 		.ascii	"systime_t\000"
 1695      696D655F 
 1695      7400
 1696              	.LASF47:
 1697 0413 705F7265 		.ascii	"p_realprio\000"
 1697      616C7072 
 1697      696F00
ARM GAS  /tmp/ccbbp8OI.s 			page 34


 1698              	.LASF9:
 1699 041e 5F5F696E 		.ascii	"__int32_t\000"
 1699      7433325F 
 1699      7400
 1700              	.LASF41:
 1701 0428 705F7469 		.ascii	"p_time\000"
 1701      6D6500
 1702              	.LASF53:
 1703 042f 696E7463 		.ascii	"intctx\000"
 1703      747800
 1704              	.LASF43:
 1705 0436 705F6D73 		.ascii	"p_msgqueue\000"
 1705      67717565 
 1705      756500
 1706              	.LASF62:
 1707 0441 76745F70 		.ascii	"vt_par\000"
 1707      617200
 1708              	.LASF107:
 1709 0448 76746675 		.ascii	"vtfunc\000"
 1709      6E6300
 1710              	.LASF91:
 1711 044f 63665F6F 		.ascii	"cf_off_ctx\000"
 1711      66665F63 
 1711      747800
 1712              	.LASF78:
 1713 045a 7264796D 		.ascii	"rdymsg\000"
 1713      736700
 1714              	.LASF39:
 1715 0461 705F7265 		.ascii	"p_refs\000"
 1715      667300
 1716              	.LASF104:
 1717 0468 63685654 		.ascii	"chVTResetI\000"
 1717      52657365 
 1717      744900
 1718              	.LASF71:
 1719 0473 52656164 		.ascii	"ReadyList\000"
 1719      794C6973 
 1719      7400
 1720              	.LASF73:
 1721 047d 726C6973 		.ascii	"rlist\000"
 1721      7400
 1722              	.LASF15:
 1723 0483 75696E74 		.ascii	"uint8_t\000"
 1723      385F7400 
 1724              	.LASF80:
 1725 048b 77746F62 		.ascii	"wtobjp\000"
 1725      6A7000
 1726              	.LASF36:
 1727 0492 705F6E61 		.ascii	"p_name\000"
 1727      6D6500
 1728              	.LASF63:
 1729 0499 76745F73 		.ascii	"vt_systime\000"
 1729      79737469 
 1729      6D6500
 1730              	.LASF86:
 1731 04a4 63685F76 		.ascii	"ch_version\000"
 1731      65727369 
ARM GAS  /tmp/ccbbp8OI.s 			page 35


 1731      6F6E00
 1732              	.LASF110:
 1733 04af 2F686F6D 		.ascii	"/home/ekobayu/Arok-Gandring-Lokajaya/LPC/ChibiOS-RT"
 1733      652F656B 
 1733      6F626179 
 1733      752F4172 
 1733      6F6B2D47 
 1734 04e2 2D4C5043 		.ascii	"-LPC/Chibi_LPC1766\000"
 1734      2F436869 
 1734      62695F4C 
 1734      50433137 
 1734      363600
 1735              	.LASF64:
 1736 04f5 56544C69 		.ascii	"VTList\000"
 1736      737400
 1737              	.LASF76:
 1738 04fc 6D5F6F77 		.ascii	"m_owner\000"
 1738      6E657200 
 1739              	.LASF33:
 1740 0504 705F6374 		.ascii	"p_ctx\000"
 1740      7800
 1741              	.LASF42:
 1742 050a 705F7761 		.ascii	"p_waiting\000"
 1742      6974696E 
 1742      6700
 1743              		.ident	"GCC: (15:6.3.1+svn253039-1build1) 6.3.1 20170620"
ARM GAS  /tmp/ccbbp8OI.s 			page 36


DEFINED SYMBOLS
                            *ABS*:0000000000000000 chvt.c
     /tmp/ccbbp8OI.s:16     .text._vt_init:0000000000000000 $t
     /tmp/ccbbp8OI.s:24     .text._vt_init:0000000000000000 _vt_init
     /tmp/ccbbp8OI.s:49     .text._vt_init:0000000000000014 $d
     /tmp/ccbbp8OI.s:54     .text.chVTSetI:0000000000000000 $t
     /tmp/ccbbp8OI.s:62     .text.chVTSetI:0000000000000000 chVTSetI
     /tmp/ccbbp8OI.s:128    .text.chVTSetI:0000000000000034 $d
     /tmp/ccbbp8OI.s:133    .text.chVTResetI:0000000000000000 $t
     /tmp/ccbbp8OI.s:141    .text.chVTResetI:0000000000000000 chVTResetI
     /tmp/ccbbp8OI.s:174    .text.chVTResetI:0000000000000020 $d
     /tmp/ccbbp8OI.s:184    .bss.vtlist:0000000000000000 vtlist
     /tmp/ccbbp8OI.s:180    .bss.vtlist:0000000000000000 $d
                     .debug_frame:0000000000000010 $d

NO UNDEFINED SYMBOLS
