ARM GAS  /tmp/cc9kEBlu.s 			page 1


   1              		.cpu cortex-m3
   2              		.eabi_attribute 20, 1
   3              		.eabi_attribute 21, 1
   4              		.eabi_attribute 23, 3
   5              		.eabi_attribute 24, 1
   6              		.eabi_attribute 25, 1
   7              		.eabi_attribute 26, 1
   8              		.eabi_attribute 30, 2
   9              		.eabi_attribute 34, 1
  10              		.eabi_attribute 18, 4
  11              		.file	"crt0.c"
  12              		.text
  13              	.Ltext0:
  14              		.cfi_sections	.debug_frame
  15              		.section	.text.__early_init,"ax",%progbits
  16              		.align	1
  17              		.p2align 2,,3
  18              		.weak	__early_init
  19              		.syntax unified
  20              		.thumb
  21              		.thumb_func
  22              		.fpu softvfp
  23              		.type	__early_init, %function
  24              	__early_init:
  25              	.LFB5:
  26              		.cfi_startproc
  27              		@ args = 0, pretend = 0, frame = 0
  28              		@ frame_needed = 0, uses_anonymous_args = 0
  29              		@ link register save eliminated.
  30 0000 7047     		bx	lr
  31              		.cfi_endproc
  32              	.LFE5:
  33              		.size	__early_init, .-__early_init
  34 0002 00BF     		.section	.text.__late_init,"ax",%progbits
  35              		.align	1
  36              		.p2align 2,,3
  37              		.weak	__late_init
  38              		.syntax unified
  39              		.thumb
  40              		.thumb_func
  41              		.fpu softvfp
  42              		.type	__late_init, %function
  43              	__late_init:
  44              	.LFB1:
  45              		.file 1 "../os/ports/GCC/ARMCMx/crt0.c"
  46              		.loc 1 239 0
  47              		.cfi_startproc
  48              		@ args = 0, pretend = 0, frame = 0
  49              		@ frame_needed = 0, uses_anonymous_args = 0
  50              		@ link register save eliminated.
  51 0000 7047     		bx	lr
  52              		.cfi_endproc
  53              	.LFE1:
  54              		.size	__late_init, .-__late_init
  55 0002 00BF     		.section	.text._default_exit,"ax",%progbits
  56              		.align	1
  57              		.p2align 2,,3
ARM GAS  /tmp/cc9kEBlu.s 			page 2


  58              		.weak	_default_exit
  59              		.syntax unified
  60              		.thumb
  61              		.thumb_func
  62              		.fpu softvfp
  63              		.type	_default_exit, %function
  64              	_default_exit:
  65              	.LFB2:
  66              		.loc 1 250 0
  67              		.cfi_startproc
  68              		@ Naked Function: prologue and epilogue provided by programmer.
  69              		@ args = 0, pretend = 0, frame = 0
  70              		@ frame_needed = 0, uses_anonymous_args = 0
  71              	.L4:
  72 0000 FEE7     		b	.L4
  73              		.cfi_endproc
  74              	.LFE2:
  75              		.size	_default_exit, .-_default_exit
  76 0002 00BF     		.section	.text.ResetHandler,"ax",%progbits
  77              		.align	1
  78              		.p2align 2,,3
  79              		.global	ResetHandler
  80              		.syntax unified
  81              		.thumb
  82              		.thumb_func
  83              		.fpu softvfp
  84              		.type	ResetHandler, %function
  85              	ResetHandler:
  86              	.LFB3:
  87              		.loc 1 261 0
  88              		.cfi_startproc
  89              		@ Naked Function: prologue and epilogue provided by programmer.
  90              		@ args = 0, pretend = 0, frame = 0
  91              		@ frame_needed = 0, uses_anonymous_args = 0
  92              		.loc 1 267 0
  93              		.syntax unified
  94              	@ 267 "../os/ports/GCC/ARMCMx/crt0.c" 1
  95 0000 72B6     		cpsid   i
  96              	@ 0 "" 2
  97              		.loc 1 268 0
  98              		.thumb
  99              		.syntax unified
 100 0002 3048     		ldr	r0, .L32
 101              	.LVL0:
 102              		.loc 1 269 0
 103              		.syntax unified
 104              	@ 269 "../os/ports/GCC/ARMCMx/crt0.c" 1
 105 0004 80F30988 		msr     PSP, r0
 106              	@ 0 "" 2
 107              	.LVL1:
 108              		.loc 1 289 0
 109              		.thumb
 110              		.syntax unified
 111 0008 0223     		movs	r3, #2
 112              		.syntax unified
 113              	@ 289 "../os/ports/GCC/ARMCMx/crt0.c" 1
 114 000a 83F31488 		msr     CONTROL, r3
ARM GAS  /tmp/cc9kEBlu.s 			page 3


 115              	@ 0 "" 2
 116              		.loc 1 290 0
 117              	@ 290 "../os/ports/GCC/ARMCMx/crt0.c" 1
 118 000e BFF36F8F 		isb
 119              	@ 0 "" 2
 120              	.LVL2:
 121              		.thumb
 122              		.syntax unified
 123              	.LBB2:
 124              		.loc 1 294 0
 125 0012 2D4B     		ldr	r3, .L32+4
 126 0014 2D4C     		ldr	r4, .L32+8
 127 0016 A342     		cmp	r3, r4
 128 0018 0BD2     		bcs	.L10
 129 001a DA43     		mvns	r2, r3
 130 001c 4FF05531 		mov	r1, #1431655765
 131 0020 2244     		add	r2, r2, r4
 132 0022 22F00302 		bic	r2, r2, #3
 133 0026 0432     		adds	r2, r2, #4
 134 0028 1A44     		add	r2, r2, r3
 135              	.LVL3:
 136              	.L9:
 137              		.loc 1 294 0 is_stmt 0 discriminator 3
 138 002a 43F8041B 		str	r1, [r3], #4
 139              	.LVL4:
 140 002e 9342     		cmp	r3, r2
 141 0030 FBD1     		bne	.L9
 142              	.LVL5:
 143              	.L10:
 144              	.LBE2:
 145              	.LBB3:
 146              		.loc 1 297 0 is_stmt 1
 147 0032 274B     		ldr	r3, .L32+12
 148 0034 8342     		cmp	r3, r0
 149 0036 0BD2     		bcs	.L8
 150 0038 4FF05531 		mov	r1, #1431655765
 151 003c 254A     		ldr	r2, .L32+16
 152 003e D21A     		subs	r2, r2, r3
 153 0040 22F00302 		bic	r2, r2, #3
 154 0044 0432     		adds	r2, r2, #4
 155 0046 1A44     		add	r2, r2, r3
 156              	.LVL6:
 157              	.L13:
 158              		.loc 1 297 0 is_stmt 0 discriminator 3
 159 0048 43F8041B 		str	r1, [r3], #4
 160              	.LVL7:
 161 004c 9342     		cmp	r3, r2
 162 004e FBD1     		bne	.L13
 163              	.LVL8:
 164              	.L8:
 165              	.LBE3:
 166              		.loc 1 303 0 is_stmt 1
 167 0050 FFF7FEFF 		bl	__early_init
 168              	.LVL9:
 169              	.LBB4:
 170              		.loc 1 312 0
 171 0054 204B     		ldr	r3, .L32+20
ARM GAS  /tmp/cc9kEBlu.s 			page 4


 172 0056 214A     		ldr	r2, .L32+24
 173 0058 9342     		cmp	r3, r2
 174 005a 0CD2     		bcs	.L12
 175 005c D843     		mvns	r0, r3
 176 005e 1044     		add	r0, r0, r2
 177 0060 20F00300 		bic	r0, r0, #3
 178 0064 0430     		adds	r0, r0, #4
 179 0066 1E4A     		ldr	r2, .L32+28
 180 0068 1844     		add	r0, r0, r3
 181              	.LVL10:
 182              	.L16:
 183              		.loc 1 313 0
 184 006a 52F8041B 		ldr	r1, [r2], #4
 185              	.LVL11:
 186 006e 43F8041B 		str	r1, [r3], #4
 187              	.LVL12:
 188              		.loc 1 312 0
 189 0072 8342     		cmp	r3, r0
 190 0074 F9D1     		bne	.L16
 191              	.LVL13:
 192              	.L12:
 193              	.LBE4:
 194              	.LBB5:
 195              		.loc 1 319 0
 196 0076 1B4B     		ldr	r3, .L32+32
 197 0078 1B48     		ldr	r0, .L32+36
 198 007a 8342     		cmp	r3, r0
 199 007c 0AD2     		bcs	.L15
 200 007e DA43     		mvns	r2, r3
 201 0080 0021     		movs	r1, #0
 202 0082 0244     		add	r2, r2, r0
 203 0084 22F00302 		bic	r2, r2, #3
 204 0088 0432     		adds	r2, r2, #4
 205 008a 1A44     		add	r2, r2, r3
 206              	.LVL14:
 207              	.L19:
 208              		.loc 1 319 0 is_stmt 0 discriminator 3
 209 008c 43F8041B 		str	r1, [r3], #4
 210              	.LVL15:
 211 0090 9A42     		cmp	r2, r3
 212 0092 FBD1     		bne	.L19
 213              	.LVL16:
 214              	.L15:
 215              	.LBE5:
 216              	.LBB6:
 217              		.loc 1 329 0 is_stmt 1
 218 0094 154D     		ldr	r5, .L32+40
 219 0096 164C     		ldr	r4, .L32+44
 220              	.LBE6:
 221              		.loc 1 323 0
 222 0098 FFF7FEFF 		bl	__late_init
 223              	.LVL17:
 224              	.LBB7:
 225              		.loc 1 329 0
 226 009c AC42     		cmp	r4, r5
 227 009e 04D2     		bcs	.L18
 228              	.LVL18:
ARM GAS  /tmp/cc9kEBlu.s 			page 5


 229              	.L22:
 230              		.loc 1 330 0
 231 00a0 54F8043B 		ldr	r3, [r4], #4
 232              	.LVL19:
 233 00a4 9847     		blx	r3
 234              	.LVL20:
 235              		.loc 1 329 0
 236 00a6 AC42     		cmp	r4, r5
 237 00a8 FAD3     		bcc	.L22
 238              	.LVL21:
 239              	.L18:
 240              	.LBE7:
 241              	.LBB8:
 242              		.loc 1 343 0
 243 00aa 124D     		ldr	r5, .L32+48
 244 00ac 124C     		ldr	r4, .L32+52
 245              	.LBE8:
 246              		.loc 1 337 0
 247 00ae FFF7FEFF 		bl	main
 248              	.LVL22:
 249              	.LBB9:
 250              		.loc 1 343 0
 251 00b2 AC42     		cmp	r4, r5
 252 00b4 04D2     		bcs	.L21
 253              	.LVL23:
 254              	.L23:
 255              		.loc 1 344 0
 256 00b6 54F8043B 		ldr	r3, [r4], #4
 257              	.LVL24:
 258 00ba 9847     		blx	r3
 259              	.LVL25:
 260              		.loc 1 343 0
 261 00bc AC42     		cmp	r4, r5
 262 00be FAD3     		bcc	.L23
 263              	.LVL26:
 264              	.L21:
 265              	.LBE9:
 266              		.loc 1 351 0
 267 00c0 FFF7FEFF 		bl	_default_exit
 268              	.LVL27:
 269              		.loc 1 352 0
 270              	.L33:
 271              		.align	2
 272              	.L32:
 273 00c4 00000000 		.word	__process_stack_end__
 274 00c8 00000000 		.word	__main_stack_base__
 275 00cc 00000000 		.word	__main_stack_end__
 276 00d0 00000000 		.word	__process_stack_base__
 277 00d4 FFFFFFFF 		.word	__process_stack_end__-1
 278 00d8 00000000 		.word	_data
 279 00dc 00000000 		.word	_edata
 280 00e0 00000000 		.word	_textdata
 281 00e4 00000000 		.word	_bss_start
 282 00e8 00000000 		.word	_bss_end
 283 00ec 00000000 		.word	__init_array_end
 284 00f0 00000000 		.word	__init_array_start
 285 00f4 00000000 		.word	__fini_array_end
ARM GAS  /tmp/cc9kEBlu.s 			page 6


 286 00f8 00000000 		.word	__fini_array_start
 287              		.cfi_endproc
 288              	.LFE3:
 289              		.size	ResetHandler, .-ResetHandler
 290              		.text
 291              	.Letext0:
 292              		.file 2 "/usr/include/newlib/machine/_default_types.h"
 293              		.file 3 "/usr/include/newlib/sys/_stdint.h"
 294              		.section	.debug_info,"",%progbits
 295              	.Ldebug_info0:
 296 0000 AE020000 		.4byte	0x2ae
 297 0004 0400     		.2byte	0x4
 298 0006 00000000 		.4byte	.Ldebug_abbrev0
 299 000a 04       		.byte	0x4
 300 000b 01       		.uleb128 0x1
 301 000c 15000000 		.4byte	.LASF28
 302 0010 0C       		.byte	0xc
 303 0011 FB010000 		.4byte	.LASF29
 304 0015 6F010000 		.4byte	.LASF30
 305 0019 30000000 		.4byte	.Ldebug_ranges0+0x30
 306 001d 00000000 		.4byte	0
 307 0021 00000000 		.4byte	.Ldebug_line0
 308 0025 02       		.uleb128 0x2
 309 0026 01       		.byte	0x1
 310 0027 06       		.byte	0x6
 311 0028 6A020000 		.4byte	.LASF0
 312 002c 03       		.uleb128 0x3
 313 002d 0B000000 		.4byte	.LASF5
 314 0031 02       		.byte	0x2
 315 0032 1D       		.byte	0x1d
 316 0033 37000000 		.4byte	0x37
 317 0037 02       		.uleb128 0x2
 318 0038 01       		.byte	0x1
 319 0039 08       		.byte	0x8
 320 003a FB000000 		.4byte	.LASF1
 321 003e 02       		.uleb128 0x2
 322 003f 02       		.byte	0x2
 323 0040 05       		.byte	0x5
 324 0041 34020000 		.4byte	.LASF2
 325 0045 02       		.uleb128 0x2
 326 0046 02       		.byte	0x2
 327 0047 07       		.byte	0x7
 328 0048 2F010000 		.4byte	.LASF3
 329 004c 02       		.uleb128 0x2
 330 004d 04       		.byte	0x4
 331 004e 05       		.byte	0x5
 332 004f 5B020000 		.4byte	.LASF4
 333 0053 03       		.uleb128 0x3
 334 0054 B5010000 		.4byte	.LASF6
 335 0058 02       		.byte	0x2
 336 0059 41       		.byte	0x41
 337 005a 5E000000 		.4byte	0x5e
 338 005e 02       		.uleb128 0x2
 339 005f 04       		.byte	0x4
 340 0060 07       		.byte	0x7
 341 0061 10010000 		.4byte	.LASF7
 342 0065 02       		.uleb128 0x2
ARM GAS  /tmp/cc9kEBlu.s 			page 7


 343 0066 08       		.byte	0x8
 344 0067 05       		.byte	0x5
 345 0068 26020000 		.4byte	.LASF8
 346 006c 02       		.uleb128 0x2
 347 006d 08       		.byte	0x8
 348 006e 07       		.byte	0x7
 349 006f D2010000 		.4byte	.LASF9
 350 0073 04       		.uleb128 0x4
 351 0074 04       		.byte	0x4
 352 0075 05       		.byte	0x5
 353 0076 696E7400 		.ascii	"int\000"
 354 007a 02       		.uleb128 0x2
 355 007b 04       		.byte	0x4
 356 007c 07       		.byte	0x7
 357 007d C5010000 		.4byte	.LASF10
 358 0081 03       		.uleb128 0x3
 359 0082 E9010000 		.4byte	.LASF11
 360 0086 03       		.byte	0x3
 361 0087 18       		.byte	0x18
 362 0088 2C000000 		.4byte	0x2c
 363 008c 03       		.uleb128 0x3
 364 008d 52020000 		.4byte	.LASF12
 365 0091 03       		.byte	0x3
 366 0092 30       		.byte	0x30
 367 0093 53000000 		.4byte	0x53
 368 0097 03       		.uleb128 0x3
 369 0098 4A020000 		.4byte	.LASF13
 370 009c 01       		.byte	0x1
 371 009d 2D       		.byte	0x2d
 372 009e A2000000 		.4byte	0xa2
 373 00a2 05       		.uleb128 0x5
 374 00a3 04       		.byte	0x4
 375 00a4 A8000000 		.4byte	0xa8
 376 00a8 06       		.uleb128 0x6
 377 00a9 03       		.uleb128 0x3
 378 00aa E4000000 		.4byte	.LASF14
 379 00ae 01       		.byte	0x1
 380 00af 2E       		.byte	0x2e
 381 00b0 B4000000 		.4byte	0xb4
 382 00b4 05       		.uleb128 0x5
 383 00b5 04       		.byte	0x4
 384 00b6 97000000 		.4byte	0x97
 385 00ba 07       		.uleb128 0x7
 386 00bb B9000000 		.4byte	.LASF15
 387 00bf 01       		.byte	0x1
 388 00c0 84       		.byte	0x84
 389 00c1 8C000000 		.4byte	0x8c
 390 00c5 07       		.uleb128 0x7
 391 00c6 9F020000 		.4byte	.LASF16
 392 00ca 01       		.byte	0x1
 393 00cb 8C       		.byte	0x8c
 394 00cc 8C000000 		.4byte	0x8c
 395 00d0 07       		.uleb128 0x7
 396 00d1 CD000000 		.4byte	.LASF17
 397 00d5 01       		.byte	0x1
 398 00d6 93       		.byte	0x93
 399 00d7 8C000000 		.4byte	0x8c
ARM GAS  /tmp/cc9kEBlu.s 			page 8


 400 00db 07       		.uleb128 0x7
 401 00dc 76020000 		.4byte	.LASF18
 402 00e0 01       		.byte	0x1
 403 00e1 9A       		.byte	0x9a
 404 00e2 8C000000 		.4byte	0x8c
 405 00e6 07       		.uleb128 0x7
 406 00e7 F1010000 		.4byte	.LASF19
 407 00eb 01       		.byte	0x1
 408 00ec A0       		.byte	0xa0
 409 00ed 8C000000 		.4byte	0x8c
 410 00f1 07       		.uleb128 0x7
 411 00f2 64020000 		.4byte	.LASF20
 412 00f6 01       		.byte	0x1
 413 00f7 A6       		.byte	0xa6
 414 00f8 8C000000 		.4byte	0x8c
 415 00fc 07       		.uleb128 0x7
 416 00fd 09010000 		.4byte	.LASF21
 417 0101 01       		.byte	0x1
 418 0102 AC       		.byte	0xac
 419 0103 8C000000 		.4byte	0x8c
 420 0107 07       		.uleb128 0x7
 421 0108 00000000 		.4byte	.LASF22
 422 010c 01       		.byte	0x1
 423 010d B2       		.byte	0xb2
 424 010e 8C000000 		.4byte	0x8c
 425 0112 07       		.uleb128 0x7
 426 0113 55010000 		.4byte	.LASF23
 427 0117 01       		.byte	0x1
 428 0118 B8       		.byte	0xb8
 429 0119 8C000000 		.4byte	0x8c
 430 011d 07       		.uleb128 0x7
 431 011e 8C020000 		.4byte	.LASF24
 432 0122 01       		.byte	0x1
 433 0123 BE       		.byte	0xbe
 434 0124 97000000 		.4byte	0x97
 435 0128 07       		.uleb128 0x7
 436 0129 5E010000 		.4byte	.LASF25
 437 012d 01       		.byte	0x1
 438 012e C4       		.byte	0xc4
 439 012f 97000000 		.4byte	0x97
 440 0133 07       		.uleb128 0x7
 441 0134 42010000 		.4byte	.LASF26
 442 0138 01       		.byte	0x1
 443 0139 CA       		.byte	0xca
 444 013a 97000000 		.4byte	0x97
 445 013e 07       		.uleb128 0x7
 446 013f A8000000 		.4byte	.LASF27
 447 0143 01       		.byte	0x1
 448 0144 D0       		.byte	0xd0
 449 0145 97000000 		.4byte	0x97
 450 0149 08       		.uleb128 0x8
 451 014a 22010000 		.4byte	.LASF31
 452 014e 01       		.byte	0x1
 453 014f 0501     		.2byte	0x105
 454 0151 00000000 		.4byte	.LFB3
 455 0155 FC000000 		.4byte	.LFE3-.LFB3
 456 0159 01       		.uleb128 0x1
ARM GAS  /tmp/cc9kEBlu.s 			page 9


 457 015a 9C       		.byte	0x9c
 458 015b 71020000 		.4byte	0x271
 459 015f 09       		.uleb128 0x9
 460 0160 70737000 		.ascii	"psp\000"
 461 0164 01       		.byte	0x1
 462 0165 0601     		.2byte	0x106
 463 0167 8C000000 		.4byte	0x8c
 464 016b 0A       		.uleb128 0xa
 465 016c 72656700 		.ascii	"reg\000"
 466 0170 01       		.byte	0x1
 467 0171 0601     		.2byte	0x106
 468 0173 8C000000 		.4byte	0x8c
 469 0177 02       		.byte	0x2
 470 0178 0B       		.uleb128 0xb
 471 0179 12000000 		.4byte	.LBB2
 472 017d 20000000 		.4byte	.LBE2-.LBB2
 473 0181 A0010000 		.4byte	0x1a0
 474 0185 0C       		.uleb128 0xc
 475 0186 703100   		.ascii	"p1\000"
 476 0189 01       		.byte	0x1
 477 018a 2601     		.2byte	0x126
 478 018c 71020000 		.4byte	0x271
 479 0190 00000000 		.4byte	.LLST0
 480 0194 09       		.uleb128 0x9
 481 0195 703200   		.ascii	"p2\000"
 482 0198 01       		.byte	0x1
 483 0199 2601     		.2byte	0x126
 484 019b 71020000 		.4byte	0x271
 485 019f 00       		.byte	0
 486 01a0 0B       		.uleb128 0xb
 487 01a1 32000000 		.4byte	.LBB3
 488 01a5 1E000000 		.4byte	.LBE3-.LBB3
 489 01a9 C8010000 		.4byte	0x1c8
 490 01ad 0C       		.uleb128 0xc
 491 01ae 703100   		.ascii	"p1\000"
 492 01b1 01       		.byte	0x1
 493 01b2 2901     		.2byte	0x129
 494 01b4 71020000 		.4byte	0x271
 495 01b8 20000000 		.4byte	.LLST1
 496 01bc 09       		.uleb128 0x9
 497 01bd 703200   		.ascii	"p2\000"
 498 01c0 01       		.byte	0x1
 499 01c1 2901     		.2byte	0x129
 500 01c3 71020000 		.4byte	0x271
 501 01c7 00       		.byte	0
 502 01c8 0B       		.uleb128 0xb
 503 01c9 54000000 		.4byte	.LBB4
 504 01cd 22000000 		.4byte	.LBE4-.LBB4
 505 01d1 F0010000 		.4byte	0x1f0
 506 01d5 0C       		.uleb128 0xc
 507 01d6 747000   		.ascii	"tp\000"
 508 01d9 01       		.byte	0x1
 509 01da 3401     		.2byte	0x134
 510 01dc 71020000 		.4byte	0x271
 511 01e0 40000000 		.4byte	.LLST2
 512 01e4 09       		.uleb128 0x9
 513 01e5 647000   		.ascii	"dp\000"
ARM GAS  /tmp/cc9kEBlu.s 			page 10


 514 01e8 01       		.byte	0x1
 515 01e9 3401     		.2byte	0x134
 516 01eb 71020000 		.4byte	0x271
 517 01ef 00       		.byte	0
 518 01f0 0B       		.uleb128 0xb
 519 01f1 76000000 		.4byte	.LBB5
 520 01f5 1E000000 		.4byte	.LBE5-.LBB5
 521 01f9 18020000 		.4byte	0x218
 522 01fd 0C       		.uleb128 0xc
 523 01fe 703100   		.ascii	"p1\000"
 524 0201 01       		.byte	0x1
 525 0202 3F01     		.2byte	0x13f
 526 0204 71020000 		.4byte	0x271
 527 0208 6B000000 		.4byte	.LLST3
 528 020c 09       		.uleb128 0x9
 529 020d 703200   		.ascii	"p2\000"
 530 0210 01       		.byte	0x1
 531 0211 3F01     		.2byte	0x13f
 532 0213 71020000 		.4byte	0x271
 533 0217 00       		.byte	0
 534 0218 0D       		.uleb128 0xd
 535 0219 00000000 		.4byte	.Ldebug_ranges0+0
 536 021d 32020000 		.4byte	0x232
 537 0221 0C       		.uleb128 0xc
 538 0222 66707000 		.ascii	"fpp\000"
 539 0226 01       		.byte	0x1
 540 0227 4801     		.2byte	0x148
 541 0229 A9000000 		.4byte	0xa9
 542 022d 8B000000 		.4byte	.LLST4
 543 0231 00       		.byte	0
 544 0232 0D       		.uleb128 0xd
 545 0233 18000000 		.4byte	.Ldebug_ranges0+0x18
 546 0237 4C020000 		.4byte	0x24c
 547 023b 0C       		.uleb128 0xc
 548 023c 66707000 		.ascii	"fpp\000"
 549 0240 01       		.byte	0x1
 550 0241 5601     		.2byte	0x156
 551 0243 A9000000 		.4byte	0xa9
 552 0247 B6000000 		.4byte	.LLST5
 553 024b 00       		.byte	0
 554 024c 0E       		.uleb128 0xe
 555 024d 54000000 		.4byte	.LVL9
 556 0251 90020000 		.4byte	0x290
 557 0255 0E       		.uleb128 0xe
 558 0256 9C000000 		.4byte	.LVL17
 559 025a 88020000 		.4byte	0x288
 560 025e 0E       		.uleb128 0xe
 561 025f B2000000 		.4byte	.LVL22
 562 0263 A6020000 		.4byte	0x2a6
 563 0267 0E       		.uleb128 0xe
 564 0268 C4000000 		.4byte	.LVL27
 565 026c 77020000 		.4byte	0x277
 566 0270 00       		.byte	0
 567 0271 05       		.uleb128 0x5
 568 0272 04       		.byte	0x4
 569 0273 8C000000 		.4byte	0x8c
 570 0277 0F       		.uleb128 0xf
ARM GAS  /tmp/cc9kEBlu.s 			page 11


 571 0278 ED000000 		.4byte	.LASF32
 572 027c 01       		.byte	0x1
 573 027d FA       		.byte	0xfa
 574 027e 00000000 		.4byte	.LFB2
 575 0282 02000000 		.4byte	.LFE2-.LFB2
 576 0286 01       		.uleb128 0x1
 577 0287 9C       		.byte	0x9c
 578 0288 10       		.uleb128 0x10
 579 0289 3E020000 		.4byte	.LASF33
 580 028d 01       		.byte	0x1
 581 028e EF       		.byte	0xef
 582 028f 01       		.byte	0x1
 583 0290 11       		.uleb128 0x11
 584 0291 19020000 		.4byte	.LASF34
 585 0295 01       		.byte	0x1
 586 0296 E3       		.byte	0xe3
 587 0297 12       		.uleb128 0x12
 588 0298 88020000 		.4byte	0x288
 589 029c 00000000 		.4byte	.LFB1
 590 02a0 02000000 		.4byte	.LFE1-.LFB1
 591 02a4 01       		.uleb128 0x1
 592 02a5 9C       		.byte	0x9c
 593 02a6 13       		.uleb128 0x13
 594 02a7 C0010000 		.4byte	.LASF35
 595 02ab C0010000 		.4byte	.LASF35
 596 02af 01       		.byte	0x1
 597 02b0 D7       		.byte	0xd7
 598 02b1 00       		.byte	0
 599              		.section	.debug_abbrev,"",%progbits
 600              	.Ldebug_abbrev0:
 601 0000 01       		.uleb128 0x1
 602 0001 11       		.uleb128 0x11
 603 0002 01       		.byte	0x1
 604 0003 25       		.uleb128 0x25
 605 0004 0E       		.uleb128 0xe
 606 0005 13       		.uleb128 0x13
 607 0006 0B       		.uleb128 0xb
 608 0007 03       		.uleb128 0x3
 609 0008 0E       		.uleb128 0xe
 610 0009 1B       		.uleb128 0x1b
 611 000a 0E       		.uleb128 0xe
 612 000b 55       		.uleb128 0x55
 613 000c 17       		.uleb128 0x17
 614 000d 11       		.uleb128 0x11
 615 000e 01       		.uleb128 0x1
 616 000f 10       		.uleb128 0x10
 617 0010 17       		.uleb128 0x17
 618 0011 00       		.byte	0
 619 0012 00       		.byte	0
 620 0013 02       		.uleb128 0x2
 621 0014 24       		.uleb128 0x24
 622 0015 00       		.byte	0
 623 0016 0B       		.uleb128 0xb
 624 0017 0B       		.uleb128 0xb
 625 0018 3E       		.uleb128 0x3e
 626 0019 0B       		.uleb128 0xb
 627 001a 03       		.uleb128 0x3
ARM GAS  /tmp/cc9kEBlu.s 			page 12


 628 001b 0E       		.uleb128 0xe
 629 001c 00       		.byte	0
 630 001d 00       		.byte	0
 631 001e 03       		.uleb128 0x3
 632 001f 16       		.uleb128 0x16
 633 0020 00       		.byte	0
 634 0021 03       		.uleb128 0x3
 635 0022 0E       		.uleb128 0xe
 636 0023 3A       		.uleb128 0x3a
 637 0024 0B       		.uleb128 0xb
 638 0025 3B       		.uleb128 0x3b
 639 0026 0B       		.uleb128 0xb
 640 0027 49       		.uleb128 0x49
 641 0028 13       		.uleb128 0x13
 642 0029 00       		.byte	0
 643 002a 00       		.byte	0
 644 002b 04       		.uleb128 0x4
 645 002c 24       		.uleb128 0x24
 646 002d 00       		.byte	0
 647 002e 0B       		.uleb128 0xb
 648 002f 0B       		.uleb128 0xb
 649 0030 3E       		.uleb128 0x3e
 650 0031 0B       		.uleb128 0xb
 651 0032 03       		.uleb128 0x3
 652 0033 08       		.uleb128 0x8
 653 0034 00       		.byte	0
 654 0035 00       		.byte	0
 655 0036 05       		.uleb128 0x5
 656 0037 0F       		.uleb128 0xf
 657 0038 00       		.byte	0
 658 0039 0B       		.uleb128 0xb
 659 003a 0B       		.uleb128 0xb
 660 003b 49       		.uleb128 0x49
 661 003c 13       		.uleb128 0x13
 662 003d 00       		.byte	0
 663 003e 00       		.byte	0
 664 003f 06       		.uleb128 0x6
 665 0040 15       		.uleb128 0x15
 666 0041 00       		.byte	0
 667 0042 27       		.uleb128 0x27
 668 0043 19       		.uleb128 0x19
 669 0044 00       		.byte	0
 670 0045 00       		.byte	0
 671 0046 07       		.uleb128 0x7
 672 0047 34       		.uleb128 0x34
 673 0048 00       		.byte	0
 674 0049 03       		.uleb128 0x3
 675 004a 0E       		.uleb128 0xe
 676 004b 3A       		.uleb128 0x3a
 677 004c 0B       		.uleb128 0xb
 678 004d 3B       		.uleb128 0x3b
 679 004e 0B       		.uleb128 0xb
 680 004f 49       		.uleb128 0x49
 681 0050 13       		.uleb128 0x13
 682 0051 3F       		.uleb128 0x3f
 683 0052 19       		.uleb128 0x19
 684 0053 3C       		.uleb128 0x3c
ARM GAS  /tmp/cc9kEBlu.s 			page 13


 685 0054 19       		.uleb128 0x19
 686 0055 00       		.byte	0
 687 0056 00       		.byte	0
 688 0057 08       		.uleb128 0x8
 689 0058 2E       		.uleb128 0x2e
 690 0059 01       		.byte	0x1
 691 005a 3F       		.uleb128 0x3f
 692 005b 19       		.uleb128 0x19
 693 005c 03       		.uleb128 0x3
 694 005d 0E       		.uleb128 0xe
 695 005e 3A       		.uleb128 0x3a
 696 005f 0B       		.uleb128 0xb
 697 0060 3B       		.uleb128 0x3b
 698 0061 05       		.uleb128 0x5
 699 0062 27       		.uleb128 0x27
 700 0063 19       		.uleb128 0x19
 701 0064 11       		.uleb128 0x11
 702 0065 01       		.uleb128 0x1
 703 0066 12       		.uleb128 0x12
 704 0067 06       		.uleb128 0x6
 705 0068 40       		.uleb128 0x40
 706 0069 18       		.uleb128 0x18
 707 006a 9642     		.uleb128 0x2116
 708 006c 19       		.uleb128 0x19
 709 006d 01       		.uleb128 0x1
 710 006e 13       		.uleb128 0x13
 711 006f 00       		.byte	0
 712 0070 00       		.byte	0
 713 0071 09       		.uleb128 0x9
 714 0072 34       		.uleb128 0x34
 715 0073 00       		.byte	0
 716 0074 03       		.uleb128 0x3
 717 0075 08       		.uleb128 0x8
 718 0076 3A       		.uleb128 0x3a
 719 0077 0B       		.uleb128 0xb
 720 0078 3B       		.uleb128 0x3b
 721 0079 05       		.uleb128 0x5
 722 007a 49       		.uleb128 0x49
 723 007b 13       		.uleb128 0x13
 724 007c 00       		.byte	0
 725 007d 00       		.byte	0
 726 007e 0A       		.uleb128 0xa
 727 007f 34       		.uleb128 0x34
 728 0080 00       		.byte	0
 729 0081 03       		.uleb128 0x3
 730 0082 08       		.uleb128 0x8
 731 0083 3A       		.uleb128 0x3a
 732 0084 0B       		.uleb128 0xb
 733 0085 3B       		.uleb128 0x3b
 734 0086 05       		.uleb128 0x5
 735 0087 49       		.uleb128 0x49
 736 0088 13       		.uleb128 0x13
 737 0089 1C       		.uleb128 0x1c
 738 008a 0B       		.uleb128 0xb
 739 008b 00       		.byte	0
 740 008c 00       		.byte	0
 741 008d 0B       		.uleb128 0xb
ARM GAS  /tmp/cc9kEBlu.s 			page 14


 742 008e 0B       		.uleb128 0xb
 743 008f 01       		.byte	0x1
 744 0090 11       		.uleb128 0x11
 745 0091 01       		.uleb128 0x1
 746 0092 12       		.uleb128 0x12
 747 0093 06       		.uleb128 0x6
 748 0094 01       		.uleb128 0x1
 749 0095 13       		.uleb128 0x13
 750 0096 00       		.byte	0
 751 0097 00       		.byte	0
 752 0098 0C       		.uleb128 0xc
 753 0099 34       		.uleb128 0x34
 754 009a 00       		.byte	0
 755 009b 03       		.uleb128 0x3
 756 009c 08       		.uleb128 0x8
 757 009d 3A       		.uleb128 0x3a
 758 009e 0B       		.uleb128 0xb
 759 009f 3B       		.uleb128 0x3b
 760 00a0 05       		.uleb128 0x5
 761 00a1 49       		.uleb128 0x49
 762 00a2 13       		.uleb128 0x13
 763 00a3 02       		.uleb128 0x2
 764 00a4 17       		.uleb128 0x17
 765 00a5 00       		.byte	0
 766 00a6 00       		.byte	0
 767 00a7 0D       		.uleb128 0xd
 768 00a8 0B       		.uleb128 0xb
 769 00a9 01       		.byte	0x1
 770 00aa 55       		.uleb128 0x55
 771 00ab 17       		.uleb128 0x17
 772 00ac 01       		.uleb128 0x1
 773 00ad 13       		.uleb128 0x13
 774 00ae 00       		.byte	0
 775 00af 00       		.byte	0
 776 00b0 0E       		.uleb128 0xe
 777 00b1 898201   		.uleb128 0x4109
 778 00b4 00       		.byte	0
 779 00b5 11       		.uleb128 0x11
 780 00b6 01       		.uleb128 0x1
 781 00b7 31       		.uleb128 0x31
 782 00b8 13       		.uleb128 0x13
 783 00b9 00       		.byte	0
 784 00ba 00       		.byte	0
 785 00bb 0F       		.uleb128 0xf
 786 00bc 2E       		.uleb128 0x2e
 787 00bd 00       		.byte	0
 788 00be 3F       		.uleb128 0x3f
 789 00bf 19       		.uleb128 0x19
 790 00c0 03       		.uleb128 0x3
 791 00c1 0E       		.uleb128 0xe
 792 00c2 3A       		.uleb128 0x3a
 793 00c3 0B       		.uleb128 0xb
 794 00c4 3B       		.uleb128 0x3b
 795 00c5 0B       		.uleb128 0xb
 796 00c6 27       		.uleb128 0x27
 797 00c7 19       		.uleb128 0x19
 798 00c8 11       		.uleb128 0x11
ARM GAS  /tmp/cc9kEBlu.s 			page 15


 799 00c9 01       		.uleb128 0x1
 800 00ca 12       		.uleb128 0x12
 801 00cb 06       		.uleb128 0x6
 802 00cc 40       		.uleb128 0x40
 803 00cd 18       		.uleb128 0x18
 804 00ce 9742     		.uleb128 0x2117
 805 00d0 19       		.uleb128 0x19
 806 00d1 00       		.byte	0
 807 00d2 00       		.byte	0
 808 00d3 10       		.uleb128 0x10
 809 00d4 2E       		.uleb128 0x2e
 810 00d5 00       		.byte	0
 811 00d6 3F       		.uleb128 0x3f
 812 00d7 19       		.uleb128 0x19
 813 00d8 03       		.uleb128 0x3
 814 00d9 0E       		.uleb128 0xe
 815 00da 3A       		.uleb128 0x3a
 816 00db 0B       		.uleb128 0xb
 817 00dc 3B       		.uleb128 0x3b
 818 00dd 0B       		.uleb128 0xb
 819 00de 27       		.uleb128 0x27
 820 00df 19       		.uleb128 0x19
 821 00e0 20       		.uleb128 0x20
 822 00e1 0B       		.uleb128 0xb
 823 00e2 00       		.byte	0
 824 00e3 00       		.byte	0
 825 00e4 11       		.uleb128 0x11
 826 00e5 2E       		.uleb128 0x2e
 827 00e6 00       		.byte	0
 828 00e7 3F       		.uleb128 0x3f
 829 00e8 19       		.uleb128 0x19
 830 00e9 03       		.uleb128 0x3
 831 00ea 0E       		.uleb128 0xe
 832 00eb 3A       		.uleb128 0x3a
 833 00ec 0B       		.uleb128 0xb
 834 00ed 3B       		.uleb128 0x3b
 835 00ee 0B       		.uleb128 0xb
 836 00ef 27       		.uleb128 0x27
 837 00f0 19       		.uleb128 0x19
 838 00f1 00       		.byte	0
 839 00f2 00       		.byte	0
 840 00f3 12       		.uleb128 0x12
 841 00f4 2E       		.uleb128 0x2e
 842 00f5 00       		.byte	0
 843 00f6 31       		.uleb128 0x31
 844 00f7 13       		.uleb128 0x13
 845 00f8 11       		.uleb128 0x11
 846 00f9 01       		.uleb128 0x1
 847 00fa 12       		.uleb128 0x12
 848 00fb 06       		.uleb128 0x6
 849 00fc 40       		.uleb128 0x40
 850 00fd 18       		.uleb128 0x18
 851 00fe 9742     		.uleb128 0x2117
 852 0100 19       		.uleb128 0x19
 853 0101 00       		.byte	0
 854 0102 00       		.byte	0
 855 0103 13       		.uleb128 0x13
ARM GAS  /tmp/cc9kEBlu.s 			page 16


 856 0104 2E       		.uleb128 0x2e
 857 0105 00       		.byte	0
 858 0106 3F       		.uleb128 0x3f
 859 0107 19       		.uleb128 0x19
 860 0108 3C       		.uleb128 0x3c
 861 0109 19       		.uleb128 0x19
 862 010a 6E       		.uleb128 0x6e
 863 010b 0E       		.uleb128 0xe
 864 010c 03       		.uleb128 0x3
 865 010d 0E       		.uleb128 0xe
 866 010e 3A       		.uleb128 0x3a
 867 010f 0B       		.uleb128 0xb
 868 0110 3B       		.uleb128 0x3b
 869 0111 0B       		.uleb128 0xb
 870 0112 00       		.byte	0
 871 0113 00       		.byte	0
 872 0114 00       		.byte	0
 873              		.section	.debug_loc,"",%progbits
 874              	.Ldebug_loc0:
 875              	.LLST0:
 876 0000 2A000000 		.4byte	.LVL3
 877 0004 2E000000 		.4byte	.LVL4
 878 0008 0300     		.2byte	0x3
 879 000a 73       		.byte	0x73
 880 000b 04       		.sleb128 4
 881 000c 9F       		.byte	0x9f
 882 000d 2E000000 		.4byte	.LVL4
 883 0011 32000000 		.4byte	.LVL5
 884 0015 0100     		.2byte	0x1
 885 0017 53       		.byte	0x53
 886 0018 00000000 		.4byte	0
 887 001c 00000000 		.4byte	0
 888              	.LLST1:
 889 0020 48000000 		.4byte	.LVL6
 890 0024 4C000000 		.4byte	.LVL7
 891 0028 0300     		.2byte	0x3
 892 002a 73       		.byte	0x73
 893 002b 04       		.sleb128 4
 894 002c 9F       		.byte	0x9f
 895 002d 4C000000 		.4byte	.LVL7
 896 0031 50000000 		.4byte	.LVL8
 897 0035 0100     		.2byte	0x1
 898 0037 53       		.byte	0x53
 899 0038 00000000 		.4byte	0
 900 003c 00000000 		.4byte	0
 901              	.LLST2:
 902 0040 6A000000 		.4byte	.LVL10
 903 0044 6E000000 		.4byte	.LVL11
 904 0048 0100     		.2byte	0x1
 905 004a 52       		.byte	0x52
 906 004b 6E000000 		.4byte	.LVL11
 907 004f 72000000 		.4byte	.LVL12
 908 0053 0300     		.2byte	0x3
 909 0055 72       		.byte	0x72
 910 0056 7C       		.sleb128 -4
 911 0057 9F       		.byte	0x9f
 912 0058 72000000 		.4byte	.LVL12
ARM GAS  /tmp/cc9kEBlu.s 			page 17


 913 005c 76000000 		.4byte	.LVL13
 914 0060 0100     		.2byte	0x1
 915 0062 52       		.byte	0x52
 916 0063 00000000 		.4byte	0
 917 0067 00000000 		.4byte	0
 918              	.LLST3:
 919 006b 8C000000 		.4byte	.LVL14
 920 006f 90000000 		.4byte	.LVL15
 921 0073 0300     		.2byte	0x3
 922 0075 73       		.byte	0x73
 923 0076 04       		.sleb128 4
 924 0077 9F       		.byte	0x9f
 925 0078 90000000 		.4byte	.LVL15
 926 007c 94000000 		.4byte	.LVL16
 927 0080 0100     		.2byte	0x1
 928 0082 53       		.byte	0x53
 929 0083 00000000 		.4byte	0
 930 0087 00000000 		.4byte	0
 931              	.LLST4:
 932 008b A0000000 		.4byte	.LVL18
 933 008f A4000000 		.4byte	.LVL19
 934 0093 0100     		.2byte	0x1
 935 0095 54       		.byte	0x54
 936 0096 A4000000 		.4byte	.LVL19
 937 009a A6000000 		.4byte	.LVL20
 938 009e 0300     		.2byte	0x3
 939 00a0 74       		.byte	0x74
 940 00a1 7C       		.sleb128 -4
 941 00a2 9F       		.byte	0x9f
 942 00a3 A6000000 		.4byte	.LVL20
 943 00a7 AA000000 		.4byte	.LVL21
 944 00ab 0100     		.2byte	0x1
 945 00ad 54       		.byte	0x54
 946 00ae 00000000 		.4byte	0
 947 00b2 00000000 		.4byte	0
 948              	.LLST5:
 949 00b6 B6000000 		.4byte	.LVL23
 950 00ba BA000000 		.4byte	.LVL24
 951 00be 0100     		.2byte	0x1
 952 00c0 54       		.byte	0x54
 953 00c1 BA000000 		.4byte	.LVL24
 954 00c5 BC000000 		.4byte	.LVL25
 955 00c9 0300     		.2byte	0x3
 956 00cb 74       		.byte	0x74
 957 00cc 7C       		.sleb128 -4
 958 00cd 9F       		.byte	0x9f
 959 00ce BC000000 		.4byte	.LVL25
 960 00d2 C0000000 		.4byte	.LVL26
 961 00d6 0100     		.2byte	0x1
 962 00d8 54       		.byte	0x54
 963 00d9 00000000 		.4byte	0
 964 00dd 00000000 		.4byte	0
 965              		.section	.debug_aranges,"",%progbits
 966 0000 2C000000 		.4byte	0x2c
 967 0004 0200     		.2byte	0x2
 968 0006 00000000 		.4byte	.Ldebug_info0
 969 000a 04       		.byte	0x4
ARM GAS  /tmp/cc9kEBlu.s 			page 18


 970 000b 00       		.byte	0
 971 000c 0000     		.2byte	0
 972 000e 0000     		.2byte	0
 973 0010 00000000 		.4byte	.LFB1
 974 0014 02000000 		.4byte	.LFE1-.LFB1
 975 0018 00000000 		.4byte	.LFB2
 976 001c 02000000 		.4byte	.LFE2-.LFB2
 977 0020 00000000 		.4byte	.LFB3
 978 0024 FC000000 		.4byte	.LFE3-.LFB3
 979 0028 00000000 		.4byte	0
 980 002c 00000000 		.4byte	0
 981              		.section	.debug_ranges,"",%progbits
 982              	.Ldebug_ranges0:
 983 0000 94000000 		.4byte	.LBB6
 984 0004 98000000 		.4byte	.LBE6
 985 0008 9C000000 		.4byte	.LBB7
 986 000c AA000000 		.4byte	.LBE7
 987 0010 00000000 		.4byte	0
 988 0014 00000000 		.4byte	0
 989 0018 AA000000 		.4byte	.LBB8
 990 001c AE000000 		.4byte	.LBE8
 991 0020 B2000000 		.4byte	.LBB9
 992 0024 C0000000 		.4byte	.LBE9
 993 0028 00000000 		.4byte	0
 994 002c 00000000 		.4byte	0
 995 0030 00000000 		.4byte	.LFB1
 996 0034 02000000 		.4byte	.LFE1
 997 0038 00000000 		.4byte	.LFB2
 998 003c 02000000 		.4byte	.LFE2
 999 0040 00000000 		.4byte	.LFB3
 1000 0044 FC000000 		.4byte	.LFE3
 1001 0048 00000000 		.4byte	0
 1002 004c 00000000 		.4byte	0
 1003              		.section	.debug_line,"",%progbits
 1004              	.Ldebug_line0:
 1005 0000 F7000000 		.section	.debug_str,"MS",%progbits,1
 1005      02008900 
 1005      00000201 
 1005      FB0E0D00 
 1005      01010101 
 1006              	.LASF22:
 1007 0000 5F627373 		.ascii	"_bss_start\000"
 1007      5F737461 
 1007      727400
 1008              	.LASF5:
 1009 000b 5F5F7569 		.ascii	"__uint8_t\000"
 1009      6E74385F 
 1009      7400
 1010              	.LASF28:
 1011 0015 474E5520 		.ascii	"GNU C11 6.3.1 20170620 -mcpu=cortex-m3 -mno-thumb-i"
 1011      43313120 
 1011      362E332E 
 1011      31203230 
 1011      31373036 
 1012 0048 6E746572 		.ascii	"nterwork -mthumb -ggdb -O2 -fomit-frame-pointer -ff"
 1012      776F726B 
 1012      202D6D74 
ARM GAS  /tmp/cc9kEBlu.s 			page 19


 1012      68756D62 
 1012      202D6767 
 1013 007b 756E6374 		.ascii	"unction-sections -fdata-sections -fno-common\000"
 1013      696F6E2D 
 1013      73656374 
 1013      696F6E73 
 1013      202D6664 
 1014              	.LASF27:
 1015 00a8 5F5F6669 		.ascii	"__fini_array_end\000"
 1015      6E695F61 
 1015      72726179 
 1015      5F656E64 
 1015      00
 1016              	.LASF15:
 1017 00b9 5F5F6D61 		.ascii	"__main_stack_base__\000"
 1017      696E5F73 
 1017      7461636B 
 1017      5F626173 
 1017      655F5F00 
 1018              	.LASF17:
 1019 00cd 5F5F7072 		.ascii	"__process_stack_base__\000"
 1019      6F636573 
 1019      735F7374 
 1019      61636B5F 
 1019      62617365 
 1020              	.LASF14:
 1021 00e4 66756E63 		.ascii	"funcpp_t\000"
 1021      70705F74 
 1021      00
 1022              	.LASF32:
 1023 00ed 5F646566 		.ascii	"_default_exit\000"
 1023      61756C74 
 1023      5F657869 
 1023      7400
 1024              	.LASF1:
 1025 00fb 756E7369 		.ascii	"unsigned char\000"
 1025      676E6564 
 1025      20636861 
 1025      7200
 1026              	.LASF21:
 1027 0109 5F656461 		.ascii	"_edata\000"
 1027      746100
 1028              	.LASF7:
 1029 0110 6C6F6E67 		.ascii	"long unsigned int\000"
 1029      20756E73 
 1029      69676E65 
 1029      6420696E 
 1029      7400
 1030              	.LASF31:
 1031 0122 52657365 		.ascii	"ResetHandler\000"
 1031      7448616E 
 1031      646C6572 
 1031      00
 1032              	.LASF3:
 1033 012f 73686F72 		.ascii	"short unsigned int\000"
 1033      7420756E 
 1033      7369676E 
ARM GAS  /tmp/cc9kEBlu.s 			page 20


 1033      65642069 
 1033      6E7400
 1034              	.LASF26:
 1035 0142 5F5F6669 		.ascii	"__fini_array_start\000"
 1035      6E695F61 
 1035      72726179 
 1035      5F737461 
 1035      727400
 1036              	.LASF23:
 1037 0155 5F627373 		.ascii	"_bss_end\000"
 1037      5F656E64 
 1037      00
 1038              	.LASF25:
 1039 015e 5F5F696E 		.ascii	"__init_array_end\000"
 1039      69745F61 
 1039      72726179 
 1039      5F656E64 
 1039      00
 1040              	.LASF30:
 1041 016f 2F686F6D 		.ascii	"/home/ekobayu/Arok-Gandring-Lokajaya/LPC/ChibiOS-RT"
 1041      652F656B 
 1041      6F626179 
 1041      752F4172 
 1041      6F6B2D47 
 1042 01a2 2D4C5043 		.ascii	"-LPC/Chibi_LPC1766\000"
 1042      2F436869 
 1042      62695F4C 
 1042      50433137 
 1042      363600
 1043              	.LASF6:
 1044 01b5 5F5F7569 		.ascii	"__uint32_t\000"
 1044      6E743332 
 1044      5F7400
 1045              	.LASF35:
 1046 01c0 6D61696E 		.ascii	"main\000"
 1046      00
 1047              	.LASF10:
 1048 01c5 756E7369 		.ascii	"unsigned int\000"
 1048      676E6564 
 1048      20696E74 
 1048      00
 1049              	.LASF9:
 1050 01d2 6C6F6E67 		.ascii	"long long unsigned int\000"
 1050      206C6F6E 
 1050      6720756E 
 1050      7369676E 
 1050      65642069 
 1051              	.LASF11:
 1052 01e9 75696E74 		.ascii	"uint8_t\000"
 1052      385F7400 
 1053              	.LASF19:
 1054 01f1 5F746578 		.ascii	"_textdata\000"
 1054      74646174 
 1054      6100
 1055              	.LASF29:
 1056 01fb 2E2E2F6F 		.ascii	"../os/ports/GCC/ARMCMx/crt0.c\000"
 1056      732F706F 
ARM GAS  /tmp/cc9kEBlu.s 			page 21


 1056      7274732F 
 1056      4743432F 
 1056      41524D43 
 1057              	.LASF34:
 1058 0219 5F5F6561 		.ascii	"__early_init\000"
 1058      726C795F 
 1058      696E6974 
 1058      00
 1059              	.LASF8:
 1060 0226 6C6F6E67 		.ascii	"long long int\000"
 1060      206C6F6E 
 1060      6720696E 
 1060      7400
 1061              	.LASF2:
 1062 0234 73686F72 		.ascii	"short int\000"
 1062      7420696E 
 1062      7400
 1063              	.LASF33:
 1064 023e 5F5F6C61 		.ascii	"__late_init\000"
 1064      74655F69 
 1064      6E697400 
 1065              	.LASF13:
 1066 024a 66756E63 		.ascii	"funcp_t\000"
 1066      705F7400 
 1067              	.LASF12:
 1068 0252 75696E74 		.ascii	"uint32_t\000"
 1068      33325F74 
 1068      00
 1069              	.LASF4:
 1070 025b 6C6F6E67 		.ascii	"long int\000"
 1070      20696E74 
 1070      00
 1071              	.LASF20:
 1072 0264 5F646174 		.ascii	"_data\000"
 1072      6100
 1073              	.LASF0:
 1074 026a 7369676E 		.ascii	"signed char\000"
 1074      65642063 
 1074      68617200 
 1075              	.LASF18:
 1076 0276 5F5F7072 		.ascii	"__process_stack_end__\000"
 1076      6F636573 
 1076      735F7374 
 1076      61636B5F 
 1076      656E645F 
 1077              	.LASF24:
 1078 028c 5F5F696E 		.ascii	"__init_array_start\000"
 1078      69745F61 
 1078      72726179 
 1078      5F737461 
 1078      727400
 1079              	.LASF16:
 1080 029f 5F5F6D61 		.ascii	"__main_stack_end__\000"
 1080      696E5F73 
 1080      7461636B 
 1080      5F656E64 
 1080      5F5F00
ARM GAS  /tmp/cc9kEBlu.s 			page 22


 1081              		.ident	"GCC: (15:6.3.1+svn253039-1build1) 6.3.1 20170620"
ARM GAS  /tmp/cc9kEBlu.s 			page 23


DEFINED SYMBOLS
                            *ABS*:0000000000000000 crt0.c
     /tmp/cc9kEBlu.s:16     .text.__early_init:0000000000000000 $t
     /tmp/cc9kEBlu.s:24     .text.__early_init:0000000000000000 __early_init
     /tmp/cc9kEBlu.s:35     .text.__late_init:0000000000000000 $t
     /tmp/cc9kEBlu.s:43     .text.__late_init:0000000000000000 __late_init
     /tmp/cc9kEBlu.s:56     .text._default_exit:0000000000000000 $t
     /tmp/cc9kEBlu.s:64     .text._default_exit:0000000000000000 _default_exit
     /tmp/cc9kEBlu.s:77     .text.ResetHandler:0000000000000000 $t
     /tmp/cc9kEBlu.s:85     .text.ResetHandler:0000000000000000 ResetHandler
     /tmp/cc9kEBlu.s:273    .text.ResetHandler:00000000000000c4 $d
                     .debug_frame:0000000000000010 $d

UNDEFINED SYMBOLS
main
__process_stack_end__
__main_stack_base__
__main_stack_end__
__process_stack_base__
_data
_edata
_textdata
_bss_start
_bss_end
__init_array_end
__init_array_start
__fini_array_end
__fini_array_start
