ARM GAS  /tmp/ccOapqwy.s 			page 1


   1              		.cpu cortex-m3
   2              		.eabi_attribute 20, 1
   3              		.eabi_attribute 21, 1
   4              		.eabi_attribute 23, 3
   5              		.eabi_attribute 24, 1
   6              		.eabi_attribute 25, 1
   7              		.eabi_attribute 26, 1
   8              		.eabi_attribute 30, 2
   9              		.eabi_attribute 34, 1
  10              		.eabi_attribute 18, 4
  11              		.file	"vectors.c"
  12              		.text
  13              	.Ltext0:
  14              		.cfi_sections	.debug_frame
  15              		.section	.text._unhandled_exception,"ax",%progbits
  16              		.align	1
  17              		.p2align 2,,3
  18              		.global	_unhandled_exception
  19              		.syntax unified
  20              		.thumb
  21              		.thumb_func
  22              		.fpu softvfp
  23              		.type	_unhandled_exception, %function
  24              	_unhandled_exception:
  25              	.LFB7:
  26              		.file 1 "../os/ports/GCC/ARMCMx/LPC17xx/vectors.c"
  27              		.loc 1 149 0
  28              		.cfi_startproc
  29              		@ Naked Function: prologue and epilogue provided by programmer.
  30              		@ Volatile: function does not return.
  31              		@ args = 0, pretend = 0, frame = 0
  32              		@ frame_needed = 0, uses_anonymous_args = 0
  33              	.L2:
  34 0000 FEE7     		b	.L2
  35              		.cfi_endproc
  36              	.LFE7:
  37              		.size	_unhandled_exception, .-_unhandled_exception
  38              		.weak	VectorC8
  39              		.thumb_set VectorC8,_unhandled_exception
  40              		.weak	VectorC4
  41              		.thumb_set VectorC4,_unhandled_exception
  42              		.weak	VectorC0
  43              		.thumb_set VectorC0,_unhandled_exception
  44              		.weak	VectorBC
  45              		.thumb_set VectorBC,_unhandled_exception
  46              		.weak	VectorB8
  47              		.thumb_set VectorB8,_unhandled_exception
  48              		.weak	VectorB4
  49              		.thumb_set VectorB4,_unhandled_exception
  50              		.weak	VectorB0
  51              		.thumb_set VectorB0,_unhandled_exception
  52              		.weak	VectorAC
  53              		.thumb_set VectorAC,_unhandled_exception
  54              		.weak	VectorA8
  55              		.thumb_set VectorA8,_unhandled_exception
  56              		.weak	VectorA4
  57              		.thumb_set VectorA4,_unhandled_exception
ARM GAS  /tmp/ccOapqwy.s 			page 2


  58              		.weak	VectorA0
  59              		.thumb_set VectorA0,_unhandled_exception
  60              		.weak	Vector9C
  61              		.thumb_set Vector9C,_unhandled_exception
  62              		.weak	Vector98
  63              		.thumb_set Vector98,_unhandled_exception
  64              		.weak	Vector94
  65              		.thumb_set Vector94,_unhandled_exception
  66              		.weak	Vector90
  67              		.thumb_set Vector90,_unhandled_exception
  68              		.weak	Vector8C
  69              		.thumb_set Vector8C,_unhandled_exception
  70              		.weak	Vector88
  71              		.thumb_set Vector88,_unhandled_exception
  72              		.weak	Vector84
  73              		.thumb_set Vector84,_unhandled_exception
  74              		.weak	Vector80
  75              		.thumb_set Vector80,_unhandled_exception
  76              		.weak	Vector7C
  77              		.thumb_set Vector7C,_unhandled_exception
  78              		.weak	Vector78
  79              		.thumb_set Vector78,_unhandled_exception
  80              		.weak	Vector74
  81              		.thumb_set Vector74,_unhandled_exception
  82              		.weak	Vector70
  83              		.thumb_set Vector70,_unhandled_exception
  84              		.weak	Vector6C
  85              		.thumb_set Vector6C,_unhandled_exception
  86              		.weak	Vector68
  87              		.thumb_set Vector68,_unhandled_exception
  88              		.weak	Vector64
  89              		.thumb_set Vector64,_unhandled_exception
  90              		.weak	Vector60
  91              		.thumb_set Vector60,_unhandled_exception
  92              		.weak	Vector5C
  93              		.thumb_set Vector5C,_unhandled_exception
  94              		.weak	Vector58
  95              		.thumb_set Vector58,_unhandled_exception
  96              		.weak	Vector54
  97              		.thumb_set Vector54,_unhandled_exception
  98              		.weak	Vector50
  99              		.thumb_set Vector50,_unhandled_exception
 100              		.weak	Vector4C
 101              		.thumb_set Vector4C,_unhandled_exception
 102              		.weak	Vector48
 103              		.thumb_set Vector48,_unhandled_exception
 104              		.weak	Vector44
 105              		.thumb_set Vector44,_unhandled_exception
 106              		.weak	Vector40
 107              		.thumb_set Vector40,_unhandled_exception
 108              		.weak	SysTickVector
 109              		.thumb_set SysTickVector,_unhandled_exception
 110              		.weak	PendSVVector
 111              		.thumb_set PendSVVector,_unhandled_exception
 112              		.weak	Vector34
 113              		.thumb_set Vector34,_unhandled_exception
 114              		.weak	DebugMonitorVector
ARM GAS  /tmp/ccOapqwy.s 			page 3


 115              		.thumb_set DebugMonitorVector,_unhandled_exception
 116              		.weak	SVCallVector
 117              		.thumb_set SVCallVector,_unhandled_exception
 118              		.weak	Vector28
 119              		.thumb_set Vector28,_unhandled_exception
 120              		.weak	Vector24
 121              		.thumb_set Vector24,_unhandled_exception
 122              		.weak	Vector20
 123              		.thumb_set Vector20,_unhandled_exception
 124              		.weak	Vector1C
 125              		.thumb_set Vector1C,_unhandled_exception
 126              		.weak	UsageFaultVector
 127              		.thumb_set UsageFaultVector,_unhandled_exception
 128              		.weak	BusFaultVector
 129              		.thumb_set BusFaultVector,_unhandled_exception
 130              		.weak	MemManageVector
 131              		.thumb_set MemManageVector,_unhandled_exception
 132              		.weak	HardFaultVector
 133              		.thumb_set HardFaultVector,_unhandled_exception
 134              		.weak	NMIVector
 135              		.thumb_set NMIVector,_unhandled_exception
 136              		.global	_vectors
 137 0002 00BF     		.section	vectors,"aw",%progbits
 138              		.align	2
 139              		.type	_vectors, %object
 140              		.size	_vectors, 204
 141              	_vectors:
 142 0000 00000000 		.word	__main_stack_end__
 143 0004 00000000 		.word	ResetHandler
 144 0008 00000000 		.word	NMIVector
 145 000c 00000000 		.word	HardFaultVector
 146 0010 00000000 		.word	MemManageVector
 147 0014 00000000 		.word	BusFaultVector
 148 0018 00000000 		.word	UsageFaultVector
 149 001c 00000000 		.word	Vector1C
 150 0020 00000000 		.word	Vector20
 151 0024 00000000 		.word	Vector24
 152 0028 00000000 		.word	Vector28
 153 002c 00000000 		.word	SVCallVector
 154 0030 00000000 		.word	DebugMonitorVector
 155 0034 00000000 		.word	Vector34
 156 0038 00000000 		.word	PendSVVector
 157 003c 00000000 		.word	SysTickVector
 158 0040 00000000 		.word	Vector40
 159 0044 00000000 		.word	Vector44
 160 0048 00000000 		.word	Vector48
 161 004c 00000000 		.word	Vector4C
 162 0050 00000000 		.word	Vector50
 163 0054 00000000 		.word	Vector54
 164 0058 00000000 		.word	Vector58
 165 005c 00000000 		.word	Vector5C
 166 0060 00000000 		.word	Vector60
 167 0064 00000000 		.word	Vector64
 168 0068 00000000 		.word	Vector68
 169 006c 00000000 		.word	Vector6C
 170 0070 00000000 		.word	Vector70
 171 0074 00000000 		.word	Vector74
ARM GAS  /tmp/ccOapqwy.s 			page 4


 172 0078 00000000 		.word	Vector78
 173 007c 00000000 		.word	Vector7C
 174 0080 00000000 		.word	Vector80
 175 0084 00000000 		.word	Vector84
 176 0088 00000000 		.word	Vector88
 177 008c 00000000 		.word	Vector8C
 178 0090 00000000 		.word	Vector90
 179 0094 00000000 		.word	Vector94
 180 0098 00000000 		.word	Vector98
 181 009c 00000000 		.word	Vector9C
 182 00a0 00000000 		.word	VectorA0
 183 00a4 00000000 		.word	VectorA4
 184 00a8 00000000 		.word	VectorA8
 185 00ac 00000000 		.word	VectorAC
 186 00b0 00000000 		.word	VectorB0
 187 00b4 00000000 		.word	VectorB4
 188 00b8 00000000 		.word	VectorB8
 189 00bc 00000000 		.word	VectorBC
 190 00c0 00000000 		.word	VectorC0
 191 00c4 00000000 		.word	VectorC4
 192 00c8 00000000 		.word	VectorC8
 193              		.text
 194              	.Letext0:
 195              		.file 2 "/usr/include/newlib/machine/_default_types.h"
 196              		.file 3 "/usr/include/newlib/sys/_stdint.h"
 197              		.file 4 "../os/ports/GCC/ARMCMx/chtypes.h"
 198              		.file 5 "../os/kernel/include/chlists.h"
 199              		.file 6 "../os/kernel/include/chthreads.h"
 200              		.file 7 "../os/ports/GCC/ARMCMx/chcore_v7m.h"
 201              		.file 8 "../os/kernel/include/chvt.h"
 202              		.file 9 "../os/kernel/include/chschd.h"
 203              		.file 10 "../os/kernel/include/chmtx.h"
 204              		.file 11 "../os/kernel/include/chregistry.h"
 205              		.file 12 "../os/kernel/include/ch.h"
 206              		.section	.debug_info,"",%progbits
 207              	.Ldebug_info0:
 208 0000 6E070000 		.4byte	0x76e
 209 0004 0400     		.2byte	0x4
 210 0006 00000000 		.4byte	.Ldebug_abbrev0
 211 000a 04       		.byte	0x4
 212 000b 01       		.uleb128 0x1
 213 000c A3020000 		.4byte	.LASF125
 214 0010 0C       		.byte	0xc
 215 0011 FF010000 		.4byte	.LASF126
 216 0015 BA050000 		.4byte	.LASF127
 217 0019 00000000 		.4byte	.Ldebug_ranges0+0
 218 001d 00000000 		.4byte	0
 219 0021 00000000 		.4byte	.Ldebug_line0
 220 0025 02       		.uleb128 0x2
 221 0026 04       		.byte	0x4
 222 0027 05       		.byte	0x5
 223 0028 696E7400 		.ascii	"int\000"
 224 002c 03       		.uleb128 0x3
 225 002d 04       		.byte	0x4
 226 002e 07       		.byte	0x7
 227 002f 66010000 		.4byte	.LASF0
 228 0033 03       		.uleb128 0x3
ARM GAS  /tmp/ccOapqwy.s 			page 5


 229 0034 08       		.byte	0x8
 230 0035 05       		.byte	0x5
 231 0036 A6000000 		.4byte	.LASF1
 232 003a 03       		.uleb128 0x3
 233 003b 08       		.byte	0x8
 234 003c 04       		.byte	0x4
 235 003d 3F030000 		.4byte	.LASF2
 236 0041 03       		.uleb128 0x3
 237 0042 01       		.byte	0x1
 238 0043 06       		.byte	0x6
 239 0044 B4000000 		.4byte	.LASF3
 240 0048 04       		.uleb128 0x4
 241 0049 2F000000 		.4byte	.LASF6
 242 004d 02       		.byte	0x2
 243 004e 1D       		.byte	0x1d
 244 004f 53000000 		.4byte	0x53
 245 0053 03       		.uleb128 0x3
 246 0054 01       		.byte	0x1
 247 0055 08       		.byte	0x8
 248 0056 16040000 		.4byte	.LASF4
 249 005a 03       		.uleb128 0x3
 250 005b 02       		.byte	0x2
 251 005c 05       		.byte	0x5
 252 005d 2E040000 		.4byte	.LASF5
 253 0061 04       		.uleb128 0x4
 254 0062 F2040000 		.4byte	.LASF7
 255 0066 02       		.byte	0x2
 256 0067 2B       		.byte	0x2b
 257 0068 6C000000 		.4byte	0x6c
 258 006c 03       		.uleb128 0x3
 259 006d 02       		.byte	0x2
 260 006e 07       		.byte	0x7
 261 006f D9010000 		.4byte	.LASF8
 262 0073 04       		.uleb128 0x4
 263 0074 19050000 		.4byte	.LASF9
 264 0078 02       		.byte	0x2
 265 0079 3F       		.byte	0x3f
 266 007a 7E000000 		.4byte	0x7e
 267 007e 03       		.uleb128 0x3
 268 007f 04       		.byte	0x4
 269 0080 05       		.byte	0x5
 270 0081 FF000000 		.4byte	.LASF10
 271 0085 04       		.uleb128 0x4
 272 0086 4A010000 		.4byte	.LASF11
 273 008a 02       		.byte	0x2
 274 008b 41       		.byte	0x41
 275 008c 90000000 		.4byte	0x90
 276 0090 03       		.uleb128 0x3
 277 0091 04       		.byte	0x4
 278 0092 07       		.byte	0x7
 279 0093 8B010000 		.4byte	.LASF12
 280 0097 04       		.uleb128 0x4
 281 0098 B3030000 		.4byte	.LASF13
 282 009c 02       		.byte	0x2
 283 009d 5B       		.byte	0x5b
 284 009e A2000000 		.4byte	0xa2
 285 00a2 03       		.uleb128 0x3
ARM GAS  /tmp/ccOapqwy.s 			page 6


 286 00a3 08       		.byte	0x8
 287 00a4 07       		.byte	0x7
 288 00a5 4E000000 		.4byte	.LASF14
 289 00a9 04       		.uleb128 0x4
 290 00aa 8E050000 		.4byte	.LASF15
 291 00ae 03       		.byte	0x3
 292 00af 18       		.byte	0x18
 293 00b0 48000000 		.4byte	0x48
 294 00b4 04       		.uleb128 0x4
 295 00b5 1F010000 		.4byte	.LASF16
 296 00b9 03       		.byte	0x3
 297 00ba 24       		.byte	0x24
 298 00bb 61000000 		.4byte	0x61
 299 00bf 04       		.uleb128 0x4
 300 00c0 0E040000 		.4byte	.LASF17
 301 00c4 03       		.byte	0x3
 302 00c5 2C       		.byte	0x2c
 303 00c6 73000000 		.4byte	0x73
 304 00ca 04       		.uleb128 0x4
 305 00cb C3040000 		.4byte	.LASF18
 306 00cf 03       		.byte	0x3
 307 00d0 30       		.byte	0x30
 308 00d1 85000000 		.4byte	0x85
 309 00d5 04       		.uleb128 0x4
 310 00d6 1B000000 		.4byte	.LASF19
 311 00da 03       		.byte	0x3
 312 00db 3C       		.byte	0x3c
 313 00dc 97000000 		.4byte	0x97
 314 00e0 03       		.uleb128 0x3
 315 00e1 01       		.byte	0x1
 316 00e2 02       		.byte	0x2
 317 00e3 08040000 		.4byte	.LASF20
 318 00e7 04       		.uleb128 0x4
 319 00e8 36020000 		.4byte	.LASF21
 320 00ec 04       		.byte	0x4
 321 00ed 25       		.byte	0x25
 322 00ee A9000000 		.4byte	0xa9
 323 00f2 04       		.uleb128 0x4
 324 00f3 16010000 		.4byte	.LASF22
 325 00f7 04       		.byte	0x4
 326 00f8 26       		.byte	0x26
 327 00f9 A9000000 		.4byte	0xa9
 328 00fd 04       		.uleb128 0x4
 329 00fe D0030000 		.4byte	.LASF23
 330 0102 04       		.byte	0x4
 331 0103 27       		.byte	0x27
 332 0104 A9000000 		.4byte	0xa9
 333 0108 04       		.uleb128 0x4
 334 0109 F5000000 		.4byte	.LASF24
 335 010d 04       		.byte	0x4
 336 010e 28       		.byte	0x28
 337 010f A9000000 		.4byte	0xa9
 338 0113 04       		.uleb128 0x4
 339 0114 00040000 		.4byte	.LASF25
 340 0118 04       		.byte	0x4
 341 0119 29       		.byte	0x29
 342 011a CA000000 		.4byte	0xca
ARM GAS  /tmp/ccOapqwy.s 			page 7


 343 011e 04       		.uleb128 0x4
 344 011f 28020000 		.4byte	.LASF26
 345 0123 04       		.byte	0x4
 346 0124 2A       		.byte	0x2a
 347 0125 BF000000 		.4byte	0xbf
 348 0129 04       		.uleb128 0x4
 349 012a 55020000 		.4byte	.LASF27
 350 012e 04       		.byte	0x4
 351 012f 2C       		.byte	0x2c
 352 0130 CA000000 		.4byte	0xca
 353 0134 04       		.uleb128 0x4
 354 0135 04050000 		.4byte	.LASF28
 355 0139 04       		.byte	0x4
 356 013a 2E       		.byte	0x2e
 357 013b CA000000 		.4byte	0xca
 358 013f 05       		.uleb128 0x5
 359 0140 34010000 		.4byte	0x134
 360 0144 04       		.uleb128 0x4
 361 0145 A4040000 		.4byte	.LASF29
 362 0149 05       		.byte	0x5
 363 014a 23       		.byte	0x23
 364 014b 4F010000 		.4byte	0x14f
 365 014f 06       		.uleb128 0x6
 366 0150 A4040000 		.4byte	.LASF29
 367 0154 48       		.byte	0x48
 368 0155 06       		.byte	0x6
 369 0156 57       		.byte	0x57
 370 0157 4C020000 		.4byte	0x24c
 371 015b 07       		.uleb128 0x7
 372 015c 75040000 		.4byte	.LASF30
 373 0160 06       		.byte	0x6
 374 0161 58       		.byte	0x58
 375 0162 6D020000 		.4byte	0x26d
 376 0166 00       		.byte	0
 377 0167 07       		.uleb128 0x7
 378 0168 EC030000 		.4byte	.LASF31
 379 016c 06       		.byte	0x6
 380 016d 5A       		.byte	0x5a
 381 016e 6D020000 		.4byte	0x26d
 382 0172 04       		.byte	0x4
 383 0173 07       		.uleb128 0x7
 384 0174 92000000 		.4byte	.LASF32
 385 0178 06       		.byte	0x6
 386 0179 5C       		.byte	0x5c
 387 017a 13010000 		.4byte	0x113
 388 017e 08       		.byte	0x8
 389 017f 07       		.uleb128 0x7
 390 0180 0F060000 		.4byte	.LASF33
 391 0184 06       		.byte	0x6
 392 0185 5D       		.byte	0x5d
 393 0186 32030000 		.4byte	0x332
 394 018a 0C       		.byte	0xc
 395 018b 07       		.uleb128 0x7
 396 018c 32010000 		.4byte	.LASF34
 397 0190 06       		.byte	0x6
 398 0191 5F       		.byte	0x5f
 399 0192 6D020000 		.4byte	0x26d
ARM GAS  /tmp/ccOapqwy.s 			page 8


 400 0196 10       		.byte	0x10
 401 0197 07       		.uleb128 0x7
 402 0198 75030000 		.4byte	.LASF35
 403 019c 06       		.byte	0x6
 404 019d 60       		.byte	0x60
 405 019e 6D020000 		.4byte	0x26d
 406 01a2 14       		.byte	0x14
 407 01a3 07       		.uleb128 0x7
 408 01a4 9D050000 		.4byte	.LASF36
 409 01a8 06       		.byte	0x6
 410 01a9 67       		.byte	0x67
 411 01aa FD040000 		.4byte	0x4fd
 412 01ae 18       		.byte	0x18
 413 01af 07       		.uleb128 0x7
 414 01b0 38040000 		.4byte	.LASF37
 415 01b4 06       		.byte	0x6
 416 01b5 72       		.byte	0x72
 417 01b6 F2000000 		.4byte	0xf2
 418 01ba 1C       		.byte	0x1c
 419 01bb 07       		.uleb128 0x7
 420 01bc 8B040000 		.4byte	.LASF38
 421 01c0 06       		.byte	0x6
 422 01c1 76       		.byte	0x76
 423 01c2 E7000000 		.4byte	0xe7
 424 01c6 1D       		.byte	0x1d
 425 01c7 07       		.uleb128 0x7
 426 01c8 68050000 		.4byte	.LASF39
 427 01cc 06       		.byte	0x6
 428 01cd 7B       		.byte	0x7b
 429 01ce FD000000 		.4byte	0xfd
 430 01d2 1E       		.byte	0x1e
 431 01d3 07       		.uleb128 0x7
 432 01d4 40040000 		.4byte	.LASF40
 433 01d8 06       		.byte	0x6
 434 01d9 81       		.byte	0x81
 435 01da 08010000 		.4byte	0x108
 436 01de 1F       		.byte	0x1f
 437 01df 07       		.uleb128 0x7
 438 01e0 2C050000 		.4byte	.LASF41
 439 01e4 06       		.byte	0x6
 440 01e5 88       		.byte	0x88
 441 01e6 3F010000 		.4byte	0x13f
 442 01ea 20       		.byte	0x20
 443 01eb 08       		.uleb128 0x8
 444 01ec 705F7500 		.ascii	"p_u\000"
 445 01f0 06       		.byte	0x6
 446 01f1 AD       		.byte	0xad
 447 01f2 C8040000 		.4byte	0x4c8
 448 01f6 24       		.byte	0x24
 449 01f7 07       		.uleb128 0x7
 450 01f8 15060000 		.4byte	.LASF42
 451 01fc 06       		.byte	0x6
 452 01fd B2       		.byte	0xb2
 453 01fe 93020000 		.4byte	0x293
 454 0202 28       		.byte	0x28
 455 0203 07       		.uleb128 0x7
 456 0204 44050000 		.4byte	.LASF43
ARM GAS  /tmp/ccOapqwy.s 			page 9


 457 0208 06       		.byte	0x6
 458 0209 B8       		.byte	0xb8
 459 020a 73020000 		.4byte	0x273
 460 020e 2C       		.byte	0x2c
 461 020f 07       		.uleb128 0x7
 462 0210 0D000000 		.4byte	.LASF44
 463 0214 06       		.byte	0x6
 464 0215 BC       		.byte	0xbc
 465 0216 1E010000 		.4byte	0x11e
 466 021a 34       		.byte	0x34
 467 021b 07       		.uleb128 0x7
 468 021c B8040000 		.4byte	.LASF45
 469 0220 06       		.byte	0x6
 470 0221 C2       		.byte	0xc2
 471 0222 29010000 		.4byte	0x129
 472 0226 38       		.byte	0x38
 473 0227 07       		.uleb128 0x7
 474 0228 24040000 		.4byte	.LASF46
 475 022c 06       		.byte	0x6
 476 022d C9       		.byte	0xc9
 477 022e 0F050000 		.4byte	0x50f
 478 0232 3C       		.byte	0x3c
 479 0233 07       		.uleb128 0x7
 480 0234 0E050000 		.4byte	.LASF47
 481 0238 06       		.byte	0x6
 482 0239 CD       		.byte	0xcd
 483 023a 13010000 		.4byte	0x113
 484 023e 40       		.byte	0x40
 485 023f 07       		.uleb128 0x7
 486 0240 DD000000 		.4byte	.LASF48
 487 0244 06       		.byte	0x6
 488 0245 D3       		.byte	0xd3
 489 0246 A9020000 		.4byte	0x2a9
 490 024a 44       		.byte	0x44
 491 024b 00       		.byte	0
 492 024c 09       		.uleb128 0x9
 493 024d 08       		.byte	0x8
 494 024e 05       		.byte	0x5
 495 024f 5A       		.byte	0x5a
 496 0250 6D020000 		.4byte	0x26d
 497 0254 07       		.uleb128 0x7
 498 0255 75040000 		.4byte	.LASF30
 499 0259 05       		.byte	0x5
 500 025a 5B       		.byte	0x5b
 501 025b 6D020000 		.4byte	0x26d
 502 025f 00       		.byte	0
 503 0260 07       		.uleb128 0x7
 504 0261 EC030000 		.4byte	.LASF31
 505 0265 05       		.byte	0x5
 506 0266 5D       		.byte	0x5d
 507 0267 6D020000 		.4byte	0x26d
 508 026b 04       		.byte	0x4
 509 026c 00       		.byte	0
 510 026d 0A       		.uleb128 0xa
 511 026e 04       		.byte	0x4
 512 026f 44010000 		.4byte	0x144
 513 0273 04       		.uleb128 0x4
ARM GAS  /tmp/ccOapqwy.s 			page 10


 514 0274 83030000 		.4byte	.LASF49
 515 0278 05       		.byte	0x5
 516 0279 5F       		.byte	0x5f
 517 027a 4C020000 		.4byte	0x24c
 518 027e 09       		.uleb128 0x9
 519 027f 04       		.byte	0x4
 520 0280 05       		.byte	0x5
 521 0281 64       		.byte	0x64
 522 0282 93020000 		.4byte	0x293
 523 0286 07       		.uleb128 0x7
 524 0287 75040000 		.4byte	.LASF30
 525 028b 05       		.byte	0x5
 526 028c 66       		.byte	0x66
 527 028d 6D020000 		.4byte	0x26d
 528 0291 00       		.byte	0
 529 0292 00       		.byte	0
 530 0293 04       		.uleb128 0x4
 531 0294 3E020000 		.4byte	.LASF50
 532 0298 05       		.byte	0x5
 533 0299 69       		.byte	0x69
 534 029a 7E020000 		.4byte	0x27e
 535 029e 04       		.uleb128 0x4
 536 029f 55010000 		.4byte	.LASF51
 537 02a3 07       		.byte	0x7
 538 02a4 DE       		.byte	0xde
 539 02a5 A9020000 		.4byte	0x2a9
 540 02a9 0B       		.uleb128 0xb
 541 02aa 04       		.byte	0x4
 542 02ab 04       		.uleb128 0x4
 543 02ac 67020000 		.4byte	.LASF52
 544 02b0 07       		.byte	0x7
 545 02b1 E4       		.byte	0xe4
 546 02b2 D5000000 		.4byte	0xd5
 547 02b6 0C       		.uleb128 0xc
 548 02b7 3D050000 		.4byte	.LASF53
 549 02bb 24       		.byte	0x24
 550 02bc 07       		.byte	0x7
 551 02bd 0501     		.2byte	0x105
 552 02bf 32030000 		.4byte	0x332
 553 02c3 0D       		.uleb128 0xd
 554 02c4 723400   		.ascii	"r4\000"
 555 02c7 07       		.byte	0x7
 556 02c8 1801     		.2byte	0x118
 557 02ca 9E020000 		.4byte	0x29e
 558 02ce 00       		.byte	0
 559 02cf 0D       		.uleb128 0xd
 560 02d0 723500   		.ascii	"r5\000"
 561 02d3 07       		.byte	0x7
 562 02d4 1901     		.2byte	0x119
 563 02d6 9E020000 		.4byte	0x29e
 564 02da 04       		.byte	0x4
 565 02db 0D       		.uleb128 0xd
 566 02dc 723600   		.ascii	"r6\000"
 567 02df 07       		.byte	0x7
 568 02e0 1A01     		.2byte	0x11a
 569 02e2 9E020000 		.4byte	0x29e
 570 02e6 08       		.byte	0x8
ARM GAS  /tmp/ccOapqwy.s 			page 11


 571 02e7 0D       		.uleb128 0xd
 572 02e8 723700   		.ascii	"r7\000"
 573 02eb 07       		.byte	0x7
 574 02ec 1B01     		.2byte	0x11b
 575 02ee 9E020000 		.4byte	0x29e
 576 02f2 0C       		.byte	0xc
 577 02f3 0D       		.uleb128 0xd
 578 02f4 723800   		.ascii	"r8\000"
 579 02f7 07       		.byte	0x7
 580 02f8 1C01     		.2byte	0x11c
 581 02fa 9E020000 		.4byte	0x29e
 582 02fe 10       		.byte	0x10
 583 02ff 0D       		.uleb128 0xd
 584 0300 723900   		.ascii	"r9\000"
 585 0303 07       		.byte	0x7
 586 0304 1D01     		.2byte	0x11d
 587 0306 9E020000 		.4byte	0x29e
 588 030a 14       		.byte	0x14
 589 030b 0D       		.uleb128 0xd
 590 030c 72313000 		.ascii	"r10\000"
 591 0310 07       		.byte	0x7
 592 0311 1E01     		.2byte	0x11e
 593 0313 9E020000 		.4byte	0x29e
 594 0317 18       		.byte	0x18
 595 0318 0D       		.uleb128 0xd
 596 0319 72313100 		.ascii	"r11\000"
 597 031d 07       		.byte	0x7
 598 031e 1F01     		.2byte	0x11f
 599 0320 9E020000 		.4byte	0x29e
 600 0324 1C       		.byte	0x1c
 601 0325 0D       		.uleb128 0xd
 602 0326 6C7200   		.ascii	"lr\000"
 603 0329 07       		.byte	0x7
 604 032a 2001     		.2byte	0x120
 605 032c 9E020000 		.4byte	0x29e
 606 0330 20       		.byte	0x20
 607 0331 00       		.byte	0
 608 0332 0C       		.uleb128 0xc
 609 0333 D1010000 		.4byte	.LASF54
 610 0337 04       		.byte	0x4
 611 0338 07       		.byte	0x7
 612 0339 2A01     		.2byte	0x12a
 613 033b 4D030000 		.4byte	0x34d
 614 033f 0D       		.uleb128 0xd
 615 0340 72313300 		.ascii	"r13\000"
 616 0344 07       		.byte	0x7
 617 0345 2B01     		.2byte	0x12b
 618 0347 4D030000 		.4byte	0x34d
 619 034b 00       		.byte	0
 620 034c 00       		.byte	0
 621 034d 0A       		.uleb128 0xa
 622 034e 04       		.byte	0x4
 623 034f B6020000 		.4byte	0x2b6
 624 0353 03       		.uleb128 0x3
 625 0354 04       		.byte	0x4
 626 0355 07       		.byte	0x7
 627 0356 36030000 		.4byte	.LASF55
ARM GAS  /tmp/ccOapqwy.s 			page 12


 628 035a 04       		.uleb128 0x4
 629 035b BA010000 		.4byte	.LASF56
 630 035f 08       		.byte	0x8
 631 0360 51       		.byte	0x51
 632 0361 65030000 		.4byte	0x365
 633 0365 0A       		.uleb128 0xa
 634 0366 04       		.byte	0x4
 635 0367 6B030000 		.4byte	0x36b
 636 036b 0E       		.uleb128 0xe
 637 036c 76030000 		.4byte	0x376
 638 0370 0F       		.uleb128 0xf
 639 0371 A9020000 		.4byte	0x2a9
 640 0375 00       		.byte	0
 641 0376 04       		.uleb128 0x4
 642 0377 E0040000 		.4byte	.LASF57
 643 037b 08       		.byte	0x8
 644 037c 56       		.byte	0x56
 645 037d 81030000 		.4byte	0x381
 646 0381 06       		.uleb128 0x6
 647 0382 E0040000 		.4byte	.LASF57
 648 0386 14       		.byte	0x14
 649 0387 08       		.byte	0x8
 650 0388 5D       		.byte	0x5d
 651 0389 CA030000 		.4byte	0x3ca
 652 038d 07       		.uleb128 0x7
 653 038e 73010000 		.4byte	.LASF58
 654 0392 08       		.byte	0x8
 655 0393 5E       		.byte	0x5e
 656 0394 CA030000 		.4byte	0x3ca
 657 0398 00       		.byte	0
 658 0399 07       		.uleb128 0x7
 659 039a 5E010000 		.4byte	.LASF59
 660 039e 08       		.byte	0x8
 661 039f 60       		.byte	0x60
 662 03a0 CA030000 		.4byte	0x3ca
 663 03a4 04       		.byte	0x4
 664 03a5 07       		.uleb128 0x7
 665 03a6 86020000 		.4byte	.LASF60
 666 03aa 08       		.byte	0x8
 667 03ab 62       		.byte	0x62
 668 03ac 34010000 		.4byte	0x134
 669 03b0 08       		.byte	0x8
 670 03b1 07       		.uleb128 0x7
 671 03b2 13000000 		.4byte	.LASF61
 672 03b6 08       		.byte	0x8
 673 03b7 63       		.byte	0x63
 674 03b8 5A030000 		.4byte	0x35a
 675 03bc 0C       		.byte	0xc
 676 03bd 07       		.uleb128 0x7
 677 03be 4F050000 		.4byte	.LASF62
 678 03c2 08       		.byte	0x8
 679 03c3 65       		.byte	0x65
 680 03c4 A9020000 		.4byte	0x2a9
 681 03c8 10       		.byte	0x10
 682 03c9 00       		.byte	0
 683 03ca 0A       		.uleb128 0xa
 684 03cb 04       		.byte	0x4
ARM GAS  /tmp/ccOapqwy.s 			page 13


 685 03cc 76030000 		.4byte	0x376
 686 03d0 09       		.uleb128 0x9
 687 03d1 10       		.byte	0x10
 688 03d2 08       		.byte	0x8
 689 03d3 6F       		.byte	0x6f
 690 03d4 09040000 		.4byte	0x409
 691 03d8 07       		.uleb128 0x7
 692 03d9 73010000 		.4byte	.LASF58
 693 03dd 08       		.byte	0x8
 694 03de 70       		.byte	0x70
 695 03df CA030000 		.4byte	0x3ca
 696 03e3 00       		.byte	0
 697 03e4 07       		.uleb128 0x7
 698 03e5 5E010000 		.4byte	.LASF59
 699 03e9 08       		.byte	0x8
 700 03ea 72       		.byte	0x72
 701 03eb CA030000 		.4byte	0x3ca
 702 03ef 04       		.byte	0x4
 703 03f0 07       		.uleb128 0x7
 704 03f1 86020000 		.4byte	.LASF60
 705 03f5 08       		.byte	0x8
 706 03f6 74       		.byte	0x74
 707 03f7 34010000 		.4byte	0x134
 708 03fb 08       		.byte	0x8
 709 03fc 07       		.uleb128 0x7
 710 03fd A4050000 		.4byte	.LASF63
 711 0401 08       		.byte	0x8
 712 0402 75       		.byte	0x75
 713 0403 3F010000 		.4byte	0x13f
 714 0407 0C       		.byte	0xc
 715 0408 00       		.byte	0
 716 0409 04       		.uleb128 0x4
 717 040a 00060000 		.4byte	.LASF64
 718 040e 08       		.byte	0x8
 719 040f 76       		.byte	0x76
 720 0410 D0030000 		.4byte	0x3d0
 721 0414 10       		.uleb128 0x10
 722 0415 39000000 		.4byte	.LASF72
 723 0419 08       		.byte	0x8
 724 041a EE       		.byte	0xee
 725 041b 09040000 		.4byte	0x409
 726 041f 09       		.uleb128 0x9
 727 0420 1C       		.byte	0x1c
 728 0421 09       		.byte	0x9
 729 0422 57       		.byte	0x57
 730 0423 70040000 		.4byte	0x470
 731 0427 07       		.uleb128 0x7
 732 0428 D8040000 		.4byte	.LASF65
 733 042c 09       		.byte	0x9
 734 042d 58       		.byte	0x58
 735 042e 73020000 		.4byte	0x273
 736 0432 00       		.byte	0
 737 0433 07       		.uleb128 0x7
 738 0434 56040000 		.4byte	.LASF66
 739 0438 09       		.byte	0x9
 740 0439 59       		.byte	0x59
 741 043a 13010000 		.4byte	0x113
ARM GAS  /tmp/ccOapqwy.s 			page 14


 742 043e 08       		.byte	0x8
 743 043f 07       		.uleb128 0x7
 744 0440 7D030000 		.4byte	.LASF67
 745 0444 09       		.byte	0x9
 746 0445 5B       		.byte	0x5b
 747 0446 32030000 		.4byte	0x332
 748 044a 0C       		.byte	0xc
 749 044b 07       		.uleb128 0x7
 750 044c 2E020000 		.4byte	.LASF68
 751 0450 09       		.byte	0x9
 752 0451 5E       		.byte	0x5e
 753 0452 6D020000 		.4byte	0x26d
 754 0456 10       		.byte	0x10
 755 0457 07       		.uleb128 0x7
 756 0458 AB030000 		.4byte	.LASF69
 757 045c 09       		.byte	0x9
 758 045d 5F       		.byte	0x5f
 759 045e 6D020000 		.4byte	0x26d
 760 0462 14       		.byte	0x14
 761 0463 07       		.uleb128 0x7
 762 0464 A1030000 		.4byte	.LASF70
 763 0468 09       		.byte	0x9
 764 0469 62       		.byte	0x62
 765 046a 6D020000 		.4byte	0x26d
 766 046e 18       		.byte	0x18
 767 046f 00       		.byte	0
 768 0470 04       		.uleb128 0x4
 769 0471 6F050000 		.4byte	.LASF71
 770 0475 09       		.byte	0x9
 771 0476 64       		.byte	0x64
 772 0477 1F040000 		.4byte	0x41f
 773 047b 10       		.uleb128 0x10
 774 047c 88050000 		.4byte	.LASF73
 775 0480 09       		.byte	0x9
 776 0481 68       		.byte	0x68
 777 0482 70040000 		.4byte	0x470
 778 0486 06       		.uleb128 0x6
 779 0487 61020000 		.4byte	.LASF74
 780 048b 10       		.byte	0x10
 781 048c 0A       		.byte	0xa
 782 048d 25       		.byte	0x25
 783 048e B7040000 		.4byte	0x4b7
 784 0492 07       		.uleb128 0x7
 785 0493 E5000000 		.4byte	.LASF75
 786 0497 0A       		.byte	0xa
 787 0498 26       		.byte	0x26
 788 0499 73020000 		.4byte	0x273
 789 049d 00       		.byte	0
 790 049e 07       		.uleb128 0x7
 791 049f 07060000 		.4byte	.LASF76
 792 04a3 0A       		.byte	0xa
 793 04a4 28       		.byte	0x28
 794 04a5 6D020000 		.4byte	0x26d
 795 04a9 08       		.byte	0x8
 796 04aa 07       		.uleb128 0x7
 797 04ab FD040000 		.4byte	.LASF77
 798 04af 0A       		.byte	0xa
ARM GAS  /tmp/ccOapqwy.s 			page 15


 799 04b0 2A       		.byte	0x2a
 800 04b1 B7040000 		.4byte	0x4b7
 801 04b5 0C       		.byte	0xc
 802 04b6 00       		.byte	0
 803 04b7 0A       		.uleb128 0xa
 804 04b8 04       		.byte	0x4
 805 04b9 86040000 		.4byte	0x486
 806 04bd 04       		.uleb128 0x4
 807 04be 61020000 		.4byte	.LASF74
 808 04c2 0A       		.byte	0xa
 809 04c3 2C       		.byte	0x2c
 810 04c4 86040000 		.4byte	0x486
 811 04c8 11       		.uleb128 0x11
 812 04c9 04       		.byte	0x4
 813 04ca 06       		.byte	0x6
 814 04cb 8F       		.byte	0x8f
 815 04cc FD040000 		.4byte	0x4fd
 816 04d0 12       		.uleb128 0x12
 817 04d1 61050000 		.4byte	.LASF78
 818 04d5 06       		.byte	0x6
 819 04d6 96       		.byte	0x96
 820 04d7 1E010000 		.4byte	0x11e
 821 04db 12       		.uleb128 0x12
 822 04dc 80000000 		.4byte	.LASF79
 823 04e0 06       		.byte	0x6
 824 04e1 9D       		.byte	0x9d
 825 04e2 1E010000 		.4byte	0x11e
 826 04e6 12       		.uleb128 0x12
 827 04e7 96050000 		.4byte	.LASF80
 828 04eb 06       		.byte	0x6
 829 04ec A4       		.byte	0xa4
 830 04ed A9020000 		.4byte	0x2a9
 831 04f1 12       		.uleb128 0x12
 832 04f2 6E040000 		.4byte	.LASF81
 833 04f6 06       		.byte	0x6
 834 04f7 AB       		.byte	0xab
 835 04f8 29010000 		.4byte	0x129
 836 04fc 00       		.byte	0
 837 04fd 0A       		.uleb128 0xa
 838 04fe 04       		.byte	0x4
 839 04ff 0A050000 		.4byte	0x50a
 840 0503 03       		.uleb128 0x3
 841 0504 01       		.byte	0x1
 842 0505 08       		.byte	0x8
 843 0506 ED040000 		.4byte	.LASF82
 844 050a 13       		.uleb128 0x13
 845 050b 03050000 		.4byte	0x503
 846 050f 0A       		.uleb128 0xa
 847 0510 04       		.byte	0x4
 848 0511 BD040000 		.4byte	0x4bd
 849 0515 09       		.uleb128 0x9
 850 0516 16       		.byte	0x16
 851 0517 0B       		.byte	0xb
 852 0518 25       		.byte	0x25
 853 0519 F6050000 		.4byte	0x5f6
 854 051d 07       		.uleb128 0x7
 855 051e C3010000 		.4byte	.LASF83
ARM GAS  /tmp/ccOapqwy.s 			page 16


 856 0522 0B       		.byte	0xb
 857 0523 26       		.byte	0x26
 858 0524 F6050000 		.4byte	0x5f6
 859 0528 00       		.byte	0
 860 0529 07       		.uleb128 0x7
 861 052a 72020000 		.4byte	.LASF84
 862 052e 0B       		.byte	0xb
 863 052f 27       		.byte	0x27
 864 0530 A9000000 		.4byte	0xa9
 865 0534 04       		.byte	0x4
 866 0535 07       		.uleb128 0x7
 867 0536 90030000 		.4byte	.LASF85
 868 053a 0B       		.byte	0xb
 869 053b 28       		.byte	0x28
 870 053c A9000000 		.4byte	0xa9
 871 0540 05       		.byte	0x5
 872 0541 07       		.uleb128 0x7
 873 0542 AF050000 		.4byte	.LASF86
 874 0546 0B       		.byte	0xb
 875 0547 29       		.byte	0x29
 876 0548 B4000000 		.4byte	0xb4
 877 054c 06       		.byte	0x6
 878 054d 07       		.uleb128 0x7
 879 054e D8030000 		.4byte	.LASF87
 880 0552 0B       		.byte	0xb
 881 0553 2A       		.byte	0x2a
 882 0554 A9000000 		.4byte	0xa9
 883 0558 08       		.byte	0x8
 884 0559 07       		.uleb128 0x7
 885 055a 5D030000 		.4byte	.LASF88
 886 055e 0B       		.byte	0xb
 887 055f 2B       		.byte	0x2b
 888 0560 A9000000 		.4byte	0xa9
 889 0564 09       		.byte	0x9
 890 0565 07       		.uleb128 0x7
 891 0566 72000000 		.4byte	.LASF89
 892 056a 0B       		.byte	0xb
 893 056b 2C       		.byte	0x2c
 894 056c A9000000 		.4byte	0xa9
 895 0570 0A       		.byte	0xa
 896 0571 07       		.uleb128 0x7
 897 0572 CC040000 		.4byte	.LASF90
 898 0576 0B       		.byte	0xb
 899 0577 2D       		.byte	0x2d
 900 0578 A9000000 		.4byte	0xa9
 901 057c 0B       		.byte	0xb
 902 057d 07       		.uleb128 0x7
 903 057e 56050000 		.4byte	.LASF91
 904 0582 0B       		.byte	0xb
 905 0583 2E       		.byte	0x2e
 906 0584 A9000000 		.4byte	0xa9
 907 0588 0C       		.byte	0xc
 908 0589 07       		.uleb128 0x7
 909 058a AB040000 		.4byte	.LASF92
 910 058e 0B       		.byte	0xb
 911 058f 2F       		.byte	0x2f
 912 0590 A9000000 		.4byte	0xa9
ARM GAS  /tmp/ccOapqwy.s 			page 17


 913 0594 0D       		.byte	0xd
 914 0595 07       		.uleb128 0x7
 915 0596 00000000 		.4byte	.LASF93
 916 059a 0B       		.byte	0xb
 917 059b 30       		.byte	0x30
 918 059c A9000000 		.4byte	0xa9
 919 05a0 0E       		.byte	0xe
 920 05a1 07       		.uleb128 0x7
 921 05a2 69030000 		.4byte	.LASF94
 922 05a6 0B       		.byte	0xb
 923 05a7 31       		.byte	0x31
 924 05a8 A9000000 		.4byte	0xa9
 925 05ac 0F       		.byte	0xf
 926 05ad 07       		.uleb128 0x7
 927 05ae C0000000 		.4byte	.LASF95
 928 05b2 0B       		.byte	0xb
 929 05b3 32       		.byte	0x32
 930 05b4 A9000000 		.4byte	0xa9
 931 05b8 10       		.byte	0x10
 932 05b9 07       		.uleb128 0x7
 933 05ba 99000000 		.4byte	.LASF96
 934 05be 0B       		.byte	0xb
 935 05bf 34       		.byte	0x34
 936 05c0 A9000000 		.4byte	0xa9
 937 05c4 11       		.byte	0x11
 938 05c5 07       		.uleb128 0x7
 939 05c6 D0000000 		.4byte	.LASF97
 940 05ca 0B       		.byte	0xb
 941 05cb 35       		.byte	0x35
 942 05cc A9000000 		.4byte	0xa9
 943 05d0 12       		.byte	0x12
 944 05d1 07       		.uleb128 0x7
 945 05d2 7A020000 		.4byte	.LASF98
 946 05d6 0B       		.byte	0xb
 947 05d7 36       		.byte	0x36
 948 05d8 A9000000 		.4byte	0xa9
 949 05dc 13       		.byte	0x13
 950 05dd 07       		.uleb128 0x7
 951 05de 7C040000 		.4byte	.LASF99
 952 05e2 0B       		.byte	0xb
 953 05e3 37       		.byte	0x37
 954 05e4 A9000000 		.4byte	0xa9
 955 05e8 14       		.byte	0x14
 956 05e9 07       		.uleb128 0x7
 957 05ea 4A040000 		.4byte	.LASF100
 958 05ee 0B       		.byte	0xb
 959 05ef 39       		.byte	0x39
 960 05f0 A9000000 		.4byte	0xa9
 961 05f4 15       		.byte	0x15
 962 05f5 00       		.byte	0
 963 05f6 14       		.uleb128 0x14
 964 05f7 03050000 		.4byte	0x503
 965 05fb 06060000 		.4byte	0x606
 966 05ff 15       		.uleb128 0x15
 967 0600 53030000 		.4byte	0x353
 968 0604 03       		.byte	0x3
 969 0605 00       		.byte	0
ARM GAS  /tmp/ccOapqwy.s 			page 18


 970 0606 04       		.uleb128 0x4
 971 0607 28010000 		.4byte	.LASF101
 972 060b 0B       		.byte	0xb
 973 060c 3A       		.byte	0x3a
 974 060d 15050000 		.4byte	0x515
 975 0611 13       		.uleb128 0x13
 976 0612 06060000 		.4byte	0x606
 977 0616 10       		.uleb128 0x10
 978 0617 B1010000 		.4byte	.LASF102
 979 061b 0B       		.byte	0xb
 980 061c 77       		.byte	0x77
 981 061d 11060000 		.4byte	0x611
 982 0621 14       		.uleb128 0x14
 983 0622 AB020000 		.4byte	0x2ab
 984 0626 31060000 		.4byte	0x631
 985 062a 15       		.uleb128 0x15
 986 062b 53030000 		.4byte	0x353
 987 062f 17       		.byte	0x17
 988 0630 00       		.byte	0
 989 0631 10       		.uleb128 0x10
 990 0632 3A010000 		.4byte	.LASF103
 991 0636 0C       		.byte	0xc
 992 0637 82       		.byte	0x82
 993 0638 21060000 		.4byte	0x621
 994 063c 04       		.uleb128 0x4
 995 063d 65000000 		.4byte	.LASF104
 996 0641 01       		.byte	0x1
 997 0642 24       		.byte	0x24
 998 0643 47060000 		.4byte	0x647
 999 0647 0A       		.uleb128 0xa
 1000 0648 04       		.byte	0x4
 1001 0649 4D060000 		.4byte	0x64d
 1002 064d 16       		.uleb128 0x16
 1003 064e 09       		.uleb128 0x9
 1004 064f CC       		.byte	0xcc
 1005 0650 01       		.byte	0x1
 1006 0651 29       		.byte	0x29
 1007 0652 23070000 		.4byte	0x723
 1008 0656 07       		.uleb128 0x7
 1009 0657 4A020000 		.4byte	.LASF105
 1010 065b 01       		.byte	0x1
 1011 065c 2A       		.byte	0x2a
 1012 065d 23070000 		.4byte	0x723
 1013 0661 00       		.byte	0
 1014 0662 07       		.uleb128 0x7
 1015 0663 F3030000 		.4byte	.LASF106
 1016 0667 01       		.byte	0x1
 1017 0668 2B       		.byte	0x2b
 1018 0669 3C060000 		.4byte	0x63c
 1019 066d 04       		.byte	0x4
 1020 066e 07       		.uleb128 0x7
 1021 066f 24000000 		.4byte	.LASF107
 1022 0673 01       		.byte	0x1
 1023 0674 2C       		.byte	0x2c
 1024 0675 3C060000 		.4byte	0x63c
 1025 0679 08       		.byte	0x8
 1026 067a 07       		.uleb128 0x7
ARM GAS  /tmp/ccOapqwy.s 			page 19


 1027 067b 93040000 		.4byte	.LASF108
 1028 067f 01       		.byte	0x1
 1029 0680 2D       		.byte	0x2d
 1030 0681 3C060000 		.4byte	0x63c
 1031 0685 0C       		.byte	0xc
 1032 0686 07       		.uleb128 0x7
 1033 0687 5D040000 		.4byte	.LASF109
 1034 068b 01       		.byte	0x1
 1035 068c 2E       		.byte	0x2e
 1036 068d 3C060000 		.4byte	0x63c
 1037 0691 10       		.byte	0x10
 1038 0692 07       		.uleb128 0x7
 1039 0693 7B010000 		.4byte	.LASF110
 1040 0697 01       		.byte	0x1
 1041 0698 2F       		.byte	0x2f
 1042 0699 3C060000 		.4byte	0x63c
 1043 069d 14       		.byte	0x14
 1044 069e 07       		.uleb128 0x7
 1045 069f 4B030000 		.4byte	.LASF111
 1046 06a3 01       		.byte	0x1
 1047 06a4 30       		.byte	0x30
 1048 06a5 3C060000 		.4byte	0x63c
 1049 06a9 18       		.byte	0x18
 1050 06aa 07       		.uleb128 0x7
 1051 06ab 98030000 		.4byte	.LASF112
 1052 06af 01       		.byte	0x1
 1053 06b0 31       		.byte	0x31
 1054 06b1 3C060000 		.4byte	0x63c
 1055 06b5 1C       		.byte	0x1c
 1056 06b6 07       		.uleb128 0x7
 1057 06b7 BE030000 		.4byte	.LASF113
 1058 06bb 01       		.byte	0x1
 1059 06bc 32       		.byte	0x32
 1060 06bd 3C060000 		.4byte	0x63c
 1061 06c1 20       		.byte	0x20
 1062 06c2 07       		.uleb128 0x7
 1063 06c3 C7030000 		.4byte	.LASF114
 1064 06c7 01       		.byte	0x1
 1065 06c8 33       		.byte	0x33
 1066 06c9 3C060000 		.4byte	0x63c
 1067 06cd 24       		.byte	0x24
 1068 06ce 07       		.uleb128 0x7
 1069 06cf E3030000 		.4byte	.LASF115
 1070 06d3 01       		.byte	0x1
 1071 06d4 34       		.byte	0x34
 1072 06d5 3C060000 		.4byte	0x63c
 1073 06d9 28       		.byte	0x28
 1074 06da 07       		.uleb128 0x7
 1075 06db 40000000 		.4byte	.LASF116
 1076 06df 01       		.byte	0x1
 1077 06e0 35       		.byte	0x35
 1078 06e1 3C060000 		.4byte	0x63c
 1079 06e5 2C       		.byte	0x2c
 1080 06e6 07       		.uleb128 0x7
 1081 06e7 9D010000 		.4byte	.LASF117
 1082 06eb 01       		.byte	0x1
 1083 06ec 36       		.byte	0x36
ARM GAS  /tmp/ccOapqwy.s 			page 20


 1084 06ed 3C060000 		.4byte	0x63c
 1085 06f1 30       		.byte	0x30
 1086 06f2 07       		.uleb128 0x7
 1087 06f3 23050000 		.4byte	.LASF118
 1088 06f7 01       		.byte	0x1
 1089 06f8 37       		.byte	0x37
 1090 06f9 3C060000 		.4byte	0x63c
 1091 06fd 34       		.byte	0x34
 1092 06fe 07       		.uleb128 0x7
 1093 06ff 08010000 		.4byte	.LASF119
 1094 0703 01       		.byte	0x1
 1095 0704 38       		.byte	0x38
 1096 0705 3C060000 		.4byte	0x63c
 1097 0709 38       		.byte	0x38
 1098 070a 07       		.uleb128 0x7
 1099 070b 79050000 		.4byte	.LASF120
 1100 070f 01       		.byte	0x1
 1101 0710 39       		.byte	0x39
 1102 0711 3C060000 		.4byte	0x63c
 1103 0715 3C       		.byte	0x3c
 1104 0716 07       		.uleb128 0x7
 1105 0717 ED000000 		.4byte	.LASF121
 1106 071b 01       		.byte	0x1
 1107 071c 3A       		.byte	0x3a
 1108 071d 29070000 		.4byte	0x729
 1109 0721 40       		.byte	0x40
 1110 0722 00       		.byte	0
 1111 0723 0A       		.uleb128 0xa
 1112 0724 04       		.byte	0x4
 1113 0725 CA000000 		.4byte	0xca
 1114 0729 14       		.uleb128 0x14
 1115 072a 3C060000 		.4byte	0x63c
 1116 072e 39070000 		.4byte	0x739
 1117 0732 15       		.uleb128 0x15
 1118 0733 53030000 		.4byte	0x353
 1119 0737 22       		.byte	0x22
 1120 0738 00       		.byte	0
 1121 0739 04       		.uleb128 0x4
 1122 073a 33050000 		.4byte	.LASF122
 1123 073e 01       		.byte	0x1
 1124 073f 3B       		.byte	0x3b
 1125 0740 4E060000 		.4byte	0x64e
 1126 0744 10       		.uleb128 0x10
 1127 0745 EC010000 		.4byte	.LASF123
 1128 0749 01       		.byte	0x1
 1129 074a 3E       		.byte	0x3e
 1130 074b CA000000 		.4byte	0xca
 1131 074f 17       		.uleb128 0x17
 1132 0750 89000000 		.4byte	.LASF124
 1133 0754 01       		.byte	0x1
 1134 0755 79       		.byte	0x79
 1135 0756 39070000 		.4byte	0x739
 1136 075a 05       		.uleb128 0x5
 1137 075b 03       		.byte	0x3
 1138 075c 00000000 		.4byte	_vectors
 1139 0760 18       		.uleb128 0x18
 1140 0761 8E020000 		.4byte	.LASF128
ARM GAS  /tmp/ccOapqwy.s 			page 21


 1141 0765 01       		.byte	0x1
 1142 0766 95       		.byte	0x95
 1143 0767 00000000 		.4byte	.LFB7
 1144 076b 02000000 		.4byte	.LFE7-.LFB7
 1145 076f 01       		.uleb128 0x1
 1146 0770 9C       		.byte	0x9c
 1147 0771 00       		.byte	0
 1148              		.section	.debug_abbrev,"",%progbits
 1149              	.Ldebug_abbrev0:
 1150 0000 01       		.uleb128 0x1
 1151 0001 11       		.uleb128 0x11
 1152 0002 01       		.byte	0x1
 1153 0003 25       		.uleb128 0x25
 1154 0004 0E       		.uleb128 0xe
 1155 0005 13       		.uleb128 0x13
 1156 0006 0B       		.uleb128 0xb
 1157 0007 03       		.uleb128 0x3
 1158 0008 0E       		.uleb128 0xe
 1159 0009 1B       		.uleb128 0x1b
 1160 000a 0E       		.uleb128 0xe
 1161 000b 55       		.uleb128 0x55
 1162 000c 17       		.uleb128 0x17
 1163 000d 11       		.uleb128 0x11
 1164 000e 01       		.uleb128 0x1
 1165 000f 10       		.uleb128 0x10
 1166 0010 17       		.uleb128 0x17
 1167 0011 00       		.byte	0
 1168 0012 00       		.byte	0
 1169 0013 02       		.uleb128 0x2
 1170 0014 24       		.uleb128 0x24
 1171 0015 00       		.byte	0
 1172 0016 0B       		.uleb128 0xb
 1173 0017 0B       		.uleb128 0xb
 1174 0018 3E       		.uleb128 0x3e
 1175 0019 0B       		.uleb128 0xb
 1176 001a 03       		.uleb128 0x3
 1177 001b 08       		.uleb128 0x8
 1178 001c 00       		.byte	0
 1179 001d 00       		.byte	0
 1180 001e 03       		.uleb128 0x3
 1181 001f 24       		.uleb128 0x24
 1182 0020 00       		.byte	0
 1183 0021 0B       		.uleb128 0xb
 1184 0022 0B       		.uleb128 0xb
 1185 0023 3E       		.uleb128 0x3e
 1186 0024 0B       		.uleb128 0xb
 1187 0025 03       		.uleb128 0x3
 1188 0026 0E       		.uleb128 0xe
 1189 0027 00       		.byte	0
 1190 0028 00       		.byte	0
 1191 0029 04       		.uleb128 0x4
 1192 002a 16       		.uleb128 0x16
 1193 002b 00       		.byte	0
 1194 002c 03       		.uleb128 0x3
 1195 002d 0E       		.uleb128 0xe
 1196 002e 3A       		.uleb128 0x3a
 1197 002f 0B       		.uleb128 0xb
ARM GAS  /tmp/ccOapqwy.s 			page 22


 1198 0030 3B       		.uleb128 0x3b
 1199 0031 0B       		.uleb128 0xb
 1200 0032 49       		.uleb128 0x49
 1201 0033 13       		.uleb128 0x13
 1202 0034 00       		.byte	0
 1203 0035 00       		.byte	0
 1204 0036 05       		.uleb128 0x5
 1205 0037 35       		.uleb128 0x35
 1206 0038 00       		.byte	0
 1207 0039 49       		.uleb128 0x49
 1208 003a 13       		.uleb128 0x13
 1209 003b 00       		.byte	0
 1210 003c 00       		.byte	0
 1211 003d 06       		.uleb128 0x6
 1212 003e 13       		.uleb128 0x13
 1213 003f 01       		.byte	0x1
 1214 0040 03       		.uleb128 0x3
 1215 0041 0E       		.uleb128 0xe
 1216 0042 0B       		.uleb128 0xb
 1217 0043 0B       		.uleb128 0xb
 1218 0044 3A       		.uleb128 0x3a
 1219 0045 0B       		.uleb128 0xb
 1220 0046 3B       		.uleb128 0x3b
 1221 0047 0B       		.uleb128 0xb
 1222 0048 01       		.uleb128 0x1
 1223 0049 13       		.uleb128 0x13
 1224 004a 00       		.byte	0
 1225 004b 00       		.byte	0
 1226 004c 07       		.uleb128 0x7
 1227 004d 0D       		.uleb128 0xd
 1228 004e 00       		.byte	0
 1229 004f 03       		.uleb128 0x3
 1230 0050 0E       		.uleb128 0xe
 1231 0051 3A       		.uleb128 0x3a
 1232 0052 0B       		.uleb128 0xb
 1233 0053 3B       		.uleb128 0x3b
 1234 0054 0B       		.uleb128 0xb
 1235 0055 49       		.uleb128 0x49
 1236 0056 13       		.uleb128 0x13
 1237 0057 38       		.uleb128 0x38
 1238 0058 0B       		.uleb128 0xb
 1239 0059 00       		.byte	0
 1240 005a 00       		.byte	0
 1241 005b 08       		.uleb128 0x8
 1242 005c 0D       		.uleb128 0xd
 1243 005d 00       		.byte	0
 1244 005e 03       		.uleb128 0x3
 1245 005f 08       		.uleb128 0x8
 1246 0060 3A       		.uleb128 0x3a
 1247 0061 0B       		.uleb128 0xb
 1248 0062 3B       		.uleb128 0x3b
 1249 0063 0B       		.uleb128 0xb
 1250 0064 49       		.uleb128 0x49
 1251 0065 13       		.uleb128 0x13
 1252 0066 38       		.uleb128 0x38
 1253 0067 0B       		.uleb128 0xb
 1254 0068 00       		.byte	0
ARM GAS  /tmp/ccOapqwy.s 			page 23


 1255 0069 00       		.byte	0
 1256 006a 09       		.uleb128 0x9
 1257 006b 13       		.uleb128 0x13
 1258 006c 01       		.byte	0x1
 1259 006d 0B       		.uleb128 0xb
 1260 006e 0B       		.uleb128 0xb
 1261 006f 3A       		.uleb128 0x3a
 1262 0070 0B       		.uleb128 0xb
 1263 0071 3B       		.uleb128 0x3b
 1264 0072 0B       		.uleb128 0xb
 1265 0073 01       		.uleb128 0x1
 1266 0074 13       		.uleb128 0x13
 1267 0075 00       		.byte	0
 1268 0076 00       		.byte	0
 1269 0077 0A       		.uleb128 0xa
 1270 0078 0F       		.uleb128 0xf
 1271 0079 00       		.byte	0
 1272 007a 0B       		.uleb128 0xb
 1273 007b 0B       		.uleb128 0xb
 1274 007c 49       		.uleb128 0x49
 1275 007d 13       		.uleb128 0x13
 1276 007e 00       		.byte	0
 1277 007f 00       		.byte	0
 1278 0080 0B       		.uleb128 0xb
 1279 0081 0F       		.uleb128 0xf
 1280 0082 00       		.byte	0
 1281 0083 0B       		.uleb128 0xb
 1282 0084 0B       		.uleb128 0xb
 1283 0085 00       		.byte	0
 1284 0086 00       		.byte	0
 1285 0087 0C       		.uleb128 0xc
 1286 0088 13       		.uleb128 0x13
 1287 0089 01       		.byte	0x1
 1288 008a 03       		.uleb128 0x3
 1289 008b 0E       		.uleb128 0xe
 1290 008c 0B       		.uleb128 0xb
 1291 008d 0B       		.uleb128 0xb
 1292 008e 3A       		.uleb128 0x3a
 1293 008f 0B       		.uleb128 0xb
 1294 0090 3B       		.uleb128 0x3b
 1295 0091 05       		.uleb128 0x5
 1296 0092 01       		.uleb128 0x1
 1297 0093 13       		.uleb128 0x13
 1298 0094 00       		.byte	0
 1299 0095 00       		.byte	0
 1300 0096 0D       		.uleb128 0xd
 1301 0097 0D       		.uleb128 0xd
 1302 0098 00       		.byte	0
 1303 0099 03       		.uleb128 0x3
 1304 009a 08       		.uleb128 0x8
 1305 009b 3A       		.uleb128 0x3a
 1306 009c 0B       		.uleb128 0xb
 1307 009d 3B       		.uleb128 0x3b
 1308 009e 05       		.uleb128 0x5
 1309 009f 49       		.uleb128 0x49
 1310 00a0 13       		.uleb128 0x13
 1311 00a1 38       		.uleb128 0x38
ARM GAS  /tmp/ccOapqwy.s 			page 24


 1312 00a2 0B       		.uleb128 0xb
 1313 00a3 00       		.byte	0
 1314 00a4 00       		.byte	0
 1315 00a5 0E       		.uleb128 0xe
 1316 00a6 15       		.uleb128 0x15
 1317 00a7 01       		.byte	0x1
 1318 00a8 27       		.uleb128 0x27
 1319 00a9 19       		.uleb128 0x19
 1320 00aa 01       		.uleb128 0x1
 1321 00ab 13       		.uleb128 0x13
 1322 00ac 00       		.byte	0
 1323 00ad 00       		.byte	0
 1324 00ae 0F       		.uleb128 0xf
 1325 00af 05       		.uleb128 0x5
 1326 00b0 00       		.byte	0
 1327 00b1 49       		.uleb128 0x49
 1328 00b2 13       		.uleb128 0x13
 1329 00b3 00       		.byte	0
 1330 00b4 00       		.byte	0
 1331 00b5 10       		.uleb128 0x10
 1332 00b6 34       		.uleb128 0x34
 1333 00b7 00       		.byte	0
 1334 00b8 03       		.uleb128 0x3
 1335 00b9 0E       		.uleb128 0xe
 1336 00ba 3A       		.uleb128 0x3a
 1337 00bb 0B       		.uleb128 0xb
 1338 00bc 3B       		.uleb128 0x3b
 1339 00bd 0B       		.uleb128 0xb
 1340 00be 49       		.uleb128 0x49
 1341 00bf 13       		.uleb128 0x13
 1342 00c0 3F       		.uleb128 0x3f
 1343 00c1 19       		.uleb128 0x19
 1344 00c2 3C       		.uleb128 0x3c
 1345 00c3 19       		.uleb128 0x19
 1346 00c4 00       		.byte	0
 1347 00c5 00       		.byte	0
 1348 00c6 11       		.uleb128 0x11
 1349 00c7 17       		.uleb128 0x17
 1350 00c8 01       		.byte	0x1
 1351 00c9 0B       		.uleb128 0xb
 1352 00ca 0B       		.uleb128 0xb
 1353 00cb 3A       		.uleb128 0x3a
 1354 00cc 0B       		.uleb128 0xb
 1355 00cd 3B       		.uleb128 0x3b
 1356 00ce 0B       		.uleb128 0xb
 1357 00cf 01       		.uleb128 0x1
 1358 00d0 13       		.uleb128 0x13
 1359 00d1 00       		.byte	0
 1360 00d2 00       		.byte	0
 1361 00d3 12       		.uleb128 0x12
 1362 00d4 0D       		.uleb128 0xd
 1363 00d5 00       		.byte	0
 1364 00d6 03       		.uleb128 0x3
 1365 00d7 0E       		.uleb128 0xe
 1366 00d8 3A       		.uleb128 0x3a
 1367 00d9 0B       		.uleb128 0xb
 1368 00da 3B       		.uleb128 0x3b
ARM GAS  /tmp/ccOapqwy.s 			page 25


 1369 00db 0B       		.uleb128 0xb
 1370 00dc 49       		.uleb128 0x49
 1371 00dd 13       		.uleb128 0x13
 1372 00de 00       		.byte	0
 1373 00df 00       		.byte	0
 1374 00e0 13       		.uleb128 0x13
 1375 00e1 26       		.uleb128 0x26
 1376 00e2 00       		.byte	0
 1377 00e3 49       		.uleb128 0x49
 1378 00e4 13       		.uleb128 0x13
 1379 00e5 00       		.byte	0
 1380 00e6 00       		.byte	0
 1381 00e7 14       		.uleb128 0x14
 1382 00e8 01       		.uleb128 0x1
 1383 00e9 01       		.byte	0x1
 1384 00ea 49       		.uleb128 0x49
 1385 00eb 13       		.uleb128 0x13
 1386 00ec 01       		.uleb128 0x1
 1387 00ed 13       		.uleb128 0x13
 1388 00ee 00       		.byte	0
 1389 00ef 00       		.byte	0
 1390 00f0 15       		.uleb128 0x15
 1391 00f1 21       		.uleb128 0x21
 1392 00f2 00       		.byte	0
 1393 00f3 49       		.uleb128 0x49
 1394 00f4 13       		.uleb128 0x13
 1395 00f5 2F       		.uleb128 0x2f
 1396 00f6 0B       		.uleb128 0xb
 1397 00f7 00       		.byte	0
 1398 00f8 00       		.byte	0
 1399 00f9 16       		.uleb128 0x16
 1400 00fa 15       		.uleb128 0x15
 1401 00fb 00       		.byte	0
 1402 00fc 27       		.uleb128 0x27
 1403 00fd 19       		.uleb128 0x19
 1404 00fe 00       		.byte	0
 1405 00ff 00       		.byte	0
 1406 0100 17       		.uleb128 0x17
 1407 0101 34       		.uleb128 0x34
 1408 0102 00       		.byte	0
 1409 0103 03       		.uleb128 0x3
 1410 0104 0E       		.uleb128 0xe
 1411 0105 3A       		.uleb128 0x3a
 1412 0106 0B       		.uleb128 0xb
 1413 0107 3B       		.uleb128 0x3b
 1414 0108 0B       		.uleb128 0xb
 1415 0109 49       		.uleb128 0x49
 1416 010a 13       		.uleb128 0x13
 1417 010b 3F       		.uleb128 0x3f
 1418 010c 19       		.uleb128 0x19
 1419 010d 02       		.uleb128 0x2
 1420 010e 18       		.uleb128 0x18
 1421 010f 00       		.byte	0
 1422 0110 00       		.byte	0
 1423 0111 18       		.uleb128 0x18
 1424 0112 2E       		.uleb128 0x2e
 1425 0113 00       		.byte	0
ARM GAS  /tmp/ccOapqwy.s 			page 26


 1426 0114 3F       		.uleb128 0x3f
 1427 0115 19       		.uleb128 0x19
 1428 0116 03       		.uleb128 0x3
 1429 0117 0E       		.uleb128 0xe
 1430 0118 3A       		.uleb128 0x3a
 1431 0119 0B       		.uleb128 0xb
 1432 011a 3B       		.uleb128 0x3b
 1433 011b 0B       		.uleb128 0xb
 1434 011c 27       		.uleb128 0x27
 1435 011d 19       		.uleb128 0x19
 1436 011e 11       		.uleb128 0x11
 1437 011f 01       		.uleb128 0x1
 1438 0120 12       		.uleb128 0x12
 1439 0121 06       		.uleb128 0x6
 1440 0122 40       		.uleb128 0x40
 1441 0123 18       		.uleb128 0x18
 1442 0124 9742     		.uleb128 0x2117
 1443 0126 19       		.uleb128 0x19
 1444 0127 00       		.byte	0
 1445 0128 00       		.byte	0
 1446 0129 00       		.byte	0
 1447              		.section	.debug_aranges,"",%progbits
 1448 0000 1C000000 		.4byte	0x1c
 1449 0004 0200     		.2byte	0x2
 1450 0006 00000000 		.4byte	.Ldebug_info0
 1451 000a 04       		.byte	0x4
 1452 000b 00       		.byte	0
 1453 000c 0000     		.2byte	0
 1454 000e 0000     		.2byte	0
 1455 0010 00000000 		.4byte	.LFB7
 1456 0014 02000000 		.4byte	.LFE7-.LFB7
 1457 0018 00000000 		.4byte	0
 1458 001c 00000000 		.4byte	0
 1459              		.section	.debug_ranges,"",%progbits
 1460              	.Ldebug_ranges0:
 1461 0000 00000000 		.4byte	.LFB7
 1462 0004 02000000 		.4byte	.LFE7
 1463 0008 00000000 		.4byte	0
 1464 000c 00000000 		.4byte	0
 1465              		.section	.debug_line,"",%progbits
 1466              	.Ldebug_line0:
 1467 0000 48010000 		.section	.debug_str,"MS",%progbits,1
 1467      02003201 
 1467      00000201 
 1467      FB0E0D00 
 1467      01010101 
 1468              	.LASF93:
 1469 0000 63665F6F 		.ascii	"cf_off_older\000"
 1469      66665F6F 
 1469      6C646572 
 1469      00
 1470              	.LASF44:
 1471 000d 705F6D73 		.ascii	"p_msg\000"
 1471      6700
 1472              	.LASF61:
 1473 0013 76745F66 		.ascii	"vt_func\000"
 1473      756E6300 
ARM GAS  /tmp/ccOapqwy.s 			page 27


 1474              	.LASF19:
 1475 001b 75696E74 		.ascii	"uint64_t\000"
 1475      36345F74 
 1475      00
 1476              	.LASF107:
 1477 0024 6E6D695F 		.ascii	"nmi_vector\000"
 1477      76656374 
 1477      6F7200
 1478              	.LASF6:
 1479 002f 5F5F7569 		.ascii	"__uint8_t\000"
 1479      6E74385F 
 1479      7400
 1480              	.LASF72:
 1481 0039 76746C69 		.ascii	"vtlist\000"
 1481      737400
 1482              	.LASF116:
 1483 0040 73766361 		.ascii	"svcall_vector\000"
 1483      6C6C5F76 
 1483      6563746F 
 1483      7200
 1484              	.LASF14:
 1485 004e 6C6F6E67 		.ascii	"long long unsigned int\000"
 1485      206C6F6E 
 1485      6720756E 
 1485      7369676E 
 1485      65642069 
 1486              	.LASF104:
 1487 0065 6972715F 		.ascii	"irq_vector_t\000"
 1487      76656374 
 1487      6F725F74 
 1487      00
 1488              	.LASF89:
 1489 0072 63685F74 		.ascii	"ch_threadsize\000"
 1489      68726561 
 1489      6473697A 
 1489      6500
 1490              	.LASF79:
 1491 0080 65786974 		.ascii	"exitcode\000"
 1491      636F6465 
 1491      00
 1492              	.LASF124:
 1493 0089 5F766563 		.ascii	"_vectors\000"
 1493      746F7273 
 1493      00
 1494              	.LASF32:
 1495 0092 705F7072 		.ascii	"p_prio\000"
 1495      696F00
 1496              	.LASF96:
 1497 0099 63665F6F 		.ascii	"cf_off_state\000"
 1497      66665F73 
 1497      74617465 
 1497      00
 1498              	.LASF1:
 1499 00a6 6C6F6E67 		.ascii	"long long int\000"
 1499      206C6F6E 
 1499      6720696E 
 1499      7400
ARM GAS  /tmp/ccOapqwy.s 			page 28


 1500              	.LASF3:
 1501 00b4 7369676E 		.ascii	"signed char\000"
 1501      65642063 
 1501      68617200 
 1502              	.LASF95:
 1503 00c0 63665F6F 		.ascii	"cf_off_stklimit\000"
 1503      66665F73 
 1503      746B6C69 
 1503      6D697400 
 1504              	.LASF97:
 1505 00d0 63665F6F 		.ascii	"cf_off_flags\000"
 1505      66665F66 
 1505      6C616773 
 1505      00
 1506              	.LASF48:
 1507 00dd 705F6D70 		.ascii	"p_mpool\000"
 1507      6F6F6C00 
 1508              	.LASF75:
 1509 00e5 6D5F7175 		.ascii	"m_queue\000"
 1509      65756500 
 1510              	.LASF121:
 1511 00ed 76656374 		.ascii	"vectors\000"
 1511      6F727300 
 1512              	.LASF24:
 1513 00f5 74736C69 		.ascii	"tslices_t\000"
 1513      6365735F 
 1513      7400
 1514              	.LASF10:
 1515 00ff 6C6F6E67 		.ascii	"long int\000"
 1515      20696E74 
 1515      00
 1516              	.LASF119:
 1517 0108 70656E64 		.ascii	"pendsv_vector\000"
 1517      73765F76 
 1517      6563746F 
 1517      7200
 1518              	.LASF22:
 1519 0116 74737461 		.ascii	"tstate_t\000"
 1519      74655F74 
 1519      00
 1520              	.LASF16:
 1521 011f 75696E74 		.ascii	"uint16_t\000"
 1521      31365F74 
 1521      00
 1522              	.LASF101:
 1523 0128 63686465 		.ascii	"chdebug_t\000"
 1523      6275675F 
 1523      7400
 1524              	.LASF34:
 1525 0132 705F6E65 		.ascii	"p_newer\000"
 1525      77657200 
 1526              	.LASF103:
 1527 013a 5F69646C 		.ascii	"_idle_thread_wa\000"
 1527      655F7468 
 1527      72656164 
 1527      5F776100 
 1528              	.LASF11:
ARM GAS  /tmp/ccOapqwy.s 			page 29


 1529 014a 5F5F7569 		.ascii	"__uint32_t\000"
 1529      6E743332 
 1529      5F7400
 1530              	.LASF51:
 1531 0155 72656761 		.ascii	"regarm_t\000"
 1531      726D5F74 
 1531      00
 1532              	.LASF59:
 1533 015e 76745F70 		.ascii	"vt_prev\000"
 1533      72657600 
 1534              	.LASF0:
 1535 0166 756E7369 		.ascii	"unsigned int\000"
 1535      676E6564 
 1535      20696E74 
 1535      00
 1536              	.LASF58:
 1537 0173 76745F6E 		.ascii	"vt_next\000"
 1537      65787400 
 1538              	.LASF110:
 1539 017b 62757366 		.ascii	"busfault_vector\000"
 1539      61756C74 
 1539      5F766563 
 1539      746F7200 
 1540              	.LASF12:
 1541 018b 6C6F6E67 		.ascii	"long unsigned int\000"
 1541      20756E73 
 1541      69676E65 
 1541      6420696E 
 1541      7400
 1542              	.LASF117:
 1543 019d 64656275 		.ascii	"debugmonitor_vector\000"
 1543      676D6F6E 
 1543      69746F72 
 1543      5F766563 
 1543      746F7200 
 1544              	.LASF102:
 1545 01b1 63685F64 		.ascii	"ch_debug\000"
 1545      65627567 
 1545      00
 1546              	.LASF56:
 1547 01ba 76746675 		.ascii	"vtfunc_t\000"
 1547      6E635F74 
 1547      00
 1548              	.LASF83:
 1549 01c3 63685F69 		.ascii	"ch_identifier\000"
 1549      64656E74 
 1549      69666965 
 1549      7200
 1550              	.LASF54:
 1551 01d1 636F6E74 		.ascii	"context\000"
 1551      65787400 
 1552              	.LASF8:
 1553 01d9 73686F72 		.ascii	"short unsigned int\000"
 1553      7420756E 
 1553      7369676E 
 1553      65642069 
 1553      6E7400
ARM GAS  /tmp/ccOapqwy.s 			page 30


 1554              	.LASF123:
 1555 01ec 5F5F6D61 		.ascii	"__main_stack_end__\000"
 1555      696E5F73 
 1555      7461636B 
 1555      5F656E64 
 1555      5F5F00
 1556              	.LASF126:
 1557 01ff 2E2E2F6F 		.ascii	"../os/ports/GCC/ARMCMx/LPC17xx/vectors.c\000"
 1557      732F706F 
 1557      7274732F 
 1557      4743432F 
 1557      41524D43 
 1558              	.LASF26:
 1559 0228 6D73675F 		.ascii	"msg_t\000"
 1559      7400
 1560              	.LASF68:
 1561 022e 725F6E65 		.ascii	"r_newer\000"
 1561      77657200 
 1562              	.LASF21:
 1563 0236 746D6F64 		.ascii	"tmode_t\000"
 1563      655F7400 
 1564              	.LASF50:
 1565 023e 54687265 		.ascii	"ThreadsList\000"
 1565      6164734C 
 1565      69737400 
 1566              	.LASF105:
 1567 024a 696E6974 		.ascii	"init_stack\000"
 1567      5F737461 
 1567      636B00
 1568              	.LASF27:
 1569 0255 6576656E 		.ascii	"eventmask_t\000"
 1569      746D6173 
 1569      6B5F7400 
 1570              	.LASF74:
 1571 0261 4D757465 		.ascii	"Mutex\000"
 1571      7800
 1572              	.LASF52:
 1573 0267 73746B61 		.ascii	"stkalign_t\000"
 1573      6C69676E 
 1573      5F7400
 1574              	.LASF84:
 1575 0272 63685F7A 		.ascii	"ch_zero\000"
 1575      65726F00 
 1576              	.LASF98:
 1577 027a 63665F6F 		.ascii	"cf_off_refs\000"
 1577      66665F72 
 1577      65667300 
 1578              	.LASF60:
 1579 0286 76745F74 		.ascii	"vt_time\000"
 1579      696D6500 
 1580              	.LASF128:
 1581 028e 5F756E68 		.ascii	"_unhandled_exception\000"
 1581      616E646C 
 1581      65645F65 
 1581      78636570 
 1581      74696F6E 
 1582              	.LASF125:
ARM GAS  /tmp/ccOapqwy.s 			page 31


 1583 02a3 474E5520 		.ascii	"GNU C11 6.3.1 20170620 -mcpu=cortex-m3 -mno-thumb-i"
 1583      43313120 
 1583      362E332E 
 1583      31203230 
 1583      31373036 
 1584 02d6 6E746572 		.ascii	"nterwork -mthumb -ggdb -O2 -fomit-frame-pointer -ff"
 1584      776F726B 
 1584      202D6D74 
 1584      68756D62 
 1584      202D6767 
 1585 0309 756E6374 		.ascii	"unction-sections -fdata-sections -fno-common\000"
 1585      696F6E2D 
 1585      73656374 
 1585      696F6E73 
 1585      202D6664 
 1586              	.LASF55:
 1587 0336 73697A65 		.ascii	"sizetype\000"
 1587      74797065 
 1587      00
 1588              	.LASF2:
 1589 033f 6C6F6E67 		.ascii	"long double\000"
 1589      20646F75 
 1589      626C6500 
 1590              	.LASF111:
 1591 034b 75736167 		.ascii	"usagefault_vector\000"
 1591      65666175 
 1591      6C745F76 
 1591      6563746F 
 1591      7200
 1592              	.LASF88:
 1593 035d 63685F74 		.ascii	"ch_timesize\000"
 1593      696D6573 
 1593      697A6500 
 1594              	.LASF94:
 1595 0369 63665F6F 		.ascii	"cf_off_name\000"
 1595      66665F6E 
 1595      616D6500 
 1596              	.LASF35:
 1597 0375 705F6F6C 		.ascii	"p_older\000"
 1597      64657200 
 1598              	.LASF67:
 1599 037d 725F6374 		.ascii	"r_ctx\000"
 1599      7800
 1600              	.LASF49:
 1601 0383 54687265 		.ascii	"ThreadsQueue\000"
 1601      61647351 
 1601      75657565 
 1601      00
 1602              	.LASF85:
 1603 0390 63685F73 		.ascii	"ch_size\000"
 1603      697A6500 
 1604              	.LASF112:
 1605 0398 76656374 		.ascii	"vector1c\000"
 1605      6F723163 
 1605      00
 1606              	.LASF70:
 1607 03a1 725F6375 		.ascii	"r_current\000"
ARM GAS  /tmp/ccOapqwy.s 			page 32


 1607      7272656E 
 1607      7400
 1608              	.LASF69:
 1609 03ab 725F6F6C 		.ascii	"r_older\000"
 1609      64657200 
 1610              	.LASF13:
 1611 03b3 5F5F7569 		.ascii	"__uint64_t\000"
 1611      6E743634 
 1611      5F7400
 1612              	.LASF113:
 1613 03be 76656374 		.ascii	"vector20\000"
 1613      6F723230 
 1613      00
 1614              	.LASF114:
 1615 03c7 76656374 		.ascii	"vector24\000"
 1615      6F723234 
 1615      00
 1616              	.LASF23:
 1617 03d0 74726566 		.ascii	"trefs_t\000"
 1617      735F7400 
 1618              	.LASF87:
 1619 03d8 63685F70 		.ascii	"ch_ptrsize\000"
 1619      74727369 
 1619      7A6500
 1620              	.LASF115:
 1621 03e3 76656374 		.ascii	"vector28\000"
 1621      6F723238 
 1621      00
 1622              	.LASF31:
 1623 03ec 705F7072 		.ascii	"p_prev\000"
 1623      657600
 1624              	.LASF106:
 1625 03f3 72657365 		.ascii	"reset_vector\000"
 1625      745F7665 
 1625      63746F72 
 1625      00
 1626              	.LASF25:
 1627 0400 74707269 		.ascii	"tprio_t\000"
 1627      6F5F7400 
 1628              	.LASF20:
 1629 0408 5F426F6F 		.ascii	"_Bool\000"
 1629      6C00
 1630              	.LASF17:
 1631 040e 696E7433 		.ascii	"int32_t\000"
 1631      325F7400 
 1632              	.LASF4:
 1633 0416 756E7369 		.ascii	"unsigned char\000"
 1633      676E6564 
 1633      20636861 
 1633      7200
 1634              	.LASF46:
 1635 0424 705F6D74 		.ascii	"p_mtxlist\000"
 1635      786C6973 
 1635      7400
 1636              	.LASF5:
 1637 042e 73686F72 		.ascii	"short int\000"
 1637      7420696E 
ARM GAS  /tmp/ccOapqwy.s 			page 33


 1637      7400
 1638              	.LASF37:
 1639 0438 705F7374 		.ascii	"p_state\000"
 1639      61746500 
 1640              	.LASF40:
 1641 0440 705F7072 		.ascii	"p_preempt\000"
 1641      65656D70 
 1641      7400
 1642              	.LASF100:
 1643 044a 63665F6F 		.ascii	"cf_off_time\000"
 1643      66665F74 
 1643      696D6500 
 1644              	.LASF66:
 1645 0456 725F7072 		.ascii	"r_prio\000"
 1645      696F00
 1646              	.LASF109:
 1647 045d 6D656D6D 		.ascii	"memmanage_vector\000"
 1647      616E6167 
 1647      655F7665 
 1647      63746F72 
 1647      00
 1648              	.LASF81:
 1649 046e 65776D61 		.ascii	"ewmask\000"
 1649      736B00
 1650              	.LASF30:
 1651 0475 705F6E65 		.ascii	"p_next\000"
 1651      787400
 1652              	.LASF99:
 1653 047c 63665F6F 		.ascii	"cf_off_preempt\000"
 1653      66665F70 
 1653      7265656D 
 1653      707400
 1654              	.LASF38:
 1655 048b 705F666C 		.ascii	"p_flags\000"
 1655      61677300 
 1656              	.LASF108:
 1657 0493 68617264 		.ascii	"hardfault_vector\000"
 1657      6661756C 
 1657      745F7665 
 1657      63746F72 
 1657      00
 1658              	.LASF29:
 1659 04a4 54687265 		.ascii	"Thread\000"
 1659      616400
 1660              	.LASF92:
 1661 04ab 63665F6F 		.ascii	"cf_off_newer\000"
 1661      66665F6E 
 1661      65776572 
 1661      00
 1662              	.LASF45:
 1663 04b8 705F6570 		.ascii	"p_epending\000"
 1663      656E6469 
 1663      6E6700
 1664              	.LASF18:
 1665 04c3 75696E74 		.ascii	"uint32_t\000"
 1665      33325F74 
 1665      00
ARM GAS  /tmp/ccOapqwy.s 			page 34


 1666              	.LASF90:
 1667 04cc 63665F6F 		.ascii	"cf_off_prio\000"
 1667      66665F70 
 1667      72696F00 
 1668              	.LASF65:
 1669 04d8 725F7175 		.ascii	"r_queue\000"
 1669      65756500 
 1670              	.LASF57:
 1671 04e0 56697274 		.ascii	"VirtualTimer\000"
 1671      75616C54 
 1671      696D6572 
 1671      00
 1672              	.LASF82:
 1673 04ed 63686172 		.ascii	"char\000"
 1673      00
 1674              	.LASF7:
 1675 04f2 5F5F7569 		.ascii	"__uint16_t\000"
 1675      6E743136 
 1675      5F7400
 1676              	.LASF77:
 1677 04fd 6D5F6E65 		.ascii	"m_next\000"
 1677      787400
 1678              	.LASF28:
 1679 0504 73797374 		.ascii	"systime_t\000"
 1679      696D655F 
 1679      7400
 1680              	.LASF47:
 1681 050e 705F7265 		.ascii	"p_realprio\000"
 1681      616C7072 
 1681      696F00
 1682              	.LASF9:
 1683 0519 5F5F696E 		.ascii	"__int32_t\000"
 1683      7433325F 
 1683      7400
 1684              	.LASF118:
 1685 0523 76656374 		.ascii	"vector34\000"
 1685      6F723334 
 1685      00
 1686              	.LASF41:
 1687 052c 705F7469 		.ascii	"p_time\000"
 1687      6D6500
 1688              	.LASF122:
 1689 0533 76656374 		.ascii	"vectors_t\000"
 1689      6F72735F 
 1689      7400
 1690              	.LASF53:
 1691 053d 696E7463 		.ascii	"intctx\000"
 1691      747800
 1692              	.LASF43:
 1693 0544 705F6D73 		.ascii	"p_msgqueue\000"
 1693      67717565 
 1693      756500
 1694              	.LASF62:
 1695 054f 76745F70 		.ascii	"vt_par\000"
 1695      617200
 1696              	.LASF91:
 1697 0556 63665F6F 		.ascii	"cf_off_ctx\000"
ARM GAS  /tmp/ccOapqwy.s 			page 35


 1697      66665F63 
 1697      747800
 1698              	.LASF78:
 1699 0561 7264796D 		.ascii	"rdymsg\000"
 1699      736700
 1700              	.LASF39:
 1701 0568 705F7265 		.ascii	"p_refs\000"
 1701      667300
 1702              	.LASF71:
 1703 056f 52656164 		.ascii	"ReadyList\000"
 1703      794C6973 
 1703      7400
 1704              	.LASF120:
 1705 0579 73797374 		.ascii	"systick_vector\000"
 1705      69636B5F 
 1705      76656374 
 1705      6F7200
 1706              	.LASF73:
 1707 0588 726C6973 		.ascii	"rlist\000"
 1707      7400
 1708              	.LASF15:
 1709 058e 75696E74 		.ascii	"uint8_t\000"
 1709      385F7400 
 1710              	.LASF80:
 1711 0596 77746F62 		.ascii	"wtobjp\000"
 1711      6A7000
 1712              	.LASF36:
 1713 059d 705F6E61 		.ascii	"p_name\000"
 1713      6D6500
 1714              	.LASF63:
 1715 05a4 76745F73 		.ascii	"vt_systime\000"
 1715      79737469 
 1715      6D6500
 1716              	.LASF86:
 1717 05af 63685F76 		.ascii	"ch_version\000"
 1717      65727369 
 1717      6F6E00
 1718              	.LASF127:
 1719 05ba 2F686F6D 		.ascii	"/home/ekobayu/Arok-Gandring-Lokajaya/LPC/ChibiOS-RT"
 1719      652F656B 
 1719      6F626179 
 1719      752F4172 
 1719      6F6B2D47 
 1720 05ed 2D4C5043 		.ascii	"-LPC/Chibi_LPC1766\000"
 1720      2F436869 
 1720      62695F4C 
 1720      50433137 
 1720      363600
 1721              	.LASF64:
 1722 0600 56544C69 		.ascii	"VTList\000"
 1722      737400
 1723              	.LASF76:
 1724 0607 6D5F6F77 		.ascii	"m_owner\000"
 1724      6E657200 
 1725              	.LASF33:
 1726 060f 705F6374 		.ascii	"p_ctx\000"
 1726      7800
ARM GAS  /tmp/ccOapqwy.s 			page 36


 1727              	.LASF42:
 1728 0615 705F7761 		.ascii	"p_waiting\000"
 1728      6974696E 
 1728      6700
 1729              		.ident	"GCC: (15:6.3.1+svn253039-1build1) 6.3.1 20170620"
ARM GAS  /tmp/ccOapqwy.s 			page 37


DEFINED SYMBOLS
                            *ABS*:0000000000000000 vectors.c
     /tmp/ccOapqwy.s:16     .text._unhandled_exception:0000000000000000 $t
     /tmp/ccOapqwy.s:24     .text._unhandled_exception:0000000000000000 _unhandled_exception
     /tmp/ccOapqwy.s:24     .text._unhandled_exception:0000000000000000 VectorC8
     /tmp/ccOapqwy.s:24     .text._unhandled_exception:0000000000000000 VectorC4
     /tmp/ccOapqwy.s:24     .text._unhandled_exception:0000000000000000 VectorC0
     /tmp/ccOapqwy.s:24     .text._unhandled_exception:0000000000000000 VectorBC
     /tmp/ccOapqwy.s:24     .text._unhandled_exception:0000000000000000 VectorB8
     /tmp/ccOapqwy.s:24     .text._unhandled_exception:0000000000000000 VectorB4
     /tmp/ccOapqwy.s:24     .text._unhandled_exception:0000000000000000 VectorB0
     /tmp/ccOapqwy.s:24     .text._unhandled_exception:0000000000000000 VectorAC
     /tmp/ccOapqwy.s:24     .text._unhandled_exception:0000000000000000 VectorA8
     /tmp/ccOapqwy.s:24     .text._unhandled_exception:0000000000000000 VectorA4
     /tmp/ccOapqwy.s:24     .text._unhandled_exception:0000000000000000 VectorA0
     /tmp/ccOapqwy.s:24     .text._unhandled_exception:0000000000000000 Vector9C
     /tmp/ccOapqwy.s:24     .text._unhandled_exception:0000000000000000 Vector98
     /tmp/ccOapqwy.s:24     .text._unhandled_exception:0000000000000000 Vector94
     /tmp/ccOapqwy.s:24     .text._unhandled_exception:0000000000000000 Vector90
     /tmp/ccOapqwy.s:24     .text._unhandled_exception:0000000000000000 Vector8C
     /tmp/ccOapqwy.s:24     .text._unhandled_exception:0000000000000000 Vector88
     /tmp/ccOapqwy.s:24     .text._unhandled_exception:0000000000000000 Vector84
     /tmp/ccOapqwy.s:24     .text._unhandled_exception:0000000000000000 Vector80
     /tmp/ccOapqwy.s:24     .text._unhandled_exception:0000000000000000 Vector7C
     /tmp/ccOapqwy.s:24     .text._unhandled_exception:0000000000000000 Vector78
     /tmp/ccOapqwy.s:24     .text._unhandled_exception:0000000000000000 Vector74
     /tmp/ccOapqwy.s:24     .text._unhandled_exception:0000000000000000 Vector70
     /tmp/ccOapqwy.s:24     .text._unhandled_exception:0000000000000000 Vector6C
     /tmp/ccOapqwy.s:24     .text._unhandled_exception:0000000000000000 Vector68
     /tmp/ccOapqwy.s:24     .text._unhandled_exception:0000000000000000 Vector64
     /tmp/ccOapqwy.s:24     .text._unhandled_exception:0000000000000000 Vector60
     /tmp/ccOapqwy.s:24     .text._unhandled_exception:0000000000000000 Vector5C
     /tmp/ccOapqwy.s:24     .text._unhandled_exception:0000000000000000 Vector58
     /tmp/ccOapqwy.s:24     .text._unhandled_exception:0000000000000000 Vector54
     /tmp/ccOapqwy.s:24     .text._unhandled_exception:0000000000000000 Vector50
     /tmp/ccOapqwy.s:24     .text._unhandled_exception:0000000000000000 Vector4C
     /tmp/ccOapqwy.s:24     .text._unhandled_exception:0000000000000000 Vector48
     /tmp/ccOapqwy.s:24     .text._unhandled_exception:0000000000000000 Vector44
     /tmp/ccOapqwy.s:24     .text._unhandled_exception:0000000000000000 Vector40
     /tmp/ccOapqwy.s:24     .text._unhandled_exception:0000000000000000 SysTickVector
     /tmp/ccOapqwy.s:24     .text._unhandled_exception:0000000000000000 PendSVVector
     /tmp/ccOapqwy.s:24     .text._unhandled_exception:0000000000000000 Vector34
     /tmp/ccOapqwy.s:24     .text._unhandled_exception:0000000000000000 DebugMonitorVector
     /tmp/ccOapqwy.s:24     .text._unhandled_exception:0000000000000000 SVCallVector
     /tmp/ccOapqwy.s:24     .text._unhandled_exception:0000000000000000 Vector28
     /tmp/ccOapqwy.s:24     .text._unhandled_exception:0000000000000000 Vector24
     /tmp/ccOapqwy.s:24     .text._unhandled_exception:0000000000000000 Vector20
     /tmp/ccOapqwy.s:24     .text._unhandled_exception:0000000000000000 Vector1C
     /tmp/ccOapqwy.s:24     .text._unhandled_exception:0000000000000000 UsageFaultVector
     /tmp/ccOapqwy.s:24     .text._unhandled_exception:0000000000000000 BusFaultVector
     /tmp/ccOapqwy.s:24     .text._unhandled_exception:0000000000000000 MemManageVector
     /tmp/ccOapqwy.s:24     .text._unhandled_exception:0000000000000000 HardFaultVector
     /tmp/ccOapqwy.s:24     .text._unhandled_exception:0000000000000000 NMIVector
     /tmp/ccOapqwy.s:141    vectors:0000000000000000 _vectors
     /tmp/ccOapqwy.s:138    vectors:0000000000000000 $d
                     .debug_frame:0000000000000010 $d

ARM GAS  /tmp/ccOapqwy.s 			page 38


UNDEFINED SYMBOLS
__main_stack_end__
ResetHandler
