ARM GAS  /tmp/ccW2Z3fZ.s 			page 1


   1              		.cpu cortex-m3
   2              		.eabi_attribute 20, 1
   3              		.eabi_attribute 21, 1
   4              		.eabi_attribute 23, 3
   5              		.eabi_attribute 24, 1
   6              		.eabi_attribute 25, 1
   7              		.eabi_attribute 26, 1
   8              		.eabi_attribute 30, 2
   9              		.eabi_attribute 34, 1
  10              		.eabi_attribute 18, 4
  11              		.file	"adc.c"
  12              		.text
  13              	.Ltext0:
  14              		.cfi_sections	.debug_frame
  15              	.Letext0:
  16              		.file 1 "/usr/lib/gcc/arm-none-eabi/6.3.1/include/stddef.h"
  17              		.file 2 "/usr/include/newlib/machine/_default_types.h"
  18              		.file 3 "/usr/include/newlib/sys/_stdint.h"
  19              		.file 4 "../../os/ports/GCC/ARMCMx/chtypes.h"
  20              		.file 5 "../../os/kernel/include/chlists.h"
  21              		.file 6 "../../os/kernel/include/chthreads.h"
  22              		.file 7 "../../os/ports/GCC/ARMCMx/chcore_v7m.h"
  23              		.file 8 "../../os/kernel/include/chvt.h"
  24              		.file 9 "../../os/kernel/include/chschd.h"
  25              		.file 10 "../../os/kernel/include/chmtx.h"
  26              		.file 11 "../../os/kernel/include/chevents.h"
  27              		.file 12 "../../os/kernel/include/chregistry.h"
  28              		.file 13 "../../os/kernel/include/chqueues.h"
  29              		.file 14 "../../os/kernel/include/ch.h"
  30              		.file 15 "../../os/ports/common/ARMCMx/CMSIS/include/core_cm3.h"
  31              		.file 16 "../../os/hal/platforms/LPC17xx/system_LPC17xx.h"
  32              		.file 17 "../../os/hal/platforms/LPC17xx/LPC17xx.h"
  33              		.file 18 "../../os/hal/platforms/LPC17xx/lpc17xx_dma.h"
  34              		.file 19 "../../os/hal/platforms/LPC17xx/pal_lld.h"
  35              		.file 20 "../../os/hal/include/gpt.h"
  36              		.file 21 "../../os/hal/platforms/LPC17xx/gpt_lld.h"
  37              		.file 22 "../../os/hal/include/serial.h"
  38              		.file 23 "../../os/hal/platforms/LPC17xx/serial_lld.h"
  39              		.section	.debug_info,"",%progbits
  40              	.Ldebug_info0:
  41 0000 0D0E0000 		.4byte	0xe0d
  42 0004 0400     		.2byte	0x4
  43 0006 00000000 		.4byte	.Ldebug_abbrev0
  44 000a 04       		.byte	0x4
  45 000b 01       		.uleb128 0x1
  46 000c 4F030000 		.4byte	.LASF179
  47 0010 0C       		.byte	0xc
  48 0011 BA040000 		.4byte	.LASF180
  49 0015 0D000000 		.4byte	.LASF181
  50 0019 00000000 		.4byte	.Ldebug_line0
  51 001d 02       		.uleb128 0x2
  52 001e 04       		.byte	0x4
  53 001f 05       		.byte	0x5
  54 0020 696E7400 		.ascii	"int\000"
  55 0024 03       		.uleb128 0x3
  56 0025 53000000 		.4byte	.LASF4
  57 0029 01       		.byte	0x1
ARM GAS  /tmp/ccW2Z3fZ.s 			page 2


  58 002a D8       		.byte	0xd8
  59 002b 2F000000 		.4byte	0x2f
  60 002f 04       		.uleb128 0x4
  61 0030 04       		.byte	0x4
  62 0031 07       		.byte	0x7
  63 0032 2A020000 		.4byte	.LASF0
  64 0036 04       		.uleb128 0x4
  65 0037 08       		.byte	0x8
  66 0038 05       		.byte	0x5
  67 0039 18010000 		.4byte	.LASF1
  68 003d 04       		.uleb128 0x4
  69 003e 08       		.byte	0x8
  70 003f 04       		.byte	0x4
  71 0040 F5030000 		.4byte	.LASF2
  72 0044 04       		.uleb128 0x4
  73 0045 01       		.byte	0x1
  74 0046 06       		.byte	0x6
  75 0047 26010000 		.4byte	.LASF3
  76 004b 03       		.uleb128 0x3
  77 004c 76000000 		.4byte	.LASF5
  78 0050 02       		.byte	0x2
  79 0051 1D       		.byte	0x1d
  80 0052 56000000 		.4byte	0x56
  81 0056 04       		.uleb128 0x4
  82 0057 01       		.byte	0x1
  83 0058 08       		.byte	0x8
  84 0059 EF040000 		.4byte	.LASF6
  85 005d 04       		.uleb128 0x4
  86 005e 02       		.byte	0x2
  87 005f 05       		.byte	0x5
  88 0060 29050000 		.4byte	.LASF7
  89 0064 03       		.uleb128 0x3
  90 0065 3C060000 		.4byte	.LASF8
  91 0069 02       		.byte	0x2
  92 006a 2B       		.byte	0x2b
  93 006b 6F000000 		.4byte	0x6f
  94 006f 04       		.uleb128 0x4
  95 0070 02       		.byte	0x2
  96 0071 07       		.byte	0x7
  97 0072 79050000 		.4byte	.LASF9
  98 0076 03       		.uleb128 0x3
  99 0077 F9020000 		.4byte	.LASF10
 100 007b 02       		.byte	0x2
 101 007c 3F       		.byte	0x3f
 102 007d 81000000 		.4byte	0x81
 103 0081 04       		.uleb128 0x4
 104 0082 04       		.byte	0x4
 105 0083 05       		.byte	0x5
 106 0084 7E010000 		.4byte	.LASF11
 107 0088 03       		.uleb128 0x3
 108 0089 65060000 		.4byte	.LASF12
 109 008d 02       		.byte	0x2
 110 008e 41       		.byte	0x41
 111 008f 93000000 		.4byte	0x93
 112 0093 04       		.uleb128 0x4
 113 0094 04       		.byte	0x4
 114 0095 07       		.byte	0x7
ARM GAS  /tmp/ccW2Z3fZ.s 			page 3


 115 0096 19060000 		.4byte	.LASF13
 116 009a 03       		.uleb128 0x3
 117 009b 73040000 		.4byte	.LASF14
 118 009f 02       		.byte	0x2
 119 00a0 5B       		.byte	0x5b
 120 00a1 A5000000 		.4byte	0xa5
 121 00a5 04       		.uleb128 0x4
 122 00a6 08       		.byte	0x8
 123 00a7 07       		.byte	0x7
 124 00a8 99000000 		.4byte	.LASF15
 125 00ac 03       		.uleb128 0x3
 126 00ad ED060000 		.4byte	.LASF16
 127 00b1 03       		.byte	0x3
 128 00b2 18       		.byte	0x18
 129 00b3 4B000000 		.4byte	0x4b
 130 00b7 05       		.uleb128 0x5
 131 00b8 AC000000 		.4byte	0xac
 132 00bc 03       		.uleb128 0x3
 133 00bd 3F020000 		.4byte	.LASF17
 134 00c1 03       		.byte	0x3
 135 00c2 24       		.byte	0x24
 136 00c3 64000000 		.4byte	0x64
 137 00c7 03       		.uleb128 0x3
 138 00c8 E7040000 		.4byte	.LASF18
 139 00cc 03       		.byte	0x3
 140 00cd 2C       		.byte	0x2c
 141 00ce 76000000 		.4byte	0x76
 142 00d2 06       		.uleb128 0x6
 143 00d3 C7000000 		.4byte	0xc7
 144 00d7 03       		.uleb128 0x3
 145 00d8 E5050000 		.4byte	.LASF19
 146 00dc 03       		.byte	0x3
 147 00dd 30       		.byte	0x30
 148 00de 88000000 		.4byte	0x88
 149 00e2 06       		.uleb128 0x6
 150 00e3 D7000000 		.4byte	0xd7
 151 00e7 05       		.uleb128 0x5
 152 00e8 E2000000 		.4byte	0xe2
 153 00ec 03       		.uleb128 0x3
 154 00ed 61000000 		.4byte	.LASF20
 155 00f1 03       		.byte	0x3
 156 00f2 3C       		.byte	0x3c
 157 00f3 9A000000 		.4byte	0x9a
 158 00f7 04       		.uleb128 0x4
 159 00f8 01       		.byte	0x1
 160 00f9 02       		.byte	0x2
 161 00fa E1040000 		.4byte	.LASF21
 162 00fe 03       		.uleb128 0x3
 163 00ff 5A050000 		.4byte	.LASF22
 164 0103 04       		.byte	0x4
 165 0104 25       		.byte	0x25
 166 0105 AC000000 		.4byte	0xac
 167 0109 03       		.uleb128 0x3
 168 010a 87010000 		.4byte	.LASF23
 169 010e 04       		.byte	0x4
 170 010f 26       		.byte	0x26
 171 0110 AC000000 		.4byte	0xac
ARM GAS  /tmp/ccW2Z3fZ.s 			page 4


 172 0114 03       		.uleb128 0x3
 173 0115 8C040000 		.4byte	.LASF24
 174 0119 04       		.byte	0x4
 175 011a 27       		.byte	0x27
 176 011b AC000000 		.4byte	0xac
 177 011f 03       		.uleb128 0x3
 178 0120 6E010000 		.4byte	.LASF25
 179 0124 04       		.byte	0x4
 180 0125 28       		.byte	0x28
 181 0126 AC000000 		.4byte	0xac
 182 012a 03       		.uleb128 0x3
 183 012b D1040000 		.4byte	.LASF26
 184 012f 04       		.byte	0x4
 185 0130 29       		.byte	0x29
 186 0131 D7000000 		.4byte	0xd7
 187 0135 03       		.uleb128 0x3
 188 0136 A5020000 		.4byte	.LASF27
 189 013a 04       		.byte	0x4
 190 013b 2A       		.byte	0x2a
 191 013c C7000000 		.4byte	0xc7
 192 0140 03       		.uleb128 0x3
 193 0141 E2020000 		.4byte	.LASF28
 194 0145 04       		.byte	0x4
 195 0146 2C       		.byte	0x2c
 196 0147 D7000000 		.4byte	0xd7
 197 014b 03       		.uleb128 0x3
 198 014c A9060000 		.4byte	.LASF29
 199 0150 04       		.byte	0x4
 200 0151 2D       		.byte	0x2d
 201 0152 D7000000 		.4byte	0xd7
 202 0156 03       		.uleb128 0x3
 203 0157 47060000 		.4byte	.LASF30
 204 015b 04       		.byte	0x4
 205 015c 2E       		.byte	0x2e
 206 015d D7000000 		.4byte	0xd7
 207 0161 06       		.uleb128 0x6
 208 0162 56010000 		.4byte	0x156
 209 0166 03       		.uleb128 0x3
 210 0167 94050000 		.4byte	.LASF31
 211 016b 05       		.byte	0x5
 212 016c 23       		.byte	0x23
 213 016d 71010000 		.4byte	0x171
 214 0171 07       		.uleb128 0x7
 215 0172 94050000 		.4byte	.LASF31
 216 0176 48       		.byte	0x48
 217 0177 06       		.byte	0x6
 218 0178 57       		.byte	0x57
 219 0179 6E020000 		.4byte	0x26e
 220 017d 08       		.uleb128 0x8
 221 017e 53050000 		.4byte	.LASF32
 222 0182 06       		.byte	0x6
 223 0183 58       		.byte	0x58
 224 0184 8F020000 		.4byte	0x28f
 225 0188 00       		.byte	0
 226 0189 08       		.uleb128 0x8
 227 018a B3040000 		.4byte	.LASF33
 228 018e 06       		.byte	0x6
ARM GAS  /tmp/ccW2Z3fZ.s 			page 5


 229 018f 5A       		.byte	0x5a
 230 0190 8F020000 		.4byte	0x28f
 231 0194 04       		.byte	0x4
 232 0195 08       		.uleb128 0x8
 233 0196 F4000000 		.4byte	.LASF34
 234 019a 06       		.byte	0x6
 235 019b 5C       		.byte	0x5c
 236 019c 2A010000 		.4byte	0x12a
 237 01a0 08       		.byte	0x8
 238 01a1 08       		.uleb128 0x8
 239 01a2 44040000 		.4byte	.LASF35
 240 01a6 06       		.byte	0x6
 241 01a7 5D       		.byte	0x5d
 242 01a8 54030000 		.4byte	0x354
 243 01ac 0C       		.byte	0xc
 244 01ad 08       		.uleb128 0x8
 245 01ae B9010000 		.4byte	.LASF36
 246 01b2 06       		.byte	0x6
 247 01b3 5F       		.byte	0x5f
 248 01b4 8F020000 		.4byte	0x28f
 249 01b8 10       		.byte	0x10
 250 01b9 08       		.uleb128 0x8
 251 01ba 29040000 		.4byte	.LASF37
 252 01be 06       		.byte	0x6
 253 01bf 60       		.byte	0x60
 254 01c0 8F020000 		.4byte	0x28f
 255 01c4 14       		.byte	0x14
 256 01c5 08       		.uleb128 0x8
 257 01c6 C0060000 		.4byte	.LASF38
 258 01ca 06       		.byte	0x6
 259 01cb 67       		.byte	0x67
 260 01cc 91050000 		.4byte	0x591
 261 01d0 18       		.byte	0x18
 262 01d1 08       		.uleb128 0x8
 263 01d2 33050000 		.4byte	.LASF39
 264 01d6 06       		.byte	0x6
 265 01d7 72       		.byte	0x72
 266 01d8 09010000 		.4byte	0x109
 267 01dc 1C       		.byte	0x1c
 268 01dd 08       		.uleb128 0x8
 269 01de 71050000 		.4byte	.LASF40
 270 01e2 06       		.byte	0x6
 271 01e3 76       		.byte	0x76
 272 01e4 FE000000 		.4byte	0xfe
 273 01e8 1D       		.byte	0x1d
 274 01e9 08       		.uleb128 0x8
 275 01ea 90010000 		.4byte	.LASF41
 276 01ee 06       		.byte	0x6
 277 01ef 7B       		.byte	0x7b
 278 01f0 14010000 		.4byte	0x114
 279 01f4 1E       		.byte	0x1e
 280 01f5 08       		.uleb128 0x8
 281 01f6 3B050000 		.4byte	.LASF42
 282 01fa 06       		.byte	0x6
 283 01fb 81       		.byte	0x81
 284 01fc 1F010000 		.4byte	0x11f
 285 0200 1F       		.byte	0x1f
ARM GAS  /tmp/ccW2Z3fZ.s 			page 6


 286 0201 08       		.uleb128 0x8
 287 0202 58020000 		.4byte	.LASF43
 288 0206 06       		.byte	0x6
 289 0207 88       		.byte	0x88
 290 0208 61010000 		.4byte	0x161
 291 020c 20       		.byte	0x20
 292 020d 09       		.uleb128 0x9
 293 020e 705F7500 		.ascii	"p_u\000"
 294 0212 06       		.byte	0x6
 295 0213 AD       		.byte	0xad
 296 0214 5C050000 		.4byte	0x55c
 297 0218 24       		.byte	0x24
 298 0219 08       		.uleb128 0x8
 299 021a 40030000 		.4byte	.LASF44
 300 021e 06       		.byte	0x6
 301 021f B2       		.byte	0xb2
 302 0220 B5020000 		.4byte	0x2b5
 303 0224 28       		.byte	0x28
 304 0225 08       		.uleb128 0x8
 305 0226 66020000 		.4byte	.LASF45
 306 022a 06       		.byte	0x6
 307 022b B8       		.byte	0xb8
 308 022c 95020000 		.4byte	0x295
 309 0230 2C       		.byte	0x2c
 310 0231 08       		.uleb128 0x8
 311 0232 8C060000 		.4byte	.LASF46
 312 0236 06       		.byte	0x6
 313 0237 BC       		.byte	0xbc
 314 0238 35010000 		.4byte	0x135
 315 023c 34       		.byte	0x34
 316 023d 08       		.uleb128 0x8
 317 023e B2050000 		.4byte	.LASF47
 318 0242 06       		.byte	0x6
 319 0243 C2       		.byte	0xc2
 320 0244 40010000 		.4byte	0x140
 321 0248 38       		.byte	0x38
 322 0249 08       		.uleb128 0x8
 323 024a 1F050000 		.4byte	.LASF48
 324 024e 06       		.byte	0x6
 325 024f C9       		.byte	0xc9
 326 0250 A3050000 		.4byte	0x5a3
 327 0254 3C       		.byte	0x3c
 328 0255 08       		.uleb128 0x8
 329 0256 51060000 		.4byte	.LASF49
 330 025a 06       		.byte	0x6
 331 025b CD       		.byte	0xcd
 332 025c 2A010000 		.4byte	0x12a
 333 0260 40       		.byte	0x40
 334 0261 08       		.uleb128 0x8
 335 0262 4F010000 		.4byte	.LASF50
 336 0266 06       		.byte	0x6
 337 0267 D3       		.byte	0xd3
 338 0268 CB020000 		.4byte	0x2cb
 339 026c 44       		.byte	0x44
 340 026d 00       		.byte	0
 341 026e 0A       		.uleb128 0xa
 342 026f 08       		.byte	0x8
ARM GAS  /tmp/ccW2Z3fZ.s 			page 7


 343 0270 05       		.byte	0x5
 344 0271 5A       		.byte	0x5a
 345 0272 8F020000 		.4byte	0x28f
 346 0276 08       		.uleb128 0x8
 347 0277 53050000 		.4byte	.LASF32
 348 027b 05       		.byte	0x5
 349 027c 5B       		.byte	0x5b
 350 027d 8F020000 		.4byte	0x28f
 351 0281 00       		.byte	0
 352 0282 08       		.uleb128 0x8
 353 0283 B3040000 		.4byte	.LASF33
 354 0287 05       		.byte	0x5
 355 0288 5D       		.byte	0x5d
 356 0289 8F020000 		.4byte	0x28f
 357 028d 04       		.byte	0x4
 358 028e 00       		.byte	0
 359 028f 0B       		.uleb128 0xb
 360 0290 04       		.byte	0x4
 361 0291 66010000 		.4byte	0x166
 362 0295 03       		.uleb128 0x3
 363 0296 37040000 		.4byte	.LASF51
 364 029a 05       		.byte	0x5
 365 029b 5F       		.byte	0x5f
 366 029c 6E020000 		.4byte	0x26e
 367 02a0 0A       		.uleb128 0xa
 368 02a1 04       		.byte	0x4
 369 02a2 05       		.byte	0x5
 370 02a3 64       		.byte	0x64
 371 02a4 B5020000 		.4byte	0x2b5
 372 02a8 08       		.uleb128 0x8
 373 02a9 53050000 		.4byte	.LASF32
 374 02ad 05       		.byte	0x5
 375 02ae 66       		.byte	0x66
 376 02af 8F020000 		.4byte	0x28f
 377 02b3 00       		.byte	0
 378 02b4 00       		.byte	0
 379 02b5 03       		.uleb128 0x3
 380 02b6 D6020000 		.4byte	.LASF52
 381 02ba 05       		.byte	0x5
 382 02bb 69       		.byte	0x69
 383 02bc A0020000 		.4byte	0x2a0
 384 02c0 03       		.uleb128 0x3
 385 02c1 F9010000 		.4byte	.LASF53
 386 02c5 07       		.byte	0x7
 387 02c6 DE       		.byte	0xde
 388 02c7 CB020000 		.4byte	0x2cb
 389 02cb 0C       		.uleb128 0xc
 390 02cc 04       		.byte	0x4
 391 02cd 03       		.uleb128 0x3
 392 02ce 1A030000 		.4byte	.LASF54
 393 02d2 07       		.byte	0x7
 394 02d3 E4       		.byte	0xe4
 395 02d4 EC000000 		.4byte	0xec
 396 02d8 0D       		.uleb128 0xd
 397 02d9 92060000 		.4byte	.LASF55
 398 02dd 24       		.byte	0x24
 399 02de 07       		.byte	0x7
ARM GAS  /tmp/ccW2Z3fZ.s 			page 8


 400 02df 0501     		.2byte	0x105
 401 02e1 54030000 		.4byte	0x354
 402 02e5 0E       		.uleb128 0xe
 403 02e6 723400   		.ascii	"r4\000"
 404 02e9 07       		.byte	0x7
 405 02ea 1801     		.2byte	0x118
 406 02ec C0020000 		.4byte	0x2c0
 407 02f0 00       		.byte	0
 408 02f1 0E       		.uleb128 0xe
 409 02f2 723500   		.ascii	"r5\000"
 410 02f5 07       		.byte	0x7
 411 02f6 1901     		.2byte	0x119
 412 02f8 C0020000 		.4byte	0x2c0
 413 02fc 04       		.byte	0x4
 414 02fd 0E       		.uleb128 0xe
 415 02fe 723600   		.ascii	"r6\000"
 416 0301 07       		.byte	0x7
 417 0302 1A01     		.2byte	0x11a
 418 0304 C0020000 		.4byte	0x2c0
 419 0308 08       		.byte	0x8
 420 0309 0E       		.uleb128 0xe
 421 030a 723700   		.ascii	"r7\000"
 422 030d 07       		.byte	0x7
 423 030e 1B01     		.2byte	0x11b
 424 0310 C0020000 		.4byte	0x2c0
 425 0314 0C       		.byte	0xc
 426 0315 0E       		.uleb128 0xe
 427 0316 723800   		.ascii	"r8\000"
 428 0319 07       		.byte	0x7
 429 031a 1C01     		.2byte	0x11c
 430 031c C0020000 		.4byte	0x2c0
 431 0320 10       		.byte	0x10
 432 0321 0E       		.uleb128 0xe
 433 0322 723900   		.ascii	"r9\000"
 434 0325 07       		.byte	0x7
 435 0326 1D01     		.2byte	0x11d
 436 0328 C0020000 		.4byte	0x2c0
 437 032c 14       		.byte	0x14
 438 032d 0E       		.uleb128 0xe
 439 032e 72313000 		.ascii	"r10\000"
 440 0332 07       		.byte	0x7
 441 0333 1E01     		.2byte	0x11e
 442 0335 C0020000 		.4byte	0x2c0
 443 0339 18       		.byte	0x18
 444 033a 0E       		.uleb128 0xe
 445 033b 72313100 		.ascii	"r11\000"
 446 033f 07       		.byte	0x7
 447 0340 1F01     		.2byte	0x11f
 448 0342 C0020000 		.4byte	0x2c0
 449 0346 1C       		.byte	0x1c
 450 0347 0E       		.uleb128 0xe
 451 0348 6C7200   		.ascii	"lr\000"
 452 034b 07       		.byte	0x7
 453 034c 2001     		.2byte	0x120
 454 034e C0020000 		.4byte	0x2c0
 455 0352 20       		.byte	0x20
 456 0353 00       		.byte	0
ARM GAS  /tmp/ccW2Z3fZ.s 			page 9


 457 0354 0D       		.uleb128 0xd
 458 0355 84060000 		.4byte	.LASF56
 459 0359 04       		.byte	0x4
 460 035a 07       		.byte	0x7
 461 035b 2A01     		.2byte	0x12a
 462 035d 6F030000 		.4byte	0x36f
 463 0361 0E       		.uleb128 0xe
 464 0362 72313300 		.ascii	"r13\000"
 465 0366 07       		.byte	0x7
 466 0367 2B01     		.2byte	0x12b
 467 0369 6F030000 		.4byte	0x36f
 468 036d 00       		.byte	0
 469 036e 00       		.byte	0
 470 036f 0B       		.uleb128 0xb
 471 0370 04       		.byte	0x4
 472 0371 D8020000 		.4byte	0x2d8
 473 0375 04       		.uleb128 0x4
 474 0376 04       		.byte	0x4
 475 0377 07       		.byte	0x7
 476 0378 E2030000 		.4byte	.LASF57
 477 037c 03       		.uleb128 0x3
 478 037d 5C060000 		.4byte	.LASF58
 479 0381 08       		.byte	0x8
 480 0382 51       		.byte	0x51
 481 0383 87030000 		.4byte	0x387
 482 0387 0B       		.uleb128 0xb
 483 0388 04       		.byte	0x4
 484 0389 8D030000 		.4byte	0x38d
 485 038d 0F       		.uleb128 0xf
 486 038e 98030000 		.4byte	0x398
 487 0392 10       		.uleb128 0x10
 488 0393 CB020000 		.4byte	0x2cb
 489 0397 00       		.byte	0
 490 0398 03       		.uleb128 0x3
 491 0399 23070000 		.4byte	.LASF59
 492 039d 08       		.byte	0x8
 493 039e 56       		.byte	0x56
 494 039f A3030000 		.4byte	0x3a3
 495 03a3 07       		.uleb128 0x7
 496 03a4 23070000 		.4byte	.LASF59
 497 03a8 14       		.byte	0x14
 498 03a9 08       		.byte	0x8
 499 03aa 5D       		.byte	0x5d
 500 03ab EC030000 		.4byte	0x3ec
 501 03af 08       		.uleb128 0x8
 502 03b0 37020000 		.4byte	.LASF60
 503 03b4 08       		.byte	0x8
 504 03b5 5E       		.byte	0x5e
 505 03b6 EC030000 		.4byte	0x3ec
 506 03ba 00       		.byte	0
 507 03bb 08       		.uleb128 0x8
 508 03bc 02020000 		.4byte	.LASF61
 509 03c0 08       		.byte	0x8
 510 03c1 60       		.byte	0x60
 511 03c2 EC030000 		.4byte	0x3ec
 512 03c6 04       		.byte	0x4
 513 03c7 08       		.uleb128 0x8
ARM GAS  /tmp/ccW2Z3fZ.s 			page 10


 514 03c8 38030000 		.4byte	.LASF62
 515 03cc 08       		.byte	0x8
 516 03cd 62       		.byte	0x62
 517 03ce 56010000 		.4byte	0x156
 518 03d2 08       		.byte	0x8
 519 03d3 08       		.uleb128 0x8
 520 03d4 CB070000 		.4byte	.LASF63
 521 03d8 08       		.byte	0x8
 522 03d9 63       		.byte	0x63
 523 03da 7C030000 		.4byte	0x37c
 524 03de 0C       		.byte	0xc
 525 03df 08       		.uleb128 0x8
 526 03e0 A2060000 		.4byte	.LASF64
 527 03e4 08       		.byte	0x8
 528 03e5 65       		.byte	0x65
 529 03e6 CB020000 		.4byte	0x2cb
 530 03ea 10       		.byte	0x10
 531 03eb 00       		.byte	0
 532 03ec 0B       		.uleb128 0xb
 533 03ed 04       		.byte	0x4
 534 03ee 98030000 		.4byte	0x398
 535 03f2 0A       		.uleb128 0xa
 536 03f3 10       		.byte	0x10
 537 03f4 08       		.byte	0x8
 538 03f5 6F       		.byte	0x6f
 539 03f6 2B040000 		.4byte	0x42b
 540 03fa 08       		.uleb128 0x8
 541 03fb 37020000 		.4byte	.LASF60
 542 03ff 08       		.byte	0x8
 543 0400 70       		.byte	0x70
 544 0401 EC030000 		.4byte	0x3ec
 545 0405 00       		.byte	0
 546 0406 08       		.uleb128 0x8
 547 0407 02020000 		.4byte	.LASF61
 548 040b 08       		.byte	0x8
 549 040c 72       		.byte	0x72
 550 040d EC030000 		.4byte	0x3ec
 551 0411 04       		.byte	0x4
 552 0412 08       		.uleb128 0x8
 553 0413 38030000 		.4byte	.LASF62
 554 0417 08       		.byte	0x8
 555 0418 74       		.byte	0x74
 556 0419 56010000 		.4byte	0x156
 557 041d 08       		.byte	0x8
 558 041e 08       		.uleb128 0x8
 559 041f 59070000 		.4byte	.LASF65
 560 0423 08       		.byte	0x8
 561 0424 75       		.byte	0x75
 562 0425 61010000 		.4byte	0x161
 563 0429 0C       		.byte	0xc
 564 042a 00       		.byte	0
 565 042b 03       		.uleb128 0x3
 566 042c 97010000 		.4byte	.LASF66
 567 0430 08       		.byte	0x8
 568 0431 76       		.byte	0x76
 569 0432 F2030000 		.4byte	0x3f2
 570 0436 11       		.uleb128 0x11
ARM GAS  /tmp/ccW2Z3fZ.s 			page 11


 571 0437 8C000000 		.4byte	.LASF74
 572 043b 08       		.byte	0x8
 573 043c EE       		.byte	0xee
 574 043d 2B040000 		.4byte	0x42b
 575 0441 0A       		.uleb128 0xa
 576 0442 1C       		.byte	0x1c
 577 0443 09       		.byte	0x9
 578 0444 57       		.byte	0x57
 579 0445 92040000 		.4byte	0x492
 580 0449 08       		.uleb128 0x8
 581 044a FA050000 		.4byte	.LASF67
 582 044e 09       		.byte	0x9
 583 044f 58       		.byte	0x58
 584 0450 95020000 		.4byte	0x295
 585 0454 00       		.byte	0
 586 0455 08       		.uleb128 0x8
 587 0456 45050000 		.4byte	.LASF68
 588 045a 09       		.byte	0x9
 589 045b 59       		.byte	0x59
 590 045c 2A010000 		.4byte	0x12a
 591 0460 08       		.byte	0x8
 592 0461 08       		.uleb128 0x8
 593 0462 31040000 		.4byte	.LASF69
 594 0466 09       		.byte	0x9
 595 0467 5B       		.byte	0x5b
 596 0468 54030000 		.4byte	0x354
 597 046c 0C       		.byte	0xc
 598 046d 08       		.uleb128 0x8
 599 046e E7010000 		.4byte	.LASF70
 600 0472 09       		.byte	0x9
 601 0473 5E       		.byte	0x5e
 602 0474 8F020000 		.4byte	0x28f
 603 0478 10       		.byte	0x10
 604 0479 08       		.uleb128 0x8
 605 047a 63040000 		.4byte	.LASF71
 606 047e 09       		.byte	0x9
 607 047f 5F       		.byte	0x5f
 608 0480 8F020000 		.4byte	0x28f
 609 0484 14       		.byte	0x14
 610 0485 08       		.uleb128 0x8
 611 0486 59040000 		.4byte	.LASF72
 612 048a 09       		.byte	0x9
 613 048b 62       		.byte	0x62
 614 048c 8F020000 		.4byte	0x28f
 615 0490 18       		.byte	0x18
 616 0491 00       		.byte	0
 617 0492 03       		.uleb128 0x3
 618 0493 CF060000 		.4byte	.LASF73
 619 0497 09       		.byte	0x9
 620 0498 64       		.byte	0x64
 621 0499 41040000 		.4byte	0x441
 622 049d 11       		.uleb128 0x11
 623 049e E7060000 		.4byte	.LASF75
 624 04a2 09       		.byte	0x9
 625 04a3 68       		.byte	0x68
 626 04a4 92040000 		.4byte	0x492
 627 04a8 07       		.uleb128 0x7
ARM GAS  /tmp/ccW2Z3fZ.s 			page 12


 628 04a9 01040000 		.4byte	.LASF76
 629 04ad 10       		.byte	0x10
 630 04ae 0A       		.byte	0xa
 631 04af 25       		.byte	0x25
 632 04b0 D9040000 		.4byte	0x4d9
 633 04b4 08       		.uleb128 0x8
 634 04b5 57010000 		.4byte	.LASF77
 635 04b9 0A       		.byte	0xa
 636 04ba 26       		.byte	0x26
 637 04bb 95020000 		.4byte	0x295
 638 04bf 00       		.byte	0
 639 04c0 08       		.uleb128 0x8
 640 04c1 A2070000 		.4byte	.LASF78
 641 04c5 0A       		.byte	0xa
 642 04c6 28       		.byte	0x28
 643 04c7 8F020000 		.4byte	0x28f
 644 04cb 08       		.byte	0x8
 645 04cc 08       		.uleb128 0x8
 646 04cd 52040000 		.4byte	.LASF79
 647 04d1 0A       		.byte	0xa
 648 04d2 2A       		.byte	0x2a
 649 04d3 D9040000 		.4byte	0x4d9
 650 04d7 0C       		.byte	0xc
 651 04d8 00       		.byte	0
 652 04d9 0B       		.uleb128 0xb
 653 04da 04       		.byte	0x4
 654 04db A8040000 		.4byte	0x4a8
 655 04df 03       		.uleb128 0x3
 656 04e0 01040000 		.4byte	.LASF76
 657 04e4 0A       		.byte	0xa
 658 04e5 2C       		.byte	0x2c
 659 04e6 A8040000 		.4byte	0x4a8
 660 04ea 03       		.uleb128 0x3
 661 04eb 44070000 		.4byte	.LASF80
 662 04ef 0B       		.byte	0xb
 663 04f0 25       		.byte	0x25
 664 04f1 F5040000 		.4byte	0x4f5
 665 04f5 07       		.uleb128 0x7
 666 04f6 44070000 		.4byte	.LASF80
 667 04fa 10       		.byte	0x10
 668 04fb 0B       		.byte	0xb
 669 04fc 2A       		.byte	0x2a
 670 04fd 32050000 		.4byte	0x532
 671 0501 08       		.uleb128 0x8
 672 0502 B2020000 		.4byte	.LASF81
 673 0506 0B       		.byte	0xb
 674 0507 2B       		.byte	0x2b
 675 0508 32050000 		.4byte	0x532
 676 050c 00       		.byte	0
 677 050d 08       		.uleb128 0x8
 678 050e FD040000 		.4byte	.LASF82
 679 0512 0B       		.byte	0xb
 680 0513 2E       		.byte	0x2e
 681 0514 8F020000 		.4byte	0x28f
 682 0518 04       		.byte	0x4
 683 0519 08       		.uleb128 0x8
 684 051a 6B040000 		.4byte	.LASF83
ARM GAS  /tmp/ccW2Z3fZ.s 			page 13


 685 051e 0B       		.byte	0xb
 686 051f 30       		.byte	0x30
 687 0520 40010000 		.4byte	0x140
 688 0524 08       		.byte	0x8
 689 0525 08       		.uleb128 0x8
 690 0526 16050000 		.4byte	.LASF84
 691 052a 0B       		.byte	0xb
 692 052b 33       		.byte	0x33
 693 052c 4B010000 		.4byte	0x14b
 694 0530 0C       		.byte	0xc
 695 0531 00       		.byte	0
 696 0532 0B       		.uleb128 0xb
 697 0533 04       		.byte	0x4
 698 0534 EA040000 		.4byte	0x4ea
 699 0538 07       		.uleb128 0x7
 700 0539 13020000 		.4byte	.LASF85
 701 053d 04       		.byte	0x4
 702 053e 0B       		.byte	0xb
 703 053f 3A       		.byte	0x3a
 704 0540 51050000 		.4byte	0x551
 705 0544 08       		.uleb128 0x8
 706 0545 C7060000 		.4byte	.LASF86
 707 0549 0B       		.byte	0xb
 708 054a 3B       		.byte	0x3b
 709 054b 32050000 		.4byte	0x532
 710 054f 00       		.byte	0
 711 0550 00       		.byte	0
 712 0551 03       		.uleb128 0x3
 713 0552 13020000 		.4byte	.LASF85
 714 0556 0B       		.byte	0xb
 715 0557 3E       		.byte	0x3e
 716 0558 38050000 		.4byte	0x538
 717 055c 12       		.uleb128 0x12
 718 055d 04       		.byte	0x4
 719 055e 06       		.byte	0x6
 720 055f 8F       		.byte	0x8f
 721 0560 91050000 		.4byte	0x591
 722 0564 13       		.uleb128 0x13
 723 0565 5A000000 		.4byte	.LASF87
 724 0569 06       		.byte	0x6
 725 056a 96       		.byte	0x96
 726 056b 35010000 		.4byte	0x135
 727 056f 13       		.uleb128 0x13
 728 0570 C3000000 		.4byte	.LASF88
 729 0574 06       		.byte	0x6
 730 0575 9D       		.byte	0x9d
 731 0576 35010000 		.4byte	0x135
 732 057a 13       		.uleb128 0x13
 733 057b 52070000 		.4byte	.LASF89
 734 057f 06       		.byte	0x6
 735 0580 A4       		.byte	0xa4
 736 0581 CB020000 		.4byte	0x2cb
 737 0585 13       		.uleb128 0x13
 738 0586 4C050000 		.4byte	.LASF90
 739 058a 06       		.byte	0x6
 740 058b AB       		.byte	0xab
 741 058c 40010000 		.4byte	0x140
ARM GAS  /tmp/ccW2Z3fZ.s 			page 14


 742 0590 00       		.byte	0
 743 0591 0B       		.uleb128 0xb
 744 0592 04       		.byte	0x4
 745 0593 9E050000 		.4byte	0x59e
 746 0597 04       		.uleb128 0x4
 747 0598 01       		.byte	0x1
 748 0599 08       		.byte	0x8
 749 059a 30060000 		.4byte	.LASF91
 750 059e 05       		.uleb128 0x5
 751 059f 97050000 		.4byte	0x597
 752 05a3 0B       		.uleb128 0xb
 753 05a4 04       		.byte	0x4
 754 05a5 DF040000 		.4byte	0x4df
 755 05a9 0B       		.uleb128 0xb
 756 05aa 04       		.byte	0x4
 757 05ab AF050000 		.4byte	0x5af
 758 05af 14       		.uleb128 0x14
 759 05b0 35010000 		.4byte	0x135
 760 05b4 BE050000 		.4byte	0x5be
 761 05b8 10       		.uleb128 0x10
 762 05b9 CB020000 		.4byte	0x2cb
 763 05bd 00       		.byte	0
 764 05be 0A       		.uleb128 0xa
 765 05bf 16       		.byte	0x16
 766 05c0 0C       		.byte	0xc
 767 05c1 25       		.byte	0x25
 768 05c2 9F060000 		.4byte	0x69f
 769 05c6 08       		.uleb128 0x8
 770 05c7 BD070000 		.4byte	.LASF92
 771 05cb 0C       		.byte	0xc
 772 05cc 26       		.byte	0x26
 773 05cd 9F060000 		.4byte	0x69f
 774 05d1 00       		.byte	0
 775 05d2 08       		.uleb128 0x8
 776 05d3 25030000 		.4byte	.LASF93
 777 05d7 0C       		.byte	0xc
 778 05d8 27       		.byte	0x27
 779 05d9 AC000000 		.4byte	0xac
 780 05dd 04       		.byte	0x4
 781 05de 08       		.uleb128 0x8
 782 05df 4A040000 		.4byte	.LASF94
 783 05e3 0C       		.byte	0xc
 784 05e4 28       		.byte	0x28
 785 05e5 AC000000 		.4byte	0xac
 786 05e9 05       		.byte	0x5
 787 05ea 08       		.uleb128 0x8
 788 05eb 7A070000 		.4byte	.LASF95
 789 05ef 0C       		.byte	0xc
 790 05f0 29       		.byte	0x29
 791 05f1 BC000000 		.4byte	0xbc
 792 05f5 06       		.byte	0x6
 793 05f6 08       		.uleb128 0x8
 794 05f7 9E040000 		.4byte	.LASF96
 795 05fb 0C       		.byte	0xc
 796 05fc 2A       		.byte	0x2a
 797 05fd AC000000 		.4byte	0xac
 798 0601 08       		.byte	0x8
ARM GAS  /tmp/ccW2Z3fZ.s 			page 15


 799 0602 08       		.uleb128 0x8
 800 0603 07040000 		.4byte	.LASF97
 801 0607 0C       		.byte	0xc
 802 0608 2B       		.byte	0x2b
 803 0609 AC000000 		.4byte	0xac
 804 060d 09       		.byte	0x9
 805 060e 08       		.uleb128 0x8
 806 060f B0000000 		.4byte	.LASF98
 807 0613 0C       		.byte	0xc
 808 0614 2C       		.byte	0x2c
 809 0615 AC000000 		.4byte	0xac
 810 0619 0A       		.byte	0xa
 811 061a 08       		.uleb128 0x8
 812 061b EE050000 		.4byte	.LASF99
 813 061f 0C       		.byte	0xc
 814 0620 2D       		.byte	0x2d
 815 0621 AC000000 		.4byte	0xac
 816 0625 0B       		.byte	0xb
 817 0626 08       		.uleb128 0x8
 818 0627 B5060000 		.4byte	.LASF100
 819 062b 0C       		.byte	0xc
 820 062c 2E       		.byte	0x2e
 821 062d AC000000 		.4byte	0xac
 822 0631 0C       		.byte	0xc
 823 0632 08       		.uleb128 0x8
 824 0633 A5050000 		.4byte	.LASF101
 825 0637 0C       		.byte	0xc
 826 0638 2F       		.byte	0x2f
 827 0639 AC000000 		.4byte	0xac
 828 063d 0D       		.byte	0xd
 829 063e 08       		.uleb128 0x8
 830 063f 00000000 		.4byte	.LASF102
 831 0643 0C       		.byte	0xc
 832 0644 30       		.byte	0x30
 833 0645 AC000000 		.4byte	0xac
 834 0649 0E       		.byte	0xe
 835 064a 08       		.uleb128 0x8
 836 064b 1D040000 		.4byte	.LASF103
 837 064f 0C       		.byte	0xc
 838 0650 31       		.byte	0x31
 839 0651 AC000000 		.4byte	0xac
 840 0655 0F       		.byte	0xf
 841 0656 08       		.uleb128 0x8
 842 0657 32010000 		.4byte	.LASF104
 843 065b 0C       		.byte	0xc
 844 065c 32       		.byte	0x32
 845 065d AC000000 		.4byte	0xac
 846 0661 10       		.byte	0x10
 847 0662 08       		.uleb128 0x8
 848 0663 FB000000 		.4byte	.LASF105
 849 0667 0C       		.byte	0xc
 850 0668 34       		.byte	0x34
 851 0669 AC000000 		.4byte	0xac
 852 066d 11       		.byte	0x11
 853 066e 08       		.uleb128 0x8
 854 066f 42010000 		.4byte	.LASF106
 855 0673 0C       		.byte	0xc
ARM GAS  /tmp/ccW2Z3fZ.s 			page 16


 856 0674 35       		.byte	0x35
 857 0675 AC000000 		.4byte	0xac
 858 0679 12       		.byte	0x12
 859 067a 08       		.uleb128 0x8
 860 067b 85070000 		.4byte	.LASF107
 861 067f 0C       		.byte	0xc
 862 0680 36       		.byte	0x36
 863 0681 AC000000 		.4byte	0xac
 864 0685 13       		.byte	0x13
 865 0686 08       		.uleb128 0x8
 866 0687 62050000 		.4byte	.LASF108
 867 068b 0C       		.byte	0xc
 868 068c 37       		.byte	0x37
 869 068d AC000000 		.4byte	0xac
 870 0691 14       		.byte	0x14
 871 0692 08       		.uleb128 0x8
 872 0693 CA020000 		.4byte	.LASF109
 873 0697 0C       		.byte	0xc
 874 0698 39       		.byte	0x39
 875 0699 AC000000 		.4byte	0xac
 876 069d 15       		.byte	0x15
 877 069e 00       		.byte	0
 878 069f 15       		.uleb128 0x15
 879 06a0 97050000 		.4byte	0x597
 880 06a4 AF060000 		.4byte	0x6af
 881 06a8 16       		.uleb128 0x16
 882 06a9 75030000 		.4byte	0x375
 883 06ad 03       		.byte	0x3
 884 06ae 00       		.byte	0
 885 06af 03       		.uleb128 0x3
 886 06b0 AF010000 		.4byte	.LASF110
 887 06b4 0C       		.byte	0xc
 888 06b5 3A       		.byte	0x3a
 889 06b6 BE050000 		.4byte	0x5be
 890 06ba 05       		.uleb128 0x5
 891 06bb AF060000 		.4byte	0x6af
 892 06bf 11       		.uleb128 0x11
 893 06c0 71020000 		.4byte	.LASF111
 894 06c4 0C       		.byte	0xc
 895 06c5 77       		.byte	0x77
 896 06c6 BA060000 		.4byte	0x6ba
 897 06ca 03       		.uleb128 0x3
 898 06cb 0D030000 		.4byte	.LASF112
 899 06cf 0D       		.byte	0xd
 900 06d0 30       		.byte	0x30
 901 06d1 D5060000 		.4byte	0x6d5
 902 06d5 07       		.uleb128 0x7
 903 06d6 0D030000 		.4byte	.LASF112
 904 06da 24       		.byte	0x24
 905 06db 0D       		.byte	0xd
 906 06dc 3E       		.byte	0x3e
 907 06dd 42070000 		.4byte	0x742
 908 06e1 08       		.uleb128 0x8
 909 06e2 0E010000 		.4byte	.LASF113
 910 06e6 0D       		.byte	0xd
 911 06e7 3F       		.byte	0x3f
 912 06e8 95020000 		.4byte	0x295
ARM GAS  /tmp/ccW2Z3fZ.s 			page 17


 913 06ec 00       		.byte	0
 914 06ed 08       		.uleb128 0x8
 915 06ee EB030000 		.4byte	.LASF114
 916 06f2 0D       		.byte	0xd
 917 06f3 40       		.byte	0x40
 918 06f4 24000000 		.4byte	0x24
 919 06f8 08       		.byte	0x8
 920 06f9 08       		.uleb128 0x8
 921 06fa 9E010000 		.4byte	.LASF115
 922 06fe 0D       		.byte	0xd
 923 06ff 41       		.byte	0x41
 924 0700 64070000 		.4byte	0x764
 925 0704 0C       		.byte	0xc
 926 0705 08       		.uleb128 0x8
 927 0706 93000000 		.4byte	.LASF116
 928 070a 0D       		.byte	0xd
 929 070b 42       		.byte	0x42
 930 070c 64070000 		.4byte	0x764
 931 0710 10       		.byte	0x10
 932 0711 08       		.uleb128 0x8
 933 0712 A7010000 		.4byte	.LASF117
 934 0716 0D       		.byte	0xd
 935 0717 44       		.byte	0x44
 936 0718 64070000 		.4byte	0x764
 937 071c 14       		.byte	0x14
 938 071d 08       		.uleb128 0x8
 939 071e D9040000 		.4byte	.LASF118
 940 0722 0D       		.byte	0xd
 941 0723 45       		.byte	0x45
 942 0724 64070000 		.4byte	0x764
 943 0728 18       		.byte	0x18
 944 0729 08       		.uleb128 0x8
 945 072a DE060000 		.4byte	.LASF119
 946 072e 0D       		.byte	0xd
 947 072f 46       		.byte	0x46
 948 0730 42070000 		.4byte	0x742
 949 0734 1C       		.byte	0x1c
 950 0735 08       		.uleb128 0x8
 951 0736 91070000 		.4byte	.LASF120
 952 073a 0D       		.byte	0xd
 953 073b 47       		.byte	0x47
 954 073c CB020000 		.4byte	0x2cb
 955 0740 20       		.byte	0x20
 956 0741 00       		.byte	0
 957 0742 03       		.uleb128 0x3
 958 0743 03030000 		.4byte	.LASF121
 959 0747 0D       		.byte	0xd
 960 0748 33       		.byte	0x33
 961 0749 4D070000 		.4byte	0x74d
 962 074d 0B       		.uleb128 0xb
 963 074e 04       		.byte	0x4
 964 074f 53070000 		.4byte	0x753
 965 0753 0F       		.uleb128 0xf
 966 0754 5E070000 		.4byte	0x75e
 967 0758 10       		.uleb128 0x10
 968 0759 5E070000 		.4byte	0x75e
 969 075d 00       		.byte	0
ARM GAS  /tmp/ccW2Z3fZ.s 			page 18


 970 075e 0B       		.uleb128 0xb
 971 075f 04       		.byte	0x4
 972 0760 CA060000 		.4byte	0x6ca
 973 0764 0B       		.uleb128 0xb
 974 0765 04       		.byte	0x4
 975 0766 AC000000 		.4byte	0xac
 976 076a 03       		.uleb128 0x3
 977 076b EE020000 		.4byte	.LASF122
 978 076f 0D       		.byte	0xd
 979 0770 7B       		.byte	0x7b
 980 0771 CA060000 		.4byte	0x6ca
 981 0775 03       		.uleb128 0x3
 982 0776 6A000000 		.4byte	.LASF123
 983 077a 0D       		.byte	0xd
 984 077b EE       		.byte	0xee
 985 077c CA060000 		.4byte	0x6ca
 986 0780 14       		.uleb128 0x14
 987 0781 24000000 		.4byte	0x24
 988 0785 99070000 		.4byte	0x799
 989 0789 10       		.uleb128 0x10
 990 078a CB020000 		.4byte	0x2cb
 991 078e 10       		.uleb128 0x10
 992 078f 99070000 		.4byte	0x799
 993 0793 10       		.uleb128 0x10
 994 0794 24000000 		.4byte	0x24
 995 0798 00       		.byte	0
 996 0799 0B       		.uleb128 0xb
 997 079a 04       		.byte	0x4
 998 079b B7000000 		.4byte	0xb7
 999 079f 0B       		.uleb128 0xb
 1000 07a0 04       		.byte	0x4
 1001 07a1 80070000 		.4byte	0x780
 1002 07a5 14       		.uleb128 0x14
 1003 07a6 24000000 		.4byte	0x24
 1004 07aa BE070000 		.4byte	0x7be
 1005 07ae 10       		.uleb128 0x10
 1006 07af CB020000 		.4byte	0x2cb
 1007 07b3 10       		.uleb128 0x10
 1008 07b4 64070000 		.4byte	0x764
 1009 07b8 10       		.uleb128 0x10
 1010 07b9 24000000 		.4byte	0x24
 1011 07bd 00       		.byte	0
 1012 07be 0B       		.uleb128 0xb
 1013 07bf 04       		.byte	0x4
 1014 07c0 A5070000 		.4byte	0x7a5
 1015 07c4 14       		.uleb128 0x14
 1016 07c5 35010000 		.4byte	0x135
 1017 07c9 D8070000 		.4byte	0x7d8
 1018 07cd 10       		.uleb128 0x10
 1019 07ce CB020000 		.4byte	0x2cb
 1020 07d2 10       		.uleb128 0x10
 1021 07d3 AC000000 		.4byte	0xac
 1022 07d7 00       		.byte	0
 1023 07d8 0B       		.uleb128 0xb
 1024 07d9 04       		.byte	0x4
 1025 07da C4070000 		.4byte	0x7c4
 1026 07de 15       		.uleb128 0x15
ARM GAS  /tmp/ccW2Z3fZ.s 			page 19


 1027 07df CD020000 		.4byte	0x2cd
 1028 07e3 EE070000 		.4byte	0x7ee
 1029 07e7 16       		.uleb128 0x16
 1030 07e8 75030000 		.4byte	0x375
 1031 07ec 17       		.byte	0x17
 1032 07ed 00       		.byte	0
 1033 07ee 11       		.uleb128 0x11
 1034 07ef C1010000 		.4byte	.LASF124
 1035 07f3 0E       		.byte	0xe
 1036 07f4 82       		.byte	0x82
 1037 07f5 DE070000 		.4byte	0x7de
 1038 07f9 15       		.uleb128 0x15
 1039 07fa D7000000 		.4byte	0xd7
 1040 07fe 09080000 		.4byte	0x809
 1041 0802 16       		.uleb128 0x16
 1042 0803 75030000 		.4byte	0x375
 1043 0807 01       		.byte	0x1
 1044 0808 00       		.byte	0
 1045 0809 17       		.uleb128 0x17
 1046 080a 09050000 		.4byte	.LASF125
 1047 080e 0F       		.byte	0xf
 1048 080f 0706     		.2byte	0x607
 1049 0811 D2000000 		.4byte	0xd2
 1050 0815 11       		.uleb128 0x11
 1051 0816 48020000 		.4byte	.LASF126
 1052 081a 10       		.byte	0x10
 1053 081b 23       		.byte	0x23
 1054 081c D7000000 		.4byte	0xd7
 1055 0820 15       		.uleb128 0x15
 1056 0821 D7000000 		.4byte	0xd7
 1057 0825 30080000 		.4byte	0x830
 1058 0829 16       		.uleb128 0x16
 1059 082a 75030000 		.4byte	0x375
 1060 082e 0B       		.byte	0xb
 1061 082f 00       		.byte	0
 1062 0830 18       		.uleb128 0x18
 1063 0831 74       		.byte	0x74
 1064 0832 11       		.byte	0x11
 1065 0833 1C01     		.2byte	0x11c
 1066 0835 13090000 		.4byte	0x913
 1067 0839 0E       		.uleb128 0xe
 1068 083a 495200   		.ascii	"IR\000"
 1069 083d 11       		.byte	0x11
 1070 083e 1E01     		.2byte	0x11e
 1071 0840 E2000000 		.4byte	0xe2
 1072 0844 00       		.byte	0
 1073 0845 0E       		.uleb128 0xe
 1074 0846 54435200 		.ascii	"TCR\000"
 1075 084a 11       		.byte	0x11
 1076 084b 1F01     		.2byte	0x11f
 1077 084d E2000000 		.4byte	0xe2
 1078 0851 04       		.byte	0x4
 1079 0852 0E       		.uleb128 0xe
 1080 0853 544300   		.ascii	"TC\000"
 1081 0856 11       		.byte	0x11
 1082 0857 2001     		.2byte	0x120
 1083 0859 E2000000 		.4byte	0xe2
ARM GAS  /tmp/ccW2Z3fZ.s 			page 20


 1084 085d 08       		.byte	0x8
 1085 085e 0E       		.uleb128 0xe
 1086 085f 505200   		.ascii	"PR\000"
 1087 0862 11       		.byte	0x11
 1088 0863 2101     		.2byte	0x121
 1089 0865 E2000000 		.4byte	0xe2
 1090 0869 0C       		.byte	0xc
 1091 086a 0E       		.uleb128 0xe
 1092 086b 504300   		.ascii	"PC\000"
 1093 086e 11       		.byte	0x11
 1094 086f 2201     		.2byte	0x122
 1095 0871 E2000000 		.4byte	0xe2
 1096 0875 10       		.byte	0x10
 1097 0876 0E       		.uleb128 0xe
 1098 0877 4D435200 		.ascii	"MCR\000"
 1099 087b 11       		.byte	0x11
 1100 087c 2301     		.2byte	0x123
 1101 087e E2000000 		.4byte	0xe2
 1102 0882 14       		.byte	0x14
 1103 0883 0E       		.uleb128 0xe
 1104 0884 4D523000 		.ascii	"MR0\000"
 1105 0888 11       		.byte	0x11
 1106 0889 2401     		.2byte	0x124
 1107 088b E2000000 		.4byte	0xe2
 1108 088f 18       		.byte	0x18
 1109 0890 0E       		.uleb128 0xe
 1110 0891 4D523100 		.ascii	"MR1\000"
 1111 0895 11       		.byte	0x11
 1112 0896 2501     		.2byte	0x125
 1113 0898 E2000000 		.4byte	0xe2
 1114 089c 1C       		.byte	0x1c
 1115 089d 0E       		.uleb128 0xe
 1116 089e 4D523200 		.ascii	"MR2\000"
 1117 08a2 11       		.byte	0x11
 1118 08a3 2601     		.2byte	0x126
 1119 08a5 E2000000 		.4byte	0xe2
 1120 08a9 20       		.byte	0x20
 1121 08aa 0E       		.uleb128 0xe
 1122 08ab 4D523300 		.ascii	"MR3\000"
 1123 08af 11       		.byte	0x11
 1124 08b0 2701     		.2byte	0x127
 1125 08b2 E2000000 		.4byte	0xe2
 1126 08b6 24       		.byte	0x24
 1127 08b7 0E       		.uleb128 0xe
 1128 08b8 43435200 		.ascii	"CCR\000"
 1129 08bc 11       		.byte	0x11
 1130 08bd 2801     		.2byte	0x128
 1131 08bf E2000000 		.4byte	0xe2
 1132 08c3 28       		.byte	0x28
 1133 08c4 0E       		.uleb128 0xe
 1134 08c5 43523000 		.ascii	"CR0\000"
 1135 08c9 11       		.byte	0x11
 1136 08ca 2901     		.2byte	0x129
 1137 08cc E7000000 		.4byte	0xe7
 1138 08d0 2C       		.byte	0x2c
 1139 08d1 0E       		.uleb128 0xe
 1140 08d2 43523100 		.ascii	"CR1\000"
ARM GAS  /tmp/ccW2Z3fZ.s 			page 21


 1141 08d6 11       		.byte	0x11
 1142 08d7 2A01     		.2byte	0x12a
 1143 08d9 E7000000 		.4byte	0xe7
 1144 08dd 30       		.byte	0x30
 1145 08de 19       		.uleb128 0x19
 1146 08df 94040000 		.4byte	.LASF127
 1147 08e3 11       		.byte	0x11
 1148 08e4 2B01     		.2byte	0x12b
 1149 08e6 F9070000 		.4byte	0x7f9
 1150 08ea 34       		.byte	0x34
 1151 08eb 0E       		.uleb128 0xe
 1152 08ec 454D5200 		.ascii	"EMR\000"
 1153 08f0 11       		.byte	0x11
 1154 08f1 2C01     		.2byte	0x12c
 1155 08f3 E2000000 		.4byte	0xe2
 1156 08f7 3C       		.byte	0x3c
 1157 08f8 19       		.uleb128 0x19
 1158 08f9 9B050000 		.4byte	.LASF128
 1159 08fd 11       		.byte	0x11
 1160 08fe 2D01     		.2byte	0x12d
 1161 0900 20080000 		.4byte	0x820
 1162 0904 40       		.byte	0x40
 1163 0905 19       		.uleb128 0x19
 1164 0906 D9060000 		.4byte	.LASF129
 1165 090a 11       		.byte	0x11
 1166 090b 2E01     		.2byte	0x12e
 1167 090d E2000000 		.4byte	0xe2
 1168 0911 70       		.byte	0x70
 1169 0912 00       		.byte	0
 1170 0913 1A       		.uleb128 0x1a
 1171 0914 13070000 		.4byte	.LASF130
 1172 0918 11       		.byte	0x11
 1173 0919 2F01     		.2byte	0x12f
 1174 091b 30080000 		.4byte	0x830
 1175 091f 1B       		.uleb128 0x1b
 1176 0920 04       		.byte	0x4
 1177 0921 11       		.byte	0x11
 1178 0922 5201     		.2byte	0x152
 1179 0924 4D090000 		.4byte	0x94d
 1180 0928 1C       		.uleb128 0x1c
 1181 0929 52425200 		.ascii	"RBR\000"
 1182 092d 11       		.byte	0x11
 1183 092e 5301     		.2byte	0x153
 1184 0930 E7000000 		.4byte	0xe7
 1185 0934 1C       		.uleb128 0x1c
 1186 0935 54485200 		.ascii	"THR\000"
 1187 0939 11       		.byte	0x11
 1188 093a 5401     		.2byte	0x154
 1189 093c E2000000 		.4byte	0xe2
 1190 0940 1C       		.uleb128 0x1c
 1191 0941 444C4C00 		.ascii	"DLL\000"
 1192 0945 11       		.byte	0x11
 1193 0946 5501     		.2byte	0x155
 1194 0948 E2000000 		.4byte	0xe2
 1195 094c 00       		.byte	0
 1196 094d 1B       		.uleb128 0x1b
 1197 094e 04       		.byte	0x4
ARM GAS  /tmp/ccW2Z3fZ.s 			page 22


 1198 094f 11       		.byte	0x11
 1199 0950 5701     		.2byte	0x157
 1200 0952 6F090000 		.4byte	0x96f
 1201 0956 1C       		.uleb128 0x1c
 1202 0957 444C4D00 		.ascii	"DLM\000"
 1203 095b 11       		.byte	0x11
 1204 095c 5801     		.2byte	0x158
 1205 095e E2000000 		.4byte	0xe2
 1206 0962 1C       		.uleb128 0x1c
 1207 0963 49455200 		.ascii	"IER\000"
 1208 0967 11       		.byte	0x11
 1209 0968 5901     		.2byte	0x159
 1210 096a E2000000 		.4byte	0xe2
 1211 096e 00       		.byte	0
 1212 096f 1B       		.uleb128 0x1b
 1213 0970 04       		.byte	0x4
 1214 0971 11       		.byte	0x11
 1215 0972 5B01     		.2byte	0x15b
 1216 0974 91090000 		.4byte	0x991
 1217 0978 1C       		.uleb128 0x1c
 1218 0979 49495200 		.ascii	"IIR\000"
 1219 097d 11       		.byte	0x11
 1220 097e 5C01     		.2byte	0x15c
 1221 0980 E7000000 		.4byte	0xe7
 1222 0984 1C       		.uleb128 0x1c
 1223 0985 46435200 		.ascii	"FCR\000"
 1224 0989 11       		.byte	0x11
 1225 098a 5D01     		.2byte	0x15d
 1226 098c E2000000 		.4byte	0xe2
 1227 0990 00       		.byte	0
 1228 0991 18       		.uleb128 0x18
 1229 0992 34       		.byte	0x34
 1230 0993 11       		.byte	0x11
 1231 0994 5001     		.2byte	0x150
 1232 0996 2F0A0000 		.4byte	0xa2f
 1233 099a 1D       		.uleb128 0x1d
 1234 099b 1F090000 		.4byte	0x91f
 1235 099f 00       		.byte	0
 1236 09a0 1D       		.uleb128 0x1d
 1237 09a1 4D090000 		.4byte	0x94d
 1238 09a5 04       		.byte	0x4
 1239 09a6 1D       		.uleb128 0x1d
 1240 09a7 6F090000 		.4byte	0x96f
 1241 09ab 08       		.byte	0x8
 1242 09ac 0E       		.uleb128 0xe
 1243 09ad 4C435200 		.ascii	"LCR\000"
 1244 09b1 11       		.byte	0x11
 1245 09b2 5F01     		.2byte	0x15f
 1246 09b4 E2000000 		.4byte	0xe2
 1247 09b8 0C       		.byte	0xc
 1248 09b9 19       		.uleb128 0x19
 1249 09ba 94040000 		.4byte	.LASF127
 1250 09be 11       		.byte	0x11
 1251 09bf 6001     		.2byte	0x160
 1252 09c1 D7000000 		.4byte	0xd7
 1253 09c5 10       		.byte	0x10
 1254 09c6 0E       		.uleb128 0xe
ARM GAS  /tmp/ccW2Z3fZ.s 			page 23


 1255 09c7 4C535200 		.ascii	"LSR\000"
 1256 09cb 11       		.byte	0x11
 1257 09cc 6101     		.2byte	0x161
 1258 09ce E7000000 		.4byte	0xe7
 1259 09d2 14       		.byte	0x14
 1260 09d3 19       		.uleb128 0x19
 1261 09d4 9B050000 		.4byte	.LASF128
 1262 09d8 11       		.byte	0x11
 1263 09d9 6201     		.2byte	0x162
 1264 09db D7000000 		.4byte	0xd7
 1265 09df 18       		.byte	0x18
 1266 09e0 0E       		.uleb128 0xe
 1267 09e1 53435200 		.ascii	"SCR\000"
 1268 09e5 11       		.byte	0x11
 1269 09e6 6301     		.2byte	0x163
 1270 09e8 E2000000 		.4byte	0xe2
 1271 09ec 1C       		.byte	0x1c
 1272 09ed 0E       		.uleb128 0xe
 1273 09ee 41435200 		.ascii	"ACR\000"
 1274 09f2 11       		.byte	0x11
 1275 09f3 6401     		.2byte	0x164
 1276 09f5 E2000000 		.4byte	0xe2
 1277 09f9 20       		.byte	0x20
 1278 09fa 0E       		.uleb128 0xe
 1279 09fb 49435200 		.ascii	"ICR\000"
 1280 09ff 11       		.byte	0x11
 1281 0a00 6501     		.2byte	0x165
 1282 0a02 E2000000 		.4byte	0xe2
 1283 0a06 24       		.byte	0x24
 1284 0a07 0E       		.uleb128 0xe
 1285 0a08 46445200 		.ascii	"FDR\000"
 1286 0a0c 11       		.byte	0x11
 1287 0a0d 6601     		.2byte	0x166
 1288 0a0f E2000000 		.4byte	0xe2
 1289 0a13 28       		.byte	0x28
 1290 0a14 19       		.uleb128 0x19
 1291 0a15 A9040000 		.4byte	.LASF131
 1292 0a19 11       		.byte	0x11
 1293 0a1a 6701     		.2byte	0x167
 1294 0a1c D7000000 		.4byte	0xd7
 1295 0a20 2C       		.byte	0x2c
 1296 0a21 0E       		.uleb128 0xe
 1297 0a22 54455200 		.ascii	"TER\000"
 1298 0a26 11       		.byte	0x11
 1299 0a27 6801     		.2byte	0x168
 1300 0a29 E2000000 		.4byte	0xe2
 1301 0a2d 30       		.byte	0x30
 1302 0a2e 00       		.byte	0
 1303 0a2f 1A       		.uleb128 0x1a
 1304 0a30 8A020000 		.4byte	.LASF132
 1305 0a34 11       		.byte	0x11
 1306 0a35 6901     		.2byte	0x169
 1307 0a37 91090000 		.4byte	0x991
 1308 0a3b 18       		.uleb128 0x18
 1309 0a3c 14       		.byte	0x14
 1310 0a3d 11       		.byte	0x11
 1311 0a3e B402     		.2byte	0x2b4
ARM GAS  /tmp/ccW2Z3fZ.s 			page 24


 1312 0a40 860A0000 		.4byte	0xa86
 1313 0a44 19       		.uleb128 0x19
 1314 0a45 0A020000 		.4byte	.LASF133
 1315 0a49 11       		.byte	0x11
 1316 0a4a B602     		.2byte	0x2b6
 1317 0a4c E2000000 		.4byte	0xe2
 1318 0a50 00       		.byte	0
 1319 0a51 19       		.uleb128 0x19
 1320 0a52 70060000 		.4byte	.LASF134
 1321 0a56 11       		.byte	0x11
 1322 0a57 B702     		.2byte	0x2b7
 1323 0a59 E2000000 		.4byte	0xe2
 1324 0a5d 04       		.byte	0x4
 1325 0a5e 19       		.uleb128 0x19
 1326 0a5f 4A030000 		.4byte	.LASF135
 1327 0a63 11       		.byte	0x11
 1328 0a64 B802     		.2byte	0x2b8
 1329 0a66 E2000000 		.4byte	0xe2
 1330 0a6a 08       		.byte	0x8
 1331 0a6b 19       		.uleb128 0x19
 1332 0a6c 83040000 		.4byte	.LASF136
 1333 0a70 11       		.byte	0x11
 1334 0a71 B902     		.2byte	0x2b9
 1335 0a73 E2000000 		.4byte	0xe2
 1336 0a77 0C       		.byte	0xc
 1337 0a78 19       		.uleb128 0x19
 1338 0a79 DF010000 		.4byte	.LASF137
 1339 0a7d 11       		.byte	0x11
 1340 0a7e BA02     		.2byte	0x2ba
 1341 0a80 E2000000 		.4byte	0xe2
 1342 0a84 10       		.byte	0x10
 1343 0a85 00       		.byte	0
 1344 0a86 1A       		.uleb128 0x1a
 1345 0a87 30070000 		.4byte	.LASF138
 1346 0a8b 11       		.byte	0x11
 1347 0a8c BB02     		.2byte	0x2bb
 1348 0a8e 3B0A0000 		.4byte	0xa3b
 1349 0a92 15       		.uleb128 0x15
 1350 0a93 9D0A0000 		.4byte	0xa9d
 1351 0a97 9D0A0000 		.4byte	0xa9d
 1352 0a9b 1E       		.uleb128 0x1e
 1353 0a9c 00       		.byte	0
 1354 0a9d 0B       		.uleb128 0xb
 1355 0a9e 04       		.byte	0x4
 1356 0a9f 860A0000 		.4byte	0xa86
 1357 0aa3 17       		.uleb128 0x17
 1358 0aa4 F5060000 		.4byte	.LASF139
 1359 0aa8 12       		.byte	0x12
 1360 0aa9 9501     		.2byte	0x195
 1361 0aab 920A0000 		.4byte	0xa92
 1362 0aaf 14       		.uleb128 0x14
 1363 0ab0 35010000 		.4byte	0x135
 1364 0ab4 C80A0000 		.4byte	0xac8
 1365 0ab8 10       		.uleb128 0x10
 1366 0ab9 CB020000 		.4byte	0x2cb
 1367 0abd 10       		.uleb128 0x10
 1368 0abe AC000000 		.4byte	0xac
ARM GAS  /tmp/ccW2Z3fZ.s 			page 25


 1369 0ac2 10       		.uleb128 0x10
 1370 0ac3 56010000 		.4byte	0x156
 1371 0ac7 00       		.byte	0
 1372 0ac8 0B       		.uleb128 0xb
 1373 0ac9 04       		.byte	0x4
 1374 0aca AF0A0000 		.4byte	0xaaf
 1375 0ace 14       		.uleb128 0x14
 1376 0acf 35010000 		.4byte	0x135
 1377 0ad3 E20A0000 		.4byte	0xae2
 1378 0ad7 10       		.uleb128 0x10
 1379 0ad8 CB020000 		.4byte	0x2cb
 1380 0adc 10       		.uleb128 0x10
 1381 0add 56010000 		.4byte	0x156
 1382 0ae1 00       		.byte	0
 1383 0ae2 0B       		.uleb128 0xb
 1384 0ae3 04       		.byte	0x4
 1385 0ae4 CE0A0000 		.4byte	0xace
 1386 0ae8 14       		.uleb128 0x14
 1387 0ae9 24000000 		.4byte	0x24
 1388 0aed 060B0000 		.4byte	0xb06
 1389 0af1 10       		.uleb128 0x10
 1390 0af2 CB020000 		.4byte	0x2cb
 1391 0af6 10       		.uleb128 0x10
 1392 0af7 99070000 		.4byte	0x799
 1393 0afb 10       		.uleb128 0x10
 1394 0afc 24000000 		.4byte	0x24
 1395 0b00 10       		.uleb128 0x10
 1396 0b01 56010000 		.4byte	0x156
 1397 0b05 00       		.byte	0
 1398 0b06 0B       		.uleb128 0xb
 1399 0b07 04       		.byte	0x4
 1400 0b08 E80A0000 		.4byte	0xae8
 1401 0b0c 14       		.uleb128 0x14
 1402 0b0d 24000000 		.4byte	0x24
 1403 0b11 2A0B0000 		.4byte	0xb2a
 1404 0b15 10       		.uleb128 0x10
 1405 0b16 CB020000 		.4byte	0x2cb
 1406 0b1a 10       		.uleb128 0x10
 1407 0b1b 64070000 		.4byte	0x764
 1408 0b1f 10       		.uleb128 0x10
 1409 0b20 24000000 		.4byte	0x24
 1410 0b24 10       		.uleb128 0x10
 1411 0b25 56010000 		.4byte	0x156
 1412 0b29 00       		.byte	0
 1413 0b2a 0B       		.uleb128 0xb
 1414 0b2b 04       		.byte	0x4
 1415 0b2c 0C0B0000 		.4byte	0xb0c
 1416 0b30 0A       		.uleb128 0xa
 1417 0b31 08       		.byte	0x8
 1418 0b32 13       		.byte	0x13
 1419 0b33 2E       		.byte	0x2e
 1420 0b34 510B0000 		.4byte	0xb51
 1421 0b38 08       		.uleb128 0x8
 1422 0b39 BE000000 		.4byte	.LASF140
 1423 0b3d 13       		.byte	0x13
 1424 0b3e 30       		.byte	0x30
 1425 0b3f D7000000 		.4byte	0xd7
ARM GAS  /tmp/ccW2Z3fZ.s 			page 26


 1426 0b43 00       		.byte	0
 1427 0b44 09       		.uleb128 0x9
 1428 0b45 64697200 		.ascii	"dir\000"
 1429 0b49 13       		.byte	0x13
 1430 0b4a 32       		.byte	0x32
 1431 0b4b D7000000 		.4byte	0xd7
 1432 0b4f 04       		.byte	0x4
 1433 0b50 00       		.byte	0
 1434 0b51 03       		.uleb128 0x3
 1435 0b52 C7050000 		.4byte	.LASF141
 1436 0b56 13       		.byte	0x13
 1437 0b57 33       		.byte	0x33
 1438 0b58 300B0000 		.4byte	0xb30
 1439 0b5c 0A       		.uleb128 0xa
 1440 0b5d 28       		.byte	0x28
 1441 0b5e 13       		.byte	0x13
 1442 0b5f 41       		.byte	0x41
 1443 0b60 9C0B0000 		.4byte	0xb9c
 1444 0b64 09       		.uleb128 0x9
 1445 0b65 503000   		.ascii	"P0\000"
 1446 0b68 13       		.byte	0x13
 1447 0b69 43       		.byte	0x43
 1448 0b6a 510B0000 		.4byte	0xb51
 1449 0b6e 00       		.byte	0
 1450 0b6f 09       		.uleb128 0x9
 1451 0b70 503100   		.ascii	"P1\000"
 1452 0b73 13       		.byte	0x13
 1453 0b74 45       		.byte	0x45
 1454 0b75 510B0000 		.4byte	0xb51
 1455 0b79 08       		.byte	0x8
 1456 0b7a 09       		.uleb128 0x9
 1457 0b7b 503200   		.ascii	"P2\000"
 1458 0b7e 13       		.byte	0x13
 1459 0b7f 47       		.byte	0x47
 1460 0b80 510B0000 		.4byte	0xb51
 1461 0b84 10       		.byte	0x10
 1462 0b85 09       		.uleb128 0x9
 1463 0b86 503300   		.ascii	"P3\000"
 1464 0b89 13       		.byte	0x13
 1465 0b8a 49       		.byte	0x49
 1466 0b8b 510B0000 		.4byte	0xb51
 1467 0b8f 18       		.byte	0x18
 1468 0b90 09       		.uleb128 0x9
 1469 0b91 503400   		.ascii	"P4\000"
 1470 0b94 13       		.byte	0x13
 1471 0b95 4B       		.byte	0x4b
 1472 0b96 510B0000 		.4byte	0xb51
 1473 0b9a 20       		.byte	0x20
 1474 0b9b 00       		.byte	0
 1475 0b9c 03       		.uleb128 0x3
 1476 0b9d 98070000 		.4byte	.LASF142
 1477 0ba1 13       		.byte	0x13
 1478 0ba2 4C       		.byte	0x4c
 1479 0ba3 5C0B0000 		.4byte	0xb5c
 1480 0ba7 05       		.uleb128 0x5
 1481 0ba8 9C0B0000 		.4byte	0xb9c
 1482 0bac 17       		.uleb128 0x17
ARM GAS  /tmp/ccW2Z3fZ.s 			page 27


 1483 0bad AA070000 		.4byte	.LASF143
 1484 0bb1 13       		.byte	0x13
 1485 0bb2 3301     		.2byte	0x133
 1486 0bb4 A70B0000 		.4byte	0xba7
 1487 0bb8 1F       		.uleb128 0x1f
 1488 0bb9 01       		.byte	0x1
 1489 0bba 56000000 		.4byte	0x56
 1490 0bbe 14       		.byte	0x14
 1491 0bbf 35       		.byte	0x35
 1492 0bc0 E30B0000 		.4byte	0xbe3
 1493 0bc4 20       		.uleb128 0x20
 1494 0bc5 7F020000 		.4byte	.LASF144
 1495 0bc9 00       		.byte	0
 1496 0bca 20       		.uleb128 0x20
 1497 0bcb DC050000 		.4byte	.LASF145
 1498 0bcf 01       		.byte	0x1
 1499 0bd0 20       		.uleb128 0x20
 1500 0bd1 13040000 		.4byte	.LASF146
 1501 0bd5 02       		.byte	0x2
 1502 0bd6 20       		.uleb128 0x20
 1503 0bd7 5F010000 		.4byte	.LASF147
 1504 0bdb 03       		.byte	0x3
 1505 0bdc 20       		.uleb128 0x20
 1506 0bdd 80000000 		.4byte	.LASF148
 1507 0be1 04       		.byte	0x4
 1508 0be2 00       		.byte	0
 1509 0be3 03       		.uleb128 0x3
 1510 0be4 1F020000 		.4byte	.LASF149
 1511 0be8 14       		.byte	0x14
 1512 0be9 3B       		.byte	0x3b
 1513 0bea B80B0000 		.4byte	0xbb8
 1514 0bee 03       		.uleb128 0x3
 1515 0bef EF010000 		.4byte	.LASF150
 1516 0bf3 14       		.byte	0x14
 1517 0bf4 40       		.byte	0x40
 1518 0bf5 F90B0000 		.4byte	0xbf9
 1519 0bf9 07       		.uleb128 0x7
 1520 0bfa EF010000 		.4byte	.LASF150
 1521 0bfe 10       		.byte	0x10
 1522 0bff 15       		.byte	0x15
 1523 0c00 93       		.byte	0x93
 1524 0c01 360C0000 		.4byte	0xc36
 1525 0c05 08       		.uleb128 0x8
 1526 0c06 78010000 		.4byte	.LASF151
 1527 0c0a 15       		.byte	0x15
 1528 0c0b 97       		.byte	0x97
 1529 0c0c E30B0000 		.4byte	0xbe3
 1530 0c10 00       		.byte	0
 1531 0c11 08       		.uleb128 0x8
 1532 0c12 35060000 		.4byte	.LASF152
 1533 0c16 15       		.byte	0x15
 1534 0c17 9B       		.byte	0x9b
 1535 0c18 940C0000 		.4byte	0xc94
 1536 0c1c 04       		.byte	0x4
 1537 0c1d 08       		.uleb128 0x8
 1538 0c1e 74070000 		.4byte	.LASF153
 1539 0c22 15       		.byte	0x15
ARM GAS  /tmp/ccW2Z3fZ.s 			page 28


 1540 0c23 A0       		.byte	0xa0
 1541 0c24 D7000000 		.4byte	0xd7
 1542 0c28 08       		.byte	0x8
 1543 0c29 09       		.uleb128 0x9
 1544 0c2a 746D7200 		.ascii	"tmr\000"
 1545 0c2e 15       		.byte	0x15
 1546 0c2f A4       		.byte	0xa4
 1547 0c30 9A0C0000 		.4byte	0xc9a
 1548 0c34 0C       		.byte	0xc
 1549 0c35 00       		.byte	0
 1550 0c36 03       		.uleb128 0x3
 1551 0c37 D1010000 		.4byte	.LASF154
 1552 0c3b 14       		.byte	0x14
 1553 0c3c 47       		.byte	0x47
 1554 0c3d 410C0000 		.4byte	0xc41
 1555 0c41 0B       		.uleb128 0xb
 1556 0c42 04       		.byte	0x4
 1557 0c43 470C0000 		.4byte	0xc47
 1558 0c47 0F       		.uleb128 0xf
 1559 0c48 520C0000 		.4byte	0xc52
 1560 0c4c 10       		.uleb128 0x10
 1561 0c4d 520C0000 		.4byte	0xc52
 1562 0c51 00       		.byte	0
 1563 0c52 0B       		.uleb128 0xb
 1564 0c53 04       		.byte	0x4
 1565 0c54 EE0B0000 		.4byte	0xbee
 1566 0c58 03       		.uleb128 0x3
 1567 0c59 9B020000 		.4byte	.LASF155
 1568 0c5d 15       		.byte	0x15
 1569 0c5e 76       		.byte	0x76
 1570 0c5f D7000000 		.4byte	0xd7
 1571 0c63 0A       		.uleb128 0xa
 1572 0c64 08       		.byte	0x8
 1573 0c65 15       		.byte	0x15
 1574 0c66 81       		.byte	0x81
 1575 0c67 840C0000 		.4byte	0xc84
 1576 0c6b 08       		.uleb128 0x8
 1577 0c6c E4000000 		.4byte	.LASF156
 1578 0c70 15       		.byte	0x15
 1579 0c71 87       		.byte	0x87
 1580 0c72 580C0000 		.4byte	0xc58
 1581 0c76 00       		.byte	0
 1582 0c77 08       		.uleb128 0x8
 1583 0c78 BA020000 		.4byte	.LASF157
 1584 0c7c 15       		.byte	0x15
 1585 0c7d 8C       		.byte	0x8c
 1586 0c7e 360C0000 		.4byte	0xc36
 1587 0c82 04       		.byte	0x4
 1588 0c83 00       		.byte	0
 1589 0c84 03       		.uleb128 0x3
 1590 0c85 7A060000 		.4byte	.LASF158
 1591 0c89 15       		.byte	0x15
 1592 0c8a 8E       		.byte	0x8e
 1593 0c8b 630C0000 		.4byte	0xc63
 1594 0c8f 05       		.uleb128 0x5
 1595 0c90 840C0000 		.4byte	0xc84
 1596 0c94 0B       		.uleb128 0xb
ARM GAS  /tmp/ccW2Z3fZ.s 			page 29


 1597 0c95 04       		.byte	0x4
 1598 0c96 8F0C0000 		.4byte	0xc8f
 1599 0c9a 0B       		.uleb128 0xb
 1600 0c9b 04       		.byte	0x4
 1601 0c9c 13090000 		.4byte	0x913
 1602 0ca0 11       		.uleb128 0x11
 1603 0ca1 CC000000 		.4byte	.LASF159
 1604 0ca5 15       		.byte	0x15
 1605 0ca6 B0       		.byte	0xb0
 1606 0ca7 EE0B0000 		.4byte	0xbee
 1607 0cab 11       		.uleb128 0x11
 1608 0cac D2000000 		.4byte	.LASF160
 1609 0cb0 15       		.byte	0x15
 1610 0cb1 B4       		.byte	0xb4
 1611 0cb2 EE0B0000 		.4byte	0xbee
 1612 0cb6 11       		.uleb128 0x11
 1613 0cb7 D8000000 		.4byte	.LASF161
 1614 0cbb 15       		.byte	0x15
 1615 0cbc B8       		.byte	0xb8
 1616 0cbd EE0B0000 		.4byte	0xbee
 1617 0cc1 11       		.uleb128 0x11
 1618 0cc2 DE000000 		.4byte	.LASF162
 1619 0cc6 15       		.byte	0x15
 1620 0cc7 BC       		.byte	0xbc
 1621 0cc8 EE0B0000 		.4byte	0xbee
 1622 0ccc 1F       		.uleb128 0x1f
 1623 0ccd 01       		.byte	0x1
 1624 0cce 56000000 		.4byte	0x56
 1625 0cd2 16       		.byte	0x16
 1626 0cd3 5D       		.byte	0x5d
 1627 0cd4 EB0C0000 		.4byte	0xceb
 1628 0cd8 20       		.uleb128 0x20
 1629 0cd9 BD050000 		.4byte	.LASF163
 1630 0cdd 00       		.byte	0
 1631 0cde 20       		.uleb128 0x20
 1632 0cdf 8C050000 		.4byte	.LASF164
 1633 0ce3 01       		.byte	0x1
 1634 0ce4 20       		.uleb128 0x20
 1635 0ce5 99060000 		.4byte	.LASF165
 1636 0ce9 02       		.byte	0x2
 1637 0cea 00       		.byte	0
 1638 0ceb 03       		.uleb128 0x3
 1639 0cec 02060000 		.4byte	.LASF166
 1640 0cf0 16       		.byte	0x16
 1641 0cf1 61       		.byte	0x61
 1642 0cf2 CC0C0000 		.4byte	0xccc
 1643 0cf6 03       		.uleb128 0x3
 1644 0cf7 0C060000 		.4byte	.LASF167
 1645 0cfb 16       		.byte	0x16
 1646 0cfc 66       		.byte	0x66
 1647 0cfd 010D0000 		.4byte	0xd01
 1648 0d01 07       		.uleb128 0x7
 1649 0d02 0C060000 		.4byte	.LASF167
 1650 0d06 78       		.byte	0x78
 1651 0d07 16       		.byte	0x16
 1652 0d08 80       		.byte	0x80
 1653 0d09 6C0D0000 		.4byte	0xd6c
ARM GAS  /tmp/ccW2Z3fZ.s 			page 30


 1654 0d0d 09       		.uleb128 0x9
 1655 0d0e 766D7400 		.ascii	"vmt\000"
 1656 0d12 16       		.byte	0x16
 1657 0d13 82       		.byte	0x82
 1658 0d14 F40D0000 		.4byte	0xdf4
 1659 0d18 00       		.byte	0
 1660 0d19 08       		.uleb128 0x8
 1661 0d1a EE000000 		.4byte	.LASF168
 1662 0d1e 16       		.byte	0x16
 1663 0d1f 83       		.byte	0x83
 1664 0d20 51050000 		.4byte	0x551
 1665 0d24 04       		.byte	0x4
 1666 0d25 08       		.uleb128 0x8
 1667 0d26 78010000 		.4byte	.LASF151
 1668 0d2a 16       		.byte	0x16
 1669 0d2b 83       		.byte	0x83
 1670 0d2c EB0C0000 		.4byte	0xceb
 1671 0d30 08       		.byte	0x8
 1672 0d31 08       		.uleb128 0x8
 1673 0d32 5F020000 		.4byte	.LASF169
 1674 0d36 16       		.byte	0x16
 1675 0d37 83       		.byte	0x83
 1676 0d38 6A070000 		.4byte	0x76a
 1677 0d3c 0C       		.byte	0xc
 1678 0d3d 08       		.uleb128 0x8
 1679 0d3e AB020000 		.4byte	.LASF170
 1680 0d42 16       		.byte	0x16
 1681 0d43 83       		.byte	0x83
 1682 0d44 75070000 		.4byte	0x775
 1683 0d48 30       		.byte	0x30
 1684 0d49 09       		.uleb128 0x9
 1685 0d4a 696200   		.ascii	"ib\000"
 1686 0d4d 16       		.byte	0x16
 1687 0d4e 83       		.byte	0x83
 1688 0d4f FA0D0000 		.4byte	0xdfa
 1689 0d53 54       		.byte	0x54
 1690 0d54 09       		.uleb128 0x9
 1691 0d55 6F6200   		.ascii	"ob\000"
 1692 0d58 16       		.byte	0x16
 1693 0d59 83       		.byte	0x83
 1694 0d5a FA0D0000 		.4byte	0xdfa
 1695 0d5e 64       		.byte	0x64
 1696 0d5f 08       		.uleb128 0x8
 1697 0d60 7E040000 		.4byte	.LASF171
 1698 0d64 16       		.byte	0x16
 1699 0d65 83       		.byte	0x83
 1700 0d66 0A0E0000 		.4byte	0xe0a
 1701 0d6a 74       		.byte	0x74
 1702 0d6b 00       		.byte	0
 1703 0d6c 21       		.uleb128 0x21
 1704 0d6d 53443100 		.ascii	"SD1\000"
 1705 0d71 17       		.byte	0x17
 1706 0d72 EF       		.byte	0xef
 1707 0d73 F60C0000 		.4byte	0xcf6
 1708 0d77 21       		.uleb128 0x21
 1709 0d78 53443300 		.ascii	"SD3\000"
 1710 0d7c 17       		.byte	0x17
ARM GAS  /tmp/ccW2Z3fZ.s 			page 31


 1711 0d7d F7       		.byte	0xf7
 1712 0d7e F60C0000 		.4byte	0xcf6
 1713 0d82 07       		.uleb128 0x7
 1714 0d83 64070000 		.4byte	.LASF172
 1715 0d87 20       		.byte	0x20
 1716 0d88 16       		.byte	0x16
 1717 0d89 75       		.byte	0x75
 1718 0d8a EF0D0000 		.4byte	0xdef
 1719 0d8e 08       		.uleb128 0x8
 1720 0d8f 2D030000 		.4byte	.LASF173
 1721 0d93 16       		.byte	0x16
 1722 0d94 76       		.byte	0x76
 1723 0d95 9F070000 		.4byte	0x79f
 1724 0d99 00       		.byte	0
 1725 0d9a 08       		.uleb128 0x8
 1726 0d9b 2B060000 		.4byte	.LASF174
 1727 0d9f 16       		.byte	0x16
 1728 0da0 76       		.byte	0x76
 1729 0da1 BE070000 		.4byte	0x7be
 1730 0da5 04       		.byte	0x4
 1731 0da6 09       		.uleb128 0x9
 1732 0da7 70757400 		.ascii	"put\000"
 1733 0dab 16       		.byte	0x16
 1734 0dac 76       		.byte	0x76
 1735 0dad D8070000 		.4byte	0x7d8
 1736 0db1 08       		.byte	0x8
 1737 0db2 09       		.uleb128 0x9
 1738 0db3 67657400 		.ascii	"get\000"
 1739 0db7 16       		.byte	0x16
 1740 0db8 76       		.byte	0x76
 1741 0db9 A9050000 		.4byte	0x5a9
 1742 0dbd 0C       		.byte	0xc
 1743 0dbe 08       		.uleb128 0x8
 1744 0dbf 33030000 		.4byte	.LASF175
 1745 0dc3 16       		.byte	0x16
 1746 0dc4 76       		.byte	0x76
 1747 0dc5 C80A0000 		.4byte	0xac8
 1748 0dc9 10       		.byte	0x10
 1749 0dca 08       		.uleb128 0x8
 1750 0dcb 7A020000 		.4byte	.LASF176
 1751 0dcf 16       		.byte	0x16
 1752 0dd0 76       		.byte	0x76
 1753 0dd1 E20A0000 		.4byte	0xae2
 1754 0dd5 14       		.byte	0x14
 1755 0dd6 08       		.uleb128 0x8
 1756 0dd7 C3020000 		.4byte	.LASF177
 1757 0ddb 16       		.byte	0x16
 1758 0ddc 76       		.byte	0x76
 1759 0ddd 060B0000 		.4byte	0xb06
 1760 0de1 18       		.byte	0x18
 1761 0de2 08       		.uleb128 0x8
 1762 0de3 08010000 		.4byte	.LASF178
 1763 0de7 16       		.byte	0x16
 1764 0de8 76       		.byte	0x76
 1765 0de9 2A0B0000 		.4byte	0xb2a
 1766 0ded 1C       		.byte	0x1c
 1767 0dee 00       		.byte	0
ARM GAS  /tmp/ccW2Z3fZ.s 			page 32


 1768 0def 05       		.uleb128 0x5
 1769 0df0 820D0000 		.4byte	0xd82
 1770 0df4 0B       		.uleb128 0xb
 1771 0df5 04       		.byte	0x4
 1772 0df6 EF0D0000 		.4byte	0xdef
 1773 0dfa 15       		.uleb128 0x15
 1774 0dfb AC000000 		.4byte	0xac
 1775 0dff 0A0E0000 		.4byte	0xe0a
 1776 0e03 16       		.uleb128 0x16
 1777 0e04 75030000 		.4byte	0x375
 1778 0e08 0F       		.byte	0xf
 1779 0e09 00       		.byte	0
 1780 0e0a 0B       		.uleb128 0xb
 1781 0e0b 04       		.byte	0x4
 1782 0e0c 2F0A0000 		.4byte	0xa2f
 1783 0e10 00       		.byte	0
 1784              		.section	.debug_abbrev,"",%progbits
 1785              	.Ldebug_abbrev0:
 1786 0000 01       		.uleb128 0x1
 1787 0001 11       		.uleb128 0x11
 1788 0002 01       		.byte	0x1
 1789 0003 25       		.uleb128 0x25
 1790 0004 0E       		.uleb128 0xe
 1791 0005 13       		.uleb128 0x13
 1792 0006 0B       		.uleb128 0xb
 1793 0007 03       		.uleb128 0x3
 1794 0008 0E       		.uleb128 0xe
 1795 0009 1B       		.uleb128 0x1b
 1796 000a 0E       		.uleb128 0xe
 1797 000b 10       		.uleb128 0x10
 1798 000c 17       		.uleb128 0x17
 1799 000d 00       		.byte	0
 1800 000e 00       		.byte	0
 1801 000f 02       		.uleb128 0x2
 1802 0010 24       		.uleb128 0x24
 1803 0011 00       		.byte	0
 1804 0012 0B       		.uleb128 0xb
 1805 0013 0B       		.uleb128 0xb
 1806 0014 3E       		.uleb128 0x3e
 1807 0015 0B       		.uleb128 0xb
 1808 0016 03       		.uleb128 0x3
 1809 0017 08       		.uleb128 0x8
 1810 0018 00       		.byte	0
 1811 0019 00       		.byte	0
 1812 001a 03       		.uleb128 0x3
 1813 001b 16       		.uleb128 0x16
 1814 001c 00       		.byte	0
 1815 001d 03       		.uleb128 0x3
 1816 001e 0E       		.uleb128 0xe
 1817 001f 3A       		.uleb128 0x3a
 1818 0020 0B       		.uleb128 0xb
 1819 0021 3B       		.uleb128 0x3b
 1820 0022 0B       		.uleb128 0xb
 1821 0023 49       		.uleb128 0x49
 1822 0024 13       		.uleb128 0x13
 1823 0025 00       		.byte	0
 1824 0026 00       		.byte	0
ARM GAS  /tmp/ccW2Z3fZ.s 			page 33


 1825 0027 04       		.uleb128 0x4
 1826 0028 24       		.uleb128 0x24
 1827 0029 00       		.byte	0
 1828 002a 0B       		.uleb128 0xb
 1829 002b 0B       		.uleb128 0xb
 1830 002c 3E       		.uleb128 0x3e
 1831 002d 0B       		.uleb128 0xb
 1832 002e 03       		.uleb128 0x3
 1833 002f 0E       		.uleb128 0xe
 1834 0030 00       		.byte	0
 1835 0031 00       		.byte	0
 1836 0032 05       		.uleb128 0x5
 1837 0033 26       		.uleb128 0x26
 1838 0034 00       		.byte	0
 1839 0035 49       		.uleb128 0x49
 1840 0036 13       		.uleb128 0x13
 1841 0037 00       		.byte	0
 1842 0038 00       		.byte	0
 1843 0039 06       		.uleb128 0x6
 1844 003a 35       		.uleb128 0x35
 1845 003b 00       		.byte	0
 1846 003c 49       		.uleb128 0x49
 1847 003d 13       		.uleb128 0x13
 1848 003e 00       		.byte	0
 1849 003f 00       		.byte	0
 1850 0040 07       		.uleb128 0x7
 1851 0041 13       		.uleb128 0x13
 1852 0042 01       		.byte	0x1
 1853 0043 03       		.uleb128 0x3
 1854 0044 0E       		.uleb128 0xe
 1855 0045 0B       		.uleb128 0xb
 1856 0046 0B       		.uleb128 0xb
 1857 0047 3A       		.uleb128 0x3a
 1858 0048 0B       		.uleb128 0xb
 1859 0049 3B       		.uleb128 0x3b
 1860 004a 0B       		.uleb128 0xb
 1861 004b 01       		.uleb128 0x1
 1862 004c 13       		.uleb128 0x13
 1863 004d 00       		.byte	0
 1864 004e 00       		.byte	0
 1865 004f 08       		.uleb128 0x8
 1866 0050 0D       		.uleb128 0xd
 1867 0051 00       		.byte	0
 1868 0052 03       		.uleb128 0x3
 1869 0053 0E       		.uleb128 0xe
 1870 0054 3A       		.uleb128 0x3a
 1871 0055 0B       		.uleb128 0xb
 1872 0056 3B       		.uleb128 0x3b
 1873 0057 0B       		.uleb128 0xb
 1874 0058 49       		.uleb128 0x49
 1875 0059 13       		.uleb128 0x13
 1876 005a 38       		.uleb128 0x38
 1877 005b 0B       		.uleb128 0xb
 1878 005c 00       		.byte	0
 1879 005d 00       		.byte	0
 1880 005e 09       		.uleb128 0x9
 1881 005f 0D       		.uleb128 0xd
ARM GAS  /tmp/ccW2Z3fZ.s 			page 34


 1882 0060 00       		.byte	0
 1883 0061 03       		.uleb128 0x3
 1884 0062 08       		.uleb128 0x8
 1885 0063 3A       		.uleb128 0x3a
 1886 0064 0B       		.uleb128 0xb
 1887 0065 3B       		.uleb128 0x3b
 1888 0066 0B       		.uleb128 0xb
 1889 0067 49       		.uleb128 0x49
 1890 0068 13       		.uleb128 0x13
 1891 0069 38       		.uleb128 0x38
 1892 006a 0B       		.uleb128 0xb
 1893 006b 00       		.byte	0
 1894 006c 00       		.byte	0
 1895 006d 0A       		.uleb128 0xa
 1896 006e 13       		.uleb128 0x13
 1897 006f 01       		.byte	0x1
 1898 0070 0B       		.uleb128 0xb
 1899 0071 0B       		.uleb128 0xb
 1900 0072 3A       		.uleb128 0x3a
 1901 0073 0B       		.uleb128 0xb
 1902 0074 3B       		.uleb128 0x3b
 1903 0075 0B       		.uleb128 0xb
 1904 0076 01       		.uleb128 0x1
 1905 0077 13       		.uleb128 0x13
 1906 0078 00       		.byte	0
 1907 0079 00       		.byte	0
 1908 007a 0B       		.uleb128 0xb
 1909 007b 0F       		.uleb128 0xf
 1910 007c 00       		.byte	0
 1911 007d 0B       		.uleb128 0xb
 1912 007e 0B       		.uleb128 0xb
 1913 007f 49       		.uleb128 0x49
 1914 0080 13       		.uleb128 0x13
 1915 0081 00       		.byte	0
 1916 0082 00       		.byte	0
 1917 0083 0C       		.uleb128 0xc
 1918 0084 0F       		.uleb128 0xf
 1919 0085 00       		.byte	0
 1920 0086 0B       		.uleb128 0xb
 1921 0087 0B       		.uleb128 0xb
 1922 0088 00       		.byte	0
 1923 0089 00       		.byte	0
 1924 008a 0D       		.uleb128 0xd
 1925 008b 13       		.uleb128 0x13
 1926 008c 01       		.byte	0x1
 1927 008d 03       		.uleb128 0x3
 1928 008e 0E       		.uleb128 0xe
 1929 008f 0B       		.uleb128 0xb
 1930 0090 0B       		.uleb128 0xb
 1931 0091 3A       		.uleb128 0x3a
 1932 0092 0B       		.uleb128 0xb
 1933 0093 3B       		.uleb128 0x3b
 1934 0094 05       		.uleb128 0x5
 1935 0095 01       		.uleb128 0x1
 1936 0096 13       		.uleb128 0x13
 1937 0097 00       		.byte	0
 1938 0098 00       		.byte	0
ARM GAS  /tmp/ccW2Z3fZ.s 			page 35


 1939 0099 0E       		.uleb128 0xe
 1940 009a 0D       		.uleb128 0xd
 1941 009b 00       		.byte	0
 1942 009c 03       		.uleb128 0x3
 1943 009d 08       		.uleb128 0x8
 1944 009e 3A       		.uleb128 0x3a
 1945 009f 0B       		.uleb128 0xb
 1946 00a0 3B       		.uleb128 0x3b
 1947 00a1 05       		.uleb128 0x5
 1948 00a2 49       		.uleb128 0x49
 1949 00a3 13       		.uleb128 0x13
 1950 00a4 38       		.uleb128 0x38
 1951 00a5 0B       		.uleb128 0xb
 1952 00a6 00       		.byte	0
 1953 00a7 00       		.byte	0
 1954 00a8 0F       		.uleb128 0xf
 1955 00a9 15       		.uleb128 0x15
 1956 00aa 01       		.byte	0x1
 1957 00ab 27       		.uleb128 0x27
 1958 00ac 19       		.uleb128 0x19
 1959 00ad 01       		.uleb128 0x1
 1960 00ae 13       		.uleb128 0x13
 1961 00af 00       		.byte	0
 1962 00b0 00       		.byte	0
 1963 00b1 10       		.uleb128 0x10
 1964 00b2 05       		.uleb128 0x5
 1965 00b3 00       		.byte	0
 1966 00b4 49       		.uleb128 0x49
 1967 00b5 13       		.uleb128 0x13
 1968 00b6 00       		.byte	0
 1969 00b7 00       		.byte	0
 1970 00b8 11       		.uleb128 0x11
 1971 00b9 34       		.uleb128 0x34
 1972 00ba 00       		.byte	0
 1973 00bb 03       		.uleb128 0x3
 1974 00bc 0E       		.uleb128 0xe
 1975 00bd 3A       		.uleb128 0x3a
 1976 00be 0B       		.uleb128 0xb
 1977 00bf 3B       		.uleb128 0x3b
 1978 00c0 0B       		.uleb128 0xb
 1979 00c1 49       		.uleb128 0x49
 1980 00c2 13       		.uleb128 0x13
 1981 00c3 3F       		.uleb128 0x3f
 1982 00c4 19       		.uleb128 0x19
 1983 00c5 3C       		.uleb128 0x3c
 1984 00c6 19       		.uleb128 0x19
 1985 00c7 00       		.byte	0
 1986 00c8 00       		.byte	0
 1987 00c9 12       		.uleb128 0x12
 1988 00ca 17       		.uleb128 0x17
 1989 00cb 01       		.byte	0x1
 1990 00cc 0B       		.uleb128 0xb
 1991 00cd 0B       		.uleb128 0xb
 1992 00ce 3A       		.uleb128 0x3a
 1993 00cf 0B       		.uleb128 0xb
 1994 00d0 3B       		.uleb128 0x3b
 1995 00d1 0B       		.uleb128 0xb
ARM GAS  /tmp/ccW2Z3fZ.s 			page 36


 1996 00d2 01       		.uleb128 0x1
 1997 00d3 13       		.uleb128 0x13
 1998 00d4 00       		.byte	0
 1999 00d5 00       		.byte	0
 2000 00d6 13       		.uleb128 0x13
 2001 00d7 0D       		.uleb128 0xd
 2002 00d8 00       		.byte	0
 2003 00d9 03       		.uleb128 0x3
 2004 00da 0E       		.uleb128 0xe
 2005 00db 3A       		.uleb128 0x3a
 2006 00dc 0B       		.uleb128 0xb
 2007 00dd 3B       		.uleb128 0x3b
 2008 00de 0B       		.uleb128 0xb
 2009 00df 49       		.uleb128 0x49
 2010 00e0 13       		.uleb128 0x13
 2011 00e1 00       		.byte	0
 2012 00e2 00       		.byte	0
 2013 00e3 14       		.uleb128 0x14
 2014 00e4 15       		.uleb128 0x15
 2015 00e5 01       		.byte	0x1
 2016 00e6 27       		.uleb128 0x27
 2017 00e7 19       		.uleb128 0x19
 2018 00e8 49       		.uleb128 0x49
 2019 00e9 13       		.uleb128 0x13
 2020 00ea 01       		.uleb128 0x1
 2021 00eb 13       		.uleb128 0x13
 2022 00ec 00       		.byte	0
 2023 00ed 00       		.byte	0
 2024 00ee 15       		.uleb128 0x15
 2025 00ef 01       		.uleb128 0x1
 2026 00f0 01       		.byte	0x1
 2027 00f1 49       		.uleb128 0x49
 2028 00f2 13       		.uleb128 0x13
 2029 00f3 01       		.uleb128 0x1
 2030 00f4 13       		.uleb128 0x13
 2031 00f5 00       		.byte	0
 2032 00f6 00       		.byte	0
 2033 00f7 16       		.uleb128 0x16
 2034 00f8 21       		.uleb128 0x21
 2035 00f9 00       		.byte	0
 2036 00fa 49       		.uleb128 0x49
 2037 00fb 13       		.uleb128 0x13
 2038 00fc 2F       		.uleb128 0x2f
 2039 00fd 0B       		.uleb128 0xb
 2040 00fe 00       		.byte	0
 2041 00ff 00       		.byte	0
 2042 0100 17       		.uleb128 0x17
 2043 0101 34       		.uleb128 0x34
 2044 0102 00       		.byte	0
 2045 0103 03       		.uleb128 0x3
 2046 0104 0E       		.uleb128 0xe
 2047 0105 3A       		.uleb128 0x3a
 2048 0106 0B       		.uleb128 0xb
 2049 0107 3B       		.uleb128 0x3b
 2050 0108 05       		.uleb128 0x5
 2051 0109 49       		.uleb128 0x49
 2052 010a 13       		.uleb128 0x13
ARM GAS  /tmp/ccW2Z3fZ.s 			page 37


 2053 010b 3F       		.uleb128 0x3f
 2054 010c 19       		.uleb128 0x19
 2055 010d 3C       		.uleb128 0x3c
 2056 010e 19       		.uleb128 0x19
 2057 010f 00       		.byte	0
 2058 0110 00       		.byte	0
 2059 0111 18       		.uleb128 0x18
 2060 0112 13       		.uleb128 0x13
 2061 0113 01       		.byte	0x1
 2062 0114 0B       		.uleb128 0xb
 2063 0115 0B       		.uleb128 0xb
 2064 0116 3A       		.uleb128 0x3a
 2065 0117 0B       		.uleb128 0xb
 2066 0118 3B       		.uleb128 0x3b
 2067 0119 05       		.uleb128 0x5
 2068 011a 01       		.uleb128 0x1
 2069 011b 13       		.uleb128 0x13
 2070 011c 00       		.byte	0
 2071 011d 00       		.byte	0
 2072 011e 19       		.uleb128 0x19
 2073 011f 0D       		.uleb128 0xd
 2074 0120 00       		.byte	0
 2075 0121 03       		.uleb128 0x3
 2076 0122 0E       		.uleb128 0xe
 2077 0123 3A       		.uleb128 0x3a
 2078 0124 0B       		.uleb128 0xb
 2079 0125 3B       		.uleb128 0x3b
 2080 0126 05       		.uleb128 0x5
 2081 0127 49       		.uleb128 0x49
 2082 0128 13       		.uleb128 0x13
 2083 0129 38       		.uleb128 0x38
 2084 012a 0B       		.uleb128 0xb
 2085 012b 00       		.byte	0
 2086 012c 00       		.byte	0
 2087 012d 1A       		.uleb128 0x1a
 2088 012e 16       		.uleb128 0x16
 2089 012f 00       		.byte	0
 2090 0130 03       		.uleb128 0x3
 2091 0131 0E       		.uleb128 0xe
 2092 0132 3A       		.uleb128 0x3a
 2093 0133 0B       		.uleb128 0xb
 2094 0134 3B       		.uleb128 0x3b
 2095 0135 05       		.uleb128 0x5
 2096 0136 49       		.uleb128 0x49
 2097 0137 13       		.uleb128 0x13
 2098 0138 00       		.byte	0
 2099 0139 00       		.byte	0
 2100 013a 1B       		.uleb128 0x1b
 2101 013b 17       		.uleb128 0x17
 2102 013c 01       		.byte	0x1
 2103 013d 0B       		.uleb128 0xb
 2104 013e 0B       		.uleb128 0xb
 2105 013f 3A       		.uleb128 0x3a
 2106 0140 0B       		.uleb128 0xb
 2107 0141 3B       		.uleb128 0x3b
 2108 0142 05       		.uleb128 0x5
 2109 0143 01       		.uleb128 0x1
ARM GAS  /tmp/ccW2Z3fZ.s 			page 38


 2110 0144 13       		.uleb128 0x13
 2111 0145 00       		.byte	0
 2112 0146 00       		.byte	0
 2113 0147 1C       		.uleb128 0x1c
 2114 0148 0D       		.uleb128 0xd
 2115 0149 00       		.byte	0
 2116 014a 03       		.uleb128 0x3
 2117 014b 08       		.uleb128 0x8
 2118 014c 3A       		.uleb128 0x3a
 2119 014d 0B       		.uleb128 0xb
 2120 014e 3B       		.uleb128 0x3b
 2121 014f 05       		.uleb128 0x5
 2122 0150 49       		.uleb128 0x49
 2123 0151 13       		.uleb128 0x13
 2124 0152 00       		.byte	0
 2125 0153 00       		.byte	0
 2126 0154 1D       		.uleb128 0x1d
 2127 0155 0D       		.uleb128 0xd
 2128 0156 00       		.byte	0
 2129 0157 49       		.uleb128 0x49
 2130 0158 13       		.uleb128 0x13
 2131 0159 38       		.uleb128 0x38
 2132 015a 0B       		.uleb128 0xb
 2133 015b 00       		.byte	0
 2134 015c 00       		.byte	0
 2135 015d 1E       		.uleb128 0x1e
 2136 015e 21       		.uleb128 0x21
 2137 015f 00       		.byte	0
 2138 0160 00       		.byte	0
 2139 0161 00       		.byte	0
 2140 0162 1F       		.uleb128 0x1f
 2141 0163 04       		.uleb128 0x4
 2142 0164 01       		.byte	0x1
 2143 0165 0B       		.uleb128 0xb
 2144 0166 0B       		.uleb128 0xb
 2145 0167 49       		.uleb128 0x49
 2146 0168 13       		.uleb128 0x13
 2147 0169 3A       		.uleb128 0x3a
 2148 016a 0B       		.uleb128 0xb
 2149 016b 3B       		.uleb128 0x3b
 2150 016c 0B       		.uleb128 0xb
 2151 016d 01       		.uleb128 0x1
 2152 016e 13       		.uleb128 0x13
 2153 016f 00       		.byte	0
 2154 0170 00       		.byte	0
 2155 0171 20       		.uleb128 0x20
 2156 0172 28       		.uleb128 0x28
 2157 0173 00       		.byte	0
 2158 0174 03       		.uleb128 0x3
 2159 0175 0E       		.uleb128 0xe
 2160 0176 1C       		.uleb128 0x1c
 2161 0177 0B       		.uleb128 0xb
 2162 0178 00       		.byte	0
 2163 0179 00       		.byte	0
 2164 017a 21       		.uleb128 0x21
 2165 017b 34       		.uleb128 0x34
 2166 017c 00       		.byte	0
ARM GAS  /tmp/ccW2Z3fZ.s 			page 39


 2167 017d 03       		.uleb128 0x3
 2168 017e 08       		.uleb128 0x8
 2169 017f 3A       		.uleb128 0x3a
 2170 0180 0B       		.uleb128 0xb
 2171 0181 3B       		.uleb128 0x3b
 2172 0182 0B       		.uleb128 0xb
 2173 0183 49       		.uleb128 0x49
 2174 0184 13       		.uleb128 0x13
 2175 0185 3F       		.uleb128 0x3f
 2176 0186 19       		.uleb128 0x19
 2177 0187 3C       		.uleb128 0x3c
 2178 0188 19       		.uleb128 0x19
 2179 0189 00       		.byte	0
 2180 018a 00       		.byte	0
 2181 018b 00       		.byte	0
 2182              		.section	.debug_aranges,"",%progbits
 2183 0000 14000000 		.4byte	0x14
 2184 0004 0200     		.2byte	0x2
 2185 0006 00000000 		.4byte	.Ldebug_info0
 2186 000a 04       		.byte	0x4
 2187 000b 00       		.byte	0
 2188 000c 0000     		.2byte	0
 2189 000e 0000     		.2byte	0
 2190 0010 00000000 		.4byte	0
 2191 0014 00000000 		.4byte	0
 2192              		.section	.debug_line,"",%progbits
 2193              	.Ldebug_line0:
 2194 0000 41020000 		.section	.debug_str,"MS",%progbits,1
 2194      02003B02 
 2194      00000201 
 2194      FB0E0D00 
 2194      01010101 
 2195              	.LASF102:
 2196 0000 63665F6F 		.ascii	"cf_off_older\000"
 2196      66665F6F 
 2196      6C646572 
 2196      00
 2197              	.LASF181:
 2198 000d 2F686F6D 		.ascii	"/home/ekobayu/Arok-Gandring-Lokajaya/LPC/ChibiOS-RT"
 2198      652F656B 
 2198      6F626179 
 2198      752F4172 
 2198      6F6B2D47 
 2199 0040 2D4C5043 		.ascii	"-LPC/demos/LPC1766\000"
 2199      2F64656D 
 2199      6F732F4C 
 2199      50433137 
 2199      363600
 2200              	.LASF4:
 2201 0053 73697A65 		.ascii	"size_t\000"
 2201      5F7400
 2202              	.LASF87:
 2203 005a 7264796D 		.ascii	"rdymsg\000"
 2203      736700
 2204              	.LASF20:
 2205 0061 75696E74 		.ascii	"uint64_t\000"
 2205      36345F74 
ARM GAS  /tmp/ccW2Z3fZ.s 			page 40


 2205      00
 2206              	.LASF123:
 2207 006a 4F757470 		.ascii	"OutputQueue\000"
 2207      75745175 
 2207      65756500 
 2208              	.LASF5:
 2209 0076 5F5F7569 		.ascii	"__uint8_t\000"
 2209      6E74385F 
 2209      7400
 2210              	.LASF148:
 2211 0080 4750545F 		.ascii	"GPT_ONESHOT\000"
 2211      4F4E4553 
 2211      484F5400 
 2212              	.LASF74:
 2213 008c 76746C69 		.ascii	"vtlist\000"
 2213      737400
 2214              	.LASF116:
 2215 0093 715F746F 		.ascii	"q_top\000"
 2215      7000
 2216              	.LASF15:
 2217 0099 6C6F6E67 		.ascii	"long long unsigned int\000"
 2217      206C6F6E 
 2217      6720756E 
 2217      7369676E 
 2217      65642069 
 2218              	.LASF98:
 2219 00b0 63685F74 		.ascii	"ch_threadsize\000"
 2219      68726561 
 2219      6473697A 
 2219      6500
 2220              	.LASF140:
 2221 00be 64617461 		.ascii	"data\000"
 2221      00
 2222              	.LASF88:
 2223 00c3 65786974 		.ascii	"exitcode\000"
 2223      636F6465 
 2223      00
 2224              	.LASF159:
 2225 00cc 47505444 		.ascii	"GPTD1\000"
 2225      3100
 2226              	.LASF160:
 2227 00d2 47505444 		.ascii	"GPTD2\000"
 2227      3200
 2228              	.LASF161:
 2229 00d8 47505444 		.ascii	"GPTD3\000"
 2229      3300
 2230              	.LASF162:
 2231 00de 47505444 		.ascii	"GPTD4\000"
 2231      3400
 2232              	.LASF156:
 2233 00e4 66726571 		.ascii	"frequency\000"
 2233      75656E63 
 2233      7900
 2234              	.LASF168:
 2235 00ee 6576656E 		.ascii	"event\000"
 2235      7400
 2236              	.LASF34:
ARM GAS  /tmp/ccW2Z3fZ.s 			page 41


 2237 00f4 705F7072 		.ascii	"p_prio\000"
 2237      696F00
 2238              	.LASF105:
 2239 00fb 63665F6F 		.ascii	"cf_off_state\000"
 2239      66665F73 
 2239      74617465 
 2239      00
 2240              	.LASF178:
 2241 0108 72656164 		.ascii	"readt\000"
 2241      7400
 2242              	.LASF113:
 2243 010e 715F7761 		.ascii	"q_waiting\000"
 2243      6974696E 
 2243      6700
 2244              	.LASF1:
 2245 0118 6C6F6E67 		.ascii	"long long int\000"
 2245      206C6F6E 
 2245      6720696E 
 2245      7400
 2246              	.LASF3:
 2247 0126 7369676E 		.ascii	"signed char\000"
 2247      65642063 
 2247      68617200 
 2248              	.LASF104:
 2249 0132 63665F6F 		.ascii	"cf_off_stklimit\000"
 2249      66665F73 
 2249      746B6C69 
 2249      6D697400 
 2250              	.LASF106:
 2251 0142 63665F6F 		.ascii	"cf_off_flags\000"
 2251      66665F66 
 2251      6C616773 
 2251      00
 2252              	.LASF50:
 2253 014f 705F6D70 		.ascii	"p_mpool\000"
 2253      6F6F6C00 
 2254              	.LASF77:
 2255 0157 6D5F7175 		.ascii	"m_queue\000"
 2255      65756500 
 2256              	.LASF147:
 2257 015f 4750545F 		.ascii	"GPT_CONTINUOUS\000"
 2257      434F4E54 
 2257      494E554F 
 2257      555300
 2258              	.LASF25:
 2259 016e 74736C69 		.ascii	"tslices_t\000"
 2259      6365735F 
 2259      7400
 2260              	.LASF151:
 2261 0178 73746174 		.ascii	"state\000"
 2261      6500
 2262              	.LASF11:
 2263 017e 6C6F6E67 		.ascii	"long int\000"
 2263      20696E74 
 2263      00
 2264              	.LASF23:
 2265 0187 74737461 		.ascii	"tstate_t\000"
ARM GAS  /tmp/ccW2Z3fZ.s 			page 42


 2265      74655F74 
 2265      00
 2266              	.LASF41:
 2267 0190 705F7265 		.ascii	"p_refs\000"
 2267      667300
 2268              	.LASF66:
 2269 0197 56544C69 		.ascii	"VTList\000"
 2269      737400
 2270              	.LASF115:
 2271 019e 715F6275 		.ascii	"q_buffer\000"
 2271      66666572 
 2271      00
 2272              	.LASF117:
 2273 01a7 715F7772 		.ascii	"q_wrptr\000"
 2273      70747200 
 2274              	.LASF110:
 2275 01af 63686465 		.ascii	"chdebug_t\000"
 2275      6275675F 
 2275      7400
 2276              	.LASF36:
 2277 01b9 705F6E65 		.ascii	"p_newer\000"
 2277      77657200 
 2278              	.LASF124:
 2279 01c1 5F69646C 		.ascii	"_idle_thread_wa\000"
 2279      655F7468 
 2279      72656164 
 2279      5F776100 
 2280              	.LASF154:
 2281 01d1 67707463 		.ascii	"gptcallback_t\000"
 2281      616C6C62 
 2281      61636B5F 
 2281      7400
 2282              	.LASF137:
 2283 01df 43436F6E 		.ascii	"CConfig\000"
 2283      66696700 
 2284              	.LASF70:
 2285 01e7 725F6E65 		.ascii	"r_newer\000"
 2285      77657200 
 2286              	.LASF150:
 2287 01ef 47505444 		.ascii	"GPTDriver\000"
 2287      72697665 
 2287      7200
 2288              	.LASF53:
 2289 01f9 72656761 		.ascii	"regarm_t\000"
 2289      726D5F74 
 2289      00
 2290              	.LASF61:
 2291 0202 76745F70 		.ascii	"vt_prev\000"
 2291      72657600 
 2292              	.LASF133:
 2293 020a 43537263 		.ascii	"CSrcAddr\000"
 2293      41646472 
 2293      00
 2294              	.LASF85:
 2295 0213 4576656E 		.ascii	"EventSource\000"
 2295      74536F75 
 2295      72636500 
ARM GAS  /tmp/ccW2Z3fZ.s 			page 43


 2296              	.LASF149:
 2297 021f 67707473 		.ascii	"gptstate_t\000"
 2297      74617465 
 2297      5F7400
 2298              	.LASF0:
 2299 022a 756E7369 		.ascii	"unsigned int\000"
 2299      676E6564 
 2299      20696E74 
 2299      00
 2300              	.LASF60:
 2301 0237 76745F6E 		.ascii	"vt_next\000"
 2301      65787400 
 2302              	.LASF17:
 2303 023f 75696E74 		.ascii	"uint16_t\000"
 2303      31365F74 
 2303      00
 2304              	.LASF126:
 2305 0248 53797374 		.ascii	"SystemCoreClock\000"
 2305      656D436F 
 2305      7265436C 
 2305      6F636B00 
 2306              	.LASF43:
 2307 0258 705F7469 		.ascii	"p_time\000"
 2307      6D6500
 2308              	.LASF169:
 2309 025f 69717565 		.ascii	"iqueue\000"
 2309      756500
 2310              	.LASF45:
 2311 0266 705F6D73 		.ascii	"p_msgqueue\000"
 2311      67717565 
 2311      756500
 2312              	.LASF111:
 2313 0271 63685F64 		.ascii	"ch_debug\000"
 2313      65627567 
 2313      00
 2314              	.LASF176:
 2315 027a 67657474 		.ascii	"gett\000"
 2315      00
 2316              	.LASF144:
 2317 027f 4750545F 		.ascii	"GPT_UNINIT\000"
 2317      554E494E 
 2317      495400
 2318              	.LASF132:
 2319 028a 4C50435F 		.ascii	"LPC_UART_TypeDef\000"
 2319      55415254 
 2319      5F547970 
 2319      65446566 
 2319      00
 2320              	.LASF155:
 2321 029b 67707466 		.ascii	"gptfreq_t\000"
 2321      7265715F 
 2321      7400
 2322              	.LASF27:
 2323 02a5 6D73675F 		.ascii	"msg_t\000"
 2323      7400
 2324              	.LASF170:
 2325 02ab 6F717565 		.ascii	"oqueue\000"
ARM GAS  /tmp/ccW2Z3fZ.s 			page 44


 2325      756500
 2326              	.LASF81:
 2327 02b2 656C5F6E 		.ascii	"el_next\000"
 2327      65787400 
 2328              	.LASF157:
 2329 02ba 63616C6C 		.ascii	"callback\000"
 2329      6261636B 
 2329      00
 2330              	.LASF177:
 2331 02c3 77726974 		.ascii	"writet\000"
 2331      657400
 2332              	.LASF109:
 2333 02ca 63665F6F 		.ascii	"cf_off_time\000"
 2333      66665F74 
 2333      696D6500 
 2334              	.LASF52:
 2335 02d6 54687265 		.ascii	"ThreadsList\000"
 2335      6164734C 
 2335      69737400 
 2336              	.LASF28:
 2337 02e2 6576656E 		.ascii	"eventmask_t\000"
 2337      746D6173 
 2337      6B5F7400 
 2338              	.LASF122:
 2339 02ee 496E7075 		.ascii	"InputQueue\000"
 2339      74517565 
 2339      756500
 2340              	.LASF10:
 2341 02f9 5F5F696E 		.ascii	"__int32_t\000"
 2341      7433325F 
 2341      7400
 2342              	.LASF121:
 2343 0303 716E6F74 		.ascii	"qnotify_t\000"
 2343      6966795F 
 2343      7400
 2344              	.LASF112:
 2345 030d 47656E65 		.ascii	"GenericQueue\000"
 2345      72696351 
 2345      75657565 
 2345      00
 2346              	.LASF54:
 2347 031a 73746B61 		.ascii	"stkalign_t\000"
 2347      6C69676E 
 2347      5F7400
 2348              	.LASF93:
 2349 0325 63685F7A 		.ascii	"ch_zero\000"
 2349      65726F00 
 2350              	.LASF173:
 2351 032d 77726974 		.ascii	"write\000"
 2351      6500
 2352              	.LASF175:
 2353 0333 70757474 		.ascii	"putt\000"
 2353      00
 2354              	.LASF62:
 2355 0338 76745F74 		.ascii	"vt_time\000"
 2355      696D6500 
 2356              	.LASF44:
ARM GAS  /tmp/ccW2Z3fZ.s 			page 45


 2357 0340 705F7761 		.ascii	"p_waiting\000"
 2357      6974696E 
 2357      6700
 2358              	.LASF135:
 2359 034a 434C4C49 		.ascii	"CLLI\000"
 2359      00
 2360              	.LASF179:
 2361 034f 474E5520 		.ascii	"GNU C11 6.3.1 20170620 -mcpu=cortex-m3 -mno-thumb-i"
 2361      43313120 
 2361      362E332E 
 2361      31203230 
 2361      31373036 
 2362 0382 6E746572 		.ascii	"nterwork -mthumb -ggdb -O2 -fomit-frame-pointer -ff"
 2362      776F726B 
 2362      202D6D74 
 2362      68756D62 
 2362      202D6767 
 2363 03b5 756E6374 		.ascii	"unction-sections -fdata-sections -fno-common\000"
 2363      696F6E2D 
 2363      73656374 
 2363      696F6E73 
 2363      202D6664 
 2364              	.LASF57:
 2365 03e2 73697A65 		.ascii	"sizetype\000"
 2365      74797065 
 2365      00
 2366              	.LASF114:
 2367 03eb 715F636F 		.ascii	"q_counter\000"
 2367      756E7465 
 2367      7200
 2368              	.LASF2:
 2369 03f5 6C6F6E67 		.ascii	"long double\000"
 2369      20646F75 
 2369      626C6500 
 2370              	.LASF76:
 2371 0401 4D757465 		.ascii	"Mutex\000"
 2371      7800
 2372              	.LASF97:
 2373 0407 63685F74 		.ascii	"ch_timesize\000"
 2373      696D6573 
 2373      697A6500 
 2374              	.LASF146:
 2375 0413 4750545F 		.ascii	"GPT_READY\000"
 2375      52454144 
 2375      5900
 2376              	.LASF103:
 2377 041d 63665F6F 		.ascii	"cf_off_name\000"
 2377      66665F6E 
 2377      616D6500 
 2378              	.LASF37:
 2379 0429 705F6F6C 		.ascii	"p_older\000"
 2379      64657200 
 2380              	.LASF69:
 2381 0431 725F6374 		.ascii	"r_ctx\000"
 2381      7800
 2382              	.LASF51:
 2383 0437 54687265 		.ascii	"ThreadsQueue\000"
ARM GAS  /tmp/ccW2Z3fZ.s 			page 46


 2383      61647351 
 2383      75657565 
 2383      00
 2384              	.LASF35:
 2385 0444 705F6374 		.ascii	"p_ctx\000"
 2385      7800
 2386              	.LASF94:
 2387 044a 63685F73 		.ascii	"ch_size\000"
 2387      697A6500 
 2388              	.LASF79:
 2389 0452 6D5F6E65 		.ascii	"m_next\000"
 2389      787400
 2390              	.LASF72:
 2391 0459 725F6375 		.ascii	"r_current\000"
 2391      7272656E 
 2391      7400
 2392              	.LASF71:
 2393 0463 725F6F6C 		.ascii	"r_older\000"
 2393      64657200 
 2394              	.LASF83:
 2395 046b 656C5F6D 		.ascii	"el_mask\000"
 2395      61736B00 
 2396              	.LASF14:
 2397 0473 5F5F7569 		.ascii	"__uint64_t\000"
 2397      6E743634 
 2397      5F7400
 2398              	.LASF171:
 2399 047e 75617274 		.ascii	"uart\000"
 2399      00
 2400              	.LASF136:
 2401 0483 43436F6E 		.ascii	"CControl\000"
 2401      74726F6C 
 2401      00
 2402              	.LASF24:
 2403 048c 74726566 		.ascii	"trefs_t\000"
 2403      735F7400 
 2404              	.LASF127:
 2405 0494 52455345 		.ascii	"RESERVED0\000"
 2405      52564544 
 2405      3000
 2406              	.LASF96:
 2407 049e 63685F70 		.ascii	"ch_ptrsize\000"
 2407      74727369 
 2407      7A6500
 2408              	.LASF131:
 2409 04a9 52455345 		.ascii	"RESERVED2\000"
 2409      52564544 
 2409      3200
 2410              	.LASF33:
 2411 04b3 705F7072 		.ascii	"p_prev\000"
 2411      657600
 2412              	.LASF180:
 2413 04ba 2E2E2F2E 		.ascii	"../../os/hal/src/adc.c\000"
 2413      2E2F6F73 
 2413      2F68616C 
 2413      2F737263 
 2413      2F616463 
ARM GAS  /tmp/ccW2Z3fZ.s 			page 47


 2414              	.LASF26:
 2415 04d1 74707269 		.ascii	"tprio_t\000"
 2415      6F5F7400 
 2416              	.LASF118:
 2417 04d9 715F7264 		.ascii	"q_rdptr\000"
 2417      70747200 
 2418              	.LASF21:
 2419 04e1 5F426F6F 		.ascii	"_Bool\000"
 2419      6C00
 2420              	.LASF18:
 2421 04e7 696E7433 		.ascii	"int32_t\000"
 2421      325F7400 
 2422              	.LASF6:
 2423 04ef 756E7369 		.ascii	"unsigned char\000"
 2423      676E6564 
 2423      20636861 
 2423      7200
 2424              	.LASF82:
 2425 04fd 656C5F6C 		.ascii	"el_listener\000"
 2425      69737465 
 2425      6E657200 
 2426              	.LASF125:
 2427 0509 49544D5F 		.ascii	"ITM_RxBuffer\000"
 2427      52784275 
 2427      66666572 
 2427      00
 2428              	.LASF84:
 2429 0516 656C5F66 		.ascii	"el_flags\000"
 2429      6C616773 
 2429      00
 2430              	.LASF48:
 2431 051f 705F6D74 		.ascii	"p_mtxlist\000"
 2431      786C6973 
 2431      7400
 2432              	.LASF7:
 2433 0529 73686F72 		.ascii	"short int\000"
 2433      7420696E 
 2433      7400
 2434              	.LASF39:
 2435 0533 705F7374 		.ascii	"p_state\000"
 2435      61746500 
 2436              	.LASF42:
 2437 053b 705F7072 		.ascii	"p_preempt\000"
 2437      65656D70 
 2437      7400
 2438              	.LASF68:
 2439 0545 725F7072 		.ascii	"r_prio\000"
 2439      696F00
 2440              	.LASF90:
 2441 054c 65776D61 		.ascii	"ewmask\000"
 2441      736B00
 2442              	.LASF32:
 2443 0553 705F6E65 		.ascii	"p_next\000"
 2443      787400
 2444              	.LASF22:
 2445 055a 746D6F64 		.ascii	"tmode_t\000"
 2445      655F7400 
ARM GAS  /tmp/ccW2Z3fZ.s 			page 48


 2446              	.LASF108:
 2447 0562 63665F6F 		.ascii	"cf_off_preempt\000"
 2447      66665F70 
 2447      7265656D 
 2447      707400
 2448              	.LASF40:
 2449 0571 705F666C 		.ascii	"p_flags\000"
 2449      61677300 
 2450              	.LASF9:
 2451 0579 73686F72 		.ascii	"short unsigned int\000"
 2451      7420756E 
 2451      7369676E 
 2451      65642069 
 2451      6E7400
 2452              	.LASF164:
 2453 058c 53445F53 		.ascii	"SD_STOP\000"
 2453      544F5000 
 2454              	.LASF31:
 2455 0594 54687265 		.ascii	"Thread\000"
 2455      616400
 2456              	.LASF128:
 2457 059b 52455345 		.ascii	"RESERVED1\000"
 2457      52564544 
 2457      3100
 2458              	.LASF101:
 2459 05a5 63665F6F 		.ascii	"cf_off_newer\000"
 2459      66665F6E 
 2459      65776572 
 2459      00
 2460              	.LASF47:
 2461 05b2 705F6570 		.ascii	"p_epending\000"
 2461      656E6469 
 2461      6E6700
 2462              	.LASF163:
 2463 05bd 53445F55 		.ascii	"SD_UNINIT\000"
 2463      4E494E49 
 2463      5400
 2464              	.LASF141:
 2465 05c7 6C706331 		.ascii	"lpc17xx_gpio_setup_t\000"
 2465      3778785F 
 2465      6770696F 
 2465      5F736574 
 2465      75705F74 
 2466              	.LASF145:
 2467 05dc 4750545F 		.ascii	"GPT_STOP\000"
 2467      53544F50 
 2467      00
 2468              	.LASF19:
 2469 05e5 75696E74 		.ascii	"uint32_t\000"
 2469      33325F74 
 2469      00
 2470              	.LASF99:
 2471 05ee 63665F6F 		.ascii	"cf_off_prio\000"
 2471      66665F70 
 2471      72696F00 
 2472              	.LASF67:
 2473 05fa 725F7175 		.ascii	"r_queue\000"
ARM GAS  /tmp/ccW2Z3fZ.s 			page 49


 2473      65756500 
 2474              	.LASF166:
 2475 0602 73647374 		.ascii	"sdstate_t\000"
 2475      6174655F 
 2475      7400
 2476              	.LASF167:
 2477 060c 53657269 		.ascii	"SerialDriver\000"
 2477      616C4472 
 2477      69766572 
 2477      00
 2478              	.LASF13:
 2479 0619 6C6F6E67 		.ascii	"long unsigned int\000"
 2479      20756E73 
 2479      69676E65 
 2479      6420696E 
 2479      7400
 2480              	.LASF174:
 2481 062b 72656164 		.ascii	"read\000"
 2481      00
 2482              	.LASF91:
 2483 0630 63686172 		.ascii	"char\000"
 2483      00
 2484              	.LASF152:
 2485 0635 636F6E66 		.ascii	"config\000"
 2485      696700
 2486              	.LASF8:
 2487 063c 5F5F7569 		.ascii	"__uint16_t\000"
 2487      6E743136 
 2487      5F7400
 2488              	.LASF30:
 2489 0647 73797374 		.ascii	"systime_t\000"
 2489      696D655F 
 2489      7400
 2490              	.LASF49:
 2491 0651 705F7265 		.ascii	"p_realprio\000"
 2491      616C7072 
 2491      696F00
 2492              	.LASF58:
 2493 065c 76746675 		.ascii	"vtfunc_t\000"
 2493      6E635F74 
 2493      00
 2494              	.LASF12:
 2495 0665 5F5F7569 		.ascii	"__uint32_t\000"
 2495      6E743332 
 2495      5F7400
 2496              	.LASF134:
 2497 0670 43446573 		.ascii	"CDestAddr\000"
 2497      74416464 
 2497      7200
 2498              	.LASF158:
 2499 067a 47505443 		.ascii	"GPTConfig\000"
 2499      6F6E6669 
 2499      6700
 2500              	.LASF56:
 2501 0684 636F6E74 		.ascii	"context\000"
 2501      65787400 
 2502              	.LASF46:
ARM GAS  /tmp/ccW2Z3fZ.s 			page 50


 2503 068c 705F6D73 		.ascii	"p_msg\000"
 2503      6700
 2504              	.LASF55:
 2505 0692 696E7463 		.ascii	"intctx\000"
 2505      747800
 2506              	.LASF165:
 2507 0699 53445F52 		.ascii	"SD_READY\000"
 2507      45414459 
 2507      00
 2508              	.LASF64:
 2509 06a2 76745F70 		.ascii	"vt_par\000"
 2509      617200
 2510              	.LASF29:
 2511 06a9 666C6167 		.ascii	"flagsmask_t\000"
 2511      736D6173 
 2511      6B5F7400 
 2512              	.LASF100:
 2513 06b5 63665F6F 		.ascii	"cf_off_ctx\000"
 2513      66665F63 
 2513      747800
 2514              	.LASF38:
 2515 06c0 705F6E61 		.ascii	"p_name\000"
 2515      6D6500
 2516              	.LASF86:
 2517 06c7 65735F6E 		.ascii	"es_next\000"
 2517      65787400 
 2518              	.LASF73:
 2519 06cf 52656164 		.ascii	"ReadyList\000"
 2519      794C6973 
 2519      7400
 2520              	.LASF129:
 2521 06d9 43544352 		.ascii	"CTCR\000"
 2521      00
 2522              	.LASF119:
 2523 06de 715F6E6F 		.ascii	"q_notify\000"
 2523      74696679 
 2523      00
 2524              	.LASF75:
 2525 06e7 726C6973 		.ascii	"rlist\000"
 2525      7400
 2526              	.LASF16:
 2527 06ed 75696E74 		.ascii	"uint8_t\000"
 2527      385F7400 
 2528              	.LASF139:
 2529 06f5 5F6C7063 		.ascii	"_lpc17xx_dma_channel_config_t\000"
 2529      31377878 
 2529      5F646D61 
 2529      5F636861 
 2529      6E6E656C 
 2530              	.LASF130:
 2531 0713 4C50435F 		.ascii	"LPC_TIM_TypeDef\000"
 2531      54494D5F 
 2531      54797065 
 2531      44656600 
 2532              	.LASF59:
 2533 0723 56697274 		.ascii	"VirtualTimer\000"
 2533      75616C54 
ARM GAS  /tmp/ccW2Z3fZ.s 			page 51


 2533      696D6572 
 2533      00
 2534              	.LASF138:
 2535 0730 4C50435F 		.ascii	"LPC_GPDMACH_TypeDef\000"
 2535      4750444D 
 2535      4143485F 
 2535      54797065 
 2535      44656600 
 2536              	.LASF80:
 2537 0744 4576656E 		.ascii	"EventListener\000"
 2537      744C6973 
 2537      74656E65 
 2537      7200
 2538              	.LASF89:
 2539 0752 77746F62 		.ascii	"wtobjp\000"
 2539      6A7000
 2540              	.LASF65:
 2541 0759 76745F73 		.ascii	"vt_systime\000"
 2541      79737469 
 2541      6D6500
 2542              	.LASF172:
 2543 0764 53657269 		.ascii	"SerialDriverVMT\000"
 2543      616C4472 
 2543      69766572 
 2543      564D5400 
 2544              	.LASF153:
 2545 0774 636C6F63 		.ascii	"clock\000"
 2545      6B00
 2546              	.LASF95:
 2547 077a 63685F76 		.ascii	"ch_version\000"
 2547      65727369 
 2547      6F6E00
 2548              	.LASF107:
 2549 0785 63665F6F 		.ascii	"cf_off_refs\000"
 2549      66665F72 
 2549      65667300 
 2550              	.LASF120:
 2551 0791 715F6C69 		.ascii	"q_link\000"
 2551      6E6B00
 2552              	.LASF142:
 2553 0798 50414C43 		.ascii	"PALConfig\000"
 2553      6F6E6669 
 2553      6700
 2554              	.LASF78:
 2555 07a2 6D5F6F77 		.ascii	"m_owner\000"
 2555      6E657200 
 2556              	.LASF143:
 2557 07aa 70616C5F 		.ascii	"pal_default_config\000"
 2557      64656661 
 2557      756C745F 
 2557      636F6E66 
 2557      696700
 2558              	.LASF92:
 2559 07bd 63685F69 		.ascii	"ch_identifier\000"
 2559      64656E74 
 2559      69666965 
 2559      7200
ARM GAS  /tmp/ccW2Z3fZ.s 			page 52


 2560              	.LASF63:
 2561 07cb 76745F66 		.ascii	"vt_func\000"
 2561      756E6300 
 2562              		.ident	"GCC: (15:6.3.1+svn253039-1build1) 6.3.1 20170620"
ARM GAS  /tmp/ccW2Z3fZ.s 			page 53


DEFINED SYMBOLS
                            *ABS*:0000000000000000 adc.c

NO UNDEFINED SYMBOLS
