ARM GAS  /tmp/ccovtNHK.s 			page 1


   1              		.cpu cortex-m3
   2              		.eabi_attribute 20, 1
   3              		.eabi_attribute 21, 1
   4              		.eabi_attribute 23, 3
   5              		.eabi_attribute 24, 1
   6              		.eabi_attribute 25, 1
   7              		.eabi_attribute 26, 1
   8              		.eabi_attribute 30, 2
   9              		.eabi_attribute 34, 1
  10              		.eabi_attribute 18, 4
  11              		.file	"chcore.c"
  12              		.text
  13              	.Ltext0:
  14              		.cfi_sections	.debug_frame
  15              		.section	.text.port_halt,"ax",%progbits
  16              		.align	1
  17              		.p2align 2,,3
  18              		.weak	port_halt
  19              		.syntax unified
  20              		.thumb
  21              		.thumb_func
  22              		.fpu softvfp
  23              		.type	port_halt, %function
  24              	port_halt:
  25              	.LFB7:
  26              		.file 1 "../../os/ports/GCC/ARMCMx/chcore.c"
  27              		.loc 1 39 0
  28              		.cfi_startproc
  29              		@ args = 0, pretend = 0, frame = 0
  30              		@ frame_needed = 0, uses_anonymous_args = 0
  31              		@ link register save eliminated.
  32              		.loc 1 41 0
  33              		.syntax unified
  34              	@ 41 "../../os/ports/GCC/ARMCMx/chcore.c" 1
  35 0000 72B6     		cpsid   i
  36              	@ 0 "" 2
  37              		.thumb
  38              		.syntax unified
  39              	.L2:
  40 0002 FEE7     		b	.L2
  41              		.cfi_endproc
  42              	.LFE7:
  43              		.size	port_halt, .-port_halt
  44              		.text
  45              	.Letext0:
  46              		.file 2 "/usr/include/newlib/machine/_default_types.h"
  47              		.file 3 "/usr/include/newlib/sys/_stdint.h"
  48              		.file 4 "../../os/ports/GCC/ARMCMx/chtypes.h"
  49              		.file 5 "../../os/kernel/include/chlists.h"
  50              		.file 6 "../../os/kernel/include/chthreads.h"
  51              		.file 7 "../../os/ports/GCC/ARMCMx/chcore_v7m.h"
  52              		.file 8 "../../os/kernel/include/chvt.h"
  53              		.file 9 "../../os/kernel/include/chschd.h"
  54              		.file 10 "../../os/kernel/include/chmtx.h"
  55              		.file 11 "../../os/kernel/include/chregistry.h"
  56              		.file 12 "../../os/kernel/include/ch.h"
  57              		.section	.debug_info,"",%progbits
ARM GAS  /tmp/ccovtNHK.s 			page 2


  58              	.Ldebug_info0:
  59 0000 4A060000 		.4byte	0x64a
  60 0004 0400     		.2byte	0x4
  61 0006 00000000 		.4byte	.Ldebug_abbrev0
  62 000a 04       		.byte	0x4
  63 000b 01       		.uleb128 0x1
  64 000c 47020000 		.4byte	.LASF104
  65 0010 0C       		.byte	0xc
  66 0011 CF010000 		.4byte	.LASF105
  67 0015 0D000000 		.4byte	.LASF106
  68 0019 00000000 		.4byte	.Ldebug_ranges0+0
  69 001d 00000000 		.4byte	0
  70 0021 00000000 		.4byte	.Ldebug_line0
  71 0025 02       		.uleb128 0x2
  72 0026 04       		.byte	0x4
  73 0027 05       		.byte	0x5
  74 0028 696E7400 		.ascii	"int\000"
  75 002c 03       		.uleb128 0x3
  76 002d 04       		.byte	0x4
  77 002e 07       		.byte	0x7
  78 002f 67010000 		.4byte	.LASF0
  79 0033 03       		.uleb128 0x3
  80 0034 08       		.byte	0x8
  81 0035 05       		.byte	0x5
  82 0036 BD000000 		.4byte	.LASF1
  83 003a 03       		.uleb128 0x3
  84 003b 08       		.byte	0x8
  85 003c 04       		.byte	0x4
  86 003d ED020000 		.4byte	.LASF2
  87 0041 03       		.uleb128 0x3
  88 0042 01       		.byte	0x1
  89 0043 06       		.byte	0x6
  90 0044 CB000000 		.4byte	.LASF3
  91 0048 04       		.uleb128 0x4
  92 0049 6A000000 		.4byte	.LASF6
  93 004d 02       		.byte	0x2
  94 004e 1D       		.byte	0x1d
  95 004f 53000000 		.4byte	0x53
  96 0053 03       		.uleb128 0x3
  97 0054 01       		.byte	0x1
  98 0055 08       		.byte	0x8
  99 0056 81030000 		.4byte	.LASF4
 100 005a 03       		.uleb128 0x3
 101 005b 02       		.byte	0x2
 102 005c 05       		.byte	0x5
 103 005d 99030000 		.4byte	.LASF5
 104 0061 04       		.uleb128 0x4
 105 0062 3B040000 		.4byte	.LASF7
 106 0066 02       		.byte	0x2
 107 0067 2B       		.byte	0x2b
 108 0068 6C000000 		.4byte	0x6c
 109 006c 03       		.uleb128 0x3
 110 006d 02       		.byte	0x2
 111 006e 07       		.byte	0x7
 112 006f B6010000 		.4byte	.LASF8
 113 0073 04       		.uleb128 0x4
 114 0074 62040000 		.4byte	.LASF9
ARM GAS  /tmp/ccovtNHK.s 			page 3


 115 0078 02       		.byte	0x2
 116 0079 3F       		.byte	0x3f
 117 007a 7E000000 		.4byte	0x7e
 118 007e 03       		.uleb128 0x3
 119 007f 04       		.byte	0x4
 120 0080 05       		.byte	0x5
 121 0081 0E010000 		.4byte	.LASF10
 122 0085 04       		.uleb128 0x4
 123 0086 4B010000 		.4byte	.LASF11
 124 008a 02       		.byte	0x2
 125 008b 41       		.byte	0x41
 126 008c 90000000 		.4byte	0x90
 127 0090 03       		.uleb128 0x3
 128 0091 04       		.byte	0x4
 129 0092 07       		.byte	0x7
 130 0093 7C010000 		.4byte	.LASF12
 131 0097 04       		.uleb128 0x4
 132 0098 46030000 		.4byte	.LASF13
 133 009c 02       		.byte	0x2
 134 009d 5B       		.byte	0x5b
 135 009e A2000000 		.4byte	0xa2
 136 00a2 03       		.uleb128 0x3
 137 00a3 08       		.byte	0x8
 138 00a4 07       		.byte	0x7
 139 00a5 7B000000 		.4byte	.LASF14
 140 00a9 04       		.uleb128 0x4
 141 00aa B5040000 		.4byte	.LASF15
 142 00ae 03       		.byte	0x3
 143 00af 18       		.byte	0x18
 144 00b0 48000000 		.4byte	0x48
 145 00b4 04       		.uleb128 0x4
 146 00b5 20010000 		.4byte	.LASF16
 147 00b9 03       		.byte	0x3
 148 00ba 24       		.byte	0x24
 149 00bb 61000000 		.4byte	0x61
 150 00bf 04       		.uleb128 0x4
 151 00c0 79030000 		.4byte	.LASF17
 152 00c4 03       		.byte	0x3
 153 00c5 2C       		.byte	0x2c
 154 00c6 73000000 		.4byte	0x73
 155 00ca 04       		.uleb128 0x4
 156 00cb 0C040000 		.4byte	.LASF18
 157 00cf 03       		.byte	0x3
 158 00d0 30       		.byte	0x30
 159 00d1 85000000 		.4byte	0x85
 160 00d5 04       		.uleb128 0x4
 161 00d6 61000000 		.4byte	.LASF19
 162 00da 03       		.byte	0x3
 163 00db 3C       		.byte	0x3c
 164 00dc 97000000 		.4byte	0x97
 165 00e0 03       		.uleb128 0x3
 166 00e1 01       		.byte	0x1
 167 00e2 02       		.byte	0x2
 168 00e3 73030000 		.4byte	.LASF20
 169 00e7 04       		.uleb128 0x4
 170 00e8 FA010000 		.4byte	.LASF21
 171 00ec 04       		.byte	0x4
ARM GAS  /tmp/ccovtNHK.s 			page 4


 172 00ed 25       		.byte	0x25
 173 00ee A9000000 		.4byte	0xa9
 174 00f2 04       		.uleb128 0x4
 175 00f3 17010000 		.4byte	.LASF22
 176 00f7 04       		.byte	0x4
 177 00f8 26       		.byte	0x26
 178 00f9 A9000000 		.4byte	0xa9
 179 00fd 04       		.uleb128 0x4
 180 00fe 51030000 		.4byte	.LASF23
 181 0102 04       		.byte	0x4
 182 0103 27       		.byte	0x27
 183 0104 A9000000 		.4byte	0xa9
 184 0108 04       		.uleb128 0x4
 185 0109 04010000 		.4byte	.LASF24
 186 010d 04       		.byte	0x4
 187 010e 28       		.byte	0x28
 188 010f A9000000 		.4byte	0xa9
 189 0113 04       		.uleb128 0x4
 190 0114 6B030000 		.4byte	.LASF25
 191 0118 04       		.byte	0x4
 192 0119 29       		.byte	0x29
 193 011a CA000000 		.4byte	0xca
 194 011e 04       		.uleb128 0x4
 195 011f C9010000 		.4byte	.LASF26
 196 0123 04       		.byte	0x4
 197 0124 2A       		.byte	0x2a
 198 0125 BF000000 		.4byte	0xbf
 199 0129 04       		.uleb128 0x4
 200 012a 0E020000 		.4byte	.LASF27
 201 012e 04       		.byte	0x4
 202 012f 2C       		.byte	0x2c
 203 0130 CA000000 		.4byte	0xca
 204 0134 04       		.uleb128 0x4
 205 0135 4D040000 		.4byte	.LASF28
 206 0139 04       		.byte	0x4
 207 013a 2E       		.byte	0x2e
 208 013b CA000000 		.4byte	0xca
 209 013f 05       		.uleb128 0x5
 210 0140 34010000 		.4byte	0x134
 211 0144 04       		.uleb128 0x4
 212 0145 ED030000 		.4byte	.LASF29
 213 0149 05       		.byte	0x5
 214 014a 23       		.byte	0x23
 215 014b 4F010000 		.4byte	0x14f
 216 014f 06       		.uleb128 0x6
 217 0150 ED030000 		.4byte	.LASF29
 218 0154 48       		.byte	0x48
 219 0155 06       		.byte	0x6
 220 0156 57       		.byte	0x57
 221 0157 4C020000 		.4byte	0x24c
 222 015b 07       		.uleb128 0x7
 223 015c CF030000 		.4byte	.LASF30
 224 0160 06       		.byte	0x6
 225 0161 58       		.byte	0x58
 226 0162 6D020000 		.4byte	0x26d
 227 0166 00       		.byte	0
 228 0167 07       		.uleb128 0x7
ARM GAS  /tmp/ccovtNHK.s 			page 5


 229 0168 64030000 		.4byte	.LASF31
 230 016c 06       		.byte	0x6
 231 016d 5A       		.byte	0x5a
 232 016e 6D020000 		.4byte	0x26d
 233 0172 04       		.byte	0x4
 234 0173 07       		.uleb128 0x7
 235 0174 A9000000 		.4byte	.LASF32
 236 0178 06       		.byte	0x6
 237 0179 5C       		.byte	0x5c
 238 017a 13010000 		.4byte	0x113
 239 017e 08       		.byte	0x8
 240 017f 07       		.uleb128 0x7
 241 0180 F0040000 		.4byte	.LASF33
 242 0184 06       		.byte	0x6
 243 0185 5D       		.byte	0x5d
 244 0186 32030000 		.4byte	0x332
 245 018a 0C       		.byte	0xc
 246 018b 07       		.uleb128 0x7
 247 018c 33010000 		.4byte	.LASF34
 248 0190 06       		.byte	0x6
 249 0191 5F       		.byte	0x5f
 250 0192 6D020000 		.4byte	0x26d
 251 0196 10       		.byte	0x10
 252 0197 07       		.uleb128 0x7
 253 0198 11030000 		.4byte	.LASF35
 254 019c 06       		.byte	0x6
 255 019d 60       		.byte	0x60
 256 019e 6D020000 		.4byte	0x26d
 257 01a2 14       		.byte	0x14
 258 01a3 07       		.uleb128 0x7
 259 01a4 C4040000 		.4byte	.LASF36
 260 01a8 06       		.byte	0x6
 261 01a9 67       		.byte	0x67
 262 01aa FD040000 		.4byte	0x4fd
 263 01ae 18       		.byte	0x18
 264 01af 07       		.uleb128 0x7
 265 01b0 A3030000 		.4byte	.LASF37
 266 01b4 06       		.byte	0x6
 267 01b5 72       		.byte	0x72
 268 01b6 F2000000 		.4byte	0xf2
 269 01ba 1C       		.byte	0x1c
 270 01bb 07       		.uleb128 0x7
 271 01bc E5030000 		.4byte	.LASF38
 272 01c0 06       		.byte	0x6
 273 01c1 76       		.byte	0x76
 274 01c2 E7000000 		.4byte	0xe7
 275 01c6 1D       		.byte	0x1d
 276 01c7 07       		.uleb128 0x7
 277 01c8 9E040000 		.4byte	.LASF39
 278 01cc 06       		.byte	0x6
 279 01cd 7B       		.byte	0x7b
 280 01ce FD000000 		.4byte	0xfd
 281 01d2 1E       		.byte	0x1e
 282 01d3 07       		.uleb128 0x7
 283 01d4 AB030000 		.4byte	.LASF40
 284 01d8 06       		.byte	0x6
 285 01d9 81       		.byte	0x81
ARM GAS  /tmp/ccovtNHK.s 			page 6


 286 01da 08010000 		.4byte	0x108
 287 01de 1F       		.byte	0x1f
 288 01df 07       		.uleb128 0x7
 289 01e0 6C040000 		.4byte	.LASF41
 290 01e4 06       		.byte	0x6
 291 01e5 88       		.byte	0x88
 292 01e6 3F010000 		.4byte	0x13f
 293 01ea 20       		.byte	0x20
 294 01eb 08       		.uleb128 0x8
 295 01ec 705F7500 		.ascii	"p_u\000"
 296 01f0 06       		.byte	0x6
 297 01f1 AD       		.byte	0xad
 298 01f2 C8040000 		.4byte	0x4c8
 299 01f6 24       		.byte	0x24
 300 01f7 07       		.uleb128 0x7
 301 01f8 F6040000 		.4byte	.LASF42
 302 01fc 06       		.byte	0x6
 303 01fd B2       		.byte	0xb2
 304 01fe 93020000 		.4byte	0x293
 305 0202 28       		.byte	0x28
 306 0203 07       		.uleb128 0x7
 307 0204 7A040000 		.4byte	.LASF43
 308 0208 06       		.byte	0x6
 309 0209 B8       		.byte	0xb8
 310 020a 73020000 		.4byte	0x273
 311 020e 2C       		.byte	0x2c
 312 020f 07       		.uleb128 0x7
 313 0210 53000000 		.4byte	.LASF44
 314 0214 06       		.byte	0x6
 315 0215 BC       		.byte	0xbc
 316 0216 1E010000 		.4byte	0x11e
 317 021a 34       		.byte	0x34
 318 021b 07       		.uleb128 0x7
 319 021c 01040000 		.4byte	.LASF45
 320 0220 06       		.byte	0x6
 321 0221 C2       		.byte	0xc2
 322 0222 29010000 		.4byte	0x129
 323 0226 38       		.byte	0x38
 324 0227 07       		.uleb128 0x7
 325 0228 8F030000 		.4byte	.LASF46
 326 022c 06       		.byte	0x6
 327 022d C9       		.byte	0xc9
 328 022e 0F050000 		.4byte	0x50f
 329 0232 3C       		.byte	0x3c
 330 0233 07       		.uleb128 0x7
 331 0234 57040000 		.4byte	.LASF47
 332 0238 06       		.byte	0x6
 333 0239 CD       		.byte	0xcd
 334 023a 13010000 		.4byte	0x113
 335 023e 40       		.byte	0x40
 336 023f 07       		.uleb128 0x7
 337 0240 F4000000 		.4byte	.LASF48
 338 0244 06       		.byte	0x6
 339 0245 D3       		.byte	0xd3
 340 0246 A9020000 		.4byte	0x2a9
 341 024a 44       		.byte	0x44
 342 024b 00       		.byte	0
ARM GAS  /tmp/ccovtNHK.s 			page 7


 343 024c 09       		.uleb128 0x9
 344 024d 08       		.byte	0x8
 345 024e 05       		.byte	0x5
 346 024f 5A       		.byte	0x5a
 347 0250 6D020000 		.4byte	0x26d
 348 0254 07       		.uleb128 0x7
 349 0255 CF030000 		.4byte	.LASF30
 350 0259 05       		.byte	0x5
 351 025a 5B       		.byte	0x5b
 352 025b 6D020000 		.4byte	0x26d
 353 025f 00       		.byte	0
 354 0260 07       		.uleb128 0x7
 355 0261 64030000 		.4byte	.LASF31
 356 0265 05       		.byte	0x5
 357 0266 5D       		.byte	0x5d
 358 0267 6D020000 		.4byte	0x26d
 359 026b 04       		.byte	0x4
 360 026c 00       		.byte	0
 361 026d 0A       		.uleb128 0xa
 362 026e 04       		.byte	0x4
 363 026f 44010000 		.4byte	0x144
 364 0273 04       		.uleb128 0x4
 365 0274 1F030000 		.4byte	.LASF49
 366 0278 05       		.byte	0x5
 367 0279 5F       		.byte	0x5f
 368 027a 4C020000 		.4byte	0x24c
 369 027e 09       		.uleb128 0x9
 370 027f 04       		.byte	0x4
 371 0280 05       		.byte	0x5
 372 0281 64       		.byte	0x64
 373 0282 93020000 		.4byte	0x293
 374 0286 07       		.uleb128 0x7
 375 0287 CF030000 		.4byte	.LASF30
 376 028b 05       		.byte	0x5
 377 028c 66       		.byte	0x66
 378 028d 6D020000 		.4byte	0x26d
 379 0291 00       		.byte	0
 380 0292 00       		.byte	0
 381 0293 04       		.uleb128 0x4
 382 0294 02020000 		.4byte	.LASF50
 383 0298 05       		.byte	0x5
 384 0299 69       		.byte	0x69
 385 029a 7E020000 		.4byte	0x27e
 386 029e 04       		.uleb128 0x4
 387 029f 56010000 		.4byte	.LASF51
 388 02a3 07       		.byte	0x7
 389 02a4 DE       		.byte	0xde
 390 02a5 A9020000 		.4byte	0x2a9
 391 02a9 0B       		.uleb128 0xb
 392 02aa 04       		.byte	0x4
 393 02ab 04       		.uleb128 0x4
 394 02ac 20020000 		.4byte	.LASF52
 395 02b0 07       		.byte	0x7
 396 02b1 E4       		.byte	0xe4
 397 02b2 D5000000 		.4byte	0xd5
 398 02b6 0C       		.uleb128 0xc
 399 02b7 73040000 		.4byte	.LASF53
ARM GAS  /tmp/ccovtNHK.s 			page 8


 400 02bb 24       		.byte	0x24
 401 02bc 07       		.byte	0x7
 402 02bd 0501     		.2byte	0x105
 403 02bf 32030000 		.4byte	0x332
 404 02c3 0D       		.uleb128 0xd
 405 02c4 723400   		.ascii	"r4\000"
 406 02c7 07       		.byte	0x7
 407 02c8 1801     		.2byte	0x118
 408 02ca 9E020000 		.4byte	0x29e
 409 02ce 00       		.byte	0
 410 02cf 0D       		.uleb128 0xd
 411 02d0 723500   		.ascii	"r5\000"
 412 02d3 07       		.byte	0x7
 413 02d4 1901     		.2byte	0x119
 414 02d6 9E020000 		.4byte	0x29e
 415 02da 04       		.byte	0x4
 416 02db 0D       		.uleb128 0xd
 417 02dc 723600   		.ascii	"r6\000"
 418 02df 07       		.byte	0x7
 419 02e0 1A01     		.2byte	0x11a
 420 02e2 9E020000 		.4byte	0x29e
 421 02e6 08       		.byte	0x8
 422 02e7 0D       		.uleb128 0xd
 423 02e8 723700   		.ascii	"r7\000"
 424 02eb 07       		.byte	0x7
 425 02ec 1B01     		.2byte	0x11b
 426 02ee 9E020000 		.4byte	0x29e
 427 02f2 0C       		.byte	0xc
 428 02f3 0D       		.uleb128 0xd
 429 02f4 723800   		.ascii	"r8\000"
 430 02f7 07       		.byte	0x7
 431 02f8 1C01     		.2byte	0x11c
 432 02fa 9E020000 		.4byte	0x29e
 433 02fe 10       		.byte	0x10
 434 02ff 0D       		.uleb128 0xd
 435 0300 723900   		.ascii	"r9\000"
 436 0303 07       		.byte	0x7
 437 0304 1D01     		.2byte	0x11d
 438 0306 9E020000 		.4byte	0x29e
 439 030a 14       		.byte	0x14
 440 030b 0D       		.uleb128 0xd
 441 030c 72313000 		.ascii	"r10\000"
 442 0310 07       		.byte	0x7
 443 0311 1E01     		.2byte	0x11e
 444 0313 9E020000 		.4byte	0x29e
 445 0317 18       		.byte	0x18
 446 0318 0D       		.uleb128 0xd
 447 0319 72313100 		.ascii	"r11\000"
 448 031d 07       		.byte	0x7
 449 031e 1F01     		.2byte	0x11f
 450 0320 9E020000 		.4byte	0x29e
 451 0324 1C       		.byte	0x1c
 452 0325 0D       		.uleb128 0xd
 453 0326 6C7200   		.ascii	"lr\000"
 454 0329 07       		.byte	0x7
 455 032a 2001     		.2byte	0x120
 456 032c 9E020000 		.4byte	0x29e
ARM GAS  /tmp/ccovtNHK.s 			page 9


 457 0330 20       		.byte	0x20
 458 0331 00       		.byte	0
 459 0332 0C       		.uleb128 0xc
 460 0333 AE010000 		.4byte	.LASF54
 461 0337 04       		.byte	0x4
 462 0338 07       		.byte	0x7
 463 0339 2A01     		.2byte	0x12a
 464 033b 4D030000 		.4byte	0x34d
 465 033f 0D       		.uleb128 0xd
 466 0340 72313300 		.ascii	"r13\000"
 467 0344 07       		.byte	0x7
 468 0345 2B01     		.2byte	0x12b
 469 0347 4D030000 		.4byte	0x34d
 470 034b 00       		.byte	0
 471 034c 00       		.byte	0
 472 034d 0A       		.uleb128 0xa
 473 034e 04       		.byte	0x4
 474 034f B6020000 		.4byte	0x2b6
 475 0353 03       		.uleb128 0x3
 476 0354 04       		.byte	0x4
 477 0355 07       		.byte	0x7
 478 0356 DA020000 		.4byte	.LASF55
 479 035a 04       		.uleb128 0x4
 480 035b 97010000 		.4byte	.LASF56
 481 035f 08       		.byte	0x8
 482 0360 51       		.byte	0x51
 483 0361 65030000 		.4byte	0x365
 484 0365 0A       		.uleb128 0xa
 485 0366 04       		.byte	0x4
 486 0367 6B030000 		.4byte	0x36b
 487 036b 0E       		.uleb128 0xe
 488 036c 76030000 		.4byte	0x376
 489 0370 0F       		.uleb128 0xf
 490 0371 A9020000 		.4byte	0x2a9
 491 0375 00       		.byte	0
 492 0376 04       		.uleb128 0x4
 493 0377 29040000 		.4byte	.LASF57
 494 037b 08       		.byte	0x8
 495 037c 56       		.byte	0x56
 496 037d 81030000 		.4byte	0x381
 497 0381 06       		.uleb128 0x6
 498 0382 29040000 		.4byte	.LASF57
 499 0386 14       		.byte	0x14
 500 0387 08       		.byte	0x8
 501 0388 5D       		.byte	0x5d
 502 0389 CA030000 		.4byte	0x3ca
 503 038d 07       		.uleb128 0x7
 504 038e 74010000 		.4byte	.LASF58
 505 0392 08       		.byte	0x8
 506 0393 5E       		.byte	0x5e
 507 0394 CA030000 		.4byte	0x3ca
 508 0398 00       		.byte	0
 509 0399 07       		.uleb128 0x7
 510 039a 5F010000 		.4byte	.LASF59
 511 039e 08       		.byte	0x8
 512 039f 60       		.byte	0x60
 513 03a0 CA030000 		.4byte	0x3ca
ARM GAS  /tmp/ccovtNHK.s 			page 10


 514 03a4 04       		.byte	0x4
 515 03a5 07       		.uleb128 0x7
 516 03a6 3F020000 		.4byte	.LASF60
 517 03aa 08       		.byte	0x8
 518 03ab 62       		.byte	0x62
 519 03ac 34010000 		.4byte	0x134
 520 03b0 08       		.byte	0x8
 521 03b1 07       		.uleb128 0x7
 522 03b2 59000000 		.4byte	.LASF61
 523 03b6 08       		.byte	0x8
 524 03b7 63       		.byte	0x63
 525 03b8 5A030000 		.4byte	0x35a
 526 03bc 0C       		.byte	0xc
 527 03bd 07       		.uleb128 0x7
 528 03be 85040000 		.4byte	.LASF62
 529 03c2 08       		.byte	0x8
 530 03c3 65       		.byte	0x65
 531 03c4 A9020000 		.4byte	0x2a9
 532 03c8 10       		.byte	0x10
 533 03c9 00       		.byte	0
 534 03ca 0A       		.uleb128 0xa
 535 03cb 04       		.byte	0x4
 536 03cc 76030000 		.4byte	0x376
 537 03d0 09       		.uleb128 0x9
 538 03d1 10       		.byte	0x10
 539 03d2 08       		.byte	0x8
 540 03d3 6F       		.byte	0x6f
 541 03d4 09040000 		.4byte	0x409
 542 03d8 07       		.uleb128 0x7
 543 03d9 74010000 		.4byte	.LASF58
 544 03dd 08       		.byte	0x8
 545 03de 70       		.byte	0x70
 546 03df CA030000 		.4byte	0x3ca
 547 03e3 00       		.byte	0
 548 03e4 07       		.uleb128 0x7
 549 03e5 5F010000 		.4byte	.LASF59
 550 03e9 08       		.byte	0x8
 551 03ea 72       		.byte	0x72
 552 03eb CA030000 		.4byte	0x3ca
 553 03ef 04       		.byte	0x4
 554 03f0 07       		.uleb128 0x7
 555 03f1 3F020000 		.4byte	.LASF60
 556 03f5 08       		.byte	0x8
 557 03f6 74       		.byte	0x74
 558 03f7 34010000 		.4byte	0x134
 559 03fb 08       		.byte	0x8
 560 03fc 07       		.uleb128 0x7
 561 03fd CB040000 		.4byte	.LASF63
 562 0401 08       		.byte	0x8
 563 0402 75       		.byte	0x75
 564 0403 3F010000 		.4byte	0x13f
 565 0407 0C       		.byte	0xc
 566 0408 00       		.byte	0
 567 0409 04       		.uleb128 0x4
 568 040a E1040000 		.4byte	.LASF64
 569 040e 08       		.byte	0x8
 570 040f 76       		.byte	0x76
ARM GAS  /tmp/ccovtNHK.s 			page 11


 571 0410 D0030000 		.4byte	0x3d0
 572 0414 10       		.uleb128 0x10
 573 0415 74000000 		.4byte	.LASF72
 574 0419 08       		.byte	0x8
 575 041a EE       		.byte	0xee
 576 041b 09040000 		.4byte	0x409
 577 041f 09       		.uleb128 0x9
 578 0420 1C       		.byte	0x1c
 579 0421 09       		.byte	0x9
 580 0422 57       		.byte	0x57
 581 0423 70040000 		.4byte	0x470
 582 0427 07       		.uleb128 0x7
 583 0428 21040000 		.4byte	.LASF65
 584 042c 09       		.byte	0x9
 585 042d 58       		.byte	0x58
 586 042e 73020000 		.4byte	0x273
 587 0432 00       		.byte	0
 588 0433 07       		.uleb128 0x7
 589 0434 C1030000 		.4byte	.LASF66
 590 0438 09       		.byte	0x9
 591 0439 59       		.byte	0x59
 592 043a 13010000 		.4byte	0x113
 593 043e 08       		.byte	0x8
 594 043f 07       		.uleb128 0x7
 595 0440 19030000 		.4byte	.LASF67
 596 0444 09       		.byte	0x9
 597 0445 5B       		.byte	0x5b
 598 0446 32030000 		.4byte	0x332
 599 044a 0C       		.byte	0xc
 600 044b 07       		.uleb128 0x7
 601 044c F2010000 		.4byte	.LASF68
 602 0450 09       		.byte	0x9
 603 0451 5E       		.byte	0x5e
 604 0452 6D020000 		.4byte	0x26d
 605 0456 10       		.byte	0x10
 606 0457 07       		.uleb128 0x7
 607 0458 3E030000 		.4byte	.LASF69
 608 045c 09       		.byte	0x9
 609 045d 5F       		.byte	0x5f
 610 045e 6D020000 		.4byte	0x26d
 611 0462 14       		.byte	0x14
 612 0463 07       		.uleb128 0x7
 613 0464 34030000 		.4byte	.LASF70
 614 0468 09       		.byte	0x9
 615 0469 62       		.byte	0x62
 616 046a 6D020000 		.4byte	0x26d
 617 046e 18       		.byte	0x18
 618 046f 00       		.byte	0
 619 0470 04       		.uleb128 0x4
 620 0471 A5040000 		.4byte	.LASF71
 621 0475 09       		.byte	0x9
 622 0476 64       		.byte	0x64
 623 0477 1F040000 		.4byte	0x41f
 624 047b 10       		.uleb128 0x10
 625 047c AF040000 		.4byte	.LASF73
 626 0480 09       		.byte	0x9
 627 0481 68       		.byte	0x68
ARM GAS  /tmp/ccovtNHK.s 			page 12


 628 0482 70040000 		.4byte	0x470
 629 0486 06       		.uleb128 0x6
 630 0487 1A020000 		.4byte	.LASF74
 631 048b 10       		.byte	0x10
 632 048c 0A       		.byte	0xa
 633 048d 25       		.byte	0x25
 634 048e B7040000 		.4byte	0x4b7
 635 0492 07       		.uleb128 0x7
 636 0493 FC000000 		.4byte	.LASF75
 637 0497 0A       		.byte	0xa
 638 0498 26       		.byte	0x26
 639 0499 73020000 		.4byte	0x273
 640 049d 00       		.byte	0
 641 049e 07       		.uleb128 0x7
 642 049f E8040000 		.4byte	.LASF76
 643 04a3 0A       		.byte	0xa
 644 04a4 28       		.byte	0x28
 645 04a5 6D020000 		.4byte	0x26d
 646 04a9 08       		.byte	0x8
 647 04aa 07       		.uleb128 0x7
 648 04ab 46040000 		.4byte	.LASF77
 649 04af 0A       		.byte	0xa
 650 04b0 2A       		.byte	0x2a
 651 04b1 B7040000 		.4byte	0x4b7
 652 04b5 0C       		.byte	0xc
 653 04b6 00       		.byte	0
 654 04b7 0A       		.uleb128 0xa
 655 04b8 04       		.byte	0x4
 656 04b9 86040000 		.4byte	0x486
 657 04bd 04       		.uleb128 0x4
 658 04be 1A020000 		.4byte	.LASF74
 659 04c2 0A       		.byte	0xa
 660 04c3 2C       		.byte	0x2c
 661 04c4 86040000 		.4byte	0x486
 662 04c8 11       		.uleb128 0x11
 663 04c9 04       		.byte	0x4
 664 04ca 06       		.byte	0x6
 665 04cb 8F       		.byte	0x8f
 666 04cc FD040000 		.4byte	0x4fd
 667 04d0 12       		.uleb128 0x12
 668 04d1 97040000 		.4byte	.LASF78
 669 04d5 06       		.byte	0x6
 670 04d6 96       		.byte	0x96
 671 04d7 1E010000 		.4byte	0x11e
 672 04db 12       		.uleb128 0x12
 673 04dc A0000000 		.4byte	.LASF79
 674 04e0 06       		.byte	0x6
 675 04e1 9D       		.byte	0x9d
 676 04e2 1E010000 		.4byte	0x11e
 677 04e6 12       		.uleb128 0x12
 678 04e7 BD040000 		.4byte	.LASF80
 679 04eb 06       		.byte	0x6
 680 04ec A4       		.byte	0xa4
 681 04ed A9020000 		.4byte	0x2a9
 682 04f1 12       		.uleb128 0x12
 683 04f2 C8030000 		.4byte	.LASF81
 684 04f6 06       		.byte	0x6
ARM GAS  /tmp/ccovtNHK.s 			page 13


 685 04f7 AB       		.byte	0xab
 686 04f8 29010000 		.4byte	0x129
 687 04fc 00       		.byte	0
 688 04fd 0A       		.uleb128 0xa
 689 04fe 04       		.byte	0x4
 690 04ff 0A050000 		.4byte	0x50a
 691 0503 03       		.uleb128 0x3
 692 0504 01       		.byte	0x1
 693 0505 08       		.byte	0x8
 694 0506 36040000 		.4byte	.LASF82
 695 050a 13       		.uleb128 0x13
 696 050b 03050000 		.4byte	0x503
 697 050f 0A       		.uleb128 0xa
 698 0510 04       		.byte	0x4
 699 0511 BD040000 		.4byte	0x4bd
 700 0515 09       		.uleb128 0x9
 701 0516 16       		.byte	0x16
 702 0517 0B       		.byte	0xb
 703 0518 25       		.byte	0x25
 704 0519 F6050000 		.4byte	0x5f6
 705 051d 07       		.uleb128 0x7
 706 051e A0010000 		.4byte	.LASF83
 707 0522 0B       		.byte	0xb
 708 0523 26       		.byte	0x26
 709 0524 F6050000 		.4byte	0x5f6
 710 0528 00       		.byte	0
 711 0529 07       		.uleb128 0x7
 712 052a 2B020000 		.4byte	.LASF84
 713 052e 0B       		.byte	0xb
 714 052f 27       		.byte	0x27
 715 0530 A9000000 		.4byte	0xa9
 716 0534 04       		.byte	0x4
 717 0535 07       		.uleb128 0x7
 718 0536 2C030000 		.4byte	.LASF85
 719 053a 0B       		.byte	0xb
 720 053b 28       		.byte	0x28
 721 053c A9000000 		.4byte	0xa9
 722 0540 05       		.byte	0x5
 723 0541 07       		.uleb128 0x7
 724 0542 D6040000 		.4byte	.LASF86
 725 0546 0B       		.byte	0xb
 726 0547 29       		.byte	0x29
 727 0548 B4000000 		.4byte	0xb4
 728 054c 06       		.byte	0x6
 729 054d 07       		.uleb128 0x7
 730 054e 59030000 		.4byte	.LASF87
 731 0552 0B       		.byte	0xb
 732 0553 2A       		.byte	0x2a
 733 0554 A9000000 		.4byte	0xa9
 734 0558 08       		.byte	0x8
 735 0559 07       		.uleb128 0x7
 736 055a F9020000 		.4byte	.LASF88
 737 055e 0B       		.byte	0xb
 738 055f 2B       		.byte	0x2b
 739 0560 A9000000 		.4byte	0xa9
 740 0564 09       		.byte	0x9
 741 0565 07       		.uleb128 0x7
ARM GAS  /tmp/ccovtNHK.s 			page 14


 742 0566 92000000 		.4byte	.LASF89
 743 056a 0B       		.byte	0xb
 744 056b 2C       		.byte	0x2c
 745 056c A9000000 		.4byte	0xa9
 746 0570 0A       		.byte	0xa
 747 0571 07       		.uleb128 0x7
 748 0572 15040000 		.4byte	.LASF90
 749 0576 0B       		.byte	0xb
 750 0577 2D       		.byte	0x2d
 751 0578 A9000000 		.4byte	0xa9
 752 057c 0B       		.byte	0xb
 753 057d 07       		.uleb128 0x7
 754 057e 8C040000 		.4byte	.LASF91
 755 0582 0B       		.byte	0xb
 756 0583 2E       		.byte	0x2e
 757 0584 A9000000 		.4byte	0xa9
 758 0588 0C       		.byte	0xc
 759 0589 07       		.uleb128 0x7
 760 058a F4030000 		.4byte	.LASF92
 761 058e 0B       		.byte	0xb
 762 058f 2F       		.byte	0x2f
 763 0590 A9000000 		.4byte	0xa9
 764 0594 0D       		.byte	0xd
 765 0595 07       		.uleb128 0x7
 766 0596 00000000 		.4byte	.LASF93
 767 059a 0B       		.byte	0xb
 768 059b 30       		.byte	0x30
 769 059c A9000000 		.4byte	0xa9
 770 05a0 0E       		.byte	0xe
 771 05a1 07       		.uleb128 0x7
 772 05a2 05030000 		.4byte	.LASF94
 773 05a6 0B       		.byte	0xb
 774 05a7 31       		.byte	0x31
 775 05a8 A9000000 		.4byte	0xa9
 776 05ac 0F       		.byte	0xf
 777 05ad 07       		.uleb128 0x7
 778 05ae D7000000 		.4byte	.LASF95
 779 05b2 0B       		.byte	0xb
 780 05b3 32       		.byte	0x32
 781 05b4 A9000000 		.4byte	0xa9
 782 05b8 10       		.byte	0x10
 783 05b9 07       		.uleb128 0x7
 784 05ba B0000000 		.4byte	.LASF96
 785 05be 0B       		.byte	0xb
 786 05bf 34       		.byte	0x34
 787 05c0 A9000000 		.4byte	0xa9
 788 05c4 11       		.byte	0x11
 789 05c5 07       		.uleb128 0x7
 790 05c6 E7000000 		.4byte	.LASF97
 791 05ca 0B       		.byte	0xb
 792 05cb 35       		.byte	0x35
 793 05cc A9000000 		.4byte	0xa9
 794 05d0 12       		.byte	0x12
 795 05d1 07       		.uleb128 0x7
 796 05d2 33020000 		.4byte	.LASF98
 797 05d6 0B       		.byte	0xb
 798 05d7 36       		.byte	0x36
ARM GAS  /tmp/ccovtNHK.s 			page 15


 799 05d8 A9000000 		.4byte	0xa9
 800 05dc 13       		.byte	0x13
 801 05dd 07       		.uleb128 0x7
 802 05de D6030000 		.4byte	.LASF99
 803 05e2 0B       		.byte	0xb
 804 05e3 37       		.byte	0x37
 805 05e4 A9000000 		.4byte	0xa9
 806 05e8 14       		.byte	0x14
 807 05e9 07       		.uleb128 0x7
 808 05ea B5030000 		.4byte	.LASF100
 809 05ee 0B       		.byte	0xb
 810 05ef 39       		.byte	0x39
 811 05f0 A9000000 		.4byte	0xa9
 812 05f4 15       		.byte	0x15
 813 05f5 00       		.byte	0
 814 05f6 14       		.uleb128 0x14
 815 05f7 03050000 		.4byte	0x503
 816 05fb 06060000 		.4byte	0x606
 817 05ff 15       		.uleb128 0x15
 818 0600 53030000 		.4byte	0x353
 819 0604 03       		.byte	0x3
 820 0605 00       		.byte	0
 821 0606 04       		.uleb128 0x4
 822 0607 29010000 		.4byte	.LASF101
 823 060b 0B       		.byte	0xb
 824 060c 3A       		.byte	0x3a
 825 060d 15050000 		.4byte	0x515
 826 0611 13       		.uleb128 0x13
 827 0612 06060000 		.4byte	0x606
 828 0616 10       		.uleb128 0x10
 829 0617 8E010000 		.4byte	.LASF102
 830 061b 0B       		.byte	0xb
 831 061c 77       		.byte	0x77
 832 061d 11060000 		.4byte	0x611
 833 0621 14       		.uleb128 0x14
 834 0622 AB020000 		.4byte	0x2ab
 835 0626 31060000 		.4byte	0x631
 836 062a 15       		.uleb128 0x15
 837 062b 53030000 		.4byte	0x353
 838 062f 17       		.byte	0x17
 839 0630 00       		.byte	0
 840 0631 10       		.uleb128 0x10
 841 0632 3B010000 		.4byte	.LASF103
 842 0636 0C       		.byte	0xc
 843 0637 82       		.byte	0x82
 844 0638 21060000 		.4byte	0x621
 845 063c 16       		.uleb128 0x16
 846 063d E3020000 		.4byte	.LASF107
 847 0641 01       		.byte	0x1
 848 0642 27       		.byte	0x27
 849 0643 00000000 		.4byte	.LFB7
 850 0647 04000000 		.4byte	.LFE7-.LFB7
 851 064b 01       		.uleb128 0x1
 852 064c 9C       		.byte	0x9c
 853 064d 00       		.byte	0
 854              		.section	.debug_abbrev,"",%progbits
 855              	.Ldebug_abbrev0:
ARM GAS  /tmp/ccovtNHK.s 			page 16


 856 0000 01       		.uleb128 0x1
 857 0001 11       		.uleb128 0x11
 858 0002 01       		.byte	0x1
 859 0003 25       		.uleb128 0x25
 860 0004 0E       		.uleb128 0xe
 861 0005 13       		.uleb128 0x13
 862 0006 0B       		.uleb128 0xb
 863 0007 03       		.uleb128 0x3
 864 0008 0E       		.uleb128 0xe
 865 0009 1B       		.uleb128 0x1b
 866 000a 0E       		.uleb128 0xe
 867 000b 55       		.uleb128 0x55
 868 000c 17       		.uleb128 0x17
 869 000d 11       		.uleb128 0x11
 870 000e 01       		.uleb128 0x1
 871 000f 10       		.uleb128 0x10
 872 0010 17       		.uleb128 0x17
 873 0011 00       		.byte	0
 874 0012 00       		.byte	0
 875 0013 02       		.uleb128 0x2
 876 0014 24       		.uleb128 0x24
 877 0015 00       		.byte	0
 878 0016 0B       		.uleb128 0xb
 879 0017 0B       		.uleb128 0xb
 880 0018 3E       		.uleb128 0x3e
 881 0019 0B       		.uleb128 0xb
 882 001a 03       		.uleb128 0x3
 883 001b 08       		.uleb128 0x8
 884 001c 00       		.byte	0
 885 001d 00       		.byte	0
 886 001e 03       		.uleb128 0x3
 887 001f 24       		.uleb128 0x24
 888 0020 00       		.byte	0
 889 0021 0B       		.uleb128 0xb
 890 0022 0B       		.uleb128 0xb
 891 0023 3E       		.uleb128 0x3e
 892 0024 0B       		.uleb128 0xb
 893 0025 03       		.uleb128 0x3
 894 0026 0E       		.uleb128 0xe
 895 0027 00       		.byte	0
 896 0028 00       		.byte	0
 897 0029 04       		.uleb128 0x4
 898 002a 16       		.uleb128 0x16
 899 002b 00       		.byte	0
 900 002c 03       		.uleb128 0x3
 901 002d 0E       		.uleb128 0xe
 902 002e 3A       		.uleb128 0x3a
 903 002f 0B       		.uleb128 0xb
 904 0030 3B       		.uleb128 0x3b
 905 0031 0B       		.uleb128 0xb
 906 0032 49       		.uleb128 0x49
 907 0033 13       		.uleb128 0x13
 908 0034 00       		.byte	0
 909 0035 00       		.byte	0
 910 0036 05       		.uleb128 0x5
 911 0037 35       		.uleb128 0x35
 912 0038 00       		.byte	0
ARM GAS  /tmp/ccovtNHK.s 			page 17


 913 0039 49       		.uleb128 0x49
 914 003a 13       		.uleb128 0x13
 915 003b 00       		.byte	0
 916 003c 00       		.byte	0
 917 003d 06       		.uleb128 0x6
 918 003e 13       		.uleb128 0x13
 919 003f 01       		.byte	0x1
 920 0040 03       		.uleb128 0x3
 921 0041 0E       		.uleb128 0xe
 922 0042 0B       		.uleb128 0xb
 923 0043 0B       		.uleb128 0xb
 924 0044 3A       		.uleb128 0x3a
 925 0045 0B       		.uleb128 0xb
 926 0046 3B       		.uleb128 0x3b
 927 0047 0B       		.uleb128 0xb
 928 0048 01       		.uleb128 0x1
 929 0049 13       		.uleb128 0x13
 930 004a 00       		.byte	0
 931 004b 00       		.byte	0
 932 004c 07       		.uleb128 0x7
 933 004d 0D       		.uleb128 0xd
 934 004e 00       		.byte	0
 935 004f 03       		.uleb128 0x3
 936 0050 0E       		.uleb128 0xe
 937 0051 3A       		.uleb128 0x3a
 938 0052 0B       		.uleb128 0xb
 939 0053 3B       		.uleb128 0x3b
 940 0054 0B       		.uleb128 0xb
 941 0055 49       		.uleb128 0x49
 942 0056 13       		.uleb128 0x13
 943 0057 38       		.uleb128 0x38
 944 0058 0B       		.uleb128 0xb
 945 0059 00       		.byte	0
 946 005a 00       		.byte	0
 947 005b 08       		.uleb128 0x8
 948 005c 0D       		.uleb128 0xd
 949 005d 00       		.byte	0
 950 005e 03       		.uleb128 0x3
 951 005f 08       		.uleb128 0x8
 952 0060 3A       		.uleb128 0x3a
 953 0061 0B       		.uleb128 0xb
 954 0062 3B       		.uleb128 0x3b
 955 0063 0B       		.uleb128 0xb
 956 0064 49       		.uleb128 0x49
 957 0065 13       		.uleb128 0x13
 958 0066 38       		.uleb128 0x38
 959 0067 0B       		.uleb128 0xb
 960 0068 00       		.byte	0
 961 0069 00       		.byte	0
 962 006a 09       		.uleb128 0x9
 963 006b 13       		.uleb128 0x13
 964 006c 01       		.byte	0x1
 965 006d 0B       		.uleb128 0xb
 966 006e 0B       		.uleb128 0xb
 967 006f 3A       		.uleb128 0x3a
 968 0070 0B       		.uleb128 0xb
 969 0071 3B       		.uleb128 0x3b
ARM GAS  /tmp/ccovtNHK.s 			page 18


 970 0072 0B       		.uleb128 0xb
 971 0073 01       		.uleb128 0x1
 972 0074 13       		.uleb128 0x13
 973 0075 00       		.byte	0
 974 0076 00       		.byte	0
 975 0077 0A       		.uleb128 0xa
 976 0078 0F       		.uleb128 0xf
 977 0079 00       		.byte	0
 978 007a 0B       		.uleb128 0xb
 979 007b 0B       		.uleb128 0xb
 980 007c 49       		.uleb128 0x49
 981 007d 13       		.uleb128 0x13
 982 007e 00       		.byte	0
 983 007f 00       		.byte	0
 984 0080 0B       		.uleb128 0xb
 985 0081 0F       		.uleb128 0xf
 986 0082 00       		.byte	0
 987 0083 0B       		.uleb128 0xb
 988 0084 0B       		.uleb128 0xb
 989 0085 00       		.byte	0
 990 0086 00       		.byte	0
 991 0087 0C       		.uleb128 0xc
 992 0088 13       		.uleb128 0x13
 993 0089 01       		.byte	0x1
 994 008a 03       		.uleb128 0x3
 995 008b 0E       		.uleb128 0xe
 996 008c 0B       		.uleb128 0xb
 997 008d 0B       		.uleb128 0xb
 998 008e 3A       		.uleb128 0x3a
 999 008f 0B       		.uleb128 0xb
 1000 0090 3B       		.uleb128 0x3b
 1001 0091 05       		.uleb128 0x5
 1002 0092 01       		.uleb128 0x1
 1003 0093 13       		.uleb128 0x13
 1004 0094 00       		.byte	0
 1005 0095 00       		.byte	0
 1006 0096 0D       		.uleb128 0xd
 1007 0097 0D       		.uleb128 0xd
 1008 0098 00       		.byte	0
 1009 0099 03       		.uleb128 0x3
 1010 009a 08       		.uleb128 0x8
 1011 009b 3A       		.uleb128 0x3a
 1012 009c 0B       		.uleb128 0xb
 1013 009d 3B       		.uleb128 0x3b
 1014 009e 05       		.uleb128 0x5
 1015 009f 49       		.uleb128 0x49
 1016 00a0 13       		.uleb128 0x13
 1017 00a1 38       		.uleb128 0x38
 1018 00a2 0B       		.uleb128 0xb
 1019 00a3 00       		.byte	0
 1020 00a4 00       		.byte	0
 1021 00a5 0E       		.uleb128 0xe
 1022 00a6 15       		.uleb128 0x15
 1023 00a7 01       		.byte	0x1
 1024 00a8 27       		.uleb128 0x27
 1025 00a9 19       		.uleb128 0x19
 1026 00aa 01       		.uleb128 0x1
ARM GAS  /tmp/ccovtNHK.s 			page 19


 1027 00ab 13       		.uleb128 0x13
 1028 00ac 00       		.byte	0
 1029 00ad 00       		.byte	0
 1030 00ae 0F       		.uleb128 0xf
 1031 00af 05       		.uleb128 0x5
 1032 00b0 00       		.byte	0
 1033 00b1 49       		.uleb128 0x49
 1034 00b2 13       		.uleb128 0x13
 1035 00b3 00       		.byte	0
 1036 00b4 00       		.byte	0
 1037 00b5 10       		.uleb128 0x10
 1038 00b6 34       		.uleb128 0x34
 1039 00b7 00       		.byte	0
 1040 00b8 03       		.uleb128 0x3
 1041 00b9 0E       		.uleb128 0xe
 1042 00ba 3A       		.uleb128 0x3a
 1043 00bb 0B       		.uleb128 0xb
 1044 00bc 3B       		.uleb128 0x3b
 1045 00bd 0B       		.uleb128 0xb
 1046 00be 49       		.uleb128 0x49
 1047 00bf 13       		.uleb128 0x13
 1048 00c0 3F       		.uleb128 0x3f
 1049 00c1 19       		.uleb128 0x19
 1050 00c2 3C       		.uleb128 0x3c
 1051 00c3 19       		.uleb128 0x19
 1052 00c4 00       		.byte	0
 1053 00c5 00       		.byte	0
 1054 00c6 11       		.uleb128 0x11
 1055 00c7 17       		.uleb128 0x17
 1056 00c8 01       		.byte	0x1
 1057 00c9 0B       		.uleb128 0xb
 1058 00ca 0B       		.uleb128 0xb
 1059 00cb 3A       		.uleb128 0x3a
 1060 00cc 0B       		.uleb128 0xb
 1061 00cd 3B       		.uleb128 0x3b
 1062 00ce 0B       		.uleb128 0xb
 1063 00cf 01       		.uleb128 0x1
 1064 00d0 13       		.uleb128 0x13
 1065 00d1 00       		.byte	0
 1066 00d2 00       		.byte	0
 1067 00d3 12       		.uleb128 0x12
 1068 00d4 0D       		.uleb128 0xd
 1069 00d5 00       		.byte	0
 1070 00d6 03       		.uleb128 0x3
 1071 00d7 0E       		.uleb128 0xe
 1072 00d8 3A       		.uleb128 0x3a
 1073 00d9 0B       		.uleb128 0xb
 1074 00da 3B       		.uleb128 0x3b
 1075 00db 0B       		.uleb128 0xb
 1076 00dc 49       		.uleb128 0x49
 1077 00dd 13       		.uleb128 0x13
 1078 00de 00       		.byte	0
 1079 00df 00       		.byte	0
 1080 00e0 13       		.uleb128 0x13
 1081 00e1 26       		.uleb128 0x26
 1082 00e2 00       		.byte	0
 1083 00e3 49       		.uleb128 0x49
ARM GAS  /tmp/ccovtNHK.s 			page 20


 1084 00e4 13       		.uleb128 0x13
 1085 00e5 00       		.byte	0
 1086 00e6 00       		.byte	0
 1087 00e7 14       		.uleb128 0x14
 1088 00e8 01       		.uleb128 0x1
 1089 00e9 01       		.byte	0x1
 1090 00ea 49       		.uleb128 0x49
 1091 00eb 13       		.uleb128 0x13
 1092 00ec 01       		.uleb128 0x1
 1093 00ed 13       		.uleb128 0x13
 1094 00ee 00       		.byte	0
 1095 00ef 00       		.byte	0
 1096 00f0 15       		.uleb128 0x15
 1097 00f1 21       		.uleb128 0x21
 1098 00f2 00       		.byte	0
 1099 00f3 49       		.uleb128 0x49
 1100 00f4 13       		.uleb128 0x13
 1101 00f5 2F       		.uleb128 0x2f
 1102 00f6 0B       		.uleb128 0xb
 1103 00f7 00       		.byte	0
 1104 00f8 00       		.byte	0
 1105 00f9 16       		.uleb128 0x16
 1106 00fa 2E       		.uleb128 0x2e
 1107 00fb 00       		.byte	0
 1108 00fc 3F       		.uleb128 0x3f
 1109 00fd 19       		.uleb128 0x19
 1110 00fe 03       		.uleb128 0x3
 1111 00ff 0E       		.uleb128 0xe
 1112 0100 3A       		.uleb128 0x3a
 1113 0101 0B       		.uleb128 0xb
 1114 0102 3B       		.uleb128 0x3b
 1115 0103 0B       		.uleb128 0xb
 1116 0104 27       		.uleb128 0x27
 1117 0105 19       		.uleb128 0x19
 1118 0106 11       		.uleb128 0x11
 1119 0107 01       		.uleb128 0x1
 1120 0108 12       		.uleb128 0x12
 1121 0109 06       		.uleb128 0x6
 1122 010a 40       		.uleb128 0x40
 1123 010b 18       		.uleb128 0x18
 1124 010c 9742     		.uleb128 0x2117
 1125 010e 19       		.uleb128 0x19
 1126 010f 00       		.byte	0
 1127 0110 00       		.byte	0
 1128 0111 00       		.byte	0
 1129              		.section	.debug_aranges,"",%progbits
 1130 0000 1C000000 		.4byte	0x1c
 1131 0004 0200     		.2byte	0x2
 1132 0006 00000000 		.4byte	.Ldebug_info0
 1133 000a 04       		.byte	0x4
 1134 000b 00       		.byte	0
 1135 000c 0000     		.2byte	0
 1136 000e 0000     		.2byte	0
 1137 0010 00000000 		.4byte	.LFB7
 1138 0014 04000000 		.4byte	.LFE7-.LFB7
 1139 0018 00000000 		.4byte	0
 1140 001c 00000000 		.4byte	0
ARM GAS  /tmp/ccovtNHK.s 			page 21


 1141              		.section	.debug_ranges,"",%progbits
 1142              	.Ldebug_ranges0:
 1143 0000 00000000 		.4byte	.LFB7
 1144 0004 04000000 		.4byte	.LFE7
 1145 0008 00000000 		.4byte	0
 1146 000c 00000000 		.4byte	0
 1147              		.section	.debug_line,"",%progbits
 1148              	.Ldebug_line0:
 1149 0000 2E010000 		.section	.debug_str,"MS",%progbits,1
 1149      02001801 
 1149      00000201 
 1149      FB0E0D00 
 1149      01010101 
 1150              	.LASF93:
 1151 0000 63665F6F 		.ascii	"cf_off_older\000"
 1151      66665F6F 
 1151      6C646572 
 1151      00
 1152              	.LASF106:
 1153 000d 2F686F6D 		.ascii	"/home/ekobayu/Arok-Gandring-Lokajaya/LPC/ChibiOS-RT"
 1153      652F656B 
 1153      6F626179 
 1153      752F4172 
 1153      6F6B2D47 
 1154 0040 2D4C5043 		.ascii	"-LPC/demos/LPC1766\000"
 1154      2F64656D 
 1154      6F732F4C 
 1154      50433137 
 1154      363600
 1155              	.LASF44:
 1156 0053 705F6D73 		.ascii	"p_msg\000"
 1156      6700
 1157              	.LASF61:
 1158 0059 76745F66 		.ascii	"vt_func\000"
 1158      756E6300 
 1159              	.LASF19:
 1160 0061 75696E74 		.ascii	"uint64_t\000"
 1160      36345F74 
 1160      00
 1161              	.LASF6:
 1162 006a 5F5F7569 		.ascii	"__uint8_t\000"
 1162      6E74385F 
 1162      7400
 1163              	.LASF72:
 1164 0074 76746C69 		.ascii	"vtlist\000"
 1164      737400
 1165              	.LASF14:
 1166 007b 6C6F6E67 		.ascii	"long long unsigned int\000"
 1166      206C6F6E 
 1166      6720756E 
 1166      7369676E 
 1166      65642069 
 1167              	.LASF89:
 1168 0092 63685F74 		.ascii	"ch_threadsize\000"
 1168      68726561 
 1168      6473697A 
 1168      6500
ARM GAS  /tmp/ccovtNHK.s 			page 22


 1169              	.LASF79:
 1170 00a0 65786974 		.ascii	"exitcode\000"
 1170      636F6465 
 1170      00
 1171              	.LASF32:
 1172 00a9 705F7072 		.ascii	"p_prio\000"
 1172      696F00
 1173              	.LASF96:
 1174 00b0 63665F6F 		.ascii	"cf_off_state\000"
 1174      66665F73 
 1174      74617465 
 1174      00
 1175              	.LASF1:
 1176 00bd 6C6F6E67 		.ascii	"long long int\000"
 1176      206C6F6E 
 1176      6720696E 
 1176      7400
 1177              	.LASF3:
 1178 00cb 7369676E 		.ascii	"signed char\000"
 1178      65642063 
 1178      68617200 
 1179              	.LASF95:
 1180 00d7 63665F6F 		.ascii	"cf_off_stklimit\000"
 1180      66665F73 
 1180      746B6C69 
 1180      6D697400 
 1181              	.LASF97:
 1182 00e7 63665F6F 		.ascii	"cf_off_flags\000"
 1182      66665F66 
 1182      6C616773 
 1182      00
 1183              	.LASF48:
 1184 00f4 705F6D70 		.ascii	"p_mpool\000"
 1184      6F6F6C00 
 1185              	.LASF75:
 1186 00fc 6D5F7175 		.ascii	"m_queue\000"
 1186      65756500 
 1187              	.LASF24:
 1188 0104 74736C69 		.ascii	"tslices_t\000"
 1188      6365735F 
 1188      7400
 1189              	.LASF10:
 1190 010e 6C6F6E67 		.ascii	"long int\000"
 1190      20696E74 
 1190      00
 1191              	.LASF22:
 1192 0117 74737461 		.ascii	"tstate_t\000"
 1192      74655F74 
 1192      00
 1193              	.LASF16:
 1194 0120 75696E74 		.ascii	"uint16_t\000"
 1194      31365F74 
 1194      00
 1195              	.LASF101:
 1196 0129 63686465 		.ascii	"chdebug_t\000"
 1196      6275675F 
 1196      7400
ARM GAS  /tmp/ccovtNHK.s 			page 23


 1197              	.LASF34:
 1198 0133 705F6E65 		.ascii	"p_newer\000"
 1198      77657200 
 1199              	.LASF103:
 1200 013b 5F69646C 		.ascii	"_idle_thread_wa\000"
 1200      655F7468 
 1200      72656164 
 1200      5F776100 
 1201              	.LASF11:
 1202 014b 5F5F7569 		.ascii	"__uint32_t\000"
 1202      6E743332 
 1202      5F7400
 1203              	.LASF51:
 1204 0156 72656761 		.ascii	"regarm_t\000"
 1204      726D5F74 
 1204      00
 1205              	.LASF59:
 1206 015f 76745F70 		.ascii	"vt_prev\000"
 1206      72657600 
 1207              	.LASF0:
 1208 0167 756E7369 		.ascii	"unsigned int\000"
 1208      676E6564 
 1208      20696E74 
 1208      00
 1209              	.LASF58:
 1210 0174 76745F6E 		.ascii	"vt_next\000"
 1210      65787400 
 1211              	.LASF12:
 1212 017c 6C6F6E67 		.ascii	"long unsigned int\000"
 1212      20756E73 
 1212      69676E65 
 1212      6420696E 
 1212      7400
 1213              	.LASF102:
 1214 018e 63685F64 		.ascii	"ch_debug\000"
 1214      65627567 
 1214      00
 1215              	.LASF56:
 1216 0197 76746675 		.ascii	"vtfunc_t\000"
 1216      6E635F74 
 1216      00
 1217              	.LASF83:
 1218 01a0 63685F69 		.ascii	"ch_identifier\000"
 1218      64656E74 
 1218      69666965 
 1218      7200
 1219              	.LASF54:
 1220 01ae 636F6E74 		.ascii	"context\000"
 1220      65787400 
 1221              	.LASF8:
 1222 01b6 73686F72 		.ascii	"short unsigned int\000"
 1222      7420756E 
 1222      7369676E 
 1222      65642069 
 1222      6E7400
 1223              	.LASF26:
 1224 01c9 6D73675F 		.ascii	"msg_t\000"
ARM GAS  /tmp/ccovtNHK.s 			page 24


 1224      7400
 1225              	.LASF105:
 1226 01cf 2E2E2F2E 		.ascii	"../../os/ports/GCC/ARMCMx/chcore.c\000"
 1226      2E2F6F73 
 1226      2F706F72 
 1226      74732F47 
 1226      43432F41 
 1227              	.LASF68:
 1228 01f2 725F6E65 		.ascii	"r_newer\000"
 1228      77657200 
 1229              	.LASF21:
 1230 01fa 746D6F64 		.ascii	"tmode_t\000"
 1230      655F7400 
 1231              	.LASF50:
 1232 0202 54687265 		.ascii	"ThreadsList\000"
 1232      6164734C 
 1232      69737400 
 1233              	.LASF27:
 1234 020e 6576656E 		.ascii	"eventmask_t\000"
 1234      746D6173 
 1234      6B5F7400 
 1235              	.LASF74:
 1236 021a 4D757465 		.ascii	"Mutex\000"
 1236      7800
 1237              	.LASF52:
 1238 0220 73746B61 		.ascii	"stkalign_t\000"
 1238      6C69676E 
 1238      5F7400
 1239              	.LASF84:
 1240 022b 63685F7A 		.ascii	"ch_zero\000"
 1240      65726F00 
 1241              	.LASF98:
 1242 0233 63665F6F 		.ascii	"cf_off_refs\000"
 1242      66665F72 
 1242      65667300 
 1243              	.LASF60:
 1244 023f 76745F74 		.ascii	"vt_time\000"
 1244      696D6500 
 1245              	.LASF104:
 1246 0247 474E5520 		.ascii	"GNU C11 6.3.1 20170620 -mcpu=cortex-m3 -mno-thumb-i"
 1246      43313120 
 1246      362E332E 
 1246      31203230 
 1246      31373036 
 1247 027a 6E746572 		.ascii	"nterwork -mthumb -ggdb -O2 -fomit-frame-pointer -ff"
 1247      776F726B 
 1247      202D6D74 
 1247      68756D62 
 1247      202D6767 
 1248 02ad 756E6374 		.ascii	"unction-sections -fdata-sections -fno-common\000"
 1248      696F6E2D 
 1248      73656374 
 1248      696F6E73 
 1248      202D6664 
 1249              	.LASF55:
 1250 02da 73697A65 		.ascii	"sizetype\000"
 1250      74797065 
ARM GAS  /tmp/ccovtNHK.s 			page 25


 1250      00
 1251              	.LASF107:
 1252 02e3 706F7274 		.ascii	"port_halt\000"
 1252      5F68616C 
 1252      7400
 1253              	.LASF2:
 1254 02ed 6C6F6E67 		.ascii	"long double\000"
 1254      20646F75 
 1254      626C6500 
 1255              	.LASF88:
 1256 02f9 63685F74 		.ascii	"ch_timesize\000"
 1256      696D6573 
 1256      697A6500 
 1257              	.LASF94:
 1258 0305 63665F6F 		.ascii	"cf_off_name\000"
 1258      66665F6E 
 1258      616D6500 
 1259              	.LASF35:
 1260 0311 705F6F6C 		.ascii	"p_older\000"
 1260      64657200 
 1261              	.LASF67:
 1262 0319 725F6374 		.ascii	"r_ctx\000"
 1262      7800
 1263              	.LASF49:
 1264 031f 54687265 		.ascii	"ThreadsQueue\000"
 1264      61647351 
 1264      75657565 
 1264      00
 1265              	.LASF85:
 1266 032c 63685F73 		.ascii	"ch_size\000"
 1266      697A6500 
 1267              	.LASF70:
 1268 0334 725F6375 		.ascii	"r_current\000"
 1268      7272656E 
 1268      7400
 1269              	.LASF69:
 1270 033e 725F6F6C 		.ascii	"r_older\000"
 1270      64657200 
 1271              	.LASF13:
 1272 0346 5F5F7569 		.ascii	"__uint64_t\000"
 1272      6E743634 
 1272      5F7400
 1273              	.LASF23:
 1274 0351 74726566 		.ascii	"trefs_t\000"
 1274      735F7400 
 1275              	.LASF87:
 1276 0359 63685F70 		.ascii	"ch_ptrsize\000"
 1276      74727369 
 1276      7A6500
 1277              	.LASF31:
 1278 0364 705F7072 		.ascii	"p_prev\000"
 1278      657600
 1279              	.LASF25:
 1280 036b 74707269 		.ascii	"tprio_t\000"
 1280      6F5F7400 
 1281              	.LASF20:
 1282 0373 5F426F6F 		.ascii	"_Bool\000"
ARM GAS  /tmp/ccovtNHK.s 			page 26


 1282      6C00
 1283              	.LASF17:
 1284 0379 696E7433 		.ascii	"int32_t\000"
 1284      325F7400 
 1285              	.LASF4:
 1286 0381 756E7369 		.ascii	"unsigned char\000"
 1286      676E6564 
 1286      20636861 
 1286      7200
 1287              	.LASF46:
 1288 038f 705F6D74 		.ascii	"p_mtxlist\000"
 1288      786C6973 
 1288      7400
 1289              	.LASF5:
 1290 0399 73686F72 		.ascii	"short int\000"
 1290      7420696E 
 1290      7400
 1291              	.LASF37:
 1292 03a3 705F7374 		.ascii	"p_state\000"
 1292      61746500 
 1293              	.LASF40:
 1294 03ab 705F7072 		.ascii	"p_preempt\000"
 1294      65656D70 
 1294      7400
 1295              	.LASF100:
 1296 03b5 63665F6F 		.ascii	"cf_off_time\000"
 1296      66665F74 
 1296      696D6500 
 1297              	.LASF66:
 1298 03c1 725F7072 		.ascii	"r_prio\000"
 1298      696F00
 1299              	.LASF81:
 1300 03c8 65776D61 		.ascii	"ewmask\000"
 1300      736B00
 1301              	.LASF30:
 1302 03cf 705F6E65 		.ascii	"p_next\000"
 1302      787400
 1303              	.LASF99:
 1304 03d6 63665F6F 		.ascii	"cf_off_preempt\000"
 1304      66665F70 
 1304      7265656D 
 1304      707400
 1305              	.LASF38:
 1306 03e5 705F666C 		.ascii	"p_flags\000"
 1306      61677300 
 1307              	.LASF29:
 1308 03ed 54687265 		.ascii	"Thread\000"
 1308      616400
 1309              	.LASF92:
 1310 03f4 63665F6F 		.ascii	"cf_off_newer\000"
 1310      66665F6E 
 1310      65776572 
 1310      00
 1311              	.LASF45:
 1312 0401 705F6570 		.ascii	"p_epending\000"
 1312      656E6469 
 1312      6E6700
ARM GAS  /tmp/ccovtNHK.s 			page 27


 1313              	.LASF18:
 1314 040c 75696E74 		.ascii	"uint32_t\000"
 1314      33325F74 
 1314      00
 1315              	.LASF90:
 1316 0415 63665F6F 		.ascii	"cf_off_prio\000"
 1316      66665F70 
 1316      72696F00 
 1317              	.LASF65:
 1318 0421 725F7175 		.ascii	"r_queue\000"
 1318      65756500 
 1319              	.LASF57:
 1320 0429 56697274 		.ascii	"VirtualTimer\000"
 1320      75616C54 
 1320      696D6572 
 1320      00
 1321              	.LASF82:
 1322 0436 63686172 		.ascii	"char\000"
 1322      00
 1323              	.LASF7:
 1324 043b 5F5F7569 		.ascii	"__uint16_t\000"
 1324      6E743136 
 1324      5F7400
 1325              	.LASF77:
 1326 0446 6D5F6E65 		.ascii	"m_next\000"
 1326      787400
 1327              	.LASF28:
 1328 044d 73797374 		.ascii	"systime_t\000"
 1328      696D655F 
 1328      7400
 1329              	.LASF47:
 1330 0457 705F7265 		.ascii	"p_realprio\000"
 1330      616C7072 
 1330      696F00
 1331              	.LASF9:
 1332 0462 5F5F696E 		.ascii	"__int32_t\000"
 1332      7433325F 
 1332      7400
 1333              	.LASF41:
 1334 046c 705F7469 		.ascii	"p_time\000"
 1334      6D6500
 1335              	.LASF53:
 1336 0473 696E7463 		.ascii	"intctx\000"
 1336      747800
 1337              	.LASF43:
 1338 047a 705F6D73 		.ascii	"p_msgqueue\000"
 1338      67717565 
 1338      756500
 1339              	.LASF62:
 1340 0485 76745F70 		.ascii	"vt_par\000"
 1340      617200
 1341              	.LASF91:
 1342 048c 63665F6F 		.ascii	"cf_off_ctx\000"
 1342      66665F63 
 1342      747800
 1343              	.LASF78:
 1344 0497 7264796D 		.ascii	"rdymsg\000"
ARM GAS  /tmp/ccovtNHK.s 			page 28


 1344      736700
 1345              	.LASF39:
 1346 049e 705F7265 		.ascii	"p_refs\000"
 1346      667300
 1347              	.LASF71:
 1348 04a5 52656164 		.ascii	"ReadyList\000"
 1348      794C6973 
 1348      7400
 1349              	.LASF73:
 1350 04af 726C6973 		.ascii	"rlist\000"
 1350      7400
 1351              	.LASF15:
 1352 04b5 75696E74 		.ascii	"uint8_t\000"
 1352      385F7400 
 1353              	.LASF80:
 1354 04bd 77746F62 		.ascii	"wtobjp\000"
 1354      6A7000
 1355              	.LASF36:
 1356 04c4 705F6E61 		.ascii	"p_name\000"
 1356      6D6500
 1357              	.LASF63:
 1358 04cb 76745F73 		.ascii	"vt_systime\000"
 1358      79737469 
 1358      6D6500
 1359              	.LASF86:
 1360 04d6 63685F76 		.ascii	"ch_version\000"
 1360      65727369 
 1360      6F6E00
 1361              	.LASF64:
 1362 04e1 56544C69 		.ascii	"VTList\000"
 1362      737400
 1363              	.LASF76:
 1364 04e8 6D5F6F77 		.ascii	"m_owner\000"
 1364      6E657200 
 1365              	.LASF33:
 1366 04f0 705F6374 		.ascii	"p_ctx\000"
 1366      7800
 1367              	.LASF42:
 1368 04f6 705F7761 		.ascii	"p_waiting\000"
 1368      6974696E 
 1368      6700
 1369              		.ident	"GCC: (15:6.3.1+svn253039-1build1) 6.3.1 20170620"
ARM GAS  /tmp/ccovtNHK.s 			page 29


DEFINED SYMBOLS
                            *ABS*:0000000000000000 chcore.c
     /tmp/ccovtNHK.s:16     .text.port_halt:0000000000000000 $t
     /tmp/ccovtNHK.s:24     .text.port_halt:0000000000000000 port_halt
                     .debug_frame:0000000000000010 $d

NO UNDEFINED SYMBOLS
