ARM GAS  /tmp/ccLWNiFs.s 			page 1


   1              		.cpu cortex-m3
   2              		.eabi_attribute 20, 1
   3              		.eabi_attribute 21, 1
   4              		.eabi_attribute 23, 3
   5              		.eabi_attribute 24, 1
   6              		.eabi_attribute 25, 1
   7              		.eabi_attribute 26, 1
   8              		.eabi_attribute 30, 2
   9              		.eabi_attribute 34, 1
  10              		.eabi_attribute 18, 4
  11              		.file	"chlists.c"
  12              		.text
  13              	.Ltext0:
  14              		.cfi_sections	.debug_frame
  15              	.Letext0:
  16              		.file 1 "/usr/include/newlib/machine/_default_types.h"
  17              		.file 2 "/usr/include/newlib/sys/_stdint.h"
  18              		.file 3 "../../os/ports/GCC/ARMCMx/chtypes.h"
  19              		.file 4 "../../os/kernel/include/chlists.h"
  20              		.file 5 "../../os/kernel/include/chthreads.h"
  21              		.file 6 "../../os/ports/GCC/ARMCMx/chcore_v7m.h"
  22              		.file 7 "../../os/kernel/include/chvt.h"
  23              		.file 8 "../../os/kernel/include/chschd.h"
  24              		.file 9 "../../os/kernel/include/chmtx.h"
  25              		.file 10 "../../os/kernel/include/chregistry.h"
  26              		.file 11 "../../os/kernel/include/ch.h"
  27              		.section	.debug_info,"",%progbits
  28              	.Ldebug_info0:
  29 0000 31060000 		.4byte	0x631
  30 0004 0400     		.2byte	0x4
  31 0006 00000000 		.4byte	.Ldebug_abbrev0
  32 000a 04       		.byte	0x4
  33 000b 01       		.uleb128 0x1
  34 000c 38020000 		.4byte	.LASF104
  35 0010 0C       		.byte	0xc
  36 0011 29010000 		.4byte	.LASF105
  37 0015 0D000000 		.4byte	.LASF106
  38 0019 00000000 		.4byte	.Ldebug_line0
  39 001d 02       		.uleb128 0x2
  40 001e 04       		.byte	0x4
  41 001f 05       		.byte	0x5
  42 0020 696E7400 		.ascii	"int\000"
  43 0024 03       		.uleb128 0x3
  44 0025 04       		.byte	0x4
  45 0026 07       		.byte	0x7
  46 0027 7B010000 		.4byte	.LASF0
  47 002b 03       		.uleb128 0x3
  48 002c 08       		.byte	0x8
  49 002d 05       		.byte	0x5
  50 002e BD000000 		.4byte	.LASF1
  51 0032 03       		.uleb128 0x3
  52 0033 08       		.byte	0x8
  53 0034 04       		.byte	0x4
  54 0035 D4020000 		.4byte	.LASF2
  55 0039 03       		.uleb128 0x3
  56 003a 01       		.byte	0x1
  57 003b 06       		.byte	0x6
ARM GAS  /tmp/ccLWNiFs.s 			page 2


  58 003c CB000000 		.4byte	.LASF3
  59 0040 04       		.uleb128 0x4
  60 0041 6A000000 		.4byte	.LASF6
  61 0045 01       		.byte	0x1
  62 0046 1D       		.byte	0x1d
  63 0047 4B000000 		.4byte	0x4b
  64 004b 03       		.uleb128 0x3
  65 004c 01       		.byte	0x1
  66 004d 08       		.byte	0x8
  67 004e 68030000 		.4byte	.LASF4
  68 0052 03       		.uleb128 0x3
  69 0053 02       		.byte	0x2
  70 0054 05       		.byte	0x5
  71 0055 80030000 		.4byte	.LASF5
  72 0059 04       		.uleb128 0x4
  73 005a 22040000 		.4byte	.LASF7
  74 005e 01       		.byte	0x1
  75 005f 2B       		.byte	0x2b
  76 0060 64000000 		.4byte	0x64
  77 0064 03       		.uleb128 0x3
  78 0065 02       		.byte	0x2
  79 0066 07       		.byte	0x7
  80 0067 CA010000 		.4byte	.LASF8
  81 006b 04       		.uleb128 0x4
  82 006c 49040000 		.4byte	.LASF9
  83 0070 01       		.byte	0x1
  84 0071 3F       		.byte	0x3f
  85 0072 76000000 		.4byte	0x76
  86 0076 03       		.uleb128 0x3
  87 0077 04       		.byte	0x4
  88 0078 05       		.byte	0x5
  89 0079 0E010000 		.4byte	.LASF10
  90 007d 04       		.uleb128 0x4
  91 007e 5F010000 		.4byte	.LASF11
  92 0082 01       		.byte	0x1
  93 0083 41       		.byte	0x41
  94 0084 88000000 		.4byte	0x88
  95 0088 03       		.uleb128 0x3
  96 0089 04       		.byte	0x4
  97 008a 07       		.byte	0x7
  98 008b 90010000 		.4byte	.LASF12
  99 008f 04       		.uleb128 0x4
 100 0090 2D030000 		.4byte	.LASF13
 101 0094 01       		.byte	0x1
 102 0095 5B       		.byte	0x5b
 103 0096 9A000000 		.4byte	0x9a
 104 009a 03       		.uleb128 0x3
 105 009b 08       		.byte	0x8
 106 009c 07       		.byte	0x7
 107 009d 7B000000 		.4byte	.LASF14
 108 00a1 04       		.uleb128 0x4
 109 00a2 9C040000 		.4byte	.LASF15
 110 00a6 02       		.byte	0x2
 111 00a7 18       		.byte	0x18
 112 00a8 40000000 		.4byte	0x40
 113 00ac 04       		.uleb128 0x4
 114 00ad 20010000 		.4byte	.LASF16
ARM GAS  /tmp/ccLWNiFs.s 			page 3


 115 00b1 02       		.byte	0x2
 116 00b2 24       		.byte	0x24
 117 00b3 59000000 		.4byte	0x59
 118 00b7 04       		.uleb128 0x4
 119 00b8 60030000 		.4byte	.LASF17
 120 00bc 02       		.byte	0x2
 121 00bd 2C       		.byte	0x2c
 122 00be 6B000000 		.4byte	0x6b
 123 00c2 04       		.uleb128 0x4
 124 00c3 F3030000 		.4byte	.LASF18
 125 00c7 02       		.byte	0x2
 126 00c8 30       		.byte	0x30
 127 00c9 7D000000 		.4byte	0x7d
 128 00cd 04       		.uleb128 0x4
 129 00ce 61000000 		.4byte	.LASF19
 130 00d2 02       		.byte	0x2
 131 00d3 3C       		.byte	0x3c
 132 00d4 8F000000 		.4byte	0x8f
 133 00d8 03       		.uleb128 0x3
 134 00d9 01       		.byte	0x1
 135 00da 02       		.byte	0x2
 136 00db 5A030000 		.4byte	.LASF20
 137 00df 04       		.uleb128 0x4
 138 00e0 EB010000 		.4byte	.LASF21
 139 00e4 03       		.byte	0x3
 140 00e5 25       		.byte	0x25
 141 00e6 A1000000 		.4byte	0xa1
 142 00ea 04       		.uleb128 0x4
 143 00eb 17010000 		.4byte	.LASF22
 144 00ef 03       		.byte	0x3
 145 00f0 26       		.byte	0x26
 146 00f1 A1000000 		.4byte	0xa1
 147 00f5 04       		.uleb128 0x4
 148 00f6 38030000 		.4byte	.LASF23
 149 00fa 03       		.byte	0x3
 150 00fb 27       		.byte	0x27
 151 00fc A1000000 		.4byte	0xa1
 152 0100 04       		.uleb128 0x4
 153 0101 04010000 		.4byte	.LASF24
 154 0105 03       		.byte	0x3
 155 0106 28       		.byte	0x28
 156 0107 A1000000 		.4byte	0xa1
 157 010b 04       		.uleb128 0x4
 158 010c 52030000 		.4byte	.LASF25
 159 0110 03       		.byte	0x3
 160 0111 29       		.byte	0x29
 161 0112 C2000000 		.4byte	0xc2
 162 0116 04       		.uleb128 0x4
 163 0117 DD010000 		.4byte	.LASF26
 164 011b 03       		.byte	0x3
 165 011c 2A       		.byte	0x2a
 166 011d B7000000 		.4byte	0xb7
 167 0121 04       		.uleb128 0x4
 168 0122 FF010000 		.4byte	.LASF27
 169 0126 03       		.byte	0x3
 170 0127 2C       		.byte	0x2c
 171 0128 C2000000 		.4byte	0xc2
ARM GAS  /tmp/ccLWNiFs.s 			page 4


 172 012c 04       		.uleb128 0x4
 173 012d 34040000 		.4byte	.LASF28
 174 0131 03       		.byte	0x3
 175 0132 2E       		.byte	0x2e
 176 0133 C2000000 		.4byte	0xc2
 177 0137 05       		.uleb128 0x5
 178 0138 2C010000 		.4byte	0x12c
 179 013c 04       		.uleb128 0x4
 180 013d D4030000 		.4byte	.LASF29
 181 0141 04       		.byte	0x4
 182 0142 23       		.byte	0x23
 183 0143 47010000 		.4byte	0x147
 184 0147 06       		.uleb128 0x6
 185 0148 D4030000 		.4byte	.LASF29
 186 014c 48       		.byte	0x48
 187 014d 05       		.byte	0x5
 188 014e 57       		.byte	0x57
 189 014f 44020000 		.4byte	0x244
 190 0153 07       		.uleb128 0x7
 191 0154 B6030000 		.4byte	.LASF30
 192 0158 05       		.byte	0x5
 193 0159 58       		.byte	0x58
 194 015a 65020000 		.4byte	0x265
 195 015e 00       		.byte	0
 196 015f 07       		.uleb128 0x7
 197 0160 4B030000 		.4byte	.LASF31
 198 0164 05       		.byte	0x5
 199 0165 5A       		.byte	0x5a
 200 0166 65020000 		.4byte	0x265
 201 016a 04       		.byte	0x4
 202 016b 07       		.uleb128 0x7
 203 016c A9000000 		.4byte	.LASF32
 204 0170 05       		.byte	0x5
 205 0171 5C       		.byte	0x5c
 206 0172 0B010000 		.4byte	0x10b
 207 0176 08       		.byte	0x8
 208 0177 07       		.uleb128 0x7
 209 0178 E1040000 		.4byte	.LASF33
 210 017c 05       		.byte	0x5
 211 017d 5D       		.byte	0x5d
 212 017e 2A030000 		.4byte	0x32a
 213 0182 0C       		.byte	0xc
 214 0183 07       		.uleb128 0x7
 215 0184 47010000 		.4byte	.LASF34
 216 0188 05       		.byte	0x5
 217 0189 5F       		.byte	0x5f
 218 018a 65020000 		.4byte	0x265
 219 018e 10       		.byte	0x10
 220 018f 07       		.uleb128 0x7
 221 0190 F8020000 		.4byte	.LASF35
 222 0194 05       		.byte	0x5
 223 0195 60       		.byte	0x60
 224 0196 65020000 		.4byte	0x265
 225 019a 14       		.byte	0x14
 226 019b 07       		.uleb128 0x7
 227 019c AB040000 		.4byte	.LASF36
 228 01a0 05       		.byte	0x5
ARM GAS  /tmp/ccLWNiFs.s 			page 5


 229 01a1 67       		.byte	0x67
 230 01a2 F5040000 		.4byte	0x4f5
 231 01a6 18       		.byte	0x18
 232 01a7 07       		.uleb128 0x7
 233 01a8 8A030000 		.4byte	.LASF37
 234 01ac 05       		.byte	0x5
 235 01ad 72       		.byte	0x72
 236 01ae EA000000 		.4byte	0xea
 237 01b2 1C       		.byte	0x1c
 238 01b3 07       		.uleb128 0x7
 239 01b4 CC030000 		.4byte	.LASF38
 240 01b8 05       		.byte	0x5
 241 01b9 76       		.byte	0x76
 242 01ba DF000000 		.4byte	0xdf
 243 01be 1D       		.byte	0x1d
 244 01bf 07       		.uleb128 0x7
 245 01c0 85040000 		.4byte	.LASF39
 246 01c4 05       		.byte	0x5
 247 01c5 7B       		.byte	0x7b
 248 01c6 F5000000 		.4byte	0xf5
 249 01ca 1E       		.byte	0x1e
 250 01cb 07       		.uleb128 0x7
 251 01cc 92030000 		.4byte	.LASF40
 252 01d0 05       		.byte	0x5
 253 01d1 81       		.byte	0x81
 254 01d2 00010000 		.4byte	0x100
 255 01d6 1F       		.byte	0x1f
 256 01d7 07       		.uleb128 0x7
 257 01d8 53040000 		.4byte	.LASF41
 258 01dc 05       		.byte	0x5
 259 01dd 88       		.byte	0x88
 260 01de 37010000 		.4byte	0x137
 261 01e2 20       		.byte	0x20
 262 01e3 08       		.uleb128 0x8
 263 01e4 705F7500 		.ascii	"p_u\000"
 264 01e8 05       		.byte	0x5
 265 01e9 AD       		.byte	0xad
 266 01ea C0040000 		.4byte	0x4c0
 267 01ee 24       		.byte	0x24
 268 01ef 07       		.uleb128 0x7
 269 01f0 E7040000 		.4byte	.LASF42
 270 01f4 05       		.byte	0x5
 271 01f5 B2       		.byte	0xb2
 272 01f6 8B020000 		.4byte	0x28b
 273 01fa 28       		.byte	0x28
 274 01fb 07       		.uleb128 0x7
 275 01fc 61040000 		.4byte	.LASF43
 276 0200 05       		.byte	0x5
 277 0201 B8       		.byte	0xb8
 278 0202 6B020000 		.4byte	0x26b
 279 0206 2C       		.byte	0x2c
 280 0207 07       		.uleb128 0x7
 281 0208 53000000 		.4byte	.LASF44
 282 020c 05       		.byte	0x5
 283 020d BC       		.byte	0xbc
 284 020e 16010000 		.4byte	0x116
 285 0212 34       		.byte	0x34
ARM GAS  /tmp/ccLWNiFs.s 			page 6


 286 0213 07       		.uleb128 0x7
 287 0214 E8030000 		.4byte	.LASF45
 288 0218 05       		.byte	0x5
 289 0219 C2       		.byte	0xc2
 290 021a 21010000 		.4byte	0x121
 291 021e 38       		.byte	0x38
 292 021f 07       		.uleb128 0x7
 293 0220 76030000 		.4byte	.LASF46
 294 0224 05       		.byte	0x5
 295 0225 C9       		.byte	0xc9
 296 0226 07050000 		.4byte	0x507
 297 022a 3C       		.byte	0x3c
 298 022b 07       		.uleb128 0x7
 299 022c 3E040000 		.4byte	.LASF47
 300 0230 05       		.byte	0x5
 301 0231 CD       		.byte	0xcd
 302 0232 0B010000 		.4byte	0x10b
 303 0236 40       		.byte	0x40
 304 0237 07       		.uleb128 0x7
 305 0238 F4000000 		.4byte	.LASF48
 306 023c 05       		.byte	0x5
 307 023d D3       		.byte	0xd3
 308 023e A1020000 		.4byte	0x2a1
 309 0242 44       		.byte	0x44
 310 0243 00       		.byte	0
 311 0244 09       		.uleb128 0x9
 312 0245 08       		.byte	0x8
 313 0246 04       		.byte	0x4
 314 0247 5A       		.byte	0x5a
 315 0248 65020000 		.4byte	0x265
 316 024c 07       		.uleb128 0x7
 317 024d B6030000 		.4byte	.LASF30
 318 0251 04       		.byte	0x4
 319 0252 5B       		.byte	0x5b
 320 0253 65020000 		.4byte	0x265
 321 0257 00       		.byte	0
 322 0258 07       		.uleb128 0x7
 323 0259 4B030000 		.4byte	.LASF31
 324 025d 04       		.byte	0x4
 325 025e 5D       		.byte	0x5d
 326 025f 65020000 		.4byte	0x265
 327 0263 04       		.byte	0x4
 328 0264 00       		.byte	0
 329 0265 0A       		.uleb128 0xa
 330 0266 04       		.byte	0x4
 331 0267 3C010000 		.4byte	0x13c
 332 026b 04       		.uleb128 0x4
 333 026c 06030000 		.4byte	.LASF49
 334 0270 04       		.byte	0x4
 335 0271 5F       		.byte	0x5f
 336 0272 44020000 		.4byte	0x244
 337 0276 09       		.uleb128 0x9
 338 0277 04       		.byte	0x4
 339 0278 04       		.byte	0x4
 340 0279 64       		.byte	0x64
 341 027a 8B020000 		.4byte	0x28b
 342 027e 07       		.uleb128 0x7
ARM GAS  /tmp/ccLWNiFs.s 			page 7


 343 027f B6030000 		.4byte	.LASF30
 344 0283 04       		.byte	0x4
 345 0284 66       		.byte	0x66
 346 0285 65020000 		.4byte	0x265
 347 0289 00       		.byte	0
 348 028a 00       		.byte	0
 349 028b 04       		.uleb128 0x4
 350 028c F3010000 		.4byte	.LASF50
 351 0290 04       		.byte	0x4
 352 0291 69       		.byte	0x69
 353 0292 76020000 		.4byte	0x276
 354 0296 04       		.uleb128 0x4
 355 0297 6A010000 		.4byte	.LASF51
 356 029b 06       		.byte	0x6
 357 029c DE       		.byte	0xde
 358 029d A1020000 		.4byte	0x2a1
 359 02a1 0B       		.uleb128 0xb
 360 02a2 04       		.byte	0x4
 361 02a3 04       		.uleb128 0x4
 362 02a4 11020000 		.4byte	.LASF52
 363 02a8 06       		.byte	0x6
 364 02a9 E4       		.byte	0xe4
 365 02aa CD000000 		.4byte	0xcd
 366 02ae 0C       		.uleb128 0xc
 367 02af 5A040000 		.4byte	.LASF53
 368 02b3 24       		.byte	0x24
 369 02b4 06       		.byte	0x6
 370 02b5 0501     		.2byte	0x105
 371 02b7 2A030000 		.4byte	0x32a
 372 02bb 0D       		.uleb128 0xd
 373 02bc 723400   		.ascii	"r4\000"
 374 02bf 06       		.byte	0x6
 375 02c0 1801     		.2byte	0x118
 376 02c2 96020000 		.4byte	0x296
 377 02c6 00       		.byte	0
 378 02c7 0D       		.uleb128 0xd
 379 02c8 723500   		.ascii	"r5\000"
 380 02cb 06       		.byte	0x6
 381 02cc 1901     		.2byte	0x119
 382 02ce 96020000 		.4byte	0x296
 383 02d2 04       		.byte	0x4
 384 02d3 0D       		.uleb128 0xd
 385 02d4 723600   		.ascii	"r6\000"
 386 02d7 06       		.byte	0x6
 387 02d8 1A01     		.2byte	0x11a
 388 02da 96020000 		.4byte	0x296
 389 02de 08       		.byte	0x8
 390 02df 0D       		.uleb128 0xd
 391 02e0 723700   		.ascii	"r7\000"
 392 02e3 06       		.byte	0x6
 393 02e4 1B01     		.2byte	0x11b
 394 02e6 96020000 		.4byte	0x296
 395 02ea 0C       		.byte	0xc
 396 02eb 0D       		.uleb128 0xd
 397 02ec 723800   		.ascii	"r8\000"
 398 02ef 06       		.byte	0x6
 399 02f0 1C01     		.2byte	0x11c
ARM GAS  /tmp/ccLWNiFs.s 			page 8


 400 02f2 96020000 		.4byte	0x296
 401 02f6 10       		.byte	0x10
 402 02f7 0D       		.uleb128 0xd
 403 02f8 723900   		.ascii	"r9\000"
 404 02fb 06       		.byte	0x6
 405 02fc 1D01     		.2byte	0x11d
 406 02fe 96020000 		.4byte	0x296
 407 0302 14       		.byte	0x14
 408 0303 0D       		.uleb128 0xd
 409 0304 72313000 		.ascii	"r10\000"
 410 0308 06       		.byte	0x6
 411 0309 1E01     		.2byte	0x11e
 412 030b 96020000 		.4byte	0x296
 413 030f 18       		.byte	0x18
 414 0310 0D       		.uleb128 0xd
 415 0311 72313100 		.ascii	"r11\000"
 416 0315 06       		.byte	0x6
 417 0316 1F01     		.2byte	0x11f
 418 0318 96020000 		.4byte	0x296
 419 031c 1C       		.byte	0x1c
 420 031d 0D       		.uleb128 0xd
 421 031e 6C7200   		.ascii	"lr\000"
 422 0321 06       		.byte	0x6
 423 0322 2001     		.2byte	0x120
 424 0324 96020000 		.4byte	0x296
 425 0328 20       		.byte	0x20
 426 0329 00       		.byte	0
 427 032a 0C       		.uleb128 0xc
 428 032b C2010000 		.4byte	.LASF54
 429 032f 04       		.byte	0x4
 430 0330 06       		.byte	0x6
 431 0331 2A01     		.2byte	0x12a
 432 0333 45030000 		.4byte	0x345
 433 0337 0D       		.uleb128 0xd
 434 0338 72313300 		.ascii	"r13\000"
 435 033c 06       		.byte	0x6
 436 033d 2B01     		.2byte	0x12b
 437 033f 45030000 		.4byte	0x345
 438 0343 00       		.byte	0
 439 0344 00       		.byte	0
 440 0345 0A       		.uleb128 0xa
 441 0346 04       		.byte	0x4
 442 0347 AE020000 		.4byte	0x2ae
 443 034b 03       		.uleb128 0x3
 444 034c 04       		.byte	0x4
 445 034d 07       		.byte	0x7
 446 034e CB020000 		.4byte	.LASF55
 447 0352 04       		.uleb128 0x4
 448 0353 AB010000 		.4byte	.LASF56
 449 0357 07       		.byte	0x7
 450 0358 51       		.byte	0x51
 451 0359 5D030000 		.4byte	0x35d
 452 035d 0A       		.uleb128 0xa
 453 035e 04       		.byte	0x4
 454 035f 63030000 		.4byte	0x363
 455 0363 0E       		.uleb128 0xe
 456 0364 6E030000 		.4byte	0x36e
ARM GAS  /tmp/ccLWNiFs.s 			page 9


 457 0368 0F       		.uleb128 0xf
 458 0369 A1020000 		.4byte	0x2a1
 459 036d 00       		.byte	0
 460 036e 04       		.uleb128 0x4
 461 036f 10040000 		.4byte	.LASF57
 462 0373 07       		.byte	0x7
 463 0374 56       		.byte	0x56
 464 0375 79030000 		.4byte	0x379
 465 0379 06       		.uleb128 0x6
 466 037a 10040000 		.4byte	.LASF57
 467 037e 14       		.byte	0x14
 468 037f 07       		.byte	0x7
 469 0380 5D       		.byte	0x5d
 470 0381 C2030000 		.4byte	0x3c2
 471 0385 07       		.uleb128 0x7
 472 0386 88010000 		.4byte	.LASF58
 473 038a 07       		.byte	0x7
 474 038b 5E       		.byte	0x5e
 475 038c C2030000 		.4byte	0x3c2
 476 0390 00       		.byte	0
 477 0391 07       		.uleb128 0x7
 478 0392 73010000 		.4byte	.LASF59
 479 0396 07       		.byte	0x7
 480 0397 60       		.byte	0x60
 481 0398 C2030000 		.4byte	0x3c2
 482 039c 04       		.byte	0x4
 483 039d 07       		.uleb128 0x7
 484 039e 30020000 		.4byte	.LASF60
 485 03a2 07       		.byte	0x7
 486 03a3 62       		.byte	0x62
 487 03a4 2C010000 		.4byte	0x12c
 488 03a8 08       		.byte	0x8
 489 03a9 07       		.uleb128 0x7
 490 03aa 59000000 		.4byte	.LASF61
 491 03ae 07       		.byte	0x7
 492 03af 63       		.byte	0x63
 493 03b0 52030000 		.4byte	0x352
 494 03b4 0C       		.byte	0xc
 495 03b5 07       		.uleb128 0x7
 496 03b6 6C040000 		.4byte	.LASF62
 497 03ba 07       		.byte	0x7
 498 03bb 65       		.byte	0x65
 499 03bc A1020000 		.4byte	0x2a1
 500 03c0 10       		.byte	0x10
 501 03c1 00       		.byte	0
 502 03c2 0A       		.uleb128 0xa
 503 03c3 04       		.byte	0x4
 504 03c4 6E030000 		.4byte	0x36e
 505 03c8 09       		.uleb128 0x9
 506 03c9 10       		.byte	0x10
 507 03ca 07       		.byte	0x7
 508 03cb 6F       		.byte	0x6f
 509 03cc 01040000 		.4byte	0x401
 510 03d0 07       		.uleb128 0x7
 511 03d1 88010000 		.4byte	.LASF58
 512 03d5 07       		.byte	0x7
 513 03d6 70       		.byte	0x70
ARM GAS  /tmp/ccLWNiFs.s 			page 10


 514 03d7 C2030000 		.4byte	0x3c2
 515 03db 00       		.byte	0
 516 03dc 07       		.uleb128 0x7
 517 03dd 73010000 		.4byte	.LASF59
 518 03e1 07       		.byte	0x7
 519 03e2 72       		.byte	0x72
 520 03e3 C2030000 		.4byte	0x3c2
 521 03e7 04       		.byte	0x4
 522 03e8 07       		.uleb128 0x7
 523 03e9 30020000 		.4byte	.LASF60
 524 03ed 07       		.byte	0x7
 525 03ee 74       		.byte	0x74
 526 03ef 2C010000 		.4byte	0x12c
 527 03f3 08       		.byte	0x8
 528 03f4 07       		.uleb128 0x7
 529 03f5 B2040000 		.4byte	.LASF63
 530 03f9 07       		.byte	0x7
 531 03fa 75       		.byte	0x75
 532 03fb 37010000 		.4byte	0x137
 533 03ff 0C       		.byte	0xc
 534 0400 00       		.byte	0
 535 0401 04       		.uleb128 0x4
 536 0402 C8040000 		.4byte	.LASF64
 537 0406 07       		.byte	0x7
 538 0407 76       		.byte	0x76
 539 0408 C8030000 		.4byte	0x3c8
 540 040c 10       		.uleb128 0x10
 541 040d 74000000 		.4byte	.LASF72
 542 0411 07       		.byte	0x7
 543 0412 EE       		.byte	0xee
 544 0413 01040000 		.4byte	0x401
 545 0417 09       		.uleb128 0x9
 546 0418 1C       		.byte	0x1c
 547 0419 08       		.byte	0x8
 548 041a 57       		.byte	0x57
 549 041b 68040000 		.4byte	0x468
 550 041f 07       		.uleb128 0x7
 551 0420 08040000 		.4byte	.LASF65
 552 0424 08       		.byte	0x8
 553 0425 58       		.byte	0x58
 554 0426 6B020000 		.4byte	0x26b
 555 042a 00       		.byte	0
 556 042b 07       		.uleb128 0x7
 557 042c A8030000 		.4byte	.LASF66
 558 0430 08       		.byte	0x8
 559 0431 59       		.byte	0x59
 560 0432 0B010000 		.4byte	0x10b
 561 0436 08       		.byte	0x8
 562 0437 07       		.uleb128 0x7
 563 0438 00030000 		.4byte	.LASF67
 564 043c 08       		.byte	0x8
 565 043d 5B       		.byte	0x5b
 566 043e 2A030000 		.4byte	0x32a
 567 0442 0C       		.byte	0xc
 568 0443 07       		.uleb128 0x7
 569 0444 E3010000 		.4byte	.LASF68
 570 0448 08       		.byte	0x8
ARM GAS  /tmp/ccLWNiFs.s 			page 11


 571 0449 5E       		.byte	0x5e
 572 044a 65020000 		.4byte	0x265
 573 044e 10       		.byte	0x10
 574 044f 07       		.uleb128 0x7
 575 0450 25030000 		.4byte	.LASF69
 576 0454 08       		.byte	0x8
 577 0455 5F       		.byte	0x5f
 578 0456 65020000 		.4byte	0x265
 579 045a 14       		.byte	0x14
 580 045b 07       		.uleb128 0x7
 581 045c 1B030000 		.4byte	.LASF70
 582 0460 08       		.byte	0x8
 583 0461 62       		.byte	0x62
 584 0462 65020000 		.4byte	0x265
 585 0466 18       		.byte	0x18
 586 0467 00       		.byte	0
 587 0468 04       		.uleb128 0x4
 588 0469 8C040000 		.4byte	.LASF71
 589 046d 08       		.byte	0x8
 590 046e 64       		.byte	0x64
 591 046f 17040000 		.4byte	0x417
 592 0473 10       		.uleb128 0x10
 593 0474 96040000 		.4byte	.LASF73
 594 0478 08       		.byte	0x8
 595 0479 68       		.byte	0x68
 596 047a 68040000 		.4byte	0x468
 597 047e 06       		.uleb128 0x6
 598 047f 0B020000 		.4byte	.LASF74
 599 0483 10       		.byte	0x10
 600 0484 09       		.byte	0x9
 601 0485 25       		.byte	0x25
 602 0486 AF040000 		.4byte	0x4af
 603 048a 07       		.uleb128 0x7
 604 048b FC000000 		.4byte	.LASF75
 605 048f 09       		.byte	0x9
 606 0490 26       		.byte	0x26
 607 0491 6B020000 		.4byte	0x26b
 608 0495 00       		.byte	0
 609 0496 07       		.uleb128 0x7
 610 0497 CF040000 		.4byte	.LASF76
 611 049b 09       		.byte	0x9
 612 049c 28       		.byte	0x28
 613 049d 65020000 		.4byte	0x265
 614 04a1 08       		.byte	0x8
 615 04a2 07       		.uleb128 0x7
 616 04a3 2D040000 		.4byte	.LASF77
 617 04a7 09       		.byte	0x9
 618 04a8 2A       		.byte	0x2a
 619 04a9 AF040000 		.4byte	0x4af
 620 04ad 0C       		.byte	0xc
 621 04ae 00       		.byte	0
 622 04af 0A       		.uleb128 0xa
 623 04b0 04       		.byte	0x4
 624 04b1 7E040000 		.4byte	0x47e
 625 04b5 04       		.uleb128 0x4
 626 04b6 0B020000 		.4byte	.LASF74
 627 04ba 09       		.byte	0x9
ARM GAS  /tmp/ccLWNiFs.s 			page 12


 628 04bb 2C       		.byte	0x2c
 629 04bc 7E040000 		.4byte	0x47e
 630 04c0 11       		.uleb128 0x11
 631 04c1 04       		.byte	0x4
 632 04c2 05       		.byte	0x5
 633 04c3 8F       		.byte	0x8f
 634 04c4 F5040000 		.4byte	0x4f5
 635 04c8 12       		.uleb128 0x12
 636 04c9 7E040000 		.4byte	.LASF78
 637 04cd 05       		.byte	0x5
 638 04ce 96       		.byte	0x96
 639 04cf 16010000 		.4byte	0x116
 640 04d3 12       		.uleb128 0x12
 641 04d4 A0000000 		.4byte	.LASF79
 642 04d8 05       		.byte	0x5
 643 04d9 9D       		.byte	0x9d
 644 04da 16010000 		.4byte	0x116
 645 04de 12       		.uleb128 0x12
 646 04df A4040000 		.4byte	.LASF80
 647 04e3 05       		.byte	0x5
 648 04e4 A4       		.byte	0xa4
 649 04e5 A1020000 		.4byte	0x2a1
 650 04e9 12       		.uleb128 0x12
 651 04ea AF030000 		.4byte	.LASF81
 652 04ee 05       		.byte	0x5
 653 04ef AB       		.byte	0xab
 654 04f0 21010000 		.4byte	0x121
 655 04f4 00       		.byte	0
 656 04f5 0A       		.uleb128 0xa
 657 04f6 04       		.byte	0x4
 658 04f7 02050000 		.4byte	0x502
 659 04fb 03       		.uleb128 0x3
 660 04fc 01       		.byte	0x1
 661 04fd 08       		.byte	0x8
 662 04fe 1D040000 		.4byte	.LASF82
 663 0502 13       		.uleb128 0x13
 664 0503 FB040000 		.4byte	0x4fb
 665 0507 0A       		.uleb128 0xa
 666 0508 04       		.byte	0x4
 667 0509 B5040000 		.4byte	0x4b5
 668 050d 09       		.uleb128 0x9
 669 050e 16       		.byte	0x16
 670 050f 0A       		.byte	0xa
 671 0510 25       		.byte	0x25
 672 0511 EE050000 		.4byte	0x5ee
 673 0515 07       		.uleb128 0x7
 674 0516 B4010000 		.4byte	.LASF83
 675 051a 0A       		.byte	0xa
 676 051b 26       		.byte	0x26
 677 051c EE050000 		.4byte	0x5ee
 678 0520 00       		.byte	0
 679 0521 07       		.uleb128 0x7
 680 0522 1C020000 		.4byte	.LASF84
 681 0526 0A       		.byte	0xa
 682 0527 27       		.byte	0x27
 683 0528 A1000000 		.4byte	0xa1
 684 052c 04       		.byte	0x4
ARM GAS  /tmp/ccLWNiFs.s 			page 13


 685 052d 07       		.uleb128 0x7
 686 052e 13030000 		.4byte	.LASF85
 687 0532 0A       		.byte	0xa
 688 0533 28       		.byte	0x28
 689 0534 A1000000 		.4byte	0xa1
 690 0538 05       		.byte	0x5
 691 0539 07       		.uleb128 0x7
 692 053a BD040000 		.4byte	.LASF86
 693 053e 0A       		.byte	0xa
 694 053f 29       		.byte	0x29
 695 0540 AC000000 		.4byte	0xac
 696 0544 06       		.byte	0x6
 697 0545 07       		.uleb128 0x7
 698 0546 40030000 		.4byte	.LASF87
 699 054a 0A       		.byte	0xa
 700 054b 2A       		.byte	0x2a
 701 054c A1000000 		.4byte	0xa1
 702 0550 08       		.byte	0x8
 703 0551 07       		.uleb128 0x7
 704 0552 E0020000 		.4byte	.LASF88
 705 0556 0A       		.byte	0xa
 706 0557 2B       		.byte	0x2b
 707 0558 A1000000 		.4byte	0xa1
 708 055c 09       		.byte	0x9
 709 055d 07       		.uleb128 0x7
 710 055e 92000000 		.4byte	.LASF89
 711 0562 0A       		.byte	0xa
 712 0563 2C       		.byte	0x2c
 713 0564 A1000000 		.4byte	0xa1
 714 0568 0A       		.byte	0xa
 715 0569 07       		.uleb128 0x7
 716 056a FC030000 		.4byte	.LASF90
 717 056e 0A       		.byte	0xa
 718 056f 2D       		.byte	0x2d
 719 0570 A1000000 		.4byte	0xa1
 720 0574 0B       		.byte	0xb
 721 0575 07       		.uleb128 0x7
 722 0576 73040000 		.4byte	.LASF91
 723 057a 0A       		.byte	0xa
 724 057b 2E       		.byte	0x2e
 725 057c A1000000 		.4byte	0xa1
 726 0580 0C       		.byte	0xc
 727 0581 07       		.uleb128 0x7
 728 0582 DB030000 		.4byte	.LASF92
 729 0586 0A       		.byte	0xa
 730 0587 2F       		.byte	0x2f
 731 0588 A1000000 		.4byte	0xa1
 732 058c 0D       		.byte	0xd
 733 058d 07       		.uleb128 0x7
 734 058e 00000000 		.4byte	.LASF93
 735 0592 0A       		.byte	0xa
 736 0593 30       		.byte	0x30
 737 0594 A1000000 		.4byte	0xa1
 738 0598 0E       		.byte	0xe
 739 0599 07       		.uleb128 0x7
 740 059a EC020000 		.4byte	.LASF94
 741 059e 0A       		.byte	0xa
ARM GAS  /tmp/ccLWNiFs.s 			page 14


 742 059f 31       		.byte	0x31
 743 05a0 A1000000 		.4byte	0xa1
 744 05a4 0F       		.byte	0xf
 745 05a5 07       		.uleb128 0x7
 746 05a6 D7000000 		.4byte	.LASF95
 747 05aa 0A       		.byte	0xa
 748 05ab 32       		.byte	0x32
 749 05ac A1000000 		.4byte	0xa1
 750 05b0 10       		.byte	0x10
 751 05b1 07       		.uleb128 0x7
 752 05b2 B0000000 		.4byte	.LASF96
 753 05b6 0A       		.byte	0xa
 754 05b7 34       		.byte	0x34
 755 05b8 A1000000 		.4byte	0xa1
 756 05bc 11       		.byte	0x11
 757 05bd 07       		.uleb128 0x7
 758 05be E7000000 		.4byte	.LASF97
 759 05c2 0A       		.byte	0xa
 760 05c3 35       		.byte	0x35
 761 05c4 A1000000 		.4byte	0xa1
 762 05c8 12       		.byte	0x12
 763 05c9 07       		.uleb128 0x7
 764 05ca 24020000 		.4byte	.LASF98
 765 05ce 0A       		.byte	0xa
 766 05cf 36       		.byte	0x36
 767 05d0 A1000000 		.4byte	0xa1
 768 05d4 13       		.byte	0x13
 769 05d5 07       		.uleb128 0x7
 770 05d6 BD030000 		.4byte	.LASF99
 771 05da 0A       		.byte	0xa
 772 05db 37       		.byte	0x37
 773 05dc A1000000 		.4byte	0xa1
 774 05e0 14       		.byte	0x14
 775 05e1 07       		.uleb128 0x7
 776 05e2 9C030000 		.4byte	.LASF100
 777 05e6 0A       		.byte	0xa
 778 05e7 39       		.byte	0x39
 779 05e8 A1000000 		.4byte	0xa1
 780 05ec 15       		.byte	0x15
 781 05ed 00       		.byte	0
 782 05ee 14       		.uleb128 0x14
 783 05ef FB040000 		.4byte	0x4fb
 784 05f3 FE050000 		.4byte	0x5fe
 785 05f7 15       		.uleb128 0x15
 786 05f8 4B030000 		.4byte	0x34b
 787 05fc 03       		.byte	0x3
 788 05fd 00       		.byte	0
 789 05fe 04       		.uleb128 0x4
 790 05ff D7040000 		.4byte	.LASF101
 791 0603 0A       		.byte	0xa
 792 0604 3A       		.byte	0x3a
 793 0605 0D050000 		.4byte	0x50d
 794 0609 13       		.uleb128 0x13
 795 060a FE050000 		.4byte	0x5fe
 796 060e 10       		.uleb128 0x10
 797 060f A2010000 		.4byte	.LASF102
 798 0613 0A       		.byte	0xa
ARM GAS  /tmp/ccLWNiFs.s 			page 15


 799 0614 77       		.byte	0x77
 800 0615 09060000 		.4byte	0x609
 801 0619 14       		.uleb128 0x14
 802 061a A3020000 		.4byte	0x2a3
 803 061e 29060000 		.4byte	0x629
 804 0622 15       		.uleb128 0x15
 805 0623 4B030000 		.4byte	0x34b
 806 0627 17       		.byte	0x17
 807 0628 00       		.byte	0
 808 0629 10       		.uleb128 0x10
 809 062a 4F010000 		.4byte	.LASF103
 810 062e 0B       		.byte	0xb
 811 062f 82       		.byte	0x82
 812 0630 19060000 		.4byte	0x619
 813 0634 00       		.byte	0
 814              		.section	.debug_abbrev,"",%progbits
 815              	.Ldebug_abbrev0:
 816 0000 01       		.uleb128 0x1
 817 0001 11       		.uleb128 0x11
 818 0002 01       		.byte	0x1
 819 0003 25       		.uleb128 0x25
 820 0004 0E       		.uleb128 0xe
 821 0005 13       		.uleb128 0x13
 822 0006 0B       		.uleb128 0xb
 823 0007 03       		.uleb128 0x3
 824 0008 0E       		.uleb128 0xe
 825 0009 1B       		.uleb128 0x1b
 826 000a 0E       		.uleb128 0xe
 827 000b 10       		.uleb128 0x10
 828 000c 17       		.uleb128 0x17
 829 000d 00       		.byte	0
 830 000e 00       		.byte	0
 831 000f 02       		.uleb128 0x2
 832 0010 24       		.uleb128 0x24
 833 0011 00       		.byte	0
 834 0012 0B       		.uleb128 0xb
 835 0013 0B       		.uleb128 0xb
 836 0014 3E       		.uleb128 0x3e
 837 0015 0B       		.uleb128 0xb
 838 0016 03       		.uleb128 0x3
 839 0017 08       		.uleb128 0x8
 840 0018 00       		.byte	0
 841 0019 00       		.byte	0
 842 001a 03       		.uleb128 0x3
 843 001b 24       		.uleb128 0x24
 844 001c 00       		.byte	0
 845 001d 0B       		.uleb128 0xb
 846 001e 0B       		.uleb128 0xb
 847 001f 3E       		.uleb128 0x3e
 848 0020 0B       		.uleb128 0xb
 849 0021 03       		.uleb128 0x3
 850 0022 0E       		.uleb128 0xe
 851 0023 00       		.byte	0
 852 0024 00       		.byte	0
 853 0025 04       		.uleb128 0x4
 854 0026 16       		.uleb128 0x16
 855 0027 00       		.byte	0
ARM GAS  /tmp/ccLWNiFs.s 			page 16


 856 0028 03       		.uleb128 0x3
 857 0029 0E       		.uleb128 0xe
 858 002a 3A       		.uleb128 0x3a
 859 002b 0B       		.uleb128 0xb
 860 002c 3B       		.uleb128 0x3b
 861 002d 0B       		.uleb128 0xb
 862 002e 49       		.uleb128 0x49
 863 002f 13       		.uleb128 0x13
 864 0030 00       		.byte	0
 865 0031 00       		.byte	0
 866 0032 05       		.uleb128 0x5
 867 0033 35       		.uleb128 0x35
 868 0034 00       		.byte	0
 869 0035 49       		.uleb128 0x49
 870 0036 13       		.uleb128 0x13
 871 0037 00       		.byte	0
 872 0038 00       		.byte	0
 873 0039 06       		.uleb128 0x6
 874 003a 13       		.uleb128 0x13
 875 003b 01       		.byte	0x1
 876 003c 03       		.uleb128 0x3
 877 003d 0E       		.uleb128 0xe
 878 003e 0B       		.uleb128 0xb
 879 003f 0B       		.uleb128 0xb
 880 0040 3A       		.uleb128 0x3a
 881 0041 0B       		.uleb128 0xb
 882 0042 3B       		.uleb128 0x3b
 883 0043 0B       		.uleb128 0xb
 884 0044 01       		.uleb128 0x1
 885 0045 13       		.uleb128 0x13
 886 0046 00       		.byte	0
 887 0047 00       		.byte	0
 888 0048 07       		.uleb128 0x7
 889 0049 0D       		.uleb128 0xd
 890 004a 00       		.byte	0
 891 004b 03       		.uleb128 0x3
 892 004c 0E       		.uleb128 0xe
 893 004d 3A       		.uleb128 0x3a
 894 004e 0B       		.uleb128 0xb
 895 004f 3B       		.uleb128 0x3b
 896 0050 0B       		.uleb128 0xb
 897 0051 49       		.uleb128 0x49
 898 0052 13       		.uleb128 0x13
 899 0053 38       		.uleb128 0x38
 900 0054 0B       		.uleb128 0xb
 901 0055 00       		.byte	0
 902 0056 00       		.byte	0
 903 0057 08       		.uleb128 0x8
 904 0058 0D       		.uleb128 0xd
 905 0059 00       		.byte	0
 906 005a 03       		.uleb128 0x3
 907 005b 08       		.uleb128 0x8
 908 005c 3A       		.uleb128 0x3a
 909 005d 0B       		.uleb128 0xb
 910 005e 3B       		.uleb128 0x3b
 911 005f 0B       		.uleb128 0xb
 912 0060 49       		.uleb128 0x49
ARM GAS  /tmp/ccLWNiFs.s 			page 17


 913 0061 13       		.uleb128 0x13
 914 0062 38       		.uleb128 0x38
 915 0063 0B       		.uleb128 0xb
 916 0064 00       		.byte	0
 917 0065 00       		.byte	0
 918 0066 09       		.uleb128 0x9
 919 0067 13       		.uleb128 0x13
 920 0068 01       		.byte	0x1
 921 0069 0B       		.uleb128 0xb
 922 006a 0B       		.uleb128 0xb
 923 006b 3A       		.uleb128 0x3a
 924 006c 0B       		.uleb128 0xb
 925 006d 3B       		.uleb128 0x3b
 926 006e 0B       		.uleb128 0xb
 927 006f 01       		.uleb128 0x1
 928 0070 13       		.uleb128 0x13
 929 0071 00       		.byte	0
 930 0072 00       		.byte	0
 931 0073 0A       		.uleb128 0xa
 932 0074 0F       		.uleb128 0xf
 933 0075 00       		.byte	0
 934 0076 0B       		.uleb128 0xb
 935 0077 0B       		.uleb128 0xb
 936 0078 49       		.uleb128 0x49
 937 0079 13       		.uleb128 0x13
 938 007a 00       		.byte	0
 939 007b 00       		.byte	0
 940 007c 0B       		.uleb128 0xb
 941 007d 0F       		.uleb128 0xf
 942 007e 00       		.byte	0
 943 007f 0B       		.uleb128 0xb
 944 0080 0B       		.uleb128 0xb
 945 0081 00       		.byte	0
 946 0082 00       		.byte	0
 947 0083 0C       		.uleb128 0xc
 948 0084 13       		.uleb128 0x13
 949 0085 01       		.byte	0x1
 950 0086 03       		.uleb128 0x3
 951 0087 0E       		.uleb128 0xe
 952 0088 0B       		.uleb128 0xb
 953 0089 0B       		.uleb128 0xb
 954 008a 3A       		.uleb128 0x3a
 955 008b 0B       		.uleb128 0xb
 956 008c 3B       		.uleb128 0x3b
 957 008d 05       		.uleb128 0x5
 958 008e 01       		.uleb128 0x1
 959 008f 13       		.uleb128 0x13
 960 0090 00       		.byte	0
 961 0091 00       		.byte	0
 962 0092 0D       		.uleb128 0xd
 963 0093 0D       		.uleb128 0xd
 964 0094 00       		.byte	0
 965 0095 03       		.uleb128 0x3
 966 0096 08       		.uleb128 0x8
 967 0097 3A       		.uleb128 0x3a
 968 0098 0B       		.uleb128 0xb
 969 0099 3B       		.uleb128 0x3b
ARM GAS  /tmp/ccLWNiFs.s 			page 18


 970 009a 05       		.uleb128 0x5
 971 009b 49       		.uleb128 0x49
 972 009c 13       		.uleb128 0x13
 973 009d 38       		.uleb128 0x38
 974 009e 0B       		.uleb128 0xb
 975 009f 00       		.byte	0
 976 00a0 00       		.byte	0
 977 00a1 0E       		.uleb128 0xe
 978 00a2 15       		.uleb128 0x15
 979 00a3 01       		.byte	0x1
 980 00a4 27       		.uleb128 0x27
 981 00a5 19       		.uleb128 0x19
 982 00a6 01       		.uleb128 0x1
 983 00a7 13       		.uleb128 0x13
 984 00a8 00       		.byte	0
 985 00a9 00       		.byte	0
 986 00aa 0F       		.uleb128 0xf
 987 00ab 05       		.uleb128 0x5
 988 00ac 00       		.byte	0
 989 00ad 49       		.uleb128 0x49
 990 00ae 13       		.uleb128 0x13
 991 00af 00       		.byte	0
 992 00b0 00       		.byte	0
 993 00b1 10       		.uleb128 0x10
 994 00b2 34       		.uleb128 0x34
 995 00b3 00       		.byte	0
 996 00b4 03       		.uleb128 0x3
 997 00b5 0E       		.uleb128 0xe
 998 00b6 3A       		.uleb128 0x3a
 999 00b7 0B       		.uleb128 0xb
 1000 00b8 3B       		.uleb128 0x3b
 1001 00b9 0B       		.uleb128 0xb
 1002 00ba 49       		.uleb128 0x49
 1003 00bb 13       		.uleb128 0x13
 1004 00bc 3F       		.uleb128 0x3f
 1005 00bd 19       		.uleb128 0x19
 1006 00be 3C       		.uleb128 0x3c
 1007 00bf 19       		.uleb128 0x19
 1008 00c0 00       		.byte	0
 1009 00c1 00       		.byte	0
 1010 00c2 11       		.uleb128 0x11
 1011 00c3 17       		.uleb128 0x17
 1012 00c4 01       		.byte	0x1
 1013 00c5 0B       		.uleb128 0xb
 1014 00c6 0B       		.uleb128 0xb
 1015 00c7 3A       		.uleb128 0x3a
 1016 00c8 0B       		.uleb128 0xb
 1017 00c9 3B       		.uleb128 0x3b
 1018 00ca 0B       		.uleb128 0xb
 1019 00cb 01       		.uleb128 0x1
 1020 00cc 13       		.uleb128 0x13
 1021 00cd 00       		.byte	0
 1022 00ce 00       		.byte	0
 1023 00cf 12       		.uleb128 0x12
 1024 00d0 0D       		.uleb128 0xd
 1025 00d1 00       		.byte	0
 1026 00d2 03       		.uleb128 0x3
ARM GAS  /tmp/ccLWNiFs.s 			page 19


 1027 00d3 0E       		.uleb128 0xe
 1028 00d4 3A       		.uleb128 0x3a
 1029 00d5 0B       		.uleb128 0xb
 1030 00d6 3B       		.uleb128 0x3b
 1031 00d7 0B       		.uleb128 0xb
 1032 00d8 49       		.uleb128 0x49
 1033 00d9 13       		.uleb128 0x13
 1034 00da 00       		.byte	0
 1035 00db 00       		.byte	0
 1036 00dc 13       		.uleb128 0x13
 1037 00dd 26       		.uleb128 0x26
 1038 00de 00       		.byte	0
 1039 00df 49       		.uleb128 0x49
 1040 00e0 13       		.uleb128 0x13
 1041 00e1 00       		.byte	0
 1042 00e2 00       		.byte	0
 1043 00e3 14       		.uleb128 0x14
 1044 00e4 01       		.uleb128 0x1
 1045 00e5 01       		.byte	0x1
 1046 00e6 49       		.uleb128 0x49
 1047 00e7 13       		.uleb128 0x13
 1048 00e8 01       		.uleb128 0x1
 1049 00e9 13       		.uleb128 0x13
 1050 00ea 00       		.byte	0
 1051 00eb 00       		.byte	0
 1052 00ec 15       		.uleb128 0x15
 1053 00ed 21       		.uleb128 0x21
 1054 00ee 00       		.byte	0
 1055 00ef 49       		.uleb128 0x49
 1056 00f0 13       		.uleb128 0x13
 1057 00f1 2F       		.uleb128 0x2f
 1058 00f2 0B       		.uleb128 0xb
 1059 00f3 00       		.byte	0
 1060 00f4 00       		.byte	0
 1061 00f5 00       		.byte	0
 1062              		.section	.debug_aranges,"",%progbits
 1063 0000 14000000 		.4byte	0x14
 1064 0004 0200     		.2byte	0x2
 1065 0006 00000000 		.4byte	.Ldebug_info0
 1066 000a 04       		.byte	0x4
 1067 000b 00       		.byte	0
 1068 000c 0000     		.2byte	0
 1069 000e 0000     		.2byte	0
 1070 0010 00000000 		.4byte	0
 1071 0014 00000000 		.4byte	0
 1072              		.section	.debug_line,"",%progbits
 1073              	.Ldebug_line0:
 1074 0000 12010000 		.section	.debug_str,"MS",%progbits,1
 1074      02000C01 
 1074      00000201 
 1074      FB0E0D00 
 1074      01010101 
 1075              	.LASF93:
 1076 0000 63665F6F 		.ascii	"cf_off_older\000"
 1076      66665F6F 
 1076      6C646572 
 1076      00
ARM GAS  /tmp/ccLWNiFs.s 			page 20


 1077              	.LASF106:
 1078 000d 2F686F6D 		.ascii	"/home/ekobayu/Arok-Gandring-Lokajaya/LPC/ChibiOS-RT"
 1078      652F656B 
 1078      6F626179 
 1078      752F4172 
 1078      6F6B2D47 
 1079 0040 2D4C5043 		.ascii	"-LPC/demos/LPC1766\000"
 1079      2F64656D 
 1079      6F732F4C 
 1079      50433137 
 1079      363600
 1080              	.LASF44:
 1081 0053 705F6D73 		.ascii	"p_msg\000"
 1081      6700
 1082              	.LASF61:
 1083 0059 76745F66 		.ascii	"vt_func\000"
 1083      756E6300 
 1084              	.LASF19:
 1085 0061 75696E74 		.ascii	"uint64_t\000"
 1085      36345F74 
 1085      00
 1086              	.LASF6:
 1087 006a 5F5F7569 		.ascii	"__uint8_t\000"
 1087      6E74385F 
 1087      7400
 1088              	.LASF72:
 1089 0074 76746C69 		.ascii	"vtlist\000"
 1089      737400
 1090              	.LASF14:
 1091 007b 6C6F6E67 		.ascii	"long long unsigned int\000"
 1091      206C6F6E 
 1091      6720756E 
 1091      7369676E 
 1091      65642069 
 1092              	.LASF89:
 1093 0092 63685F74 		.ascii	"ch_threadsize\000"
 1093      68726561 
 1093      6473697A 
 1093      6500
 1094              	.LASF79:
 1095 00a0 65786974 		.ascii	"exitcode\000"
 1095      636F6465 
 1095      00
 1096              	.LASF32:
 1097 00a9 705F7072 		.ascii	"p_prio\000"
 1097      696F00
 1098              	.LASF96:
 1099 00b0 63665F6F 		.ascii	"cf_off_state\000"
 1099      66665F73 
 1099      74617465 
 1099      00
 1100              	.LASF1:
 1101 00bd 6C6F6E67 		.ascii	"long long int\000"
 1101      206C6F6E 
 1101      6720696E 
 1101      7400
 1102              	.LASF3:
ARM GAS  /tmp/ccLWNiFs.s 			page 21


 1103 00cb 7369676E 		.ascii	"signed char\000"
 1103      65642063 
 1103      68617200 
 1104              	.LASF95:
 1105 00d7 63665F6F 		.ascii	"cf_off_stklimit\000"
 1105      66665F73 
 1105      746B6C69 
 1105      6D697400 
 1106              	.LASF97:
 1107 00e7 63665F6F 		.ascii	"cf_off_flags\000"
 1107      66665F66 
 1107      6C616773 
 1107      00
 1108              	.LASF48:
 1109 00f4 705F6D70 		.ascii	"p_mpool\000"
 1109      6F6F6C00 
 1110              	.LASF75:
 1111 00fc 6D5F7175 		.ascii	"m_queue\000"
 1111      65756500 
 1112              	.LASF24:
 1113 0104 74736C69 		.ascii	"tslices_t\000"
 1113      6365735F 
 1113      7400
 1114              	.LASF10:
 1115 010e 6C6F6E67 		.ascii	"long int\000"
 1115      20696E74 
 1115      00
 1116              	.LASF22:
 1117 0117 74737461 		.ascii	"tstate_t\000"
 1117      74655F74 
 1117      00
 1118              	.LASF16:
 1119 0120 75696E74 		.ascii	"uint16_t\000"
 1119      31365F74 
 1119      00
 1120              	.LASF105:
 1121 0129 2E2E2F2E 		.ascii	"../../os/kernel/src/chlists.c\000"
 1121      2E2F6F73 
 1121      2F6B6572 
 1121      6E656C2F 
 1121      7372632F 
 1122              	.LASF34:
 1123 0147 705F6E65 		.ascii	"p_newer\000"
 1123      77657200 
 1124              	.LASF103:
 1125 014f 5F69646C 		.ascii	"_idle_thread_wa\000"
 1125      655F7468 
 1125      72656164 
 1125      5F776100 
 1126              	.LASF11:
 1127 015f 5F5F7569 		.ascii	"__uint32_t\000"
 1127      6E743332 
 1127      5F7400
 1128              	.LASF51:
 1129 016a 72656761 		.ascii	"regarm_t\000"
 1129      726D5F74 
 1129      00
ARM GAS  /tmp/ccLWNiFs.s 			page 22


 1130              	.LASF59:
 1131 0173 76745F70 		.ascii	"vt_prev\000"
 1131      72657600 
 1132              	.LASF0:
 1133 017b 756E7369 		.ascii	"unsigned int\000"
 1133      676E6564 
 1133      20696E74 
 1133      00
 1134              	.LASF58:
 1135 0188 76745F6E 		.ascii	"vt_next\000"
 1135      65787400 
 1136              	.LASF12:
 1137 0190 6C6F6E67 		.ascii	"long unsigned int\000"
 1137      20756E73 
 1137      69676E65 
 1137      6420696E 
 1137      7400
 1138              	.LASF102:
 1139 01a2 63685F64 		.ascii	"ch_debug\000"
 1139      65627567 
 1139      00
 1140              	.LASF56:
 1141 01ab 76746675 		.ascii	"vtfunc_t\000"
 1141      6E635F74 
 1141      00
 1142              	.LASF83:
 1143 01b4 63685F69 		.ascii	"ch_identifier\000"
 1143      64656E74 
 1143      69666965 
 1143      7200
 1144              	.LASF54:
 1145 01c2 636F6E74 		.ascii	"context\000"
 1145      65787400 
 1146              	.LASF8:
 1147 01ca 73686F72 		.ascii	"short unsigned int\000"
 1147      7420756E 
 1147      7369676E 
 1147      65642069 
 1147      6E7400
 1148              	.LASF26:
 1149 01dd 6D73675F 		.ascii	"msg_t\000"
 1149      7400
 1150              	.LASF68:
 1151 01e3 725F6E65 		.ascii	"r_newer\000"
 1151      77657200 
 1152              	.LASF21:
 1153 01eb 746D6F64 		.ascii	"tmode_t\000"
 1153      655F7400 
 1154              	.LASF50:
 1155 01f3 54687265 		.ascii	"ThreadsList\000"
 1155      6164734C 
 1155      69737400 
 1156              	.LASF27:
 1157 01ff 6576656E 		.ascii	"eventmask_t\000"
 1157      746D6173 
 1157      6B5F7400 
 1158              	.LASF74:
ARM GAS  /tmp/ccLWNiFs.s 			page 23


 1159 020b 4D757465 		.ascii	"Mutex\000"
 1159      7800
 1160              	.LASF52:
 1161 0211 73746B61 		.ascii	"stkalign_t\000"
 1161      6C69676E 
 1161      5F7400
 1162              	.LASF84:
 1163 021c 63685F7A 		.ascii	"ch_zero\000"
 1163      65726F00 
 1164              	.LASF98:
 1165 0224 63665F6F 		.ascii	"cf_off_refs\000"
 1165      66665F72 
 1165      65667300 
 1166              	.LASF60:
 1167 0230 76745F74 		.ascii	"vt_time\000"
 1167      696D6500 
 1168              	.LASF104:
 1169 0238 474E5520 		.ascii	"GNU C11 6.3.1 20170620 -mcpu=cortex-m3 -mno-thumb-i"
 1169      43313120 
 1169      362E332E 
 1169      31203230 
 1169      31373036 
 1170 026b 6E746572 		.ascii	"nterwork -mthumb -ggdb -O2 -fomit-frame-pointer -ff"
 1170      776F726B 
 1170      202D6D74 
 1170      68756D62 
 1170      202D6767 
 1171 029e 756E6374 		.ascii	"unction-sections -fdata-sections -fno-common\000"
 1171      696F6E2D 
 1171      73656374 
 1171      696F6E73 
 1171      202D6664 
 1172              	.LASF55:
 1173 02cb 73697A65 		.ascii	"sizetype\000"
 1173      74797065 
 1173      00
 1174              	.LASF2:
 1175 02d4 6C6F6E67 		.ascii	"long double\000"
 1175      20646F75 
 1175      626C6500 
 1176              	.LASF88:
 1177 02e0 63685F74 		.ascii	"ch_timesize\000"
 1177      696D6573 
 1177      697A6500 
 1178              	.LASF94:
 1179 02ec 63665F6F 		.ascii	"cf_off_name\000"
 1179      66665F6E 
 1179      616D6500 
 1180              	.LASF35:
 1181 02f8 705F6F6C 		.ascii	"p_older\000"
 1181      64657200 
 1182              	.LASF67:
 1183 0300 725F6374 		.ascii	"r_ctx\000"
 1183      7800
 1184              	.LASF49:
 1185 0306 54687265 		.ascii	"ThreadsQueue\000"
 1185      61647351 
ARM GAS  /tmp/ccLWNiFs.s 			page 24


 1185      75657565 
 1185      00
 1186              	.LASF85:
 1187 0313 63685F73 		.ascii	"ch_size\000"
 1187      697A6500 
 1188              	.LASF70:
 1189 031b 725F6375 		.ascii	"r_current\000"
 1189      7272656E 
 1189      7400
 1190              	.LASF69:
 1191 0325 725F6F6C 		.ascii	"r_older\000"
 1191      64657200 
 1192              	.LASF13:
 1193 032d 5F5F7569 		.ascii	"__uint64_t\000"
 1193      6E743634 
 1193      5F7400
 1194              	.LASF23:
 1195 0338 74726566 		.ascii	"trefs_t\000"
 1195      735F7400 
 1196              	.LASF87:
 1197 0340 63685F70 		.ascii	"ch_ptrsize\000"
 1197      74727369 
 1197      7A6500
 1198              	.LASF31:
 1199 034b 705F7072 		.ascii	"p_prev\000"
 1199      657600
 1200              	.LASF25:
 1201 0352 74707269 		.ascii	"tprio_t\000"
 1201      6F5F7400 
 1202              	.LASF20:
 1203 035a 5F426F6F 		.ascii	"_Bool\000"
 1203      6C00
 1204              	.LASF17:
 1205 0360 696E7433 		.ascii	"int32_t\000"
 1205      325F7400 
 1206              	.LASF4:
 1207 0368 756E7369 		.ascii	"unsigned char\000"
 1207      676E6564 
 1207      20636861 
 1207      7200
 1208              	.LASF46:
 1209 0376 705F6D74 		.ascii	"p_mtxlist\000"
 1209      786C6973 
 1209      7400
 1210              	.LASF5:
 1211 0380 73686F72 		.ascii	"short int\000"
 1211      7420696E 
 1211      7400
 1212              	.LASF37:
 1213 038a 705F7374 		.ascii	"p_state\000"
 1213      61746500 
 1214              	.LASF40:
 1215 0392 705F7072 		.ascii	"p_preempt\000"
 1215      65656D70 
 1215      7400
 1216              	.LASF100:
 1217 039c 63665F6F 		.ascii	"cf_off_time\000"
ARM GAS  /tmp/ccLWNiFs.s 			page 25


 1217      66665F74 
 1217      696D6500 
 1218              	.LASF66:
 1219 03a8 725F7072 		.ascii	"r_prio\000"
 1219      696F00
 1220              	.LASF81:
 1221 03af 65776D61 		.ascii	"ewmask\000"
 1221      736B00
 1222              	.LASF30:
 1223 03b6 705F6E65 		.ascii	"p_next\000"
 1223      787400
 1224              	.LASF99:
 1225 03bd 63665F6F 		.ascii	"cf_off_preempt\000"
 1225      66665F70 
 1225      7265656D 
 1225      707400
 1226              	.LASF38:
 1227 03cc 705F666C 		.ascii	"p_flags\000"
 1227      61677300 
 1228              	.LASF29:
 1229 03d4 54687265 		.ascii	"Thread\000"
 1229      616400
 1230              	.LASF92:
 1231 03db 63665F6F 		.ascii	"cf_off_newer\000"
 1231      66665F6E 
 1231      65776572 
 1231      00
 1232              	.LASF45:
 1233 03e8 705F6570 		.ascii	"p_epending\000"
 1233      656E6469 
 1233      6E6700
 1234              	.LASF18:
 1235 03f3 75696E74 		.ascii	"uint32_t\000"
 1235      33325F74 
 1235      00
 1236              	.LASF90:
 1237 03fc 63665F6F 		.ascii	"cf_off_prio\000"
 1237      66665F70 
 1237      72696F00 
 1238              	.LASF65:
 1239 0408 725F7175 		.ascii	"r_queue\000"
 1239      65756500 
 1240              	.LASF57:
 1241 0410 56697274 		.ascii	"VirtualTimer\000"
 1241      75616C54 
 1241      696D6572 
 1241      00
 1242              	.LASF82:
 1243 041d 63686172 		.ascii	"char\000"
 1243      00
 1244              	.LASF7:
 1245 0422 5F5F7569 		.ascii	"__uint16_t\000"
 1245      6E743136 
 1245      5F7400
 1246              	.LASF77:
 1247 042d 6D5F6E65 		.ascii	"m_next\000"
 1247      787400
ARM GAS  /tmp/ccLWNiFs.s 			page 26


 1248              	.LASF28:
 1249 0434 73797374 		.ascii	"systime_t\000"
 1249      696D655F 
 1249      7400
 1250              	.LASF47:
 1251 043e 705F7265 		.ascii	"p_realprio\000"
 1251      616C7072 
 1251      696F00
 1252              	.LASF9:
 1253 0449 5F5F696E 		.ascii	"__int32_t\000"
 1253      7433325F 
 1253      7400
 1254              	.LASF41:
 1255 0453 705F7469 		.ascii	"p_time\000"
 1255      6D6500
 1256              	.LASF53:
 1257 045a 696E7463 		.ascii	"intctx\000"
 1257      747800
 1258              	.LASF43:
 1259 0461 705F6D73 		.ascii	"p_msgqueue\000"
 1259      67717565 
 1259      756500
 1260              	.LASF62:
 1261 046c 76745F70 		.ascii	"vt_par\000"
 1261      617200
 1262              	.LASF91:
 1263 0473 63665F6F 		.ascii	"cf_off_ctx\000"
 1263      66665F63 
 1263      747800
 1264              	.LASF78:
 1265 047e 7264796D 		.ascii	"rdymsg\000"
 1265      736700
 1266              	.LASF39:
 1267 0485 705F7265 		.ascii	"p_refs\000"
 1267      667300
 1268              	.LASF71:
 1269 048c 52656164 		.ascii	"ReadyList\000"
 1269      794C6973 
 1269      7400
 1270              	.LASF73:
 1271 0496 726C6973 		.ascii	"rlist\000"
 1271      7400
 1272              	.LASF15:
 1273 049c 75696E74 		.ascii	"uint8_t\000"
 1273      385F7400 
 1274              	.LASF80:
 1275 04a4 77746F62 		.ascii	"wtobjp\000"
 1275      6A7000
 1276              	.LASF36:
 1277 04ab 705F6E61 		.ascii	"p_name\000"
 1277      6D6500
 1278              	.LASF63:
 1279 04b2 76745F73 		.ascii	"vt_systime\000"
 1279      79737469 
 1279      6D6500
 1280              	.LASF86:
 1281 04bd 63685F76 		.ascii	"ch_version\000"
ARM GAS  /tmp/ccLWNiFs.s 			page 27


 1281      65727369 
 1281      6F6E00
 1282              	.LASF64:
 1283 04c8 56544C69 		.ascii	"VTList\000"
 1283      737400
 1284              	.LASF76:
 1285 04cf 6D5F6F77 		.ascii	"m_owner\000"
 1285      6E657200 
 1286              	.LASF101:
 1287 04d7 63686465 		.ascii	"chdebug_t\000"
 1287      6275675F 
 1287      7400
 1288              	.LASF33:
 1289 04e1 705F6374 		.ascii	"p_ctx\000"
 1289      7800
 1290              	.LASF42:
 1291 04e7 705F7761 		.ascii	"p_waiting\000"
 1291      6974696E 
 1291      6700
 1292              		.ident	"GCC: (15:6.3.1+svn253039-1build1) 6.3.1 20170620"
ARM GAS  /tmp/ccLWNiFs.s 			page 28


DEFINED SYMBOLS
                            *ABS*:0000000000000000 chlists.c

NO UNDEFINED SYMBOLS
