ARM GAS  /tmp/ccL45xPJ.s 			page 1


   1              		.cpu cortex-m3
   2              		.eabi_attribute 20, 1
   3              		.eabi_attribute 21, 1
   4              		.eabi_attribute 23, 3
   5              		.eabi_attribute 24, 1
   6              		.eabi_attribute 25, 1
   7              		.eabi_attribute 26, 1
   8              		.eabi_attribute 30, 2
   9              		.eabi_attribute 34, 1
  10              		.eabi_attribute 18, 4
  11              		.file	"chmsg.c"
  12              		.text
  13              	.Ltext0:
  14              		.cfi_sections	.debug_frame
  15              		.section	.text.chMsgSend,"ax",%progbits
  16              		.align	1
  17              		.p2align 2,,3
  18              		.global	chMsgSend
  19              		.syntax unified
  20              		.thumb
  21              		.thumb_func
  22              		.fpu softvfp
  23              		.type	chMsgSend, %function
  24              	chMsgSend:
  25              	.LFB7:
  26              		.file 1 "../../os/kernel/src/chmsg.c"
  27              		.loc 1 68 0
  28              		.cfi_startproc
  29              		@ args = 0, pretend = 0, frame = 0
  30              		@ frame_needed = 0, uses_anonymous_args = 0
  31              	.LVL0:
  32 0000 38B5     		push	{r3, r4, r5, lr}
  33              		.cfi_def_cfa_offset 16
  34              		.cfi_offset 3, -16
  35              		.cfi_offset 4, -12
  36              		.cfi_offset 5, -8
  37              		.cfi_offset 14, -4
  38              		.loc 1 69 0
  39 0002 0E4B     		ldr	r3, .L6
  40 0004 9C69     		ldr	r4, [r3, #24]
  41              	.LVL1:
  42              	.LBB10:
  43              		.loc 1 73 0
  44 0006 4023     		movs	r3, #64
  45              		.syntax unified
  46              	@ 73 "../../os/kernel/src/chmsg.c" 1
  47 0008 83F31188 		msr     BASEPRI, r3
  48              	@ 0 "" 2
  49              		.thumb
  50              		.syntax unified
  51              	.LBE10:
  52              		.loc 1 75 0
  53 000c 00F12C05 		add	r5, r0, #44
  54 0010 6562     		str	r5, [r4, #36]
  55              	.LVL2:
  56              	.LBB11:
  57              	.LBB12:
ARM GAS  /tmp/ccL45xPJ.s 			page 2


  58              		.file 2 "../../os/kernel/include/chinline.h"
  59              		.loc 2 48 0
  60 0012 036B     		ldr	r3, [r0, #48]
  61              	.LBE12:
  62              	.LBE11:
  63              		.loc 1 74 0
  64 0014 6163     		str	r1, [r4, #52]
  65              	.LBB14:
  66              	.LBB13:
  67              		.loc 2 47 0
  68 0016 2560     		str	r5, [r4]
  69              		.loc 2 48 0
  70 0018 6360     		str	r3, [r4, #4]
  71              		.loc 2 49 0
  72 001a 0463     		str	r4, [r0, #48]
  73 001c 1C60     		str	r4, [r3]
  74              	.LVL3:
  75              	.LBE13:
  76              	.LBE14:
  77              		.loc 1 77 0
  78 001e 037F     		ldrb	r3, [r0, #28]	@ zero_extendqisi2
  79 0020 0C2B     		cmp	r3, #12
  80 0022 07D0     		beq	.L5
  81              	.LVL4:
  82              	.L2:
  83              		.loc 1 79 0
  84 0024 0A20     		movs	r0, #10
  85 0026 FFF7FEFF 		bl	chSchGoSleepS
  86              	.LVL5:
  87              		.loc 1 80 0
  88 002a 606A     		ldr	r0, [r4, #36]
  89              	.LVL6:
  90              	.LBB15:
  91              		.loc 1 81 0
  92 002c 0023     		movs	r3, #0
  93              		.syntax unified
  94              	@ 81 "../../os/kernel/src/chmsg.c" 1
  95 002e 83F31188 		msr     BASEPRI, r3
  96              	@ 0 "" 2
  97              		.thumb
  98              		.syntax unified
  99              	.LBE15:
 100              		.loc 1 83 0
 101 0032 38BD     		pop	{r3, r4, r5, pc}
 102              	.LVL7:
 103              	.L5:
 104              		.loc 1 78 0
 105 0034 FFF7FEFF 		bl	chSchReadyI
 106              	.LVL8:
 107 0038 F4E7     		b	.L2
 108              	.L7:
 109 003a 00BF     		.align	2
 110              	.L6:
 111 003c 00000000 		.word	rlist
 112              		.cfi_endproc
 113              	.LFE7:
 114              		.size	chMsgSend, .-chMsgSend
ARM GAS  /tmp/ccL45xPJ.s 			page 3


 115              		.section	.text.chMsgWait,"ax",%progbits
 116              		.align	1
 117              		.p2align 2,,3
 118              		.global	chMsgWait
 119              		.syntax unified
 120              		.thumb
 121              		.thumb_func
 122              		.fpu softvfp
 123              		.type	chMsgWait, %function
 124              	chMsgWait:
 125              	.LFB8:
 126              		.loc 1 99 0
 127              		.cfi_startproc
 128              		@ args = 0, pretend = 0, frame = 0
 129              		@ frame_needed = 0, uses_anonymous_args = 0
 130 0000 38B5     		push	{r3, r4, r5, lr}
 131              		.cfi_def_cfa_offset 16
 132              		.cfi_offset 3, -16
 133              		.cfi_offset 4, -12
 134              		.cfi_offset 5, -8
 135              		.cfi_offset 14, -4
 136              	.LBB16:
 137              		.loc 1 102 0
 138 0002 4023     		movs	r3, #64
 139              		.syntax unified
 140              	@ 102 "../../os/kernel/src/chmsg.c" 1
 141 0004 83F31188 		msr     BASEPRI, r3
 142              	@ 0 "" 2
 143              		.thumb
 144              		.syntax unified
 145              	.LBE16:
 146              		.loc 1 103 0
 147 0008 0B4C     		ldr	r4, .L12
 148 000a A169     		ldr	r1, [r4, #24]
 149 000c 0A46     		mov	r2, r1
 150 000e 52F82C0F 		ldr	r0, [r2, #44]!
 151 0012 9042     		cmp	r0, r2
 152 0014 08D0     		beq	.L11
 153              	.L9:
 154              	.LVL9:
 155              		.loc 1 106 0
 156 0016 0B25     		movs	r5, #11
 157              	.LBB17:
 158              	.LBB18:
 159              		.loc 2 55 0
 160 0018 0468     		ldr	r4, [r0]
 161              	.LBE18:
 162              	.LBE17:
 163              	.LBB20:
 164              		.loc 1 107 0
 165 001a 0023     		movs	r3, #0
 166              	.LBE20:
 167              	.LBB21:
 168              	.LBB19:
 169              		.loc 2 55 0
 170 001c CC62     		str	r4, [r1, #44]
 171              	.LVL10:
ARM GAS  /tmp/ccL45xPJ.s 			page 4


 172 001e 6260     		str	r2, [r4, #4]
 173              	.LVL11:
 174              	.LBE19:
 175              	.LBE21:
 176              		.loc 1 106 0
 177 0020 0577     		strb	r5, [r0, #28]
 178              	.LBB22:
 179              		.loc 1 107 0
 180              		.syntax unified
 181              	@ 107 "../../os/kernel/src/chmsg.c" 1
 182 0022 83F31188 		msr     BASEPRI, r3
 183              	@ 0 "" 2
 184              		.thumb
 185              		.syntax unified
 186              	.LBE22:
 187              		.loc 1 109 0
 188 0026 38BD     		pop	{r3, r4, r5, pc}
 189              	.L11:
 190              		.loc 1 104 0
 191 0028 0C20     		movs	r0, #12
 192 002a FFF7FEFF 		bl	chSchGoSleepS
 193              	.LVL12:
 194 002e A169     		ldr	r1, [r4, #24]
 195 0030 C86A     		ldr	r0, [r1, #44]
 196 0032 01F12C02 		add	r2, r1, #44
 197 0036 EEE7     		b	.L9
 198              	.L13:
 199              		.align	2
 200              	.L12:
 201 0038 00000000 		.word	rlist
 202              		.cfi_endproc
 203              	.LFE8:
 204              		.size	chMsgWait, .-chMsgWait
 205              		.section	.text.chMsgRelease,"ax",%progbits
 206              		.align	1
 207              		.p2align 2,,3
 208              		.global	chMsgRelease
 209              		.syntax unified
 210              		.thumb
 211              		.thumb_func
 212              		.fpu softvfp
 213              		.type	chMsgRelease, %function
 214              	chMsgRelease:
 215              	.LFB9:
 216              		.loc 1 121 0
 217              		.cfi_startproc
 218              		@ args = 0, pretend = 0, frame = 0
 219              		@ frame_needed = 0, uses_anonymous_args = 0
 220              	.LVL13:
 221 0000 08B5     		push	{r3, lr}
 222              		.cfi_def_cfa_offset 8
 223              		.cfi_offset 3, -8
 224              		.cfi_offset 14, -4
 225              	.LBB23:
 226              		.loc 1 123 0
 227 0002 4023     		movs	r3, #64
 228              		.syntax unified
ARM GAS  /tmp/ccL45xPJ.s 			page 5


 229              	@ 123 "../../os/kernel/src/chmsg.c" 1
 230 0004 83F31188 		msr     BASEPRI, r3
 231              	@ 0 "" 2
 232              		.thumb
 233              		.syntax unified
 234              	.LBE23:
 235              		.loc 1 126 0
 236 0008 FFF7FEFF 		bl	chSchWakeupS
 237              	.LVL14:
 238              	.LBB24:
 239              		.loc 1 127 0
 240 000c 0023     		movs	r3, #0
 241              		.syntax unified
 242              	@ 127 "../../os/kernel/src/chmsg.c" 1
 243 000e 83F31188 		msr     BASEPRI, r3
 244              	@ 0 "" 2
 245              		.thumb
 246              		.syntax unified
 247 0012 08BD     		pop	{r3, pc}
 248              	.LBE24:
 249              		.cfi_endproc
 250              	.LFE9:
 251              		.size	chMsgRelease, .-chMsgRelease
 252              		.text
 253              	.Letext0:
 254              		.file 3 "/usr/include/newlib/machine/_default_types.h"
 255              		.file 4 "/usr/include/newlib/sys/_stdint.h"
 256              		.file 5 "../../os/ports/GCC/ARMCMx/chtypes.h"
 257              		.file 6 "../../os/kernel/include/chlists.h"
 258              		.file 7 "../../os/kernel/include/chthreads.h"
 259              		.file 8 "../../os/ports/GCC/ARMCMx/chcore_v7m.h"
 260              		.file 9 "../../os/kernel/include/chvt.h"
 261              		.file 10 "../../os/kernel/include/chschd.h"
 262              		.file 11 "../../os/kernel/include/chmtx.h"
 263              		.file 12 "../../os/kernel/include/chregistry.h"
 264              		.file 13 "../../os/kernel/include/ch.h"
 265              		.section	.debug_info,"",%progbits
 266              	.Ldebug_info0:
 267 0000 6E080000 		.4byte	0x86e
 268 0004 0400     		.2byte	0x4
 269 0006 00000000 		.4byte	.Ldebug_abbrev0
 270 000a 04       		.byte	0x4
 271 000b 01       		.uleb128 0x1
 272 000c 53020000 		.4byte	.LASF109
 273 0010 0C       		.byte	0xc
 274 0011 15050000 		.4byte	.LASF110
 275 0015 0D000000 		.4byte	.LASF111
 276 0019 48000000 		.4byte	.Ldebug_ranges0+0x48
 277 001d 00000000 		.4byte	0
 278 0021 00000000 		.4byte	.Ldebug_line0
 279 0025 02       		.uleb128 0x2
 280 0026 04       		.byte	0x4
 281 0027 05       		.byte	0x5
 282 0028 696E7400 		.ascii	"int\000"
 283 002c 03       		.uleb128 0x3
 284 002d 04       		.byte	0x4
 285 002e 07       		.byte	0x7
ARM GAS  /tmp/ccL45xPJ.s 			page 6


 286 002f 7E010000 		.4byte	.LASF0
 287 0033 03       		.uleb128 0x3
 288 0034 08       		.byte	0x8
 289 0035 05       		.byte	0x5
 290 0036 CA000000 		.4byte	.LASF1
 291 003a 03       		.uleb128 0x3
 292 003b 08       		.byte	0x8
 293 003c 04       		.byte	0x4
 294 003d EF020000 		.4byte	.LASF2
 295 0041 03       		.uleb128 0x3
 296 0042 01       		.byte	0x1
 297 0043 06       		.byte	0x6
 298 0044 D8000000 		.4byte	.LASF3
 299 0048 04       		.uleb128 0x4
 300 0049 77000000 		.4byte	.LASF6
 301 004d 03       		.byte	0x3
 302 004e 1D       		.byte	0x1d
 303 004f 53000000 		.4byte	0x53
 304 0053 03       		.uleb128 0x3
 305 0054 01       		.byte	0x1
 306 0055 08       		.byte	0x8
 307 0056 83030000 		.4byte	.LASF4
 308 005a 03       		.uleb128 0x3
 309 005b 02       		.byte	0x2
 310 005c 05       		.byte	0x5
 311 005d 9B030000 		.4byte	.LASF5
 312 0061 04       		.uleb128 0x4
 313 0062 57040000 		.4byte	.LASF7
 314 0066 03       		.byte	0x3
 315 0067 2B       		.byte	0x2b
 316 0068 6C000000 		.4byte	0x6c
 317 006c 03       		.uleb128 0x3
 318 006d 02       		.byte	0x2
 319 006e 07       		.byte	0x7
 320 006f CD010000 		.4byte	.LASF8
 321 0073 04       		.uleb128 0x4
 322 0074 8A040000 		.4byte	.LASF9
 323 0078 03       		.byte	0x3
 324 0079 3F       		.byte	0x3f
 325 007a 7E000000 		.4byte	0x7e
 326 007e 03       		.uleb128 0x3
 327 007f 04       		.byte	0x4
 328 0080 05       		.byte	0x5
 329 0081 1B010000 		.4byte	.LASF10
 330 0085 04       		.uleb128 0x4
 331 0086 62010000 		.4byte	.LASF11
 332 008a 03       		.byte	0x3
 333 008b 41       		.byte	0x41
 334 008c 90000000 		.4byte	0x90
 335 0090 03       		.uleb128 0x3
 336 0091 04       		.byte	0x4
 337 0092 07       		.byte	0x7
 338 0093 93010000 		.4byte	.LASF12
 339 0097 04       		.uleb128 0x4
 340 0098 48030000 		.4byte	.LASF13
 341 009c 03       		.byte	0x3
 342 009d 5B       		.byte	0x5b
ARM GAS  /tmp/ccL45xPJ.s 			page 7


 343 009e A2000000 		.4byte	0xa2
 344 00a2 03       		.uleb128 0x3
 345 00a3 08       		.byte	0x8
 346 00a4 07       		.byte	0x7
 347 00a5 88000000 		.4byte	.LASF14
 348 00a9 04       		.uleb128 0x4
 349 00aa F4040000 		.4byte	.LASF15
 350 00ae 04       		.byte	0x4
 351 00af 18       		.byte	0x18
 352 00b0 48000000 		.4byte	0x48
 353 00b4 04       		.uleb128 0x4
 354 00b5 37010000 		.4byte	.LASF16
 355 00b9 04       		.byte	0x4
 356 00ba 24       		.byte	0x24
 357 00bb 61000000 		.4byte	0x61
 358 00bf 04       		.uleb128 0x4
 359 00c0 7B030000 		.4byte	.LASF17
 360 00c4 04       		.byte	0x4
 361 00c5 2C       		.byte	0x2c
 362 00c6 73000000 		.4byte	0x73
 363 00ca 04       		.uleb128 0x4
 364 00cb 1C040000 		.4byte	.LASF18
 365 00cf 04       		.byte	0x4
 366 00d0 30       		.byte	0x30
 367 00d1 85000000 		.4byte	0x85
 368 00d5 04       		.uleb128 0x4
 369 00d6 6E000000 		.4byte	.LASF19
 370 00da 04       		.byte	0x4
 371 00db 3C       		.byte	0x3c
 372 00dc 97000000 		.4byte	0x97
 373 00e0 03       		.uleb128 0x3
 374 00e1 01       		.byte	0x1
 375 00e2 02       		.byte	0x2
 376 00e3 75030000 		.4byte	.LASF20
 377 00e7 04       		.uleb128 0x4
 378 00e8 06020000 		.4byte	.LASF21
 379 00ec 05       		.byte	0x5
 380 00ed 25       		.byte	0x25
 381 00ee A9000000 		.4byte	0xa9
 382 00f2 04       		.uleb128 0x4
 383 00f3 2E010000 		.4byte	.LASF22
 384 00f7 05       		.byte	0x5
 385 00f8 26       		.byte	0x26
 386 00f9 A9000000 		.4byte	0xa9
 387 00fd 04       		.uleb128 0x4
 388 00fe 53030000 		.4byte	.LASF23
 389 0102 05       		.byte	0x5
 390 0103 27       		.byte	0x27
 391 0104 A9000000 		.4byte	0xa9
 392 0108 04       		.uleb128 0x4
 393 0109 11010000 		.4byte	.LASF24
 394 010d 05       		.byte	0x5
 395 010e 28       		.byte	0x28
 396 010f A9000000 		.4byte	0xa9
 397 0113 04       		.uleb128 0x4
 398 0114 6D030000 		.4byte	.LASF25
 399 0118 05       		.byte	0x5
ARM GAS  /tmp/ccL45xPJ.s 			page 8


 400 0119 29       		.byte	0x29
 401 011a CA000000 		.4byte	0xca
 402 011e 04       		.uleb128 0x4
 403 011f F8010000 		.4byte	.LASF26
 404 0123 05       		.byte	0x5
 405 0124 2A       		.byte	0x2a
 406 0125 BF000000 		.4byte	0xbf
 407 0129 04       		.uleb128 0x4
 408 012a 1A020000 		.4byte	.LASF27
 409 012e 05       		.byte	0x5
 410 012f 2C       		.byte	0x2c
 411 0130 CA000000 		.4byte	0xca
 412 0134 04       		.uleb128 0x4
 413 0135 75040000 		.4byte	.LASF28
 414 0139 05       		.byte	0x5
 415 013a 2E       		.byte	0x2e
 416 013b CA000000 		.4byte	0xca
 417 013f 05       		.uleb128 0x5
 418 0140 34010000 		.4byte	0x134
 419 0144 04       		.uleb128 0x4
 420 0145 EF030000 		.4byte	.LASF29
 421 0149 06       		.byte	0x6
 422 014a 23       		.byte	0x23
 423 014b 4F010000 		.4byte	0x14f
 424 014f 06       		.uleb128 0x6
 425 0150 EF030000 		.4byte	.LASF29
 426 0154 48       		.byte	0x48
 427 0155 07       		.byte	0x7
 428 0156 57       		.byte	0x57
 429 0157 4C020000 		.4byte	0x24c
 430 015b 07       		.uleb128 0x7
 431 015c D1030000 		.4byte	.LASF30
 432 0160 07       		.byte	0x7
 433 0161 58       		.byte	0x58
 434 0162 6D020000 		.4byte	0x26d
 435 0166 00       		.byte	0
 436 0167 07       		.uleb128 0x7
 437 0168 66030000 		.4byte	.LASF31
 438 016c 07       		.byte	0x7
 439 016d 5A       		.byte	0x5a
 440 016e 6D020000 		.4byte	0x26d
 441 0172 04       		.byte	0x4
 442 0173 07       		.uleb128 0x7
 443 0174 B6000000 		.4byte	.LASF32
 444 0178 07       		.byte	0x7
 445 0179 5C       		.byte	0x5c
 446 017a 13010000 		.4byte	0x113
 447 017e 08       		.byte	0x8
 448 017f 07       		.uleb128 0x7
 449 0180 40050000 		.4byte	.LASF33
 450 0184 07       		.byte	0x7
 451 0185 5D       		.byte	0x5d
 452 0186 32030000 		.4byte	0x332
 453 018a 0C       		.byte	0xc
 454 018b 07       		.uleb128 0x7
 455 018c 4A010000 		.4byte	.LASF34
 456 0190 07       		.byte	0x7
ARM GAS  /tmp/ccL45xPJ.s 			page 9


 457 0191 5F       		.byte	0x5f
 458 0192 6D020000 		.4byte	0x26d
 459 0196 10       		.byte	0x10
 460 0197 07       		.uleb128 0x7
 461 0198 13030000 		.4byte	.LASF35
 462 019c 07       		.byte	0x7
 463 019d 60       		.byte	0x60
 464 019e 6D020000 		.4byte	0x26d
 465 01a2 14       		.byte	0x14
 466 01a3 07       		.uleb128 0x7
 467 01a4 03050000 		.4byte	.LASF36
 468 01a8 07       		.byte	0x7
 469 01a9 67       		.byte	0x67
 470 01aa FD040000 		.4byte	0x4fd
 471 01ae 18       		.byte	0x18
 472 01af 07       		.uleb128 0x7
 473 01b0 A5030000 		.4byte	.LASF37
 474 01b4 07       		.byte	0x7
 475 01b5 72       		.byte	0x72
 476 01b6 F2000000 		.4byte	0xf2
 477 01ba 1C       		.byte	0x1c
 478 01bb 07       		.uleb128 0x7
 479 01bc E7030000 		.4byte	.LASF38
 480 01c0 07       		.byte	0x7
 481 01c1 76       		.byte	0x76
 482 01c2 E7000000 		.4byte	0xe7
 483 01c6 1D       		.byte	0x1d
 484 01c7 07       		.uleb128 0x7
 485 01c8 D3040000 		.4byte	.LASF39
 486 01cc 07       		.byte	0x7
 487 01cd 7B       		.byte	0x7b
 488 01ce FD000000 		.4byte	0xfd
 489 01d2 1E       		.byte	0x1e
 490 01d3 07       		.uleb128 0x7
 491 01d4 AD030000 		.4byte	.LASF40
 492 01d8 07       		.byte	0x7
 493 01d9 81       		.byte	0x81
 494 01da 08010000 		.4byte	0x108
 495 01de 1F       		.byte	0x1f
 496 01df 07       		.uleb128 0x7
 497 01e0 94040000 		.4byte	.LASF41
 498 01e4 07       		.byte	0x7
 499 01e5 88       		.byte	0x88
 500 01e6 3F010000 		.4byte	0x13f
 501 01ea 20       		.byte	0x20
 502 01eb 08       		.uleb128 0x8
 503 01ec 705F7500 		.ascii	"p_u\000"
 504 01f0 07       		.byte	0x7
 505 01f1 AD       		.byte	0xad
 506 01f2 C8040000 		.4byte	0x4c8
 507 01f6 24       		.byte	0x24
 508 01f7 07       		.uleb128 0x7
 509 01f8 46050000 		.4byte	.LASF42
 510 01fc 07       		.byte	0x7
 511 01fd B2       		.byte	0xb2
 512 01fe 93020000 		.4byte	0x293
 513 0202 28       		.byte	0x28
ARM GAS  /tmp/ccL45xPJ.s 			page 10


 514 0203 07       		.uleb128 0x7
 515 0204 A2040000 		.4byte	.LASF43
 516 0208 07       		.byte	0x7
 517 0209 B8       		.byte	0xb8
 518 020a 73020000 		.4byte	0x273
 519 020e 2C       		.byte	0x2c
 520 020f 07       		.uleb128 0x7
 521 0210 53000000 		.4byte	.LASF44
 522 0214 07       		.byte	0x7
 523 0215 BC       		.byte	0xbc
 524 0216 1E010000 		.4byte	0x11e
 525 021a 34       		.byte	0x34
 526 021b 07       		.uleb128 0x7
 527 021c 11040000 		.4byte	.LASF45
 528 0220 07       		.byte	0x7
 529 0221 C2       		.byte	0xc2
 530 0222 29010000 		.4byte	0x129
 531 0226 38       		.byte	0x38
 532 0227 07       		.uleb128 0x7
 533 0228 91030000 		.4byte	.LASF46
 534 022c 07       		.byte	0x7
 535 022d C9       		.byte	0xc9
 536 022e 0F050000 		.4byte	0x50f
 537 0232 3C       		.byte	0x3c
 538 0233 07       		.uleb128 0x7
 539 0234 7F040000 		.4byte	.LASF47
 540 0238 07       		.byte	0x7
 541 0239 CD       		.byte	0xcd
 542 023a 13010000 		.4byte	0x113
 543 023e 40       		.byte	0x40
 544 023f 07       		.uleb128 0x7
 545 0240 01010000 		.4byte	.LASF48
 546 0244 07       		.byte	0x7
 547 0245 D3       		.byte	0xd3
 548 0246 A9020000 		.4byte	0x2a9
 549 024a 44       		.byte	0x44
 550 024b 00       		.byte	0
 551 024c 09       		.uleb128 0x9
 552 024d 08       		.byte	0x8
 553 024e 06       		.byte	0x6
 554 024f 5A       		.byte	0x5a
 555 0250 6D020000 		.4byte	0x26d
 556 0254 07       		.uleb128 0x7
 557 0255 D1030000 		.4byte	.LASF30
 558 0259 06       		.byte	0x6
 559 025a 5B       		.byte	0x5b
 560 025b 6D020000 		.4byte	0x26d
 561 025f 00       		.byte	0
 562 0260 07       		.uleb128 0x7
 563 0261 66030000 		.4byte	.LASF31
 564 0265 06       		.byte	0x6
 565 0266 5D       		.byte	0x5d
 566 0267 6D020000 		.4byte	0x26d
 567 026b 04       		.byte	0x4
 568 026c 00       		.byte	0
 569 026d 0A       		.uleb128 0xa
 570 026e 04       		.byte	0x4
ARM GAS  /tmp/ccL45xPJ.s 			page 11


 571 026f 44010000 		.4byte	0x144
 572 0273 04       		.uleb128 0x4
 573 0274 21030000 		.4byte	.LASF49
 574 0278 06       		.byte	0x6
 575 0279 5F       		.byte	0x5f
 576 027a 4C020000 		.4byte	0x24c
 577 027e 09       		.uleb128 0x9
 578 027f 04       		.byte	0x4
 579 0280 06       		.byte	0x6
 580 0281 64       		.byte	0x64
 581 0282 93020000 		.4byte	0x293
 582 0286 07       		.uleb128 0x7
 583 0287 D1030000 		.4byte	.LASF30
 584 028b 06       		.byte	0x6
 585 028c 66       		.byte	0x66
 586 028d 6D020000 		.4byte	0x26d
 587 0291 00       		.byte	0
 588 0292 00       		.byte	0
 589 0293 04       		.uleb128 0x4
 590 0294 0E020000 		.4byte	.LASF50
 591 0298 06       		.byte	0x6
 592 0299 69       		.byte	0x69
 593 029a 7E020000 		.4byte	0x27e
 594 029e 04       		.uleb128 0x4
 595 029f 6D010000 		.4byte	.LASF51
 596 02a3 08       		.byte	0x8
 597 02a4 DE       		.byte	0xde
 598 02a5 A9020000 		.4byte	0x2a9
 599 02a9 0B       		.uleb128 0xb
 600 02aa 04       		.byte	0x4
 601 02ab 04       		.uleb128 0x4
 602 02ac 2C020000 		.4byte	.LASF52
 603 02b0 08       		.byte	0x8
 604 02b1 E4       		.byte	0xe4
 605 02b2 D5000000 		.4byte	0xd5
 606 02b6 0C       		.uleb128 0xc
 607 02b7 9B040000 		.4byte	.LASF53
 608 02bb 24       		.byte	0x24
 609 02bc 08       		.byte	0x8
 610 02bd 0501     		.2byte	0x105
 611 02bf 32030000 		.4byte	0x332
 612 02c3 0D       		.uleb128 0xd
 613 02c4 723400   		.ascii	"r4\000"
 614 02c7 08       		.byte	0x8
 615 02c8 1801     		.2byte	0x118
 616 02ca 9E020000 		.4byte	0x29e
 617 02ce 00       		.byte	0
 618 02cf 0D       		.uleb128 0xd
 619 02d0 723500   		.ascii	"r5\000"
 620 02d3 08       		.byte	0x8
 621 02d4 1901     		.2byte	0x119
 622 02d6 9E020000 		.4byte	0x29e
 623 02da 04       		.byte	0x4
 624 02db 0D       		.uleb128 0xd
 625 02dc 723600   		.ascii	"r6\000"
 626 02df 08       		.byte	0x8
 627 02e0 1A01     		.2byte	0x11a
ARM GAS  /tmp/ccL45xPJ.s 			page 12


 628 02e2 9E020000 		.4byte	0x29e
 629 02e6 08       		.byte	0x8
 630 02e7 0D       		.uleb128 0xd
 631 02e8 723700   		.ascii	"r7\000"
 632 02eb 08       		.byte	0x8
 633 02ec 1B01     		.2byte	0x11b
 634 02ee 9E020000 		.4byte	0x29e
 635 02f2 0C       		.byte	0xc
 636 02f3 0D       		.uleb128 0xd
 637 02f4 723800   		.ascii	"r8\000"
 638 02f7 08       		.byte	0x8
 639 02f8 1C01     		.2byte	0x11c
 640 02fa 9E020000 		.4byte	0x29e
 641 02fe 10       		.byte	0x10
 642 02ff 0D       		.uleb128 0xd
 643 0300 723900   		.ascii	"r9\000"
 644 0303 08       		.byte	0x8
 645 0304 1D01     		.2byte	0x11d
 646 0306 9E020000 		.4byte	0x29e
 647 030a 14       		.byte	0x14
 648 030b 0D       		.uleb128 0xd
 649 030c 72313000 		.ascii	"r10\000"
 650 0310 08       		.byte	0x8
 651 0311 1E01     		.2byte	0x11e
 652 0313 9E020000 		.4byte	0x29e
 653 0317 18       		.byte	0x18
 654 0318 0D       		.uleb128 0xd
 655 0319 72313100 		.ascii	"r11\000"
 656 031d 08       		.byte	0x8
 657 031e 1F01     		.2byte	0x11f
 658 0320 9E020000 		.4byte	0x29e
 659 0324 1C       		.byte	0x1c
 660 0325 0D       		.uleb128 0xd
 661 0326 6C7200   		.ascii	"lr\000"
 662 0329 08       		.byte	0x8
 663 032a 2001     		.2byte	0x120
 664 032c 9E020000 		.4byte	0x29e
 665 0330 20       		.byte	0x20
 666 0331 00       		.byte	0
 667 0332 0C       		.uleb128 0xc
 668 0333 C5010000 		.4byte	.LASF54
 669 0337 04       		.byte	0x4
 670 0338 08       		.byte	0x8
 671 0339 2A01     		.2byte	0x12a
 672 033b 4D030000 		.4byte	0x34d
 673 033f 0D       		.uleb128 0xd
 674 0340 72313300 		.ascii	"r13\000"
 675 0344 08       		.byte	0x8
 676 0345 2B01     		.2byte	0x12b
 677 0347 4D030000 		.4byte	0x34d
 678 034b 00       		.byte	0
 679 034c 00       		.byte	0
 680 034d 0A       		.uleb128 0xa
 681 034e 04       		.byte	0x4
 682 034f B6020000 		.4byte	0x2b6
 683 0353 03       		.uleb128 0x3
 684 0354 04       		.byte	0x4
ARM GAS  /tmp/ccL45xPJ.s 			page 13


 685 0355 07       		.byte	0x7
 686 0356 E6020000 		.4byte	.LASF55
 687 035a 04       		.uleb128 0x4
 688 035b AE010000 		.4byte	.LASF56
 689 035f 09       		.byte	0x9
 690 0360 51       		.byte	0x51
 691 0361 65030000 		.4byte	0x365
 692 0365 0A       		.uleb128 0xa
 693 0366 04       		.byte	0x4
 694 0367 6B030000 		.4byte	0x36b
 695 036b 0E       		.uleb128 0xe
 696 036c 76030000 		.4byte	0x376
 697 0370 0F       		.uleb128 0xf
 698 0371 A9020000 		.4byte	0x2a9
 699 0375 00       		.byte	0
 700 0376 04       		.uleb128 0x4
 701 0377 39040000 		.4byte	.LASF57
 702 037b 09       		.byte	0x9
 703 037c 56       		.byte	0x56
 704 037d 81030000 		.4byte	0x381
 705 0381 06       		.uleb128 0x6
 706 0382 39040000 		.4byte	.LASF57
 707 0386 14       		.byte	0x14
 708 0387 09       		.byte	0x9
 709 0388 5D       		.byte	0x5d
 710 0389 CA030000 		.4byte	0x3ca
 711 038d 07       		.uleb128 0x7
 712 038e 8B010000 		.4byte	.LASF58
 713 0392 09       		.byte	0x9
 714 0393 5E       		.byte	0x5e
 715 0394 CA030000 		.4byte	0x3ca
 716 0398 00       		.byte	0
 717 0399 07       		.uleb128 0x7
 718 039a 76010000 		.4byte	.LASF59
 719 039e 09       		.byte	0x9
 720 039f 60       		.byte	0x60
 721 03a0 CA030000 		.4byte	0x3ca
 722 03a4 04       		.byte	0x4
 723 03a5 07       		.uleb128 0x7
 724 03a6 4B020000 		.4byte	.LASF60
 725 03aa 09       		.byte	0x9
 726 03ab 62       		.byte	0x62
 727 03ac 34010000 		.4byte	0x134
 728 03b0 08       		.byte	0x8
 729 03b1 07       		.uleb128 0x7
 730 03b2 66000000 		.4byte	.LASF61
 731 03b6 09       		.byte	0x9
 732 03b7 63       		.byte	0x63
 733 03b8 5A030000 		.4byte	0x35a
 734 03bc 0C       		.byte	0xc
 735 03bd 07       		.uleb128 0x7
 736 03be AD040000 		.4byte	.LASF62
 737 03c2 09       		.byte	0x9
 738 03c3 65       		.byte	0x65
 739 03c4 A9020000 		.4byte	0x2a9
 740 03c8 10       		.byte	0x10
 741 03c9 00       		.byte	0
ARM GAS  /tmp/ccL45xPJ.s 			page 14


 742 03ca 0A       		.uleb128 0xa
 743 03cb 04       		.byte	0x4
 744 03cc 76030000 		.4byte	0x376
 745 03d0 09       		.uleb128 0x9
 746 03d1 10       		.byte	0x10
 747 03d2 09       		.byte	0x9
 748 03d3 6F       		.byte	0x6f
 749 03d4 09040000 		.4byte	0x409
 750 03d8 07       		.uleb128 0x7
 751 03d9 8B010000 		.4byte	.LASF58
 752 03dd 09       		.byte	0x9
 753 03de 70       		.byte	0x70
 754 03df CA030000 		.4byte	0x3ca
 755 03e3 00       		.byte	0
 756 03e4 07       		.uleb128 0x7
 757 03e5 76010000 		.4byte	.LASF59
 758 03e9 09       		.byte	0x9
 759 03ea 72       		.byte	0x72
 760 03eb CA030000 		.4byte	0x3ca
 761 03ef 04       		.byte	0x4
 762 03f0 07       		.uleb128 0x7
 763 03f1 4B020000 		.4byte	.LASF60
 764 03f5 09       		.byte	0x9
 765 03f6 74       		.byte	0x74
 766 03f7 34010000 		.4byte	0x134
 767 03fb 08       		.byte	0x8
 768 03fc 07       		.uleb128 0x7
 769 03fd 0A050000 		.4byte	.LASF63
 770 0401 09       		.byte	0x9
 771 0402 75       		.byte	0x75
 772 0403 3F010000 		.4byte	0x13f
 773 0407 0C       		.byte	0xc
 774 0408 00       		.byte	0
 775 0409 04       		.uleb128 0x4
 776 040a 31050000 		.4byte	.LASF64
 777 040e 09       		.byte	0x9
 778 040f 76       		.byte	0x76
 779 0410 D0030000 		.4byte	0x3d0
 780 0414 10       		.uleb128 0x10
 781 0415 81000000 		.4byte	.LASF72
 782 0419 09       		.byte	0x9
 783 041a EE       		.byte	0xee
 784 041b 09040000 		.4byte	0x409
 785 041f 09       		.uleb128 0x9
 786 0420 1C       		.byte	0x1c
 787 0421 0A       		.byte	0xa
 788 0422 57       		.byte	0x57
 789 0423 70040000 		.4byte	0x470
 790 0427 07       		.uleb128 0x7
 791 0428 31040000 		.4byte	.LASF65
 792 042c 0A       		.byte	0xa
 793 042d 58       		.byte	0x58
 794 042e 73020000 		.4byte	0x273
 795 0432 00       		.byte	0
 796 0433 07       		.uleb128 0x7
 797 0434 C3030000 		.4byte	.LASF66
 798 0438 0A       		.byte	0xa
ARM GAS  /tmp/ccL45xPJ.s 			page 15


 799 0439 59       		.byte	0x59
 800 043a 13010000 		.4byte	0x113
 801 043e 08       		.byte	0x8
 802 043f 07       		.uleb128 0x7
 803 0440 1B030000 		.4byte	.LASF67
 804 0444 0A       		.byte	0xa
 805 0445 5B       		.byte	0x5b
 806 0446 32030000 		.4byte	0x332
 807 044a 0C       		.byte	0xc
 808 044b 07       		.uleb128 0x7
 809 044c FE010000 		.4byte	.LASF68
 810 0450 0A       		.byte	0xa
 811 0451 5E       		.byte	0x5e
 812 0452 6D020000 		.4byte	0x26d
 813 0456 10       		.byte	0x10
 814 0457 07       		.uleb128 0x7
 815 0458 40030000 		.4byte	.LASF69
 816 045c 0A       		.byte	0xa
 817 045d 5F       		.byte	0x5f
 818 045e 6D020000 		.4byte	0x26d
 819 0462 14       		.byte	0x14
 820 0463 07       		.uleb128 0x7
 821 0464 36030000 		.4byte	.LASF70
 822 0468 0A       		.byte	0xa
 823 0469 62       		.byte	0x62
 824 046a 6D020000 		.4byte	0x26d
 825 046e 18       		.byte	0x18
 826 046f 00       		.byte	0
 827 0470 04       		.uleb128 0x4
 828 0471 DA040000 		.4byte	.LASF71
 829 0475 0A       		.byte	0xa
 830 0476 64       		.byte	0x64
 831 0477 1F040000 		.4byte	0x41f
 832 047b 10       		.uleb128 0x10
 833 047c EE040000 		.4byte	.LASF73
 834 0480 0A       		.byte	0xa
 835 0481 68       		.byte	0x68
 836 0482 70040000 		.4byte	0x470
 837 0486 06       		.uleb128 0x6
 838 0487 26020000 		.4byte	.LASF74
 839 048b 10       		.byte	0x10
 840 048c 0B       		.byte	0xb
 841 048d 25       		.byte	0x25
 842 048e B7040000 		.4byte	0x4b7
 843 0492 07       		.uleb128 0x7
 844 0493 09010000 		.4byte	.LASF75
 845 0497 0B       		.byte	0xb
 846 0498 26       		.byte	0x26
 847 0499 73020000 		.4byte	0x273
 848 049d 00       		.byte	0
 849 049e 07       		.uleb128 0x7
 850 049f 38050000 		.4byte	.LASF76
 851 04a3 0B       		.byte	0xb
 852 04a4 28       		.byte	0x28
 853 04a5 6D020000 		.4byte	0x26d
 854 04a9 08       		.byte	0x8
 855 04aa 07       		.uleb128 0x7
ARM GAS  /tmp/ccL45xPJ.s 			page 16


 856 04ab 6E040000 		.4byte	.LASF77
 857 04af 0B       		.byte	0xb
 858 04b0 2A       		.byte	0x2a
 859 04b1 B7040000 		.4byte	0x4b7
 860 04b5 0C       		.byte	0xc
 861 04b6 00       		.byte	0
 862 04b7 0A       		.uleb128 0xa
 863 04b8 04       		.byte	0x4
 864 04b9 86040000 		.4byte	0x486
 865 04bd 04       		.uleb128 0x4
 866 04be 26020000 		.4byte	.LASF74
 867 04c2 0B       		.byte	0xb
 868 04c3 2C       		.byte	0x2c
 869 04c4 86040000 		.4byte	0x486
 870 04c8 11       		.uleb128 0x11
 871 04c9 04       		.byte	0x4
 872 04ca 07       		.byte	0x7
 873 04cb 8F       		.byte	0x8f
 874 04cc FD040000 		.4byte	0x4fd
 875 04d0 12       		.uleb128 0x12
 876 04d1 CC040000 		.4byte	.LASF78
 877 04d5 07       		.byte	0x7
 878 04d6 96       		.byte	0x96
 879 04d7 1E010000 		.4byte	0x11e
 880 04db 12       		.uleb128 0x12
 881 04dc AD000000 		.4byte	.LASF79
 882 04e0 07       		.byte	0x7
 883 04e1 9D       		.byte	0x9d
 884 04e2 1E010000 		.4byte	0x11e
 885 04e6 12       		.uleb128 0x12
 886 04e7 FC040000 		.4byte	.LASF80
 887 04eb 07       		.byte	0x7
 888 04ec A4       		.byte	0xa4
 889 04ed A9020000 		.4byte	0x2a9
 890 04f1 12       		.uleb128 0x12
 891 04f2 CA030000 		.4byte	.LASF81
 892 04f6 07       		.byte	0x7
 893 04f7 AB       		.byte	0xab
 894 04f8 29010000 		.4byte	0x129
 895 04fc 00       		.byte	0
 896 04fd 0A       		.uleb128 0xa
 897 04fe 04       		.byte	0x4
 898 04ff 0A050000 		.4byte	0x50a
 899 0503 03       		.uleb128 0x3
 900 0504 01       		.byte	0x1
 901 0505 08       		.byte	0x8
 902 0506 46040000 		.4byte	.LASF82
 903 050a 13       		.uleb128 0x13
 904 050b 03050000 		.4byte	0x503
 905 050f 0A       		.uleb128 0xa
 906 0510 04       		.byte	0x4
 907 0511 BD040000 		.4byte	0x4bd
 908 0515 09       		.uleb128 0x9
 909 0516 16       		.byte	0x16
 910 0517 0C       		.byte	0xc
 911 0518 25       		.byte	0x25
 912 0519 F6050000 		.4byte	0x5f6
ARM GAS  /tmp/ccL45xPJ.s 			page 17


 913 051d 07       		.uleb128 0x7
 914 051e B7010000 		.4byte	.LASF83
 915 0522 0C       		.byte	0xc
 916 0523 26       		.byte	0x26
 917 0524 F6050000 		.4byte	0x5f6
 918 0528 00       		.byte	0
 919 0529 07       		.uleb128 0x7
 920 052a 37020000 		.4byte	.LASF84
 921 052e 0C       		.byte	0xc
 922 052f 27       		.byte	0x27
 923 0530 A9000000 		.4byte	0xa9
 924 0534 04       		.byte	0x4
 925 0535 07       		.uleb128 0x7
 926 0536 2E030000 		.4byte	.LASF85
 927 053a 0C       		.byte	0xc
 928 053b 28       		.byte	0x28
 929 053c A9000000 		.4byte	0xa9
 930 0540 05       		.byte	0x5
 931 0541 07       		.uleb128 0x7
 932 0542 ED010000 		.4byte	.LASF86
 933 0546 0C       		.byte	0xc
 934 0547 29       		.byte	0x29
 935 0548 B4000000 		.4byte	0xb4
 936 054c 06       		.byte	0x6
 937 054d 07       		.uleb128 0x7
 938 054e 5B030000 		.4byte	.LASF87
 939 0552 0C       		.byte	0xc
 940 0553 2A       		.byte	0x2a
 941 0554 A9000000 		.4byte	0xa9
 942 0558 08       		.byte	0x8
 943 0559 07       		.uleb128 0x7
 944 055a FB020000 		.4byte	.LASF88
 945 055e 0C       		.byte	0xc
 946 055f 2B       		.byte	0x2b
 947 0560 A9000000 		.4byte	0xa9
 948 0564 09       		.byte	0x9
 949 0565 07       		.uleb128 0x7
 950 0566 9F000000 		.4byte	.LASF89
 951 056a 0C       		.byte	0xc
 952 056b 2C       		.byte	0x2c
 953 056c A9000000 		.4byte	0xa9
 954 0570 0A       		.byte	0xa
 955 0571 07       		.uleb128 0x7
 956 0572 25040000 		.4byte	.LASF90
 957 0576 0C       		.byte	0xc
 958 0577 2D       		.byte	0x2d
 959 0578 A9000000 		.4byte	0xa9
 960 057c 0B       		.byte	0xb
 961 057d 07       		.uleb128 0x7
 962 057e C1040000 		.4byte	.LASF91
 963 0582 0C       		.byte	0xc
 964 0583 2E       		.byte	0x2e
 965 0584 A9000000 		.4byte	0xa9
 966 0588 0C       		.byte	0xc
 967 0589 07       		.uleb128 0x7
 968 058a F6030000 		.4byte	.LASF92
 969 058e 0C       		.byte	0xc
ARM GAS  /tmp/ccL45xPJ.s 			page 18


 970 058f 2F       		.byte	0x2f
 971 0590 A9000000 		.4byte	0xa9
 972 0594 0D       		.byte	0xd
 973 0595 07       		.uleb128 0x7
 974 0596 00000000 		.4byte	.LASF93
 975 059a 0C       		.byte	0xc
 976 059b 30       		.byte	0x30
 977 059c A9000000 		.4byte	0xa9
 978 05a0 0E       		.byte	0xe
 979 05a1 07       		.uleb128 0x7
 980 05a2 07030000 		.4byte	.LASF94
 981 05a6 0C       		.byte	0xc
 982 05a7 31       		.byte	0x31
 983 05a8 A9000000 		.4byte	0xa9
 984 05ac 0F       		.byte	0xf
 985 05ad 07       		.uleb128 0x7
 986 05ae E4000000 		.4byte	.LASF95
 987 05b2 0C       		.byte	0xc
 988 05b3 32       		.byte	0x32
 989 05b4 A9000000 		.4byte	0xa9
 990 05b8 10       		.byte	0x10
 991 05b9 07       		.uleb128 0x7
 992 05ba BD000000 		.4byte	.LASF96
 993 05be 0C       		.byte	0xc
 994 05bf 34       		.byte	0x34
 995 05c0 A9000000 		.4byte	0xa9
 996 05c4 11       		.byte	0x11
 997 05c5 07       		.uleb128 0x7
 998 05c6 F4000000 		.4byte	.LASF97
 999 05ca 0C       		.byte	0xc
 1000 05cb 35       		.byte	0x35
 1001 05cc A9000000 		.4byte	0xa9
 1002 05d0 12       		.byte	0x12
 1003 05d1 07       		.uleb128 0x7
 1004 05d2 3F020000 		.4byte	.LASF98
 1005 05d6 0C       		.byte	0xc
 1006 05d7 36       		.byte	0x36
 1007 05d8 A9000000 		.4byte	0xa9
 1008 05dc 13       		.byte	0x13
 1009 05dd 07       		.uleb128 0x7
 1010 05de D8030000 		.4byte	.LASF99
 1011 05e2 0C       		.byte	0xc
 1012 05e3 37       		.byte	0x37
 1013 05e4 A9000000 		.4byte	0xa9
 1014 05e8 14       		.byte	0x14
 1015 05e9 07       		.uleb128 0x7
 1016 05ea B7030000 		.4byte	.LASF100
 1017 05ee 0C       		.byte	0xc
 1018 05ef 39       		.byte	0x39
 1019 05f0 A9000000 		.4byte	0xa9
 1020 05f4 15       		.byte	0x15
 1021 05f5 00       		.byte	0
 1022 05f6 14       		.uleb128 0x14
 1023 05f7 03050000 		.4byte	0x503
 1024 05fb 06060000 		.4byte	0x606
 1025 05ff 15       		.uleb128 0x15
 1026 0600 53030000 		.4byte	0x353
ARM GAS  /tmp/ccL45xPJ.s 			page 19


 1027 0604 03       		.byte	0x3
 1028 0605 00       		.byte	0
 1029 0606 04       		.uleb128 0x4
 1030 0607 40010000 		.4byte	.LASF101
 1031 060b 0C       		.byte	0xc
 1032 060c 3A       		.byte	0x3a
 1033 060d 15050000 		.4byte	0x515
 1034 0611 13       		.uleb128 0x13
 1035 0612 06060000 		.4byte	0x606
 1036 0616 10       		.uleb128 0x10
 1037 0617 A5010000 		.4byte	.LASF102
 1038 061b 0C       		.byte	0xc
 1039 061c 77       		.byte	0x77
 1040 061d 11060000 		.4byte	0x611
 1041 0621 14       		.uleb128 0x14
 1042 0622 AB020000 		.4byte	0x2ab
 1043 0626 31060000 		.4byte	0x631
 1044 062a 15       		.uleb128 0x15
 1045 062b 53030000 		.4byte	0x353
 1046 062f 17       		.byte	0x17
 1047 0630 00       		.byte	0
 1048 0631 10       		.uleb128 0x10
 1049 0632 52010000 		.4byte	.LASF103
 1050 0636 0D       		.byte	0xd
 1051 0637 82       		.byte	0x82
 1052 0638 21060000 		.4byte	0x621
 1053 063c 16       		.uleb128 0x16
 1054 063d B4040000 		.4byte	.LASF112
 1055 0641 01       		.byte	0x1
 1056 0642 79       		.byte	0x79
 1057 0643 00000000 		.4byte	.LFB9
 1058 0647 14000000 		.4byte	.LFE9-.LFB9
 1059 064b 01       		.uleb128 0x1
 1060 064c 9C       		.byte	0x9c
 1061 064d BD060000 		.4byte	0x6bd
 1062 0651 17       		.uleb128 0x17
 1063 0652 747000   		.ascii	"tp\000"
 1064 0655 01       		.byte	0x1
 1065 0656 79       		.byte	0x79
 1066 0657 6D020000 		.4byte	0x26d
 1067 065b 00000000 		.4byte	.LLST4
 1068 065f 17       		.uleb128 0x17
 1069 0660 6D736700 		.ascii	"msg\000"
 1070 0664 01       		.byte	0x1
 1071 0665 79       		.byte	0x79
 1072 0666 1E010000 		.4byte	0x11e
 1073 066a 21000000 		.4byte	.LLST5
 1074 066e 18       		.uleb128 0x18
 1075 066f 02000000 		.4byte	.LBB23
 1076 0673 06000000 		.4byte	.LBE23-.LBB23
 1077 0677 89060000 		.4byte	0x689
 1078 067b 19       		.uleb128 0x19
 1079 067c 746D7000 		.ascii	"tmp\000"
 1080 0680 01       		.byte	0x1
 1081 0681 7B       		.byte	0x7b
 1082 0682 CA000000 		.4byte	0xca
 1083 0686 01       		.uleb128 0x1
ARM GAS  /tmp/ccL45xPJ.s 			page 20


 1084 0687 53       		.byte	0x53
 1085 0688 00       		.byte	0
 1086 0689 18       		.uleb128 0x18
 1087 068a 0C000000 		.4byte	.LBB24
 1088 068e 08000000 		.4byte	.LBE24-.LBB24
 1089 0692 A4060000 		.4byte	0x6a4
 1090 0696 19       		.uleb128 0x19
 1091 0697 746D7000 		.ascii	"tmp\000"
 1092 069b 01       		.byte	0x1
 1093 069c 7F       		.byte	0x7f
 1094 069d CA000000 		.4byte	0xca
 1095 06a1 01       		.uleb128 0x1
 1096 06a2 53       		.byte	0x53
 1097 06a3 00       		.byte	0
 1098 06a4 1A       		.uleb128 0x1a
 1099 06a5 0C000000 		.4byte	.LVL14
 1100 06a9 50080000 		.4byte	0x850
 1101 06ad 1B       		.uleb128 0x1b
 1102 06ae 01       		.uleb128 0x1
 1103 06af 50       		.byte	0x50
 1104 06b0 03       		.uleb128 0x3
 1105 06b1 F3       		.byte	0xf3
 1106 06b2 01       		.uleb128 0x1
 1107 06b3 50       		.byte	0x50
 1108 06b4 1B       		.uleb128 0x1b
 1109 06b5 01       		.uleb128 0x1
 1110 06b6 51       		.byte	0x51
 1111 06b7 03       		.uleb128 0x3
 1112 06b8 F3       		.byte	0xf3
 1113 06b9 01       		.uleb128 0x1
 1114 06ba 51       		.byte	0x51
 1115 06bb 00       		.byte	0
 1116 06bc 00       		.byte	0
 1117 06bd 1C       		.uleb128 0x1c
 1118 06be E4040000 		.4byte	.LASF104
 1119 06c2 01       		.byte	0x1
 1120 06c3 63       		.byte	0x63
 1121 06c4 6D020000 		.4byte	0x26d
 1122 06c8 00000000 		.4byte	.LFB8
 1123 06cc 3C000000 		.4byte	.LFE8-.LFB8
 1124 06d0 01       		.uleb128 0x1
 1125 06d1 9C       		.byte	0x9c
 1126 06d2 46070000 		.4byte	0x746
 1127 06d6 1D       		.uleb128 0x1d
 1128 06d7 747000   		.ascii	"tp\000"
 1129 06da 01       		.byte	0x1
 1130 06db 64       		.byte	0x64
 1131 06dc 6D020000 		.4byte	0x26d
 1132 06e0 18       		.uleb128 0x18
 1133 06e1 02000000 		.4byte	.LBB16
 1134 06e5 06000000 		.4byte	.LBE16-.LBB16
 1135 06e9 FB060000 		.4byte	0x6fb
 1136 06ed 19       		.uleb128 0x19
 1137 06ee 746D7000 		.ascii	"tmp\000"
 1138 06f2 01       		.byte	0x1
 1139 06f3 66       		.byte	0x66
 1140 06f4 CA000000 		.4byte	0xca
ARM GAS  /tmp/ccL45xPJ.s 			page 21


 1141 06f8 01       		.uleb128 0x1
 1142 06f9 53       		.byte	0x53
 1143 06fa 00       		.byte	0
 1144 06fb 1E       		.uleb128 0x1e
 1145 06fc 30000000 		.4byte	.Ldebug_ranges0+0x30
 1146 0700 12070000 		.4byte	0x712
 1147 0704 19       		.uleb128 0x19
 1148 0705 746D7000 		.ascii	"tmp\000"
 1149 0709 01       		.byte	0x1
 1150 070a 6B       		.byte	0x6b
 1151 070b CA000000 		.4byte	0xca
 1152 070f 01       		.uleb128 0x1
 1153 0710 53       		.byte	0x53
 1154 0711 00       		.byte	0
 1155 0712 1F       		.uleb128 0x1f
 1156 0713 02080000 		.4byte	0x802
 1157 0717 18000000 		.4byte	.LBB17
 1158 071b 18000000 		.4byte	.Ldebug_ranges0+0x18
 1159 071f 01       		.byte	0x1
 1160 0720 69       		.byte	0x69
 1161 0721 36070000 		.4byte	0x736
 1162 0725 20       		.uleb128 0x20
 1163 0726 12080000 		.4byte	0x812
 1164 072a 21       		.uleb128 0x21
 1165 072b 18000000 		.4byte	.Ldebug_ranges0+0x18
 1166 072f 22       		.uleb128 0x22
 1167 0730 1D080000 		.4byte	0x81d
 1168 0734 00       		.byte	0
 1169 0735 00       		.byte	0
 1170 0736 1A       		.uleb128 0x1a
 1171 0737 2E000000 		.4byte	.LVL12
 1172 073b 5B080000 		.4byte	0x85b
 1173 073f 1B       		.uleb128 0x1b
 1174 0740 01       		.uleb128 0x1
 1175 0741 50       		.byte	0x50
 1176 0742 01       		.uleb128 0x1
 1177 0743 3C       		.byte	0x3c
 1178 0744 00       		.byte	0
 1179 0745 00       		.byte	0
 1180 0746 1C       		.uleb128 0x1c
 1181 0747 24010000 		.4byte	.LASF105
 1182 074b 01       		.byte	0x1
 1183 074c 44       		.byte	0x44
 1184 074d 1E010000 		.4byte	0x11e
 1185 0751 00000000 		.4byte	.LFB7
 1186 0755 40000000 		.4byte	.LFE7-.LFB7
 1187 0759 01       		.uleb128 0x1
 1188 075a 9C       		.byte	0x9c
 1189 075b 02080000 		.4byte	0x802
 1190 075f 17       		.uleb128 0x17
 1191 0760 747000   		.ascii	"tp\000"
 1192 0763 01       		.byte	0x1
 1193 0764 44       		.byte	0x44
 1194 0765 6D020000 		.4byte	0x26d
 1195 0769 42000000 		.4byte	.LLST0
 1196 076d 17       		.uleb128 0x17
 1197 076e 6D736700 		.ascii	"msg\000"
ARM GAS  /tmp/ccL45xPJ.s 			page 22


 1198 0772 01       		.byte	0x1
 1199 0773 44       		.byte	0x44
 1200 0774 1E010000 		.4byte	0x11e
 1201 0778 7A000000 		.4byte	.LLST1
 1202 077c 19       		.uleb128 0x19
 1203 077d 63747000 		.ascii	"ctp\000"
 1204 0781 01       		.byte	0x1
 1205 0782 45       		.byte	0x45
 1206 0783 6D020000 		.4byte	0x26d
 1207 0787 01       		.uleb128 0x1
 1208 0788 54       		.byte	0x54
 1209 0789 18       		.uleb128 0x18
 1210 078a 06000000 		.4byte	.LBB10
 1211 078e 06000000 		.4byte	.LBE10-.LBB10
 1212 0792 A4070000 		.4byte	0x7a4
 1213 0796 19       		.uleb128 0x19
 1214 0797 746D7000 		.ascii	"tmp\000"
 1215 079b 01       		.byte	0x1
 1216 079c 49       		.byte	0x49
 1217 079d CA000000 		.4byte	0xca
 1218 07a1 01       		.uleb128 0x1
 1219 07a2 53       		.byte	0x53
 1220 07a3 00       		.byte	0
 1221 07a4 18       		.uleb128 0x18
 1222 07a5 2C000000 		.4byte	.LBB15
 1223 07a9 06000000 		.4byte	.LBE15-.LBB15
 1224 07ad BF070000 		.4byte	0x7bf
 1225 07b1 19       		.uleb128 0x19
 1226 07b2 746D7000 		.ascii	"tmp\000"
 1227 07b6 01       		.byte	0x1
 1228 07b7 51       		.byte	0x51
 1229 07b8 CA000000 		.4byte	0xca
 1230 07bc 01       		.uleb128 0x1
 1231 07bd 53       		.byte	0x53
 1232 07be 00       		.byte	0
 1233 07bf 1F       		.uleb128 0x1f
 1234 07c0 2E080000 		.4byte	0x82e
 1235 07c4 12000000 		.4byte	.LBB11
 1236 07c8 00000000 		.4byte	.Ldebug_ranges0+0
 1237 07cc 01       		.byte	0x1
 1238 07cd 4C       		.byte	0x4c
 1239 07ce E5070000 		.4byte	0x7e5
 1240 07d2 23       		.uleb128 0x23
 1241 07d3 44080000 		.4byte	0x844
 1242 07d7 BF000000 		.4byte	.LLST2
 1243 07db 23       		.uleb128 0x23
 1244 07dc 3A080000 		.4byte	0x83a
 1245 07e0 D2000000 		.4byte	.LLST3
 1246 07e4 00       		.byte	0
 1247 07e5 24       		.uleb128 0x24
 1248 07e6 2A000000 		.4byte	.LVL5
 1249 07ea 5B080000 		.4byte	0x85b
 1250 07ee F8070000 		.4byte	0x7f8
 1251 07f2 1B       		.uleb128 0x1b
 1252 07f3 01       		.uleb128 0x1
 1253 07f4 50       		.byte	0x50
 1254 07f5 01       		.uleb128 0x1
ARM GAS  /tmp/ccL45xPJ.s 			page 23


 1255 07f6 3A       		.byte	0x3a
 1256 07f7 00       		.byte	0
 1257 07f8 25       		.uleb128 0x25
 1258 07f9 38000000 		.4byte	.LVL8
 1259 07fd 66080000 		.4byte	0x866
 1260 0801 00       		.byte	0
 1261 0802 26       		.uleb128 0x26
 1262 0803 4B040000 		.4byte	.LASF113
 1263 0807 02       		.byte	0x2
 1264 0808 34       		.byte	0x34
 1265 0809 6D020000 		.4byte	0x26d
 1266 080d 03       		.byte	0x3
 1267 080e 28080000 		.4byte	0x828
 1268 0812 27       		.uleb128 0x27
 1269 0813 74717000 		.ascii	"tqp\000"
 1270 0817 02       		.byte	0x2
 1271 0818 34       		.byte	0x34
 1272 0819 28080000 		.4byte	0x828
 1273 081d 1D       		.uleb128 0x1d
 1274 081e 747000   		.ascii	"tp\000"
 1275 0821 02       		.byte	0x2
 1276 0822 35       		.byte	0x35
 1277 0823 6D020000 		.4byte	0x26d
 1278 0827 00       		.byte	0
 1279 0828 0A       		.uleb128 0xa
 1280 0829 04       		.byte	0x4
 1281 082a 73020000 		.4byte	0x273
 1282 082e 28       		.uleb128 0x28
 1283 082f 59000000 		.4byte	.LASF114
 1284 0833 02       		.byte	0x2
 1285 0834 2D       		.byte	0x2d
 1286 0835 03       		.byte	0x3
 1287 0836 50080000 		.4byte	0x850
 1288 083a 27       		.uleb128 0x27
 1289 083b 747000   		.ascii	"tp\000"
 1290 083e 02       		.byte	0x2
 1291 083f 2D       		.byte	0x2d
 1292 0840 6D020000 		.4byte	0x26d
 1293 0844 27       		.uleb128 0x27
 1294 0845 74717000 		.ascii	"tqp\000"
 1295 0849 02       		.byte	0x2
 1296 084a 2D       		.byte	0x2d
 1297 084b 28080000 		.4byte	0x828
 1298 084f 00       		.byte	0
 1299 0850 29       		.uleb128 0x29
 1300 0851 E0010000 		.4byte	.LASF106
 1301 0855 E0010000 		.4byte	.LASF106
 1302 0859 0A       		.byte	0xa
 1303 085a 92       		.byte	0x92
 1304 085b 29       		.uleb128 0x29
 1305 085c 03040000 		.4byte	.LASF107
 1306 0860 03040000 		.4byte	.LASF107
 1307 0864 0A       		.byte	0xa
 1308 0865 8C       		.byte	0x8c
 1309 0866 29       		.uleb128 0x29
 1310 0867 62040000 		.4byte	.LASF108
 1311 086b 62040000 		.4byte	.LASF108
ARM GAS  /tmp/ccL45xPJ.s 			page 24


 1312 086f 0A       		.byte	0xa
 1313 0870 89       		.byte	0x89
 1314 0871 00       		.byte	0
 1315              		.section	.debug_abbrev,"",%progbits
 1316              	.Ldebug_abbrev0:
 1317 0000 01       		.uleb128 0x1
 1318 0001 11       		.uleb128 0x11
 1319 0002 01       		.byte	0x1
 1320 0003 25       		.uleb128 0x25
 1321 0004 0E       		.uleb128 0xe
 1322 0005 13       		.uleb128 0x13
 1323 0006 0B       		.uleb128 0xb
 1324 0007 03       		.uleb128 0x3
 1325 0008 0E       		.uleb128 0xe
 1326 0009 1B       		.uleb128 0x1b
 1327 000a 0E       		.uleb128 0xe
 1328 000b 55       		.uleb128 0x55
 1329 000c 17       		.uleb128 0x17
 1330 000d 11       		.uleb128 0x11
 1331 000e 01       		.uleb128 0x1
 1332 000f 10       		.uleb128 0x10
 1333 0010 17       		.uleb128 0x17
 1334 0011 00       		.byte	0
 1335 0012 00       		.byte	0
 1336 0013 02       		.uleb128 0x2
 1337 0014 24       		.uleb128 0x24
 1338 0015 00       		.byte	0
 1339 0016 0B       		.uleb128 0xb
 1340 0017 0B       		.uleb128 0xb
 1341 0018 3E       		.uleb128 0x3e
 1342 0019 0B       		.uleb128 0xb
 1343 001a 03       		.uleb128 0x3
 1344 001b 08       		.uleb128 0x8
 1345 001c 00       		.byte	0
 1346 001d 00       		.byte	0
 1347 001e 03       		.uleb128 0x3
 1348 001f 24       		.uleb128 0x24
 1349 0020 00       		.byte	0
 1350 0021 0B       		.uleb128 0xb
 1351 0022 0B       		.uleb128 0xb
 1352 0023 3E       		.uleb128 0x3e
 1353 0024 0B       		.uleb128 0xb
 1354 0025 03       		.uleb128 0x3
 1355 0026 0E       		.uleb128 0xe
 1356 0027 00       		.byte	0
 1357 0028 00       		.byte	0
 1358 0029 04       		.uleb128 0x4
 1359 002a 16       		.uleb128 0x16
 1360 002b 00       		.byte	0
 1361 002c 03       		.uleb128 0x3
 1362 002d 0E       		.uleb128 0xe
 1363 002e 3A       		.uleb128 0x3a
 1364 002f 0B       		.uleb128 0xb
 1365 0030 3B       		.uleb128 0x3b
 1366 0031 0B       		.uleb128 0xb
 1367 0032 49       		.uleb128 0x49
 1368 0033 13       		.uleb128 0x13
ARM GAS  /tmp/ccL45xPJ.s 			page 25


 1369 0034 00       		.byte	0
 1370 0035 00       		.byte	0
 1371 0036 05       		.uleb128 0x5
 1372 0037 35       		.uleb128 0x35
 1373 0038 00       		.byte	0
 1374 0039 49       		.uleb128 0x49
 1375 003a 13       		.uleb128 0x13
 1376 003b 00       		.byte	0
 1377 003c 00       		.byte	0
 1378 003d 06       		.uleb128 0x6
 1379 003e 13       		.uleb128 0x13
 1380 003f 01       		.byte	0x1
 1381 0040 03       		.uleb128 0x3
 1382 0041 0E       		.uleb128 0xe
 1383 0042 0B       		.uleb128 0xb
 1384 0043 0B       		.uleb128 0xb
 1385 0044 3A       		.uleb128 0x3a
 1386 0045 0B       		.uleb128 0xb
 1387 0046 3B       		.uleb128 0x3b
 1388 0047 0B       		.uleb128 0xb
 1389 0048 01       		.uleb128 0x1
 1390 0049 13       		.uleb128 0x13
 1391 004a 00       		.byte	0
 1392 004b 00       		.byte	0
 1393 004c 07       		.uleb128 0x7
 1394 004d 0D       		.uleb128 0xd
 1395 004e 00       		.byte	0
 1396 004f 03       		.uleb128 0x3
 1397 0050 0E       		.uleb128 0xe
 1398 0051 3A       		.uleb128 0x3a
 1399 0052 0B       		.uleb128 0xb
 1400 0053 3B       		.uleb128 0x3b
 1401 0054 0B       		.uleb128 0xb
 1402 0055 49       		.uleb128 0x49
 1403 0056 13       		.uleb128 0x13
 1404 0057 38       		.uleb128 0x38
 1405 0058 0B       		.uleb128 0xb
 1406 0059 00       		.byte	0
 1407 005a 00       		.byte	0
 1408 005b 08       		.uleb128 0x8
 1409 005c 0D       		.uleb128 0xd
 1410 005d 00       		.byte	0
 1411 005e 03       		.uleb128 0x3
 1412 005f 08       		.uleb128 0x8
 1413 0060 3A       		.uleb128 0x3a
 1414 0061 0B       		.uleb128 0xb
 1415 0062 3B       		.uleb128 0x3b
 1416 0063 0B       		.uleb128 0xb
 1417 0064 49       		.uleb128 0x49
 1418 0065 13       		.uleb128 0x13
 1419 0066 38       		.uleb128 0x38
 1420 0067 0B       		.uleb128 0xb
 1421 0068 00       		.byte	0
 1422 0069 00       		.byte	0
 1423 006a 09       		.uleb128 0x9
 1424 006b 13       		.uleb128 0x13
 1425 006c 01       		.byte	0x1
ARM GAS  /tmp/ccL45xPJ.s 			page 26


 1426 006d 0B       		.uleb128 0xb
 1427 006e 0B       		.uleb128 0xb
 1428 006f 3A       		.uleb128 0x3a
 1429 0070 0B       		.uleb128 0xb
 1430 0071 3B       		.uleb128 0x3b
 1431 0072 0B       		.uleb128 0xb
 1432 0073 01       		.uleb128 0x1
 1433 0074 13       		.uleb128 0x13
 1434 0075 00       		.byte	0
 1435 0076 00       		.byte	0
 1436 0077 0A       		.uleb128 0xa
 1437 0078 0F       		.uleb128 0xf
 1438 0079 00       		.byte	0
 1439 007a 0B       		.uleb128 0xb
 1440 007b 0B       		.uleb128 0xb
 1441 007c 49       		.uleb128 0x49
 1442 007d 13       		.uleb128 0x13
 1443 007e 00       		.byte	0
 1444 007f 00       		.byte	0
 1445 0080 0B       		.uleb128 0xb
 1446 0081 0F       		.uleb128 0xf
 1447 0082 00       		.byte	0
 1448 0083 0B       		.uleb128 0xb
 1449 0084 0B       		.uleb128 0xb
 1450 0085 00       		.byte	0
 1451 0086 00       		.byte	0
 1452 0087 0C       		.uleb128 0xc
 1453 0088 13       		.uleb128 0x13
 1454 0089 01       		.byte	0x1
 1455 008a 03       		.uleb128 0x3
 1456 008b 0E       		.uleb128 0xe
 1457 008c 0B       		.uleb128 0xb
 1458 008d 0B       		.uleb128 0xb
 1459 008e 3A       		.uleb128 0x3a
 1460 008f 0B       		.uleb128 0xb
 1461 0090 3B       		.uleb128 0x3b
 1462 0091 05       		.uleb128 0x5
 1463 0092 01       		.uleb128 0x1
 1464 0093 13       		.uleb128 0x13
 1465 0094 00       		.byte	0
 1466 0095 00       		.byte	0
 1467 0096 0D       		.uleb128 0xd
 1468 0097 0D       		.uleb128 0xd
 1469 0098 00       		.byte	0
 1470 0099 03       		.uleb128 0x3
 1471 009a 08       		.uleb128 0x8
 1472 009b 3A       		.uleb128 0x3a
 1473 009c 0B       		.uleb128 0xb
 1474 009d 3B       		.uleb128 0x3b
 1475 009e 05       		.uleb128 0x5
 1476 009f 49       		.uleb128 0x49
 1477 00a0 13       		.uleb128 0x13
 1478 00a1 38       		.uleb128 0x38
 1479 00a2 0B       		.uleb128 0xb
 1480 00a3 00       		.byte	0
 1481 00a4 00       		.byte	0
 1482 00a5 0E       		.uleb128 0xe
ARM GAS  /tmp/ccL45xPJ.s 			page 27


 1483 00a6 15       		.uleb128 0x15
 1484 00a7 01       		.byte	0x1
 1485 00a8 27       		.uleb128 0x27
 1486 00a9 19       		.uleb128 0x19
 1487 00aa 01       		.uleb128 0x1
 1488 00ab 13       		.uleb128 0x13
 1489 00ac 00       		.byte	0
 1490 00ad 00       		.byte	0
 1491 00ae 0F       		.uleb128 0xf
 1492 00af 05       		.uleb128 0x5
 1493 00b0 00       		.byte	0
 1494 00b1 49       		.uleb128 0x49
 1495 00b2 13       		.uleb128 0x13
 1496 00b3 00       		.byte	0
 1497 00b4 00       		.byte	0
 1498 00b5 10       		.uleb128 0x10
 1499 00b6 34       		.uleb128 0x34
 1500 00b7 00       		.byte	0
 1501 00b8 03       		.uleb128 0x3
 1502 00b9 0E       		.uleb128 0xe
 1503 00ba 3A       		.uleb128 0x3a
 1504 00bb 0B       		.uleb128 0xb
 1505 00bc 3B       		.uleb128 0x3b
 1506 00bd 0B       		.uleb128 0xb
 1507 00be 49       		.uleb128 0x49
 1508 00bf 13       		.uleb128 0x13
 1509 00c0 3F       		.uleb128 0x3f
 1510 00c1 19       		.uleb128 0x19
 1511 00c2 3C       		.uleb128 0x3c
 1512 00c3 19       		.uleb128 0x19
 1513 00c4 00       		.byte	0
 1514 00c5 00       		.byte	0
 1515 00c6 11       		.uleb128 0x11
 1516 00c7 17       		.uleb128 0x17
 1517 00c8 01       		.byte	0x1
 1518 00c9 0B       		.uleb128 0xb
 1519 00ca 0B       		.uleb128 0xb
 1520 00cb 3A       		.uleb128 0x3a
 1521 00cc 0B       		.uleb128 0xb
 1522 00cd 3B       		.uleb128 0x3b
 1523 00ce 0B       		.uleb128 0xb
 1524 00cf 01       		.uleb128 0x1
 1525 00d0 13       		.uleb128 0x13
 1526 00d1 00       		.byte	0
 1527 00d2 00       		.byte	0
 1528 00d3 12       		.uleb128 0x12
 1529 00d4 0D       		.uleb128 0xd
 1530 00d5 00       		.byte	0
 1531 00d6 03       		.uleb128 0x3
 1532 00d7 0E       		.uleb128 0xe
 1533 00d8 3A       		.uleb128 0x3a
 1534 00d9 0B       		.uleb128 0xb
 1535 00da 3B       		.uleb128 0x3b
 1536 00db 0B       		.uleb128 0xb
 1537 00dc 49       		.uleb128 0x49
 1538 00dd 13       		.uleb128 0x13
 1539 00de 00       		.byte	0
ARM GAS  /tmp/ccL45xPJ.s 			page 28


 1540 00df 00       		.byte	0
 1541 00e0 13       		.uleb128 0x13
 1542 00e1 26       		.uleb128 0x26
 1543 00e2 00       		.byte	0
 1544 00e3 49       		.uleb128 0x49
 1545 00e4 13       		.uleb128 0x13
 1546 00e5 00       		.byte	0
 1547 00e6 00       		.byte	0
 1548 00e7 14       		.uleb128 0x14
 1549 00e8 01       		.uleb128 0x1
 1550 00e9 01       		.byte	0x1
 1551 00ea 49       		.uleb128 0x49
 1552 00eb 13       		.uleb128 0x13
 1553 00ec 01       		.uleb128 0x1
 1554 00ed 13       		.uleb128 0x13
 1555 00ee 00       		.byte	0
 1556 00ef 00       		.byte	0
 1557 00f0 15       		.uleb128 0x15
 1558 00f1 21       		.uleb128 0x21
 1559 00f2 00       		.byte	0
 1560 00f3 49       		.uleb128 0x49
 1561 00f4 13       		.uleb128 0x13
 1562 00f5 2F       		.uleb128 0x2f
 1563 00f6 0B       		.uleb128 0xb
 1564 00f7 00       		.byte	0
 1565 00f8 00       		.byte	0
 1566 00f9 16       		.uleb128 0x16
 1567 00fa 2E       		.uleb128 0x2e
 1568 00fb 01       		.byte	0x1
 1569 00fc 3F       		.uleb128 0x3f
 1570 00fd 19       		.uleb128 0x19
 1571 00fe 03       		.uleb128 0x3
 1572 00ff 0E       		.uleb128 0xe
 1573 0100 3A       		.uleb128 0x3a
 1574 0101 0B       		.uleb128 0xb
 1575 0102 3B       		.uleb128 0x3b
 1576 0103 0B       		.uleb128 0xb
 1577 0104 27       		.uleb128 0x27
 1578 0105 19       		.uleb128 0x19
 1579 0106 11       		.uleb128 0x11
 1580 0107 01       		.uleb128 0x1
 1581 0108 12       		.uleb128 0x12
 1582 0109 06       		.uleb128 0x6
 1583 010a 40       		.uleb128 0x40
 1584 010b 18       		.uleb128 0x18
 1585 010c 9742     		.uleb128 0x2117
 1586 010e 19       		.uleb128 0x19
 1587 010f 01       		.uleb128 0x1
 1588 0110 13       		.uleb128 0x13
 1589 0111 00       		.byte	0
 1590 0112 00       		.byte	0
 1591 0113 17       		.uleb128 0x17
 1592 0114 05       		.uleb128 0x5
 1593 0115 00       		.byte	0
 1594 0116 03       		.uleb128 0x3
 1595 0117 08       		.uleb128 0x8
 1596 0118 3A       		.uleb128 0x3a
ARM GAS  /tmp/ccL45xPJ.s 			page 29


 1597 0119 0B       		.uleb128 0xb
 1598 011a 3B       		.uleb128 0x3b
 1599 011b 0B       		.uleb128 0xb
 1600 011c 49       		.uleb128 0x49
 1601 011d 13       		.uleb128 0x13
 1602 011e 02       		.uleb128 0x2
 1603 011f 17       		.uleb128 0x17
 1604 0120 00       		.byte	0
 1605 0121 00       		.byte	0
 1606 0122 18       		.uleb128 0x18
 1607 0123 0B       		.uleb128 0xb
 1608 0124 01       		.byte	0x1
 1609 0125 11       		.uleb128 0x11
 1610 0126 01       		.uleb128 0x1
 1611 0127 12       		.uleb128 0x12
 1612 0128 06       		.uleb128 0x6
 1613 0129 01       		.uleb128 0x1
 1614 012a 13       		.uleb128 0x13
 1615 012b 00       		.byte	0
 1616 012c 00       		.byte	0
 1617 012d 19       		.uleb128 0x19
 1618 012e 34       		.uleb128 0x34
 1619 012f 00       		.byte	0
 1620 0130 03       		.uleb128 0x3
 1621 0131 08       		.uleb128 0x8
 1622 0132 3A       		.uleb128 0x3a
 1623 0133 0B       		.uleb128 0xb
 1624 0134 3B       		.uleb128 0x3b
 1625 0135 0B       		.uleb128 0xb
 1626 0136 49       		.uleb128 0x49
 1627 0137 13       		.uleb128 0x13
 1628 0138 02       		.uleb128 0x2
 1629 0139 18       		.uleb128 0x18
 1630 013a 00       		.byte	0
 1631 013b 00       		.byte	0
 1632 013c 1A       		.uleb128 0x1a
 1633 013d 898201   		.uleb128 0x4109
 1634 0140 01       		.byte	0x1
 1635 0141 11       		.uleb128 0x11
 1636 0142 01       		.uleb128 0x1
 1637 0143 31       		.uleb128 0x31
 1638 0144 13       		.uleb128 0x13
 1639 0145 00       		.byte	0
 1640 0146 00       		.byte	0
 1641 0147 1B       		.uleb128 0x1b
 1642 0148 8A8201   		.uleb128 0x410a
 1643 014b 00       		.byte	0
 1644 014c 02       		.uleb128 0x2
 1645 014d 18       		.uleb128 0x18
 1646 014e 9142     		.uleb128 0x2111
 1647 0150 18       		.uleb128 0x18
 1648 0151 00       		.byte	0
 1649 0152 00       		.byte	0
 1650 0153 1C       		.uleb128 0x1c
 1651 0154 2E       		.uleb128 0x2e
 1652 0155 01       		.byte	0x1
 1653 0156 3F       		.uleb128 0x3f
ARM GAS  /tmp/ccL45xPJ.s 			page 30


 1654 0157 19       		.uleb128 0x19
 1655 0158 03       		.uleb128 0x3
 1656 0159 0E       		.uleb128 0xe
 1657 015a 3A       		.uleb128 0x3a
 1658 015b 0B       		.uleb128 0xb
 1659 015c 3B       		.uleb128 0x3b
 1660 015d 0B       		.uleb128 0xb
 1661 015e 27       		.uleb128 0x27
 1662 015f 19       		.uleb128 0x19
 1663 0160 49       		.uleb128 0x49
 1664 0161 13       		.uleb128 0x13
 1665 0162 11       		.uleb128 0x11
 1666 0163 01       		.uleb128 0x1
 1667 0164 12       		.uleb128 0x12
 1668 0165 06       		.uleb128 0x6
 1669 0166 40       		.uleb128 0x40
 1670 0167 18       		.uleb128 0x18
 1671 0168 9742     		.uleb128 0x2117
 1672 016a 19       		.uleb128 0x19
 1673 016b 01       		.uleb128 0x1
 1674 016c 13       		.uleb128 0x13
 1675 016d 00       		.byte	0
 1676 016e 00       		.byte	0
 1677 016f 1D       		.uleb128 0x1d
 1678 0170 34       		.uleb128 0x34
 1679 0171 00       		.byte	0
 1680 0172 03       		.uleb128 0x3
 1681 0173 08       		.uleb128 0x8
 1682 0174 3A       		.uleb128 0x3a
 1683 0175 0B       		.uleb128 0xb
 1684 0176 3B       		.uleb128 0x3b
 1685 0177 0B       		.uleb128 0xb
 1686 0178 49       		.uleb128 0x49
 1687 0179 13       		.uleb128 0x13
 1688 017a 00       		.byte	0
 1689 017b 00       		.byte	0
 1690 017c 1E       		.uleb128 0x1e
 1691 017d 0B       		.uleb128 0xb
 1692 017e 01       		.byte	0x1
 1693 017f 55       		.uleb128 0x55
 1694 0180 17       		.uleb128 0x17
 1695 0181 01       		.uleb128 0x1
 1696 0182 13       		.uleb128 0x13
 1697 0183 00       		.byte	0
 1698 0184 00       		.byte	0
 1699 0185 1F       		.uleb128 0x1f
 1700 0186 1D       		.uleb128 0x1d
 1701 0187 01       		.byte	0x1
 1702 0188 31       		.uleb128 0x31
 1703 0189 13       		.uleb128 0x13
 1704 018a 52       		.uleb128 0x52
 1705 018b 01       		.uleb128 0x1
 1706 018c 55       		.uleb128 0x55
 1707 018d 17       		.uleb128 0x17
 1708 018e 58       		.uleb128 0x58
 1709 018f 0B       		.uleb128 0xb
 1710 0190 59       		.uleb128 0x59
ARM GAS  /tmp/ccL45xPJ.s 			page 31


 1711 0191 0B       		.uleb128 0xb
 1712 0192 01       		.uleb128 0x1
 1713 0193 13       		.uleb128 0x13
 1714 0194 00       		.byte	0
 1715 0195 00       		.byte	0
 1716 0196 20       		.uleb128 0x20
 1717 0197 05       		.uleb128 0x5
 1718 0198 00       		.byte	0
 1719 0199 31       		.uleb128 0x31
 1720 019a 13       		.uleb128 0x13
 1721 019b 00       		.byte	0
 1722 019c 00       		.byte	0
 1723 019d 21       		.uleb128 0x21
 1724 019e 0B       		.uleb128 0xb
 1725 019f 01       		.byte	0x1
 1726 01a0 55       		.uleb128 0x55
 1727 01a1 17       		.uleb128 0x17
 1728 01a2 00       		.byte	0
 1729 01a3 00       		.byte	0
 1730 01a4 22       		.uleb128 0x22
 1731 01a5 34       		.uleb128 0x34
 1732 01a6 00       		.byte	0
 1733 01a7 31       		.uleb128 0x31
 1734 01a8 13       		.uleb128 0x13
 1735 01a9 00       		.byte	0
 1736 01aa 00       		.byte	0
 1737 01ab 23       		.uleb128 0x23
 1738 01ac 05       		.uleb128 0x5
 1739 01ad 00       		.byte	0
 1740 01ae 31       		.uleb128 0x31
 1741 01af 13       		.uleb128 0x13
 1742 01b0 02       		.uleb128 0x2
 1743 01b1 17       		.uleb128 0x17
 1744 01b2 00       		.byte	0
 1745 01b3 00       		.byte	0
 1746 01b4 24       		.uleb128 0x24
 1747 01b5 898201   		.uleb128 0x4109
 1748 01b8 01       		.byte	0x1
 1749 01b9 11       		.uleb128 0x11
 1750 01ba 01       		.uleb128 0x1
 1751 01bb 31       		.uleb128 0x31
 1752 01bc 13       		.uleb128 0x13
 1753 01bd 01       		.uleb128 0x1
 1754 01be 13       		.uleb128 0x13
 1755 01bf 00       		.byte	0
 1756 01c0 00       		.byte	0
 1757 01c1 25       		.uleb128 0x25
 1758 01c2 898201   		.uleb128 0x4109
 1759 01c5 00       		.byte	0
 1760 01c6 11       		.uleb128 0x11
 1761 01c7 01       		.uleb128 0x1
 1762 01c8 31       		.uleb128 0x31
 1763 01c9 13       		.uleb128 0x13
 1764 01ca 00       		.byte	0
 1765 01cb 00       		.byte	0
 1766 01cc 26       		.uleb128 0x26
 1767 01cd 2E       		.uleb128 0x2e
ARM GAS  /tmp/ccL45xPJ.s 			page 32


 1768 01ce 01       		.byte	0x1
 1769 01cf 03       		.uleb128 0x3
 1770 01d0 0E       		.uleb128 0xe
 1771 01d1 3A       		.uleb128 0x3a
 1772 01d2 0B       		.uleb128 0xb
 1773 01d3 3B       		.uleb128 0x3b
 1774 01d4 0B       		.uleb128 0xb
 1775 01d5 27       		.uleb128 0x27
 1776 01d6 19       		.uleb128 0x19
 1777 01d7 49       		.uleb128 0x49
 1778 01d8 13       		.uleb128 0x13
 1779 01d9 20       		.uleb128 0x20
 1780 01da 0B       		.uleb128 0xb
 1781 01db 01       		.uleb128 0x1
 1782 01dc 13       		.uleb128 0x13
 1783 01dd 00       		.byte	0
 1784 01de 00       		.byte	0
 1785 01df 27       		.uleb128 0x27
 1786 01e0 05       		.uleb128 0x5
 1787 01e1 00       		.byte	0
 1788 01e2 03       		.uleb128 0x3
 1789 01e3 08       		.uleb128 0x8
 1790 01e4 3A       		.uleb128 0x3a
 1791 01e5 0B       		.uleb128 0xb
 1792 01e6 3B       		.uleb128 0x3b
 1793 01e7 0B       		.uleb128 0xb
 1794 01e8 49       		.uleb128 0x49
 1795 01e9 13       		.uleb128 0x13
 1796 01ea 00       		.byte	0
 1797 01eb 00       		.byte	0
 1798 01ec 28       		.uleb128 0x28
 1799 01ed 2E       		.uleb128 0x2e
 1800 01ee 01       		.byte	0x1
 1801 01ef 03       		.uleb128 0x3
 1802 01f0 0E       		.uleb128 0xe
 1803 01f1 3A       		.uleb128 0x3a
 1804 01f2 0B       		.uleb128 0xb
 1805 01f3 3B       		.uleb128 0x3b
 1806 01f4 0B       		.uleb128 0xb
 1807 01f5 27       		.uleb128 0x27
 1808 01f6 19       		.uleb128 0x19
 1809 01f7 20       		.uleb128 0x20
 1810 01f8 0B       		.uleb128 0xb
 1811 01f9 01       		.uleb128 0x1
 1812 01fa 13       		.uleb128 0x13
 1813 01fb 00       		.byte	0
 1814 01fc 00       		.byte	0
 1815 01fd 29       		.uleb128 0x29
 1816 01fe 2E       		.uleb128 0x2e
 1817 01ff 00       		.byte	0
 1818 0200 3F       		.uleb128 0x3f
 1819 0201 19       		.uleb128 0x19
 1820 0202 3C       		.uleb128 0x3c
 1821 0203 19       		.uleb128 0x19
 1822 0204 6E       		.uleb128 0x6e
 1823 0205 0E       		.uleb128 0xe
 1824 0206 03       		.uleb128 0x3
ARM GAS  /tmp/ccL45xPJ.s 			page 33


 1825 0207 0E       		.uleb128 0xe
 1826 0208 3A       		.uleb128 0x3a
 1827 0209 0B       		.uleb128 0xb
 1828 020a 3B       		.uleb128 0x3b
 1829 020b 0B       		.uleb128 0xb
 1830 020c 00       		.byte	0
 1831 020d 00       		.byte	0
 1832 020e 00       		.byte	0
 1833              		.section	.debug_loc,"",%progbits
 1834              	.Ldebug_loc0:
 1835              	.LLST4:
 1836 0000 00000000 		.4byte	.LVL13
 1837 0004 0B000000 		.4byte	.LVL14-1
 1838 0008 0100     		.2byte	0x1
 1839 000a 50       		.byte	0x50
 1840 000b 0B000000 		.4byte	.LVL14-1
 1841 000f 14000000 		.4byte	.LFE9
 1842 0013 0400     		.2byte	0x4
 1843 0015 F3       		.byte	0xf3
 1844 0016 01       		.uleb128 0x1
 1845 0017 50       		.byte	0x50
 1846 0018 9F       		.byte	0x9f
 1847 0019 00000000 		.4byte	0
 1848 001d 00000000 		.4byte	0
 1849              	.LLST5:
 1850 0021 00000000 		.4byte	.LVL13
 1851 0025 0B000000 		.4byte	.LVL14-1
 1852 0029 0100     		.2byte	0x1
 1853 002b 51       		.byte	0x51
 1854 002c 0B000000 		.4byte	.LVL14-1
 1855 0030 14000000 		.4byte	.LFE9
 1856 0034 0400     		.2byte	0x4
 1857 0036 F3       		.byte	0xf3
 1858 0037 01       		.uleb128 0x1
 1859 0038 51       		.byte	0x51
 1860 0039 9F       		.byte	0x9f
 1861 003a 00000000 		.4byte	0
 1862 003e 00000000 		.4byte	0
 1863              	.LLST0:
 1864 0042 00000000 		.4byte	.LVL0
 1865 0046 24000000 		.4byte	.LVL4
 1866 004a 0100     		.2byte	0x1
 1867 004c 50       		.byte	0x50
 1868 004d 24000000 		.4byte	.LVL4
 1869 0051 34000000 		.4byte	.LVL7
 1870 0055 0300     		.2byte	0x3
 1871 0057 75       		.byte	0x75
 1872 0058 54       		.sleb128 -44
 1873 0059 9F       		.byte	0x9f
 1874 005a 34000000 		.4byte	.LVL7
 1875 005e 37000000 		.4byte	.LVL8-1
 1876 0062 0100     		.2byte	0x1
 1877 0064 50       		.byte	0x50
 1878 0065 37000000 		.4byte	.LVL8-1
 1879 0069 40000000 		.4byte	.LFE7
 1880 006d 0300     		.2byte	0x3
 1881 006f 75       		.byte	0x75
ARM GAS  /tmp/ccL45xPJ.s 			page 34


 1882 0070 54       		.sleb128 -44
 1883 0071 9F       		.byte	0x9f
 1884 0072 00000000 		.4byte	0
 1885 0076 00000000 		.4byte	0
 1886              	.LLST1:
 1887 007a 00000000 		.4byte	.LVL0
 1888 007e 24000000 		.4byte	.LVL4
 1889 0082 0100     		.2byte	0x1
 1890 0084 51       		.byte	0x51
 1891 0085 24000000 		.4byte	.LVL4
 1892 0089 2C000000 		.4byte	.LVL6
 1893 008d 0400     		.2byte	0x4
 1894 008f F3       		.byte	0xf3
 1895 0090 01       		.uleb128 0x1
 1896 0091 51       		.byte	0x51
 1897 0092 9F       		.byte	0x9f
 1898 0093 2C000000 		.4byte	.LVL6
 1899 0097 34000000 		.4byte	.LVL7
 1900 009b 0100     		.2byte	0x1
 1901 009d 50       		.byte	0x50
 1902 009e 34000000 		.4byte	.LVL7
 1903 00a2 37000000 		.4byte	.LVL8-1
 1904 00a6 0100     		.2byte	0x1
 1905 00a8 51       		.byte	0x51
 1906 00a9 37000000 		.4byte	.LVL8-1
 1907 00ad 40000000 		.4byte	.LFE7
 1908 00b1 0400     		.2byte	0x4
 1909 00b3 F3       		.byte	0xf3
 1910 00b4 01       		.uleb128 0x1
 1911 00b5 51       		.byte	0x51
 1912 00b6 9F       		.byte	0x9f
 1913 00b7 00000000 		.4byte	0
 1914 00bb 00000000 		.4byte	0
 1915              	.LLST2:
 1916 00bf 12000000 		.4byte	.LVL2
 1917 00c3 1E000000 		.4byte	.LVL3
 1918 00c7 0100     		.2byte	0x1
 1919 00c9 55       		.byte	0x55
 1920 00ca 00000000 		.4byte	0
 1921 00ce 00000000 		.4byte	0
 1922              	.LLST3:
 1923 00d2 12000000 		.4byte	.LVL2
 1924 00d6 1E000000 		.4byte	.LVL3
 1925 00da 0100     		.2byte	0x1
 1926 00dc 54       		.byte	0x54
 1927 00dd 00000000 		.4byte	0
 1928 00e1 00000000 		.4byte	0
 1929              		.section	.debug_aranges,"",%progbits
 1930 0000 2C000000 		.4byte	0x2c
 1931 0004 0200     		.2byte	0x2
 1932 0006 00000000 		.4byte	.Ldebug_info0
 1933 000a 04       		.byte	0x4
 1934 000b 00       		.byte	0
 1935 000c 0000     		.2byte	0
 1936 000e 0000     		.2byte	0
 1937 0010 00000000 		.4byte	.LFB7
 1938 0014 40000000 		.4byte	.LFE7-.LFB7
ARM GAS  /tmp/ccL45xPJ.s 			page 35


 1939 0018 00000000 		.4byte	.LFB8
 1940 001c 3C000000 		.4byte	.LFE8-.LFB8
 1941 0020 00000000 		.4byte	.LFB9
 1942 0024 14000000 		.4byte	.LFE9-.LFB9
 1943 0028 00000000 		.4byte	0
 1944 002c 00000000 		.4byte	0
 1945              		.section	.debug_ranges,"",%progbits
 1946              	.Ldebug_ranges0:
 1947 0000 12000000 		.4byte	.LBB11
 1948 0004 14000000 		.4byte	.LBE11
 1949 0008 16000000 		.4byte	.LBB14
 1950 000c 1E000000 		.4byte	.LBE14
 1951 0010 00000000 		.4byte	0
 1952 0014 00000000 		.4byte	0
 1953 0018 18000000 		.4byte	.LBB17
 1954 001c 1A000000 		.4byte	.LBE17
 1955 0020 1C000000 		.4byte	.LBB21
 1956 0024 20000000 		.4byte	.LBE21
 1957 0028 00000000 		.4byte	0
 1958 002c 00000000 		.4byte	0
 1959 0030 1A000000 		.4byte	.LBB20
 1960 0034 1C000000 		.4byte	.LBE20
 1961 0038 22000000 		.4byte	.LBB22
 1962 003c 26000000 		.4byte	.LBE22
 1963 0040 00000000 		.4byte	0
 1964 0044 00000000 		.4byte	0
 1965 0048 00000000 		.4byte	.LFB7
 1966 004c 40000000 		.4byte	.LFE7
 1967 0050 00000000 		.4byte	.LFB8
 1968 0054 3C000000 		.4byte	.LFE8
 1969 0058 00000000 		.4byte	.LFB9
 1970 005c 14000000 		.4byte	.LFE9
 1971 0060 00000000 		.4byte	0
 1972 0064 00000000 		.4byte	0
 1973              		.section	.debug_line,"",%progbits
 1974              	.Ldebug_line0:
 1975 0000 AA010000 		.section	.debug_str,"MS",%progbits,1
 1975      02003901 
 1975      00000201 
 1975      FB0E0D00 
 1975      01010101 
 1976              	.LASF93:
 1977 0000 63665F6F 		.ascii	"cf_off_older\000"
 1977      66665F6F 
 1977      6C646572 
 1977      00
 1978              	.LASF111:
 1979 000d 2F686F6D 		.ascii	"/home/ekobayu/Arok-Gandring-Lokajaya/LPC/ChibiOS-RT"
 1979      652F656B 
 1979      6F626179 
 1979      752F4172 
 1979      6F6B2D47 
 1980 0040 2D4C5043 		.ascii	"-LPC/demos/LPC1766\000"
 1980      2F64656D 
 1980      6F732F4C 
 1980      50433137 
 1980      363600
ARM GAS  /tmp/ccL45xPJ.s 			page 36


 1981              	.LASF44:
 1982 0053 705F6D73 		.ascii	"p_msg\000"
 1982      6700
 1983              	.LASF114:
 1984 0059 71756575 		.ascii	"queue_insert\000"
 1984      655F696E 
 1984      73657274 
 1984      00
 1985              	.LASF61:
 1986 0066 76745F66 		.ascii	"vt_func\000"
 1986      756E6300 
 1987              	.LASF19:
 1988 006e 75696E74 		.ascii	"uint64_t\000"
 1988      36345F74 
 1988      00
 1989              	.LASF6:
 1990 0077 5F5F7569 		.ascii	"__uint8_t\000"
 1990      6E74385F 
 1990      7400
 1991              	.LASF72:
 1992 0081 76746C69 		.ascii	"vtlist\000"
 1992      737400
 1993              	.LASF14:
 1994 0088 6C6F6E67 		.ascii	"long long unsigned int\000"
 1994      206C6F6E 
 1994      6720756E 
 1994      7369676E 
 1994      65642069 
 1995              	.LASF89:
 1996 009f 63685F74 		.ascii	"ch_threadsize\000"
 1996      68726561 
 1996      6473697A 
 1996      6500
 1997              	.LASF79:
 1998 00ad 65786974 		.ascii	"exitcode\000"
 1998      636F6465 
 1998      00
 1999              	.LASF32:
 2000 00b6 705F7072 		.ascii	"p_prio\000"
 2000      696F00
 2001              	.LASF96:
 2002 00bd 63665F6F 		.ascii	"cf_off_state\000"
 2002      66665F73 
 2002      74617465 
 2002      00
 2003              	.LASF1:
 2004 00ca 6C6F6E67 		.ascii	"long long int\000"
 2004      206C6F6E 
 2004      6720696E 
 2004      7400
 2005              	.LASF3:
 2006 00d8 7369676E 		.ascii	"signed char\000"
 2006      65642063 
 2006      68617200 
 2007              	.LASF95:
 2008 00e4 63665F6F 		.ascii	"cf_off_stklimit\000"
 2008      66665F73 
ARM GAS  /tmp/ccL45xPJ.s 			page 37


 2008      746B6C69 
 2008      6D697400 
 2009              	.LASF97:
 2010 00f4 63665F6F 		.ascii	"cf_off_flags\000"
 2010      66665F66 
 2010      6C616773 
 2010      00
 2011              	.LASF48:
 2012 0101 705F6D70 		.ascii	"p_mpool\000"
 2012      6F6F6C00 
 2013              	.LASF75:
 2014 0109 6D5F7175 		.ascii	"m_queue\000"
 2014      65756500 
 2015              	.LASF24:
 2016 0111 74736C69 		.ascii	"tslices_t\000"
 2016      6365735F 
 2016      7400
 2017              	.LASF10:
 2018 011b 6C6F6E67 		.ascii	"long int\000"
 2018      20696E74 
 2018      00
 2019              	.LASF105:
 2020 0124 63684D73 		.ascii	"chMsgSend\000"
 2020      6753656E 
 2020      6400
 2021              	.LASF22:
 2022 012e 74737461 		.ascii	"tstate_t\000"
 2022      74655F74 
 2022      00
 2023              	.LASF16:
 2024 0137 75696E74 		.ascii	"uint16_t\000"
 2024      31365F74 
 2024      00
 2025              	.LASF101:
 2026 0140 63686465 		.ascii	"chdebug_t\000"
 2026      6275675F 
 2026      7400
 2027              	.LASF34:
 2028 014a 705F6E65 		.ascii	"p_newer\000"
 2028      77657200 
 2029              	.LASF103:
 2030 0152 5F69646C 		.ascii	"_idle_thread_wa\000"
 2030      655F7468 
 2030      72656164 
 2030      5F776100 
 2031              	.LASF11:
 2032 0162 5F5F7569 		.ascii	"__uint32_t\000"
 2032      6E743332 
 2032      5F7400
 2033              	.LASF51:
 2034 016d 72656761 		.ascii	"regarm_t\000"
 2034      726D5F74 
 2034      00
 2035              	.LASF59:
 2036 0176 76745F70 		.ascii	"vt_prev\000"
 2036      72657600 
 2037              	.LASF0:
ARM GAS  /tmp/ccL45xPJ.s 			page 38


 2038 017e 756E7369 		.ascii	"unsigned int\000"
 2038      676E6564 
 2038      20696E74 
 2038      00
 2039              	.LASF58:
 2040 018b 76745F6E 		.ascii	"vt_next\000"
 2040      65787400 
 2041              	.LASF12:
 2042 0193 6C6F6E67 		.ascii	"long unsigned int\000"
 2042      20756E73 
 2042      69676E65 
 2042      6420696E 
 2042      7400
 2043              	.LASF102:
 2044 01a5 63685F64 		.ascii	"ch_debug\000"
 2044      65627567 
 2044      00
 2045              	.LASF56:
 2046 01ae 76746675 		.ascii	"vtfunc_t\000"
 2046      6E635F74 
 2046      00
 2047              	.LASF83:
 2048 01b7 63685F69 		.ascii	"ch_identifier\000"
 2048      64656E74 
 2048      69666965 
 2048      7200
 2049              	.LASF54:
 2050 01c5 636F6E74 		.ascii	"context\000"
 2050      65787400 
 2051              	.LASF8:
 2052 01cd 73686F72 		.ascii	"short unsigned int\000"
 2052      7420756E 
 2052      7369676E 
 2052      65642069 
 2052      6E7400
 2053              	.LASF106:
 2054 01e0 63685363 		.ascii	"chSchWakeupS\000"
 2054      6857616B 
 2054      65757053 
 2054      00
 2055              	.LASF86:
 2056 01ed 63685F76 		.ascii	"ch_version\000"
 2056      65727369 
 2056      6F6E00
 2057              	.LASF26:
 2058 01f8 6D73675F 		.ascii	"msg_t\000"
 2058      7400
 2059              	.LASF68:
 2060 01fe 725F6E65 		.ascii	"r_newer\000"
 2060      77657200 
 2061              	.LASF21:
 2062 0206 746D6F64 		.ascii	"tmode_t\000"
 2062      655F7400 
 2063              	.LASF50:
 2064 020e 54687265 		.ascii	"ThreadsList\000"
 2064      6164734C 
 2064      69737400 
ARM GAS  /tmp/ccL45xPJ.s 			page 39


 2065              	.LASF27:
 2066 021a 6576656E 		.ascii	"eventmask_t\000"
 2066      746D6173 
 2066      6B5F7400 
 2067              	.LASF74:
 2068 0226 4D757465 		.ascii	"Mutex\000"
 2068      7800
 2069              	.LASF52:
 2070 022c 73746B61 		.ascii	"stkalign_t\000"
 2070      6C69676E 
 2070      5F7400
 2071              	.LASF84:
 2072 0237 63685F7A 		.ascii	"ch_zero\000"
 2072      65726F00 
 2073              	.LASF98:
 2074 023f 63665F6F 		.ascii	"cf_off_refs\000"
 2074      66665F72 
 2074      65667300 
 2075              	.LASF60:
 2076 024b 76745F74 		.ascii	"vt_time\000"
 2076      696D6500 
 2077              	.LASF109:
 2078 0253 474E5520 		.ascii	"GNU C11 6.3.1 20170620 -mcpu=cortex-m3 -mno-thumb-i"
 2078      43313120 
 2078      362E332E 
 2078      31203230 
 2078      31373036 
 2079 0286 6E746572 		.ascii	"nterwork -mthumb -ggdb -O2 -fomit-frame-pointer -ff"
 2079      776F726B 
 2079      202D6D74 
 2079      68756D62 
 2079      202D6767 
 2080 02b9 756E6374 		.ascii	"unction-sections -fdata-sections -fno-common\000"
 2080      696F6E2D 
 2080      73656374 
 2080      696F6E73 
 2080      202D6664 
 2081              	.LASF55:
 2082 02e6 73697A65 		.ascii	"sizetype\000"
 2082      74797065 
 2082      00
 2083              	.LASF2:
 2084 02ef 6C6F6E67 		.ascii	"long double\000"
 2084      20646F75 
 2084      626C6500 
 2085              	.LASF88:
 2086 02fb 63685F74 		.ascii	"ch_timesize\000"
 2086      696D6573 
 2086      697A6500 
 2087              	.LASF94:
 2088 0307 63665F6F 		.ascii	"cf_off_name\000"
 2088      66665F6E 
 2088      616D6500 
 2089              	.LASF35:
 2090 0313 705F6F6C 		.ascii	"p_older\000"
 2090      64657200 
 2091              	.LASF67:
ARM GAS  /tmp/ccL45xPJ.s 			page 40


 2092 031b 725F6374 		.ascii	"r_ctx\000"
 2092      7800
 2093              	.LASF49:
 2094 0321 54687265 		.ascii	"ThreadsQueue\000"
 2094      61647351 
 2094      75657565 
 2094      00
 2095              	.LASF85:
 2096 032e 63685F73 		.ascii	"ch_size\000"
 2096      697A6500 
 2097              	.LASF70:
 2098 0336 725F6375 		.ascii	"r_current\000"
 2098      7272656E 
 2098      7400
 2099              	.LASF69:
 2100 0340 725F6F6C 		.ascii	"r_older\000"
 2100      64657200 
 2101              	.LASF13:
 2102 0348 5F5F7569 		.ascii	"__uint64_t\000"
 2102      6E743634 
 2102      5F7400
 2103              	.LASF23:
 2104 0353 74726566 		.ascii	"trefs_t\000"
 2104      735F7400 
 2105              	.LASF87:
 2106 035b 63685F70 		.ascii	"ch_ptrsize\000"
 2106      74727369 
 2106      7A6500
 2107              	.LASF31:
 2108 0366 705F7072 		.ascii	"p_prev\000"
 2108      657600
 2109              	.LASF25:
 2110 036d 74707269 		.ascii	"tprio_t\000"
 2110      6F5F7400 
 2111              	.LASF20:
 2112 0375 5F426F6F 		.ascii	"_Bool\000"
 2112      6C00
 2113              	.LASF17:
 2114 037b 696E7433 		.ascii	"int32_t\000"
 2114      325F7400 
 2115              	.LASF4:
 2116 0383 756E7369 		.ascii	"unsigned char\000"
 2116      676E6564 
 2116      20636861 
 2116      7200
 2117              	.LASF46:
 2118 0391 705F6D74 		.ascii	"p_mtxlist\000"
 2118      786C6973 
 2118      7400
 2119              	.LASF5:
 2120 039b 73686F72 		.ascii	"short int\000"
 2120      7420696E 
 2120      7400
 2121              	.LASF37:
 2122 03a5 705F7374 		.ascii	"p_state\000"
 2122      61746500 
 2123              	.LASF40:
ARM GAS  /tmp/ccL45xPJ.s 			page 41


 2124 03ad 705F7072 		.ascii	"p_preempt\000"
 2124      65656D70 
 2124      7400
 2125              	.LASF100:
 2126 03b7 63665F6F 		.ascii	"cf_off_time\000"
 2126      66665F74 
 2126      696D6500 
 2127              	.LASF66:
 2128 03c3 725F7072 		.ascii	"r_prio\000"
 2128      696F00
 2129              	.LASF81:
 2130 03ca 65776D61 		.ascii	"ewmask\000"
 2130      736B00
 2131              	.LASF30:
 2132 03d1 705F6E65 		.ascii	"p_next\000"
 2132      787400
 2133              	.LASF99:
 2134 03d8 63665F6F 		.ascii	"cf_off_preempt\000"
 2134      66665F70 
 2134      7265656D 
 2134      707400
 2135              	.LASF38:
 2136 03e7 705F666C 		.ascii	"p_flags\000"
 2136      61677300 
 2137              	.LASF29:
 2138 03ef 54687265 		.ascii	"Thread\000"
 2138      616400
 2139              	.LASF92:
 2140 03f6 63665F6F 		.ascii	"cf_off_newer\000"
 2140      66665F6E 
 2140      65776572 
 2140      00
 2141              	.LASF107:
 2142 0403 63685363 		.ascii	"chSchGoSleepS\000"
 2142      68476F53 
 2142      6C656570 
 2142      5300
 2143              	.LASF45:
 2144 0411 705F6570 		.ascii	"p_epending\000"
 2144      656E6469 
 2144      6E6700
 2145              	.LASF18:
 2146 041c 75696E74 		.ascii	"uint32_t\000"
 2146      33325F74 
 2146      00
 2147              	.LASF90:
 2148 0425 63665F6F 		.ascii	"cf_off_prio\000"
 2148      66665F70 
 2148      72696F00 
 2149              	.LASF65:
 2150 0431 725F7175 		.ascii	"r_queue\000"
 2150      65756500 
 2151              	.LASF57:
 2152 0439 56697274 		.ascii	"VirtualTimer\000"
 2152      75616C54 
 2152      696D6572 
 2152      00
ARM GAS  /tmp/ccL45xPJ.s 			page 42


 2153              	.LASF82:
 2154 0446 63686172 		.ascii	"char\000"
 2154      00
 2155              	.LASF113:
 2156 044b 6669666F 		.ascii	"fifo_remove\000"
 2156      5F72656D 
 2156      6F766500 
 2157              	.LASF7:
 2158 0457 5F5F7569 		.ascii	"__uint16_t\000"
 2158      6E743136 
 2158      5F7400
 2159              	.LASF108:
 2160 0462 63685363 		.ascii	"chSchReadyI\000"
 2160      68526561 
 2160      64794900 
 2161              	.LASF77:
 2162 046e 6D5F6E65 		.ascii	"m_next\000"
 2162      787400
 2163              	.LASF28:
 2164 0475 73797374 		.ascii	"systime_t\000"
 2164      696D655F 
 2164      7400
 2165              	.LASF47:
 2166 047f 705F7265 		.ascii	"p_realprio\000"
 2166      616C7072 
 2166      696F00
 2167              	.LASF9:
 2168 048a 5F5F696E 		.ascii	"__int32_t\000"
 2168      7433325F 
 2168      7400
 2169              	.LASF41:
 2170 0494 705F7469 		.ascii	"p_time\000"
 2170      6D6500
 2171              	.LASF53:
 2172 049b 696E7463 		.ascii	"intctx\000"
 2172      747800
 2173              	.LASF43:
 2174 04a2 705F6D73 		.ascii	"p_msgqueue\000"
 2174      67717565 
 2174      756500
 2175              	.LASF62:
 2176 04ad 76745F70 		.ascii	"vt_par\000"
 2176      617200
 2177              	.LASF112:
 2178 04b4 63684D73 		.ascii	"chMsgRelease\000"
 2178      6752656C 
 2178      65617365 
 2178      00
 2179              	.LASF91:
 2180 04c1 63665F6F 		.ascii	"cf_off_ctx\000"
 2180      66665F63 
 2180      747800
 2181              	.LASF78:
 2182 04cc 7264796D 		.ascii	"rdymsg\000"
 2182      736700
 2183              	.LASF39:
 2184 04d3 705F7265 		.ascii	"p_refs\000"
ARM GAS  /tmp/ccL45xPJ.s 			page 43


 2184      667300
 2185              	.LASF71:
 2186 04da 52656164 		.ascii	"ReadyList\000"
 2186      794C6973 
 2186      7400
 2187              	.LASF104:
 2188 04e4 63684D73 		.ascii	"chMsgWait\000"
 2188      67576169 
 2188      7400
 2189              	.LASF73:
 2190 04ee 726C6973 		.ascii	"rlist\000"
 2190      7400
 2191              	.LASF15:
 2192 04f4 75696E74 		.ascii	"uint8_t\000"
 2192      385F7400 
 2193              	.LASF80:
 2194 04fc 77746F62 		.ascii	"wtobjp\000"
 2194      6A7000
 2195              	.LASF36:
 2196 0503 705F6E61 		.ascii	"p_name\000"
 2196      6D6500
 2197              	.LASF63:
 2198 050a 76745F73 		.ascii	"vt_systime\000"
 2198      79737469 
 2198      6D6500
 2199              	.LASF110:
 2200 0515 2E2E2F2E 		.ascii	"../../os/kernel/src/chmsg.c\000"
 2200      2E2F6F73 
 2200      2F6B6572 
 2200      6E656C2F 
 2200      7372632F 
 2201              	.LASF64:
 2202 0531 56544C69 		.ascii	"VTList\000"
 2202      737400
 2203              	.LASF76:
 2204 0538 6D5F6F77 		.ascii	"m_owner\000"
 2204      6E657200 
 2205              	.LASF33:
 2206 0540 705F6374 		.ascii	"p_ctx\000"
 2206      7800
 2207              	.LASF42:
 2208 0546 705F7761 		.ascii	"p_waiting\000"
 2208      6974696E 
 2208      6700
 2209              		.ident	"GCC: (15:6.3.1+svn253039-1build1) 6.3.1 20170620"
ARM GAS  /tmp/ccL45xPJ.s 			page 44


DEFINED SYMBOLS
                            *ABS*:0000000000000000 chmsg.c
     /tmp/ccL45xPJ.s:16     .text.chMsgSend:0000000000000000 $t
     /tmp/ccL45xPJ.s:24     .text.chMsgSend:0000000000000000 chMsgSend
     /tmp/ccL45xPJ.s:111    .text.chMsgSend:000000000000003c $d
     /tmp/ccL45xPJ.s:116    .text.chMsgWait:0000000000000000 $t
     /tmp/ccL45xPJ.s:124    .text.chMsgWait:0000000000000000 chMsgWait
     /tmp/ccL45xPJ.s:201    .text.chMsgWait:0000000000000038 $d
     /tmp/ccL45xPJ.s:206    .text.chMsgRelease:0000000000000000 $t
     /tmp/ccL45xPJ.s:214    .text.chMsgRelease:0000000000000000 chMsgRelease
                     .debug_frame:0000000000000010 $d

UNDEFINED SYMBOLS
chSchGoSleepS
chSchReadyI
rlist
chSchWakeupS
