ARM GAS  /tmp/cc4yfWPT.s 			page 1


   1              		.cpu cortex-m3
   2              		.eabi_attribute 20, 1
   3              		.eabi_attribute 21, 1
   4              		.eabi_attribute 23, 3
   5              		.eabi_attribute 24, 1
   6              		.eabi_attribute 25, 1
   7              		.eabi_attribute 26, 1
   8              		.eabi_attribute 30, 2
   9              		.eabi_attribute 34, 1
  10              		.eabi_attribute 18, 4
  11              		.file	"chsys.c"
  12              		.text
  13              	.Ltext0:
  14              		.cfi_sections	.debug_frame
  15              		.section	.text._idle_thread,"ax",%progbits
  16              		.align	1
  17              		.p2align 2,,3
  18              		.global	_idle_thread
  19              		.syntax unified
  20              		.thumb
  21              		.thumb_func
  22              		.fpu softvfp
  23              		.type	_idle_thread, %function
  24              	_idle_thread:
  25              	.LFB7:
  26              		.file 1 "../../os/kernel/src/chsys.c"
  27              		.loc 1 54 0
  28              		.cfi_startproc
  29              		@ Volatile: function does not return.
  30              		@ args = 0, pretend = 0, frame = 0
  31              		@ frame_needed = 0, uses_anonymous_args = 0
  32              		@ link register save eliminated.
  33              	.LVL0:
  34              		.loc 1 57 0
  35 0000 024B     		ldr	r3, .L4
  36 0002 034A     		ldr	r2, .L4+4
  37 0004 9B69     		ldr	r3, [r3, #24]
  38 0006 9A61     		str	r2, [r3, #24]
  39              	.L2:
  40 0008 FEE7     		b	.L2
  41              	.L5:
  42 000a 00BF     		.align	2
  43              	.L4:
  44 000c 00000000 		.word	rlist
  45 0010 00000000 		.word	.LC0
  46              		.cfi_endproc
  47              	.LFE7:
  48              		.size	_idle_thread, .-_idle_thread
  49              		.section	.text.chSysInit,"ax",%progbits
  50              		.align	1
  51              		.p2align 2,,3
  52              		.global	chSysInit
  53              		.syntax unified
  54              		.thumb
  55              		.thumb_func
  56              		.fpu softvfp
  57              		.type	chSysInit, %function
ARM GAS  /tmp/cc4yfWPT.s 			page 2


  58              	chSysInit:
  59              	.LFB8:
  60              		.loc 1 77 0
  61              		.cfi_startproc
  62              		@ args = 0, pretend = 0, frame = 0
  63              		@ frame_needed = 0, uses_anonymous_args = 0
  64 0000 00B5     		push	{lr}
  65              		.cfi_def_cfa_offset 4
  66              		.cfi_offset 14, -4
  67 0002 83B0     		sub	sp, sp, #12
  68              		.cfi_def_cfa_offset 16
  69              		.loc 1 83 0
  70 0004 FFF7FEFF 		bl	_port_init
  71              	.LVL1:
  72              		.loc 1 84 0
  73 0008 FFF7FEFF 		bl	_scheduler_init
  74              	.LVL2:
  75              		.loc 1 85 0
  76 000c FFF7FEFF 		bl	_vt_init
  77              	.LVL3:
  78              		.loc 1 87 0
  79 0010 FFF7FEFF 		bl	_core_init
  80              	.LVL4:
  81              		.loc 1 90 0
  82 0014 FFF7FEFF 		bl	_heap_init
  83              	.LVL5:
  84              		.loc 1 97 0
  85 0018 4021     		movs	r1, #64
  86 001a 0C48     		ldr	r0, .L8
  87 001c FFF7FEFF 		bl	_thread_init
  88              	.LVL6:
  89              		.loc 1 98 0
  90 0020 0122     		movs	r2, #1
  91              		.loc 1 97 0
  92 0022 0B49     		ldr	r1, .L8+4
  93              		.loc 1 98 0
  94 0024 0277     		strb	r2, [r0, #28]
  95              		.loc 1 97 0
  96 0026 8861     		str	r0, [r1, #24]
  97              	.LBB2:
  98              		.loc 1 104 0
  99 0028 0023     		movs	r3, #0
 100              		.syntax unified
 101              	@ 104 "../../os/kernel/src/chsys.c" 1
 102 002a 83F31188 		msr     BASEPRI, r3                    
 103 002e 62B6     		cpsie   i
 104              	@ 0 "" 2
 105              		.thumb
 106              		.syntax unified
 107              	.LBE2:
 108              		.loc 1 114 0
 109 0030 1846     		mov	r0, r3
 110              		.loc 1 108 0
 111 0032 8B69     		ldr	r3, [r1, #24]
 112 0034 0749     		ldr	r1, .L8+8
 113 0036 9961     		str	r1, [r3, #24]
 114              		.loc 1 114 0
ARM GAS  /tmp/cc4yfWPT.s 			page 3


 115 0038 0090     		str	r0, [sp]
 116 003a 074B     		ldr	r3, .L8+12
 117 003c C021     		movs	r1, #192
 118 003e 0748     		ldr	r0, .L8+16
 119 0040 FFF7FEFF 		bl	chThdCreateStatic
 120              	.LVL7:
 121              		.loc 1 117 0
 122 0044 03B0     		add	sp, sp, #12
 123              		.cfi_def_cfa_offset 4
 124              		@ sp needed
 125 0046 5DF804FB 		ldr	pc, [sp], #4
 126              	.L9:
 127 004a 00BF     		.align	2
 128              	.L8:
 129 004c 00000000 		.word	.LANCHOR0
 130 0050 00000000 		.word	rlist
 131 0054 00000000 		.word	ch_debug
 132 0058 00000000 		.word	_idle_thread
 133 005c 00000000 		.word	.LANCHOR1
 134              		.cfi_endproc
 135              	.LFE8:
 136              		.size	chSysInit, .-chSysInit
 137              		.section	.text.chSysTimerHandlerI,"ax",%progbits
 138              		.align	1
 139              		.p2align 2,,3
 140              		.global	chSysTimerHandlerI
 141              		.syntax unified
 142              		.thumb
 143              		.thumb_func
 144              		.fpu softvfp
 145              		.type	chSysTimerHandlerI, %function
 146              	chSysTimerHandlerI:
 147              	.LFB9:
 148              		.loc 1 130 0
 149              		.cfi_startproc
 150              		@ args = 0, pretend = 0, frame = 0
 151              		@ frame_needed = 0, uses_anonymous_args = 0
 152 0000 70B5     		push	{r4, r5, r6, lr}
 153              		.cfi_def_cfa_offset 16
 154              		.cfi_offset 4, -16
 155              		.cfi_offset 5, -12
 156              		.cfi_offset 6, -8
 157              		.cfi_offset 14, -4
 158              		.loc 1 136 0
 159 0002 134B     		ldr	r3, .L21
 160 0004 9B69     		ldr	r3, [r3, #24]
 161 0006 DA7F     		ldrb	r2, [r3, #31]	@ zero_extendqisi2
 162 0008 0AB1     		cbz	r2, .L11
 163              		.loc 1 138 0
 164 000a 013A     		subs	r2, r2, #1
 165 000c DA77     		strb	r2, [r3, #31]
 166              	.L11:
 167              		.loc 1 141 0
 168 000e 1A6A     		ldr	r2, [r3, #32]
 169              		.loc 1 143 0
 170 0010 104C     		ldr	r4, .L21+4
 171              		.loc 1 141 0
ARM GAS  /tmp/cc4yfWPT.s 			page 4


 172 0012 0132     		adds	r2, r2, #1
 173 0014 1A62     		str	r2, [r3, #32]
 174              		.loc 1 143 0
 175 0016 E368     		ldr	r3, [r4, #12]
 176 0018 2268     		ldr	r2, [r4]
 177 001a 0133     		adds	r3, r3, #1
 178 001c A242     		cmp	r2, r4
 179 001e E360     		str	r3, [r4, #12]
 180 0020 14D0     		beq	.L10
 181              	.LBB3:
 182              		.loc 1 143 0 is_stmt 0 discriminator 1
 183 0022 9668     		ldr	r6, [r2, #8]
 184 0024 013E     		subs	r6, r6, #1
 185 0026 9660     		str	r6, [r2, #8]
 186              	.LVL8:
 187 0028 86B9     		cbnz	r6, .L10
 188              	.L14:
 189              	.LBB4:
 190              		.loc 1 143 0 discriminator 4
 191 002a 1168     		ldr	r1, [r2]
 192 002c D568     		ldr	r5, [r2, #12]
 193              	.LVL9:
 194 002e 2160     		str	r1, [r4]
 195 0030 D660     		str	r6, [r2, #12]
 196              	.LBB5:
 197 0032 0023     		movs	r3, #0
 198              	.LBE5:
 199 0034 4C60     		str	r4, [r1, #4]
 200              	.LBB6:
 201              		.syntax unified
 202              	@ 143 "../../os/kernel/src/chsys.c" 1
 203 0036 83F31188 		msr     BASEPRI, r3
 204              	@ 0 "" 2
 205              		.thumb
 206              		.syntax unified
 207              	.LBE6:
 208 003a 1069     		ldr	r0, [r2, #16]
 209 003c A847     		blx	r5
 210              	.LVL10:
 211              	.LBB7:
 212 003e 4023     		movs	r3, #64
 213              		.syntax unified
 214              	@ 143 "../../os/kernel/src/chsys.c" 1
 215 0040 83F31188 		msr     BASEPRI, r3
 216              	@ 0 "" 2
 217              		.thumb
 218              		.syntax unified
 219              	.LBE7:
 220              	.LBE4:
 221 0044 2268     		ldr	r2, [r4]
 222              	.LVL11:
 223 0046 9368     		ldr	r3, [r2, #8]
 224 0048 002B     		cmp	r3, #0
 225 004a EED0     		beq	.L14
 226              	.LVL12:
 227              	.L10:
 228 004c 70BD     		pop	{r4, r5, r6, pc}
ARM GAS  /tmp/cc4yfWPT.s 			page 5


 229              	.L22:
 230 004e 00BF     		.align	2
 231              	.L21:
 232 0050 00000000 		.word	rlist
 233 0054 00000000 		.word	vtlist
 234              	.LBE3:
 235              		.cfi_endproc
 236              	.LFE9:
 237              		.size	chSysTimerHandlerI, .-chSysTimerHandlerI
 238              		.global	_idle_thread_wa
 239              		.section	.bss._idle_thread_wa,"aw",%nobits
 240              		.align	3
 241              		.set	.LANCHOR1,. + 0
 242              		.type	_idle_thread_wa, %object
 243              		.size	_idle_thread_wa, 192
 244              	_idle_thread_wa:
 245 0000 00000000 		.space	192
 245      00000000 
 245      00000000 
 245      00000000 
 245      00000000 
 246              		.section	.bss.mainthread.4853,"aw",%nobits
 247              		.align	2
 248              		.set	.LANCHOR0,. + 0
 249              		.type	mainthread.4853, %object
 250              		.size	mainthread.4853, 72
 251              	mainthread.4853:
 252 0000 00000000 		.space	72
 252      00000000 
 252      00000000 
 252      00000000 
 252      00000000 
 253              		.section	.rodata._idle_thread.str1.4,"aMS",%progbits,1
 254              		.align	2
 255              	.LC0:
 256 0000 69646C65 		.ascii	"idle\000"
 256      00
 257              		.text
 258              	.Letext0:
 259              		.file 2 "/usr/include/newlib/machine/_default_types.h"
 260              		.file 3 "/usr/include/newlib/sys/_stdint.h"
 261              		.file 4 "../../os/ports/GCC/ARMCMx/chtypes.h"
 262              		.file 5 "../../os/kernel/include/chlists.h"
 263              		.file 6 "../../os/kernel/include/chthreads.h"
 264              		.file 7 "../../os/ports/GCC/ARMCMx/chcore_v7m.h"
 265              		.file 8 "../../os/kernel/include/chvt.h"
 266              		.file 9 "../../os/kernel/include/chschd.h"
 267              		.file 10 "../../os/kernel/include/chmtx.h"
 268              		.file 11 "../../os/kernel/include/chregistry.h"
 269              		.file 12 "../../os/kernel/include/ch.h"
 270              		.file 13 "../../os/kernel/include/chmemcore.h"
 271              		.file 14 "../../os/kernel/include/chheap.h"
 272              		.section	.debug_info,"",%progbits
 273              	.Ldebug_info0:
 274 0000 11080000 		.4byte	0x811
 275 0004 0400     		.2byte	0x4
 276 0006 00000000 		.4byte	.Ldebug_abbrev0
ARM GAS  /tmp/cc4yfWPT.s 			page 6


 277 000a 04       		.byte	0x4
 278 000b 01       		.uleb128 0x1
 279 000c 8E020000 		.4byte	.LASF116
 280 0010 0C       		.byte	0xc
 281 0011 13050000 		.4byte	.LASF117
 282 0015 15000000 		.4byte	.LASF118
 283 0019 18000000 		.4byte	.Ldebug_ranges0+0x18
 284 001d 00000000 		.4byte	0
 285 0021 00000000 		.4byte	.Ldebug_line0
 286 0025 02       		.uleb128 0x2
 287 0026 04       		.byte	0x4
 288 0027 05       		.byte	0x5
 289 0028 696E7400 		.ascii	"int\000"
 290 002c 03       		.uleb128 0x3
 291 002d 04       		.byte	0x4
 292 002e 07       		.byte	0x7
 293 002f B2010000 		.4byte	.LASF0
 294 0033 03       		.uleb128 0x3
 295 0034 08       		.byte	0x8
 296 0035 05       		.byte	0x5
 297 0036 F3000000 		.4byte	.LASF1
 298 003a 03       		.uleb128 0x3
 299 003b 08       		.byte	0x8
 300 003c 04       		.byte	0x4
 301 003d 2A030000 		.4byte	.LASF2
 302 0041 03       		.uleb128 0x3
 303 0042 01       		.byte	0x1
 304 0043 06       		.byte	0x6
 305 0044 01010000 		.4byte	.LASF3
 306 0048 04       		.uleb128 0x4
 307 0049 72000000 		.4byte	.LASF6
 308 004d 02       		.byte	0x2
 309 004e 1D       		.byte	0x1d
 310 004f 53000000 		.4byte	0x53
 311 0053 03       		.uleb128 0x3
 312 0054 01       		.byte	0x1
 313 0055 08       		.byte	0x8
 314 0056 CB030000 		.4byte	.LASF4
 315 005a 03       		.uleb128 0x3
 316 005b 02       		.byte	0x2
 317 005c 05       		.byte	0x5
 318 005d EE030000 		.4byte	.LASF5
 319 0061 04       		.uleb128 0x4
 320 0062 90040000 		.4byte	.LASF7
 321 0066 02       		.byte	0x2
 322 0067 2B       		.byte	0x2b
 323 0068 6C000000 		.4byte	0x6c
 324 006c 03       		.uleb128 0x3
 325 006d 02       		.byte	0x2
 326 006e 07       		.byte	0x7
 327 006f 0E020000 		.4byte	.LASF8
 328 0073 04       		.uleb128 0x4
 329 0074 B7040000 		.4byte	.LASF9
 330 0078 02       		.byte	0x2
 331 0079 3F       		.byte	0x3f
 332 007a 7E000000 		.4byte	0x7e
 333 007e 03       		.uleb128 0x3
ARM GAS  /tmp/cc4yfWPT.s 			page 7


 334 007f 04       		.byte	0x4
 335 0080 05       		.byte	0x5
 336 0081 44010000 		.4byte	.LASF10
 337 0085 04       		.uleb128 0x4
 338 0086 81010000 		.4byte	.LASF11
 339 008a 02       		.byte	0x2
 340 008b 41       		.byte	0x41
 341 008c 90000000 		.4byte	0x90
 342 0090 03       		.uleb128 0x3
 343 0091 04       		.byte	0x4
 344 0092 07       		.byte	0x7
 345 0093 D4010000 		.4byte	.LASF12
 346 0097 04       		.uleb128 0x4
 347 0098 90030000 		.4byte	.LASF13
 348 009c 02       		.byte	0x2
 349 009d 5B       		.byte	0x5b
 350 009e A2000000 		.4byte	0xa2
 351 00a2 03       		.uleb128 0x3
 352 00a3 08       		.byte	0x8
 353 00a4 07       		.byte	0x7
 354 00a5 96000000 		.4byte	.LASF14
 355 00a9 04       		.uleb128 0x4
 356 00aa 2F050000 		.4byte	.LASF15
 357 00ae 03       		.byte	0x3
 358 00af 18       		.byte	0x18
 359 00b0 48000000 		.4byte	0x48
 360 00b4 04       		.uleb128 0x4
 361 00b5 56010000 		.4byte	.LASF16
 362 00b9 03       		.byte	0x3
 363 00ba 24       		.byte	0x24
 364 00bb 61000000 		.4byte	0x61
 365 00bf 04       		.uleb128 0x4
 366 00c0 C3030000 		.4byte	.LASF17
 367 00c4 03       		.byte	0x3
 368 00c5 2C       		.byte	0x2c
 369 00c6 73000000 		.4byte	0x73
 370 00ca 04       		.uleb128 0x4
 371 00cb 61040000 		.4byte	.LASF18
 372 00cf 03       		.byte	0x3
 373 00d0 30       		.byte	0x30
 374 00d1 85000000 		.4byte	0x85
 375 00d5 04       		.uleb128 0x4
 376 00d6 69000000 		.4byte	.LASF19
 377 00da 03       		.byte	0x3
 378 00db 3C       		.byte	0x3c
 379 00dc 97000000 		.4byte	0x97
 380 00e0 03       		.uleb128 0x3
 381 00e1 01       		.byte	0x1
 382 00e2 02       		.byte	0x2
 383 00e3 BD030000 		.4byte	.LASF20
 384 00e7 04       		.uleb128 0x4
 385 00e8 2F020000 		.4byte	.LASF21
 386 00ec 04       		.byte	0x4
 387 00ed 25       		.byte	0x25
 388 00ee A9000000 		.4byte	0xa9
 389 00f2 04       		.uleb128 0x4
 390 00f3 4D010000 		.4byte	.LASF22
ARM GAS  /tmp/cc4yfWPT.s 			page 8


 391 00f7 04       		.byte	0x4
 392 00f8 26       		.byte	0x26
 393 00f9 A9000000 		.4byte	0xa9
 394 00fd 04       		.uleb128 0x4
 395 00fe 9B030000 		.4byte	.LASF23
 396 0102 04       		.byte	0x4
 397 0103 27       		.byte	0x27
 398 0104 A9000000 		.4byte	0xa9
 399 0108 04       		.uleb128 0x4
 400 0109 3A010000 		.4byte	.LASF24
 401 010d 04       		.byte	0x4
 402 010e 28       		.byte	0x28
 403 010f A9000000 		.4byte	0xa9
 404 0113 04       		.uleb128 0x4
 405 0114 B5030000 		.4byte	.LASF25
 406 0118 04       		.byte	0x4
 407 0119 29       		.byte	0x29
 408 011a CA000000 		.4byte	0xca
 409 011e 04       		.uleb128 0x4
 410 011f 21020000 		.4byte	.LASF26
 411 0123 04       		.byte	0x4
 412 0124 2A       		.byte	0x2a
 413 0125 BF000000 		.4byte	0xbf
 414 0129 04       		.uleb128 0x4
 415 012a 43020000 		.4byte	.LASF27
 416 012e 04       		.byte	0x4
 417 012f 2C       		.byte	0x2c
 418 0130 CA000000 		.4byte	0xca
 419 0134 04       		.uleb128 0x4
 420 0135 A2040000 		.4byte	.LASF28
 421 0139 04       		.byte	0x4
 422 013a 2E       		.byte	0x2e
 423 013b CA000000 		.4byte	0xca
 424 013f 05       		.uleb128 0x5
 425 0140 34010000 		.4byte	0x134
 426 0144 04       		.uleb128 0x4
 427 0145 42040000 		.4byte	.LASF29
 428 0149 05       		.byte	0x5
 429 014a 23       		.byte	0x23
 430 014b 4F010000 		.4byte	0x14f
 431 014f 06       		.uleb128 0x6
 432 0150 42040000 		.4byte	.LASF29
 433 0154 48       		.byte	0x48
 434 0155 06       		.byte	0x6
 435 0156 57       		.byte	0x57
 436 0157 4C020000 		.4byte	0x24c
 437 015b 07       		.uleb128 0x7
 438 015c 24040000 		.4byte	.LASF30
 439 0160 06       		.byte	0x6
 440 0161 58       		.byte	0x58
 441 0162 6D020000 		.4byte	0x26d
 442 0166 00       		.byte	0
 443 0167 07       		.uleb128 0x7
 444 0168 AE030000 		.4byte	.LASF31
 445 016c 06       		.byte	0x6
 446 016d 5A       		.byte	0x5a
 447 016e 6D020000 		.4byte	0x26d
ARM GAS  /tmp/cc4yfWPT.s 			page 9


 448 0172 04       		.byte	0x4
 449 0173 07       		.uleb128 0x7
 450 0174 CF000000 		.4byte	.LASF32
 451 0178 06       		.byte	0x6
 452 0179 5C       		.byte	0x5c
 453 017a 13010000 		.4byte	0x113
 454 017e 08       		.byte	0x8
 455 017f 07       		.uleb128 0x7
 456 0180 75050000 		.4byte	.LASF33
 457 0184 06       		.byte	0x6
 458 0185 5D       		.byte	0x5d
 459 0186 32030000 		.4byte	0x332
 460 018a 0C       		.byte	0xc
 461 018b 07       		.uleb128 0x7
 462 018c 69010000 		.4byte	.LASF34
 463 0190 06       		.byte	0x6
 464 0191 5F       		.byte	0x5f
 465 0192 6D020000 		.4byte	0x26d
 466 0196 10       		.byte	0x10
 467 0197 07       		.uleb128 0x7
 468 0198 4E030000 		.4byte	.LASF35
 469 019c 06       		.byte	0x6
 470 019d 60       		.byte	0x60
 471 019e 6D020000 		.4byte	0x26d
 472 01a2 14       		.byte	0x14
 473 01a3 07       		.uleb128 0x7
 474 01a4 49050000 		.4byte	.LASF36
 475 01a8 06       		.byte	0x6
 476 01a9 67       		.byte	0x67
 477 01aa FD040000 		.4byte	0x4fd
 478 01ae 18       		.byte	0x18
 479 01af 07       		.uleb128 0x7
 480 01b0 F8030000 		.4byte	.LASF37
 481 01b4 06       		.byte	0x6
 482 01b5 72       		.byte	0x72
 483 01b6 F2000000 		.4byte	0xf2
 484 01ba 1C       		.byte	0x1c
 485 01bb 07       		.uleb128 0x7
 486 01bc 3A040000 		.4byte	.LASF38
 487 01c0 06       		.byte	0x6
 488 01c1 76       		.byte	0x76
 489 01c2 E7000000 		.4byte	0xe7
 490 01c6 1D       		.byte	0x1d
 491 01c7 07       		.uleb128 0x7
 492 01c8 FC040000 		.4byte	.LASF39
 493 01cc 06       		.byte	0x6
 494 01cd 7B       		.byte	0x7b
 495 01ce FD000000 		.4byte	0xfd
 496 01d2 1E       		.byte	0x1e
 497 01d3 07       		.uleb128 0x7
 498 01d4 00040000 		.4byte	.LASF40
 499 01d8 06       		.byte	0x6
 500 01d9 81       		.byte	0x81
 501 01da 08010000 		.4byte	0x108
 502 01de 1F       		.byte	0x1f
 503 01df 07       		.uleb128 0x7
 504 01e0 CA040000 		.4byte	.LASF41
ARM GAS  /tmp/cc4yfWPT.s 			page 10


 505 01e4 06       		.byte	0x6
 506 01e5 88       		.byte	0x88
 507 01e6 3F010000 		.4byte	0x13f
 508 01ea 20       		.byte	0x20
 509 01eb 08       		.uleb128 0x8
 510 01ec 705F7500 		.ascii	"p_u\000"
 511 01f0 06       		.byte	0x6
 512 01f1 AD       		.byte	0xad
 513 01f2 C8040000 		.4byte	0x4c8
 514 01f6 24       		.byte	0x24
 515 01f7 07       		.uleb128 0x7
 516 01f8 7B050000 		.4byte	.LASF42
 517 01fc 06       		.byte	0x6
 518 01fd B2       		.byte	0xb2
 519 01fe 93020000 		.4byte	0x293
 520 0202 28       		.byte	0x28
 521 0203 07       		.uleb128 0x7
 522 0204 D8040000 		.4byte	.LASF43
 523 0208 06       		.byte	0x6
 524 0209 B8       		.byte	0xb8
 525 020a 73020000 		.4byte	0x273
 526 020e 2C       		.byte	0x2c
 527 020f 07       		.uleb128 0x7
 528 0210 5B000000 		.4byte	.LASF44
 529 0214 06       		.byte	0x6
 530 0215 BC       		.byte	0xbc
 531 0216 1E010000 		.4byte	0x11e
 532 021a 34       		.byte	0x34
 533 021b 07       		.uleb128 0x7
 534 021c 56040000 		.4byte	.LASF45
 535 0220 06       		.byte	0x6
 536 0221 C2       		.byte	0xc2
 537 0222 29010000 		.4byte	0x129
 538 0226 38       		.byte	0x38
 539 0227 07       		.uleb128 0x7
 540 0228 E4030000 		.4byte	.LASF46
 541 022c 06       		.byte	0x6
 542 022d C9       		.byte	0xc9
 543 022e 0F050000 		.4byte	0x50f
 544 0232 3C       		.byte	0x3c
 545 0233 07       		.uleb128 0x7
 546 0234 AC040000 		.4byte	.LASF47
 547 0238 06       		.byte	0x6
 548 0239 CD       		.byte	0xcd
 549 023a 13010000 		.4byte	0x113
 550 023e 40       		.byte	0x40
 551 023f 07       		.uleb128 0x7
 552 0240 2A010000 		.4byte	.LASF48
 553 0244 06       		.byte	0x6
 554 0245 D3       		.byte	0xd3
 555 0246 A9020000 		.4byte	0x2a9
 556 024a 44       		.byte	0x44
 557 024b 00       		.byte	0
 558 024c 09       		.uleb128 0x9
 559 024d 08       		.byte	0x8
 560 024e 05       		.byte	0x5
 561 024f 5A       		.byte	0x5a
ARM GAS  /tmp/cc4yfWPT.s 			page 11


 562 0250 6D020000 		.4byte	0x26d
 563 0254 07       		.uleb128 0x7
 564 0255 24040000 		.4byte	.LASF30
 565 0259 05       		.byte	0x5
 566 025a 5B       		.byte	0x5b
 567 025b 6D020000 		.4byte	0x26d
 568 025f 00       		.byte	0
 569 0260 07       		.uleb128 0x7
 570 0261 AE030000 		.4byte	.LASF31
 571 0265 05       		.byte	0x5
 572 0266 5D       		.byte	0x5d
 573 0267 6D020000 		.4byte	0x26d
 574 026b 04       		.byte	0x4
 575 026c 00       		.byte	0
 576 026d 0A       		.uleb128 0xa
 577 026e 04       		.byte	0x4
 578 026f 44010000 		.4byte	0x144
 579 0273 04       		.uleb128 0x4
 580 0274 5C030000 		.4byte	.LASF49
 581 0278 05       		.byte	0x5
 582 0279 5F       		.byte	0x5f
 583 027a 4C020000 		.4byte	0x24c
 584 027e 09       		.uleb128 0x9
 585 027f 04       		.byte	0x4
 586 0280 05       		.byte	0x5
 587 0281 64       		.byte	0x64
 588 0282 93020000 		.4byte	0x293
 589 0286 07       		.uleb128 0x7
 590 0287 24040000 		.4byte	.LASF30
 591 028b 05       		.byte	0x5
 592 028c 66       		.byte	0x66
 593 028d 6D020000 		.4byte	0x26d
 594 0291 00       		.byte	0
 595 0292 00       		.byte	0
 596 0293 04       		.uleb128 0x4
 597 0294 37020000 		.4byte	.LASF50
 598 0298 05       		.byte	0x5
 599 0299 69       		.byte	0x69
 600 029a 7E020000 		.4byte	0x27e
 601 029e 04       		.uleb128 0x4
 602 029f 8C010000 		.4byte	.LASF51
 603 02a3 07       		.byte	0x7
 604 02a4 DE       		.byte	0xde
 605 02a5 A9020000 		.4byte	0x2a9
 606 02a9 0B       		.uleb128 0xb
 607 02aa 04       		.byte	0x4
 608 02ab 04       		.uleb128 0x4
 609 02ac 55020000 		.4byte	.LASF52
 610 02b0 07       		.byte	0x7
 611 02b1 E4       		.byte	0xe4
 612 02b2 D5000000 		.4byte	0xd5
 613 02b6 0C       		.uleb128 0xc
 614 02b7 D1040000 		.4byte	.LASF53
 615 02bb 24       		.byte	0x24
 616 02bc 07       		.byte	0x7
 617 02bd 0501     		.2byte	0x105
 618 02bf 32030000 		.4byte	0x332
ARM GAS  /tmp/cc4yfWPT.s 			page 12


 619 02c3 0D       		.uleb128 0xd
 620 02c4 723400   		.ascii	"r4\000"
 621 02c7 07       		.byte	0x7
 622 02c8 1801     		.2byte	0x118
 623 02ca 9E020000 		.4byte	0x29e
 624 02ce 00       		.byte	0
 625 02cf 0D       		.uleb128 0xd
 626 02d0 723500   		.ascii	"r5\000"
 627 02d3 07       		.byte	0x7
 628 02d4 1901     		.2byte	0x119
 629 02d6 9E020000 		.4byte	0x29e
 630 02da 04       		.byte	0x4
 631 02db 0D       		.uleb128 0xd
 632 02dc 723600   		.ascii	"r6\000"
 633 02df 07       		.byte	0x7
 634 02e0 1A01     		.2byte	0x11a
 635 02e2 9E020000 		.4byte	0x29e
 636 02e6 08       		.byte	0x8
 637 02e7 0D       		.uleb128 0xd
 638 02e8 723700   		.ascii	"r7\000"
 639 02eb 07       		.byte	0x7
 640 02ec 1B01     		.2byte	0x11b
 641 02ee 9E020000 		.4byte	0x29e
 642 02f2 0C       		.byte	0xc
 643 02f3 0D       		.uleb128 0xd
 644 02f4 723800   		.ascii	"r8\000"
 645 02f7 07       		.byte	0x7
 646 02f8 1C01     		.2byte	0x11c
 647 02fa 9E020000 		.4byte	0x29e
 648 02fe 10       		.byte	0x10
 649 02ff 0D       		.uleb128 0xd
 650 0300 723900   		.ascii	"r9\000"
 651 0303 07       		.byte	0x7
 652 0304 1D01     		.2byte	0x11d
 653 0306 9E020000 		.4byte	0x29e
 654 030a 14       		.byte	0x14
 655 030b 0D       		.uleb128 0xd
 656 030c 72313000 		.ascii	"r10\000"
 657 0310 07       		.byte	0x7
 658 0311 1E01     		.2byte	0x11e
 659 0313 9E020000 		.4byte	0x29e
 660 0317 18       		.byte	0x18
 661 0318 0D       		.uleb128 0xd
 662 0319 72313100 		.ascii	"r11\000"
 663 031d 07       		.byte	0x7
 664 031e 1F01     		.2byte	0x11f
 665 0320 9E020000 		.4byte	0x29e
 666 0324 1C       		.byte	0x1c
 667 0325 0D       		.uleb128 0xd
 668 0326 6C7200   		.ascii	"lr\000"
 669 0329 07       		.byte	0x7
 670 032a 2001     		.2byte	0x120
 671 032c 9E020000 		.4byte	0x29e
 672 0330 20       		.byte	0x20
 673 0331 00       		.byte	0
 674 0332 0C       		.uleb128 0xc
 675 0333 06020000 		.4byte	.LASF54
ARM GAS  /tmp/cc4yfWPT.s 			page 13


 676 0337 04       		.byte	0x4
 677 0338 07       		.byte	0x7
 678 0339 2A01     		.2byte	0x12a
 679 033b 4D030000 		.4byte	0x34d
 680 033f 0D       		.uleb128 0xd
 681 0340 72313300 		.ascii	"r13\000"
 682 0344 07       		.byte	0x7
 683 0345 2B01     		.2byte	0x12b
 684 0347 4D030000 		.4byte	0x34d
 685 034b 00       		.byte	0
 686 034c 00       		.byte	0
 687 034d 0A       		.uleb128 0xa
 688 034e 04       		.byte	0x4
 689 034f B6020000 		.4byte	0x2b6
 690 0353 03       		.uleb128 0x3
 691 0354 04       		.byte	0x4
 692 0355 07       		.byte	0x7
 693 0356 21030000 		.4byte	.LASF55
 694 035a 04       		.uleb128 0x4
 695 035b EF010000 		.4byte	.LASF56
 696 035f 08       		.byte	0x8
 697 0360 51       		.byte	0x51
 698 0361 65030000 		.4byte	0x365
 699 0365 0A       		.uleb128 0xa
 700 0366 04       		.byte	0x4
 701 0367 6B030000 		.4byte	0x36b
 702 036b 0E       		.uleb128 0xe
 703 036c 76030000 		.4byte	0x376
 704 0370 0F       		.uleb128 0xf
 705 0371 A9020000 		.4byte	0x2a9
 706 0375 00       		.byte	0
 707 0376 04       		.uleb128 0x4
 708 0377 7E040000 		.4byte	.LASF57
 709 037b 08       		.byte	0x8
 710 037c 56       		.byte	0x56
 711 037d 81030000 		.4byte	0x381
 712 0381 06       		.uleb128 0x6
 713 0382 7E040000 		.4byte	.LASF57
 714 0386 14       		.byte	0x14
 715 0387 08       		.byte	0x8
 716 0388 5D       		.byte	0x5d
 717 0389 CA030000 		.4byte	0x3ca
 718 038d 07       		.uleb128 0x7
 719 038e CC010000 		.4byte	.LASF58
 720 0392 08       		.byte	0x8
 721 0393 5E       		.byte	0x5e
 722 0394 CA030000 		.4byte	0x3ca
 723 0398 00       		.byte	0
 724 0399 07       		.uleb128 0x7
 725 039a 95010000 		.4byte	.LASF59
 726 039e 08       		.byte	0x8
 727 039f 60       		.byte	0x60
 728 03a0 CA030000 		.4byte	0x3ca
 729 03a4 04       		.byte	0x4
 730 03a5 07       		.uleb128 0x7
 731 03a6 86020000 		.4byte	.LASF60
 732 03aa 08       		.byte	0x8
ARM GAS  /tmp/cc4yfWPT.s 			page 14


 733 03ab 62       		.byte	0x62
 734 03ac 34010000 		.4byte	0x134
 735 03b0 08       		.byte	0x8
 736 03b1 07       		.uleb128 0x7
 737 03b2 61000000 		.4byte	.LASF61
 738 03b6 08       		.byte	0x8
 739 03b7 63       		.byte	0x63
 740 03b8 5A030000 		.4byte	0x35a
 741 03bc 0C       		.byte	0xc
 742 03bd 07       		.uleb128 0x7
 743 03be E3040000 		.4byte	.LASF62
 744 03c2 08       		.byte	0x8
 745 03c3 65       		.byte	0x65
 746 03c4 A9020000 		.4byte	0x2a9
 747 03c8 10       		.byte	0x10
 748 03c9 00       		.byte	0
 749 03ca 0A       		.uleb128 0xa
 750 03cb 04       		.byte	0x4
 751 03cc 76030000 		.4byte	0x376
 752 03d0 09       		.uleb128 0x9
 753 03d1 10       		.byte	0x10
 754 03d2 08       		.byte	0x8
 755 03d3 6F       		.byte	0x6f
 756 03d4 09040000 		.4byte	0x409
 757 03d8 07       		.uleb128 0x7
 758 03d9 CC010000 		.4byte	.LASF58
 759 03dd 08       		.byte	0x8
 760 03de 70       		.byte	0x70
 761 03df CA030000 		.4byte	0x3ca
 762 03e3 00       		.byte	0
 763 03e4 07       		.uleb128 0x7
 764 03e5 95010000 		.4byte	.LASF59
 765 03e9 08       		.byte	0x8
 766 03ea 72       		.byte	0x72
 767 03eb CA030000 		.4byte	0x3ca
 768 03ef 04       		.byte	0x4
 769 03f0 07       		.uleb128 0x7
 770 03f1 86020000 		.4byte	.LASF60
 771 03f5 08       		.byte	0x8
 772 03f6 74       		.byte	0x74
 773 03f7 34010000 		.4byte	0x134
 774 03fb 08       		.byte	0x8
 775 03fc 07       		.uleb128 0x7
 776 03fd 50050000 		.4byte	.LASF63
 777 0401 08       		.byte	0x8
 778 0402 75       		.byte	0x75
 779 0403 3F010000 		.4byte	0x13f
 780 0407 0C       		.byte	0xc
 781 0408 00       		.byte	0
 782 0409 04       		.uleb128 0x4
 783 040a 66050000 		.4byte	.LASF64
 784 040e 08       		.byte	0x8
 785 040f 76       		.byte	0x76
 786 0410 D0030000 		.4byte	0x3d0
 787 0414 10       		.uleb128 0x10
 788 0415 7C000000 		.4byte	.LASF72
 789 0419 08       		.byte	0x8
ARM GAS  /tmp/cc4yfWPT.s 			page 15


 790 041a EE       		.byte	0xee
 791 041b 09040000 		.4byte	0x409
 792 041f 09       		.uleb128 0x9
 793 0420 1C       		.byte	0x1c
 794 0421 09       		.byte	0x9
 795 0422 57       		.byte	0x57
 796 0423 70040000 		.4byte	0x470
 797 0427 07       		.uleb128 0x7
 798 0428 76040000 		.4byte	.LASF65
 799 042c 09       		.byte	0x9
 800 042d 58       		.byte	0x58
 801 042e 73020000 		.4byte	0x273
 802 0432 00       		.byte	0
 803 0433 07       		.uleb128 0x7
 804 0434 16040000 		.4byte	.LASF66
 805 0438 09       		.byte	0x9
 806 0439 59       		.byte	0x59
 807 043a 13010000 		.4byte	0x113
 808 043e 08       		.byte	0x8
 809 043f 07       		.uleb128 0x7
 810 0440 56030000 		.4byte	.LASF67
 811 0444 09       		.byte	0x9
 812 0445 5B       		.byte	0x5b
 813 0446 32030000 		.4byte	0x332
 814 044a 0C       		.byte	0xc
 815 044b 07       		.uleb128 0x7
 816 044c 27020000 		.4byte	.LASF68
 817 0450 09       		.byte	0x9
 818 0451 5E       		.byte	0x5e
 819 0452 6D020000 		.4byte	0x26d
 820 0456 10       		.byte	0x10
 821 0457 07       		.uleb128 0x7
 822 0458 7B030000 		.4byte	.LASF69
 823 045c 09       		.byte	0x9
 824 045d 5F       		.byte	0x5f
 825 045e 6D020000 		.4byte	0x26d
 826 0462 14       		.byte	0x14
 827 0463 07       		.uleb128 0x7
 828 0464 71030000 		.4byte	.LASF70
 829 0468 09       		.byte	0x9
 830 0469 62       		.byte	0x62
 831 046a 6D020000 		.4byte	0x26d
 832 046e 18       		.byte	0x18
 833 046f 00       		.byte	0
 834 0470 04       		.uleb128 0x4
 835 0471 03050000 		.4byte	.LASF71
 836 0475 09       		.byte	0x9
 837 0476 64       		.byte	0x64
 838 0477 1F040000 		.4byte	0x41f
 839 047b 10       		.uleb128 0x10
 840 047c 0D050000 		.4byte	.LASF73
 841 0480 09       		.byte	0x9
 842 0481 68       		.byte	0x68
 843 0482 70040000 		.4byte	0x470
 844 0486 06       		.uleb128 0x6
 845 0487 4F020000 		.4byte	.LASF74
 846 048b 10       		.byte	0x10
ARM GAS  /tmp/cc4yfWPT.s 			page 16


 847 048c 0A       		.byte	0xa
 848 048d 25       		.byte	0x25
 849 048e B7040000 		.4byte	0x4b7
 850 0492 07       		.uleb128 0x7
 851 0493 32010000 		.4byte	.LASF75
 852 0497 0A       		.byte	0xa
 853 0498 26       		.byte	0x26
 854 0499 73020000 		.4byte	0x273
 855 049d 00       		.byte	0
 856 049e 07       		.uleb128 0x7
 857 049f 6D050000 		.4byte	.LASF76
 858 04a3 0A       		.byte	0xa
 859 04a4 28       		.byte	0x28
 860 04a5 6D020000 		.4byte	0x26d
 861 04a9 08       		.byte	0x8
 862 04aa 07       		.uleb128 0x7
 863 04ab 9B040000 		.4byte	.LASF77
 864 04af 0A       		.byte	0xa
 865 04b0 2A       		.byte	0x2a
 866 04b1 B7040000 		.4byte	0x4b7
 867 04b5 0C       		.byte	0xc
 868 04b6 00       		.byte	0
 869 04b7 0A       		.uleb128 0xa
 870 04b8 04       		.byte	0x4
 871 04b9 86040000 		.4byte	0x486
 872 04bd 04       		.uleb128 0x4
 873 04be 4F020000 		.4byte	.LASF74
 874 04c2 0A       		.byte	0xa
 875 04c3 2C       		.byte	0x2c
 876 04c4 86040000 		.4byte	0x486
 877 04c8 11       		.uleb128 0x11
 878 04c9 04       		.byte	0x4
 879 04ca 06       		.byte	0x6
 880 04cb 8F       		.byte	0x8f
 881 04cc FD040000 		.4byte	0x4fd
 882 04d0 12       		.uleb128 0x12
 883 04d1 F5040000 		.4byte	.LASF78
 884 04d5 06       		.byte	0x6
 885 04d6 96       		.byte	0x96
 886 04d7 1E010000 		.4byte	0x11e
 887 04db 12       		.uleb128 0x12
 888 04dc BB000000 		.4byte	.LASF79
 889 04e0 06       		.byte	0x6
 890 04e1 9D       		.byte	0x9d
 891 04e2 1E010000 		.4byte	0x11e
 892 04e6 12       		.uleb128 0x12
 893 04e7 42050000 		.4byte	.LASF80
 894 04eb 06       		.byte	0x6
 895 04ec A4       		.byte	0xa4
 896 04ed A9020000 		.4byte	0x2a9
 897 04f1 12       		.uleb128 0x12
 898 04f2 1D040000 		.4byte	.LASF81
 899 04f6 06       		.byte	0x6
 900 04f7 AB       		.byte	0xab
 901 04f8 29010000 		.4byte	0x129
 902 04fc 00       		.byte	0
 903 04fd 0A       		.uleb128 0xa
ARM GAS  /tmp/cc4yfWPT.s 			page 17


 904 04fe 04       		.byte	0x4
 905 04ff 0A050000 		.4byte	0x50a
 906 0503 03       		.uleb128 0x3
 907 0504 01       		.byte	0x1
 908 0505 08       		.byte	0x8
 909 0506 8B040000 		.4byte	.LASF82
 910 050a 13       		.uleb128 0x13
 911 050b 03050000 		.4byte	0x503
 912 050f 0A       		.uleb128 0xa
 913 0510 04       		.byte	0x4
 914 0511 BD040000 		.4byte	0x4bd
 915 0515 04       		.uleb128 0x4
 916 0516 00000000 		.4byte	.LASF83
 917 051a 06       		.byte	0x6
 918 051b DE       		.byte	0xde
 919 051c 20050000 		.4byte	0x520
 920 0520 0A       		.uleb128 0xa
 921 0521 04       		.byte	0x4
 922 0522 26050000 		.4byte	0x526
 923 0526 14       		.uleb128 0x14
 924 0527 1E010000 		.4byte	0x11e
 925 052b 35050000 		.4byte	0x535
 926 052f 0F       		.uleb128 0xf
 927 0530 A9020000 		.4byte	0x2a9
 928 0534 00       		.byte	0
 929 0535 09       		.uleb128 0x9
 930 0536 16       		.byte	0x16
 931 0537 0B       		.byte	0xb
 932 0538 25       		.byte	0x25
 933 0539 16060000 		.4byte	0x616
 934 053d 07       		.uleb128 0x7
 935 053e F8010000 		.4byte	.LASF84
 936 0542 0B       		.byte	0xb
 937 0543 26       		.byte	0x26
 938 0544 16060000 		.4byte	0x616
 939 0548 00       		.byte	0
 940 0549 07       		.uleb128 0x7
 941 054a 72020000 		.4byte	.LASF85
 942 054e 0B       		.byte	0xb
 943 054f 27       		.byte	0x27
 944 0550 A9000000 		.4byte	0xa9
 945 0554 04       		.byte	0x4
 946 0555 07       		.uleb128 0x7
 947 0556 69030000 		.4byte	.LASF86
 948 055a 0B       		.byte	0xb
 949 055b 28       		.byte	0x28
 950 055c A9000000 		.4byte	0xa9
 951 0560 05       		.byte	0x5
 952 0561 07       		.uleb128 0x7
 953 0562 5B050000 		.4byte	.LASF87
 954 0566 0B       		.byte	0xb
 955 0567 29       		.byte	0x29
 956 0568 B4000000 		.4byte	0xb4
 957 056c 06       		.byte	0x6
 958 056d 07       		.uleb128 0x7
 959 056e A3030000 		.4byte	.LASF88
 960 0572 0B       		.byte	0xb
ARM GAS  /tmp/cc4yfWPT.s 			page 18


 961 0573 2A       		.byte	0x2a
 962 0574 A9000000 		.4byte	0xa9
 963 0578 08       		.byte	0x8
 964 0579 07       		.uleb128 0x7
 965 057a 36030000 		.4byte	.LASF89
 966 057e 0B       		.byte	0xb
 967 057f 2B       		.byte	0x2b
 968 0580 A9000000 		.4byte	0xa9
 969 0584 09       		.byte	0x9
 970 0585 07       		.uleb128 0x7
 971 0586 AD000000 		.4byte	.LASF90
 972 058a 0B       		.byte	0xb
 973 058b 2C       		.byte	0x2c
 974 058c A9000000 		.4byte	0xa9
 975 0590 0A       		.byte	0xa
 976 0591 07       		.uleb128 0x7
 977 0592 6A040000 		.4byte	.LASF91
 978 0596 0B       		.byte	0xb
 979 0597 2D       		.byte	0x2d
 980 0598 A9000000 		.4byte	0xa9
 981 059c 0B       		.byte	0xb
 982 059d 07       		.uleb128 0x7
 983 059e EA040000 		.4byte	.LASF92
 984 05a2 0B       		.byte	0xb
 985 05a3 2E       		.byte	0x2e
 986 05a4 A9000000 		.4byte	0xa9
 987 05a8 0C       		.byte	0xc
 988 05a9 07       		.uleb128 0x7
 989 05aa 49040000 		.4byte	.LASF93
 990 05ae 0B       		.byte	0xb
 991 05af 2F       		.byte	0x2f
 992 05b0 A9000000 		.4byte	0xa9
 993 05b4 0D       		.byte	0xd
 994 05b5 07       		.uleb128 0x7
 995 05b6 08000000 		.4byte	.LASF94
 996 05ba 0B       		.byte	0xb
 997 05bb 30       		.byte	0x30
 998 05bc A9000000 		.4byte	0xa9
 999 05c0 0E       		.byte	0xe
 1000 05c1 07       		.uleb128 0x7
 1001 05c2 42030000 		.4byte	.LASF95
 1002 05c6 0B       		.byte	0xb
 1003 05c7 31       		.byte	0x31
 1004 05c8 A9000000 		.4byte	0xa9
 1005 05cc 0F       		.byte	0xf
 1006 05cd 07       		.uleb128 0x7
 1007 05ce 0D010000 		.4byte	.LASF96
 1008 05d2 0B       		.byte	0xb
 1009 05d3 32       		.byte	0x32
 1010 05d4 A9000000 		.4byte	0xa9
 1011 05d8 10       		.byte	0x10
 1012 05d9 07       		.uleb128 0x7
 1013 05da D6000000 		.4byte	.LASF97
 1014 05de 0B       		.byte	0xb
 1015 05df 34       		.byte	0x34
 1016 05e0 A9000000 		.4byte	0xa9
 1017 05e4 11       		.byte	0x11
ARM GAS  /tmp/cc4yfWPT.s 			page 19


 1018 05e5 07       		.uleb128 0x7
 1019 05e6 1D010000 		.4byte	.LASF98
 1020 05ea 0B       		.byte	0xb
 1021 05eb 35       		.byte	0x35
 1022 05ec A9000000 		.4byte	0xa9
 1023 05f0 12       		.byte	0x12
 1024 05f1 07       		.uleb128 0x7
 1025 05f2 7A020000 		.4byte	.LASF99
 1026 05f6 0B       		.byte	0xb
 1027 05f7 36       		.byte	0x36
 1028 05f8 A9000000 		.4byte	0xa9
 1029 05fc 13       		.byte	0x13
 1030 05fd 07       		.uleb128 0x7
 1031 05fe 2B040000 		.4byte	.LASF100
 1032 0602 0B       		.byte	0xb
 1033 0603 37       		.byte	0x37
 1034 0604 A9000000 		.4byte	0xa9
 1035 0608 14       		.byte	0x14
 1036 0609 07       		.uleb128 0x7
 1037 060a 0A040000 		.4byte	.LASF101
 1038 060e 0B       		.byte	0xb
 1039 060f 39       		.byte	0x39
 1040 0610 A9000000 		.4byte	0xa9
 1041 0614 15       		.byte	0x15
 1042 0615 00       		.byte	0
 1043 0616 15       		.uleb128 0x15
 1044 0617 03050000 		.4byte	0x503
 1045 061b 26060000 		.4byte	0x626
 1046 061f 16       		.uleb128 0x16
 1047 0620 53030000 		.4byte	0x353
 1048 0624 03       		.byte	0x3
 1049 0625 00       		.byte	0
 1050 0626 04       		.uleb128 0x4
 1051 0627 5F010000 		.4byte	.LASF102
 1052 062b 0B       		.byte	0xb
 1053 062c 3A       		.byte	0x3a
 1054 062d 35050000 		.4byte	0x535
 1055 0631 13       		.uleb128 0x13
 1056 0632 26060000 		.4byte	0x626
 1057 0636 10       		.uleb128 0x10
 1058 0637 E6010000 		.4byte	.LASF103
 1059 063b 0B       		.byte	0xb
 1060 063c 77       		.byte	0x77
 1061 063d 31060000 		.4byte	0x631
 1062 0641 15       		.uleb128 0x15
 1063 0642 AB020000 		.4byte	0x2ab
 1064 0646 51060000 		.4byte	0x651
 1065 064a 16       		.uleb128 0x16
 1066 064b 53030000 		.4byte	0x353
 1067 064f 17       		.byte	0x17
 1068 0650 00       		.byte	0
 1069 0651 10       		.uleb128 0x10
 1070 0652 71010000 		.4byte	.LASF104
 1071 0656 0C       		.byte	0xc
 1072 0657 82       		.byte	0x82
 1073 0658 41060000 		.4byte	0x641
 1074 065c 17       		.uleb128 0x17
ARM GAS  /tmp/cc4yfWPT.s 			page 20


 1075 065d 51060000 		.4byte	0x651
 1076 0661 01       		.byte	0x1
 1077 0662 2A       		.byte	0x2a
 1078 0663 05       		.uleb128 0x5
 1079 0664 03       		.byte	0x3
 1080 0665 00000000 		.4byte	_idle_thread_wa
 1081 0669 18       		.uleb128 0x18
 1082 066a 83000000 		.4byte	.LASF105
 1083 066e 01       		.byte	0x1
 1084 066f 82       		.byte	0x82
 1085 0670 00000000 		.4byte	.LFB9
 1086 0674 58000000 		.4byte	.LFE9-.LFB9
 1087 0678 01       		.uleb128 0x1
 1088 0679 9C       		.byte	0x9c
 1089 067a EA060000 		.4byte	0x6ea
 1090 067e 19       		.uleb128 0x19
 1091 067f 22000000 		.4byte	.LBB3
 1092 0683 36000000 		.4byte	.LBE3-.LBB3
 1093 0687 1A       		.uleb128 0x1a
 1094 0688 76747000 		.ascii	"vtp\000"
 1095 068c 01       		.byte	0x1
 1096 068d 8F       		.byte	0x8f
 1097 068e CA030000 		.4byte	0x3ca
 1098 0692 00000000 		.4byte	.LLST0
 1099 0696 19       		.uleb128 0x19
 1100 0697 2A000000 		.4byte	.LBB4
 1101 069b 1A000000 		.4byte	.LBE4-.LBB4
 1102 069f 1A       		.uleb128 0x1a
 1103 06a0 666E00   		.ascii	"fn\000"
 1104 06a3 01       		.byte	0x1
 1105 06a4 8F       		.byte	0x8f
 1106 06a5 5A030000 		.4byte	0x35a
 1107 06a9 1E000000 		.4byte	.LLST1
 1108 06ad 1B       		.uleb128 0x1b
 1109 06ae 00000000 		.4byte	.Ldebug_ranges0+0
 1110 06b2 C4060000 		.4byte	0x6c4
 1111 06b6 1C       		.uleb128 0x1c
 1112 06b7 746D7000 		.ascii	"tmp\000"
 1113 06bb 01       		.byte	0x1
 1114 06bc 8F       		.byte	0x8f
 1115 06bd CA000000 		.4byte	0xca
 1116 06c1 01       		.uleb128 0x1
 1117 06c2 53       		.byte	0x53
 1118 06c3 00       		.byte	0
 1119 06c4 1D       		.uleb128 0x1d
 1120 06c5 3E000000 		.4byte	.LBB7
 1121 06c9 06000000 		.4byte	.LBE7-.LBB7
 1122 06cd DF060000 		.4byte	0x6df
 1123 06d1 1C       		.uleb128 0x1c
 1124 06d2 746D7000 		.ascii	"tmp\000"
 1125 06d6 01       		.byte	0x1
 1126 06d7 8F       		.byte	0x8f
 1127 06d8 CA000000 		.4byte	0xca
 1128 06dc 01       		.uleb128 0x1
 1129 06dd 53       		.byte	0x53
 1130 06de 00       		.byte	0
 1131 06df 1E       		.uleb128 0x1e
ARM GAS  /tmp/cc4yfWPT.s 			page 21


 1132 06e0 3E000000 		.4byte	.LVL10
 1133 06e4 02       		.uleb128 0x2
 1134 06e5 75       		.byte	0x75
 1135 06e6 00       		.sleb128 0
 1136 06e7 00       		.byte	0
 1137 06e8 00       		.byte	0
 1138 06e9 00       		.byte	0
 1139 06ea 18       		.uleb128 0x18
 1140 06eb 9D010000 		.4byte	.LASF106
 1141 06ef 01       		.byte	0x1
 1142 06f0 4D       		.byte	0x4d
 1143 06f1 00000000 		.4byte	.LFB8
 1144 06f5 60000000 		.4byte	.LFE8-.LFB8
 1145 06f9 01       		.uleb128 0x1
 1146 06fa 9C       		.byte	0x9c
 1147 06fb A3070000 		.4byte	0x7a3
 1148 06ff 1F       		.uleb128 0x1f
 1149 0700 C4000000 		.4byte	.LASF107
 1150 0704 01       		.byte	0x1
 1151 0705 4E       		.byte	0x4e
 1152 0706 44010000 		.4byte	0x144
 1153 070a 05       		.uleb128 0x5
 1154 070b 03       		.byte	0x3
 1155 070c 00000000 		.4byte	mainthread.4853
 1156 0710 1D       		.uleb128 0x1d
 1157 0711 28000000 		.4byte	.LBB2
 1158 0715 08000000 		.4byte	.LBE2-.LBB2
 1159 0719 2B070000 		.4byte	0x72b
 1160 071d 1C       		.uleb128 0x1c
 1161 071e 746D7000 		.ascii	"tmp\000"
 1162 0722 01       		.byte	0x1
 1163 0723 68       		.byte	0x68
 1164 0724 CA000000 		.4byte	0xca
 1165 0728 01       		.uleb128 0x1
 1166 0729 53       		.byte	0x53
 1167 072a 00       		.byte	0
 1168 072b 20       		.uleb128 0x20
 1169 072c 08000000 		.4byte	.LVL1
 1170 0730 C4070000 		.4byte	0x7c4
 1171 0734 20       		.uleb128 0x20
 1172 0735 0C000000 		.4byte	.LVL2
 1173 0739 D0070000 		.4byte	0x7d0
 1174 073d 20       		.uleb128 0x20
 1175 073e 10000000 		.4byte	.LVL3
 1176 0742 DB070000 		.4byte	0x7db
 1177 0746 20       		.uleb128 0x20
 1178 0747 14000000 		.4byte	.LVL4
 1179 074b E6070000 		.4byte	0x7e6
 1180 074f 20       		.uleb128 0x20
 1181 0750 18000000 		.4byte	.LVL5
 1182 0754 F1070000 		.4byte	0x7f1
 1183 0758 21       		.uleb128 0x21
 1184 0759 20000000 		.4byte	.LVL6
 1185 075d FC070000 		.4byte	0x7fc
 1186 0761 75070000 		.4byte	0x775
 1187 0765 22       		.uleb128 0x22
 1188 0766 01       		.uleb128 0x1
ARM GAS  /tmp/cc4yfWPT.s 			page 22


 1189 0767 50       		.byte	0x50
 1190 0768 05       		.uleb128 0x5
 1191 0769 03       		.byte	0x3
 1192 076a 00000000 		.4byte	.LANCHOR0
 1193 076e 22       		.uleb128 0x22
 1194 076f 01       		.uleb128 0x1
 1195 0770 51       		.byte	0x51
 1196 0771 02       		.uleb128 0x2
 1197 0772 08       		.byte	0x8
 1198 0773 40       		.byte	0x40
 1199 0774 00       		.byte	0
 1200 0775 23       		.uleb128 0x23
 1201 0776 44000000 		.4byte	.LVL7
 1202 077a 08080000 		.4byte	0x808
 1203 077e 22       		.uleb128 0x22
 1204 077f 01       		.uleb128 0x1
 1205 0780 50       		.byte	0x50
 1206 0781 05       		.uleb128 0x5
 1207 0782 03       		.byte	0x3
 1208 0783 00000000 		.4byte	.LANCHOR1
 1209 0787 22       		.uleb128 0x22
 1210 0788 01       		.uleb128 0x1
 1211 0789 51       		.byte	0x51
 1212 078a 02       		.uleb128 0x2
 1213 078b 08       		.byte	0x8
 1214 078c C0       		.byte	0xc0
 1215 078d 22       		.uleb128 0x22
 1216 078e 01       		.uleb128 0x1
 1217 078f 52       		.byte	0x52
 1218 0790 01       		.uleb128 0x1
 1219 0791 31       		.byte	0x31
 1220 0792 22       		.uleb128 0x22
 1221 0793 01       		.uleb128 0x1
 1222 0794 53       		.byte	0x53
 1223 0795 05       		.uleb128 0x5
 1224 0796 03       		.byte	0x3
 1225 0797 00000000 		.4byte	_idle_thread
 1226 079b 22       		.uleb128 0x22
 1227 079c 02       		.uleb128 0x2
 1228 079d 7D       		.byte	0x7d
 1229 079e 00       		.sleb128 0
 1230 079f 01       		.uleb128 0x1
 1231 07a0 30       		.byte	0x30
 1232 07a1 00       		.byte	0
 1233 07a2 00       		.byte	0
 1234 07a3 18       		.uleb128 0x18
 1235 07a4 83030000 		.4byte	.LASF108
 1236 07a8 01       		.byte	0x1
 1237 07a9 36       		.byte	0x36
 1238 07aa 00000000 		.4byte	.LFB7
 1239 07ae 14000000 		.4byte	.LFE7-.LFB7
 1240 07b2 01       		.uleb128 0x1
 1241 07b3 9C       		.byte	0x9c
 1242 07b4 C4070000 		.4byte	0x7c4
 1243 07b8 24       		.uleb128 0x24
 1244 07b9 7000     		.ascii	"p\000"
 1245 07bb 01       		.byte	0x1
ARM GAS  /tmp/cc4yfWPT.s 			page 23


 1246 07bc 36       		.byte	0x36
 1247 07bd A9020000 		.4byte	0x2a9
 1248 07c1 01       		.uleb128 0x1
 1249 07c2 50       		.byte	0x50
 1250 07c3 00       		.byte	0
 1251 07c4 25       		.uleb128 0x25
 1252 07c5 37050000 		.4byte	.LASF109
 1253 07c9 37050000 		.4byte	.LASF109
 1254 07cd 07       		.byte	0x7
 1255 07ce FB01     		.2byte	0x1fb
 1256 07d0 26       		.uleb128 0x26
 1257 07d1 E3000000 		.4byte	.LASF110
 1258 07d5 E3000000 		.4byte	.LASF110
 1259 07d9 09       		.byte	0x9
 1260 07da 87       		.byte	0x87
 1261 07db 26       		.uleb128 0x26
 1262 07dc C1040000 		.4byte	.LASF111
 1263 07e0 C1040000 		.4byte	.LASF111
 1264 07e4 08       		.byte	0x8
 1265 07e5 F6       		.byte	0xf6
 1266 07e6 26       		.uleb128 0x26
 1267 07e7 D9030000 		.4byte	.LASF112
 1268 07eb D9030000 		.4byte	.LASF112
 1269 07ef 0D       		.byte	0xd
 1270 07f0 4A       		.byte	0x4a
 1271 07f1 26       		.uleb128 0x26
 1272 07f2 A7010000 		.4byte	.LASF113
 1273 07f6 A7010000 		.4byte	.LASF113
 1274 07fa 0E       		.byte	0xe
 1275 07fb 4E       		.byte	0x4e
 1276 07fc 25       		.uleb128 0x25
 1277 07fd BF010000 		.4byte	.LASF114
 1278 0801 BF010000 		.4byte	.LASF114
 1279 0805 06       		.byte	0x6
 1280 0806 6301     		.2byte	0x163
 1281 0808 25       		.uleb128 0x25
 1282 0809 60020000 		.4byte	.LASF115
 1283 080d 60020000 		.4byte	.LASF115
 1284 0811 06       		.byte	0x6
 1285 0812 6901     		.2byte	0x169
 1286 0814 00       		.byte	0
 1287              		.section	.debug_abbrev,"",%progbits
 1288              	.Ldebug_abbrev0:
 1289 0000 01       		.uleb128 0x1
 1290 0001 11       		.uleb128 0x11
 1291 0002 01       		.byte	0x1
 1292 0003 25       		.uleb128 0x25
 1293 0004 0E       		.uleb128 0xe
 1294 0005 13       		.uleb128 0x13
 1295 0006 0B       		.uleb128 0xb
 1296 0007 03       		.uleb128 0x3
 1297 0008 0E       		.uleb128 0xe
 1298 0009 1B       		.uleb128 0x1b
 1299 000a 0E       		.uleb128 0xe
 1300 000b 55       		.uleb128 0x55
 1301 000c 17       		.uleb128 0x17
 1302 000d 11       		.uleb128 0x11
ARM GAS  /tmp/cc4yfWPT.s 			page 24


 1303 000e 01       		.uleb128 0x1
 1304 000f 10       		.uleb128 0x10
 1305 0010 17       		.uleb128 0x17
 1306 0011 00       		.byte	0
 1307 0012 00       		.byte	0
 1308 0013 02       		.uleb128 0x2
 1309 0014 24       		.uleb128 0x24
 1310 0015 00       		.byte	0
 1311 0016 0B       		.uleb128 0xb
 1312 0017 0B       		.uleb128 0xb
 1313 0018 3E       		.uleb128 0x3e
 1314 0019 0B       		.uleb128 0xb
 1315 001a 03       		.uleb128 0x3
 1316 001b 08       		.uleb128 0x8
 1317 001c 00       		.byte	0
 1318 001d 00       		.byte	0
 1319 001e 03       		.uleb128 0x3
 1320 001f 24       		.uleb128 0x24
 1321 0020 00       		.byte	0
 1322 0021 0B       		.uleb128 0xb
 1323 0022 0B       		.uleb128 0xb
 1324 0023 3E       		.uleb128 0x3e
 1325 0024 0B       		.uleb128 0xb
 1326 0025 03       		.uleb128 0x3
 1327 0026 0E       		.uleb128 0xe
 1328 0027 00       		.byte	0
 1329 0028 00       		.byte	0
 1330 0029 04       		.uleb128 0x4
 1331 002a 16       		.uleb128 0x16
 1332 002b 00       		.byte	0
 1333 002c 03       		.uleb128 0x3
 1334 002d 0E       		.uleb128 0xe
 1335 002e 3A       		.uleb128 0x3a
 1336 002f 0B       		.uleb128 0xb
 1337 0030 3B       		.uleb128 0x3b
 1338 0031 0B       		.uleb128 0xb
 1339 0032 49       		.uleb128 0x49
 1340 0033 13       		.uleb128 0x13
 1341 0034 00       		.byte	0
 1342 0035 00       		.byte	0
 1343 0036 05       		.uleb128 0x5
 1344 0037 35       		.uleb128 0x35
 1345 0038 00       		.byte	0
 1346 0039 49       		.uleb128 0x49
 1347 003a 13       		.uleb128 0x13
 1348 003b 00       		.byte	0
 1349 003c 00       		.byte	0
 1350 003d 06       		.uleb128 0x6
 1351 003e 13       		.uleb128 0x13
 1352 003f 01       		.byte	0x1
 1353 0040 03       		.uleb128 0x3
 1354 0041 0E       		.uleb128 0xe
 1355 0042 0B       		.uleb128 0xb
 1356 0043 0B       		.uleb128 0xb
 1357 0044 3A       		.uleb128 0x3a
 1358 0045 0B       		.uleb128 0xb
 1359 0046 3B       		.uleb128 0x3b
ARM GAS  /tmp/cc4yfWPT.s 			page 25


 1360 0047 0B       		.uleb128 0xb
 1361 0048 01       		.uleb128 0x1
 1362 0049 13       		.uleb128 0x13
 1363 004a 00       		.byte	0
 1364 004b 00       		.byte	0
 1365 004c 07       		.uleb128 0x7
 1366 004d 0D       		.uleb128 0xd
 1367 004e 00       		.byte	0
 1368 004f 03       		.uleb128 0x3
 1369 0050 0E       		.uleb128 0xe
 1370 0051 3A       		.uleb128 0x3a
 1371 0052 0B       		.uleb128 0xb
 1372 0053 3B       		.uleb128 0x3b
 1373 0054 0B       		.uleb128 0xb
 1374 0055 49       		.uleb128 0x49
 1375 0056 13       		.uleb128 0x13
 1376 0057 38       		.uleb128 0x38
 1377 0058 0B       		.uleb128 0xb
 1378 0059 00       		.byte	0
 1379 005a 00       		.byte	0
 1380 005b 08       		.uleb128 0x8
 1381 005c 0D       		.uleb128 0xd
 1382 005d 00       		.byte	0
 1383 005e 03       		.uleb128 0x3
 1384 005f 08       		.uleb128 0x8
 1385 0060 3A       		.uleb128 0x3a
 1386 0061 0B       		.uleb128 0xb
 1387 0062 3B       		.uleb128 0x3b
 1388 0063 0B       		.uleb128 0xb
 1389 0064 49       		.uleb128 0x49
 1390 0065 13       		.uleb128 0x13
 1391 0066 38       		.uleb128 0x38
 1392 0067 0B       		.uleb128 0xb
 1393 0068 00       		.byte	0
 1394 0069 00       		.byte	0
 1395 006a 09       		.uleb128 0x9
 1396 006b 13       		.uleb128 0x13
 1397 006c 01       		.byte	0x1
 1398 006d 0B       		.uleb128 0xb
 1399 006e 0B       		.uleb128 0xb
 1400 006f 3A       		.uleb128 0x3a
 1401 0070 0B       		.uleb128 0xb
 1402 0071 3B       		.uleb128 0x3b
 1403 0072 0B       		.uleb128 0xb
 1404 0073 01       		.uleb128 0x1
 1405 0074 13       		.uleb128 0x13
 1406 0075 00       		.byte	0
 1407 0076 00       		.byte	0
 1408 0077 0A       		.uleb128 0xa
 1409 0078 0F       		.uleb128 0xf
 1410 0079 00       		.byte	0
 1411 007a 0B       		.uleb128 0xb
 1412 007b 0B       		.uleb128 0xb
 1413 007c 49       		.uleb128 0x49
 1414 007d 13       		.uleb128 0x13
 1415 007e 00       		.byte	0
 1416 007f 00       		.byte	0
ARM GAS  /tmp/cc4yfWPT.s 			page 26


 1417 0080 0B       		.uleb128 0xb
 1418 0081 0F       		.uleb128 0xf
 1419 0082 00       		.byte	0
 1420 0083 0B       		.uleb128 0xb
 1421 0084 0B       		.uleb128 0xb
 1422 0085 00       		.byte	0
 1423 0086 00       		.byte	0
 1424 0087 0C       		.uleb128 0xc
 1425 0088 13       		.uleb128 0x13
 1426 0089 01       		.byte	0x1
 1427 008a 03       		.uleb128 0x3
 1428 008b 0E       		.uleb128 0xe
 1429 008c 0B       		.uleb128 0xb
 1430 008d 0B       		.uleb128 0xb
 1431 008e 3A       		.uleb128 0x3a
 1432 008f 0B       		.uleb128 0xb
 1433 0090 3B       		.uleb128 0x3b
 1434 0091 05       		.uleb128 0x5
 1435 0092 01       		.uleb128 0x1
 1436 0093 13       		.uleb128 0x13
 1437 0094 00       		.byte	0
 1438 0095 00       		.byte	0
 1439 0096 0D       		.uleb128 0xd
 1440 0097 0D       		.uleb128 0xd
 1441 0098 00       		.byte	0
 1442 0099 03       		.uleb128 0x3
 1443 009a 08       		.uleb128 0x8
 1444 009b 3A       		.uleb128 0x3a
 1445 009c 0B       		.uleb128 0xb
 1446 009d 3B       		.uleb128 0x3b
 1447 009e 05       		.uleb128 0x5
 1448 009f 49       		.uleb128 0x49
 1449 00a0 13       		.uleb128 0x13
 1450 00a1 38       		.uleb128 0x38
 1451 00a2 0B       		.uleb128 0xb
 1452 00a3 00       		.byte	0
 1453 00a4 00       		.byte	0
 1454 00a5 0E       		.uleb128 0xe
 1455 00a6 15       		.uleb128 0x15
 1456 00a7 01       		.byte	0x1
 1457 00a8 27       		.uleb128 0x27
 1458 00a9 19       		.uleb128 0x19
 1459 00aa 01       		.uleb128 0x1
 1460 00ab 13       		.uleb128 0x13
 1461 00ac 00       		.byte	0
 1462 00ad 00       		.byte	0
 1463 00ae 0F       		.uleb128 0xf
 1464 00af 05       		.uleb128 0x5
 1465 00b0 00       		.byte	0
 1466 00b1 49       		.uleb128 0x49
 1467 00b2 13       		.uleb128 0x13
 1468 00b3 00       		.byte	0
 1469 00b4 00       		.byte	0
 1470 00b5 10       		.uleb128 0x10
 1471 00b6 34       		.uleb128 0x34
 1472 00b7 00       		.byte	0
 1473 00b8 03       		.uleb128 0x3
ARM GAS  /tmp/cc4yfWPT.s 			page 27


 1474 00b9 0E       		.uleb128 0xe
 1475 00ba 3A       		.uleb128 0x3a
 1476 00bb 0B       		.uleb128 0xb
 1477 00bc 3B       		.uleb128 0x3b
 1478 00bd 0B       		.uleb128 0xb
 1479 00be 49       		.uleb128 0x49
 1480 00bf 13       		.uleb128 0x13
 1481 00c0 3F       		.uleb128 0x3f
 1482 00c1 19       		.uleb128 0x19
 1483 00c2 3C       		.uleb128 0x3c
 1484 00c3 19       		.uleb128 0x19
 1485 00c4 00       		.byte	0
 1486 00c5 00       		.byte	0
 1487 00c6 11       		.uleb128 0x11
 1488 00c7 17       		.uleb128 0x17
 1489 00c8 01       		.byte	0x1
 1490 00c9 0B       		.uleb128 0xb
 1491 00ca 0B       		.uleb128 0xb
 1492 00cb 3A       		.uleb128 0x3a
 1493 00cc 0B       		.uleb128 0xb
 1494 00cd 3B       		.uleb128 0x3b
 1495 00ce 0B       		.uleb128 0xb
 1496 00cf 01       		.uleb128 0x1
 1497 00d0 13       		.uleb128 0x13
 1498 00d1 00       		.byte	0
 1499 00d2 00       		.byte	0
 1500 00d3 12       		.uleb128 0x12
 1501 00d4 0D       		.uleb128 0xd
 1502 00d5 00       		.byte	0
 1503 00d6 03       		.uleb128 0x3
 1504 00d7 0E       		.uleb128 0xe
 1505 00d8 3A       		.uleb128 0x3a
 1506 00d9 0B       		.uleb128 0xb
 1507 00da 3B       		.uleb128 0x3b
 1508 00db 0B       		.uleb128 0xb
 1509 00dc 49       		.uleb128 0x49
 1510 00dd 13       		.uleb128 0x13
 1511 00de 00       		.byte	0
 1512 00df 00       		.byte	0
 1513 00e0 13       		.uleb128 0x13
 1514 00e1 26       		.uleb128 0x26
 1515 00e2 00       		.byte	0
 1516 00e3 49       		.uleb128 0x49
 1517 00e4 13       		.uleb128 0x13
 1518 00e5 00       		.byte	0
 1519 00e6 00       		.byte	0
 1520 00e7 14       		.uleb128 0x14
 1521 00e8 15       		.uleb128 0x15
 1522 00e9 01       		.byte	0x1
 1523 00ea 27       		.uleb128 0x27
 1524 00eb 19       		.uleb128 0x19
 1525 00ec 49       		.uleb128 0x49
 1526 00ed 13       		.uleb128 0x13
 1527 00ee 01       		.uleb128 0x1
 1528 00ef 13       		.uleb128 0x13
 1529 00f0 00       		.byte	0
 1530 00f1 00       		.byte	0
ARM GAS  /tmp/cc4yfWPT.s 			page 28


 1531 00f2 15       		.uleb128 0x15
 1532 00f3 01       		.uleb128 0x1
 1533 00f4 01       		.byte	0x1
 1534 00f5 49       		.uleb128 0x49
 1535 00f6 13       		.uleb128 0x13
 1536 00f7 01       		.uleb128 0x1
 1537 00f8 13       		.uleb128 0x13
 1538 00f9 00       		.byte	0
 1539 00fa 00       		.byte	0
 1540 00fb 16       		.uleb128 0x16
 1541 00fc 21       		.uleb128 0x21
 1542 00fd 00       		.byte	0
 1543 00fe 49       		.uleb128 0x49
 1544 00ff 13       		.uleb128 0x13
 1545 0100 2F       		.uleb128 0x2f
 1546 0101 0B       		.uleb128 0xb
 1547 0102 00       		.byte	0
 1548 0103 00       		.byte	0
 1549 0104 17       		.uleb128 0x17
 1550 0105 34       		.uleb128 0x34
 1551 0106 00       		.byte	0
 1552 0107 47       		.uleb128 0x47
 1553 0108 13       		.uleb128 0x13
 1554 0109 3A       		.uleb128 0x3a
 1555 010a 0B       		.uleb128 0xb
 1556 010b 3B       		.uleb128 0x3b
 1557 010c 0B       		.uleb128 0xb
 1558 010d 02       		.uleb128 0x2
 1559 010e 18       		.uleb128 0x18
 1560 010f 00       		.byte	0
 1561 0110 00       		.byte	0
 1562 0111 18       		.uleb128 0x18
 1563 0112 2E       		.uleb128 0x2e
 1564 0113 01       		.byte	0x1
 1565 0114 3F       		.uleb128 0x3f
 1566 0115 19       		.uleb128 0x19
 1567 0116 03       		.uleb128 0x3
 1568 0117 0E       		.uleb128 0xe
 1569 0118 3A       		.uleb128 0x3a
 1570 0119 0B       		.uleb128 0xb
 1571 011a 3B       		.uleb128 0x3b
 1572 011b 0B       		.uleb128 0xb
 1573 011c 27       		.uleb128 0x27
 1574 011d 19       		.uleb128 0x19
 1575 011e 11       		.uleb128 0x11
 1576 011f 01       		.uleb128 0x1
 1577 0120 12       		.uleb128 0x12
 1578 0121 06       		.uleb128 0x6
 1579 0122 40       		.uleb128 0x40
 1580 0123 18       		.uleb128 0x18
 1581 0124 9742     		.uleb128 0x2117
 1582 0126 19       		.uleb128 0x19
 1583 0127 01       		.uleb128 0x1
 1584 0128 13       		.uleb128 0x13
 1585 0129 00       		.byte	0
 1586 012a 00       		.byte	0
 1587 012b 19       		.uleb128 0x19
ARM GAS  /tmp/cc4yfWPT.s 			page 29


 1588 012c 0B       		.uleb128 0xb
 1589 012d 01       		.byte	0x1
 1590 012e 11       		.uleb128 0x11
 1591 012f 01       		.uleb128 0x1
 1592 0130 12       		.uleb128 0x12
 1593 0131 06       		.uleb128 0x6
 1594 0132 00       		.byte	0
 1595 0133 00       		.byte	0
 1596 0134 1A       		.uleb128 0x1a
 1597 0135 34       		.uleb128 0x34
 1598 0136 00       		.byte	0
 1599 0137 03       		.uleb128 0x3
 1600 0138 08       		.uleb128 0x8
 1601 0139 3A       		.uleb128 0x3a
 1602 013a 0B       		.uleb128 0xb
 1603 013b 3B       		.uleb128 0x3b
 1604 013c 0B       		.uleb128 0xb
 1605 013d 49       		.uleb128 0x49
 1606 013e 13       		.uleb128 0x13
 1607 013f 02       		.uleb128 0x2
 1608 0140 17       		.uleb128 0x17
 1609 0141 00       		.byte	0
 1610 0142 00       		.byte	0
 1611 0143 1B       		.uleb128 0x1b
 1612 0144 0B       		.uleb128 0xb
 1613 0145 01       		.byte	0x1
 1614 0146 55       		.uleb128 0x55
 1615 0147 17       		.uleb128 0x17
 1616 0148 01       		.uleb128 0x1
 1617 0149 13       		.uleb128 0x13
 1618 014a 00       		.byte	0
 1619 014b 00       		.byte	0
 1620 014c 1C       		.uleb128 0x1c
 1621 014d 34       		.uleb128 0x34
 1622 014e 00       		.byte	0
 1623 014f 03       		.uleb128 0x3
 1624 0150 08       		.uleb128 0x8
 1625 0151 3A       		.uleb128 0x3a
 1626 0152 0B       		.uleb128 0xb
 1627 0153 3B       		.uleb128 0x3b
 1628 0154 0B       		.uleb128 0xb
 1629 0155 49       		.uleb128 0x49
 1630 0156 13       		.uleb128 0x13
 1631 0157 02       		.uleb128 0x2
 1632 0158 18       		.uleb128 0x18
 1633 0159 00       		.byte	0
 1634 015a 00       		.byte	0
 1635 015b 1D       		.uleb128 0x1d
 1636 015c 0B       		.uleb128 0xb
 1637 015d 01       		.byte	0x1
 1638 015e 11       		.uleb128 0x11
 1639 015f 01       		.uleb128 0x1
 1640 0160 12       		.uleb128 0x12
 1641 0161 06       		.uleb128 0x6
 1642 0162 01       		.uleb128 0x1
 1643 0163 13       		.uleb128 0x13
 1644 0164 00       		.byte	0
ARM GAS  /tmp/cc4yfWPT.s 			page 30


 1645 0165 00       		.byte	0
 1646 0166 1E       		.uleb128 0x1e
 1647 0167 898201   		.uleb128 0x4109
 1648 016a 00       		.byte	0
 1649 016b 11       		.uleb128 0x11
 1650 016c 01       		.uleb128 0x1
 1651 016d 9342     		.uleb128 0x2113
 1652 016f 18       		.uleb128 0x18
 1653 0170 00       		.byte	0
 1654 0171 00       		.byte	0
 1655 0172 1F       		.uleb128 0x1f
 1656 0173 34       		.uleb128 0x34
 1657 0174 00       		.byte	0
 1658 0175 03       		.uleb128 0x3
 1659 0176 0E       		.uleb128 0xe
 1660 0177 3A       		.uleb128 0x3a
 1661 0178 0B       		.uleb128 0xb
 1662 0179 3B       		.uleb128 0x3b
 1663 017a 0B       		.uleb128 0xb
 1664 017b 49       		.uleb128 0x49
 1665 017c 13       		.uleb128 0x13
 1666 017d 02       		.uleb128 0x2
 1667 017e 18       		.uleb128 0x18
 1668 017f 00       		.byte	0
 1669 0180 00       		.byte	0
 1670 0181 20       		.uleb128 0x20
 1671 0182 898201   		.uleb128 0x4109
 1672 0185 00       		.byte	0
 1673 0186 11       		.uleb128 0x11
 1674 0187 01       		.uleb128 0x1
 1675 0188 31       		.uleb128 0x31
 1676 0189 13       		.uleb128 0x13
 1677 018a 00       		.byte	0
 1678 018b 00       		.byte	0
 1679 018c 21       		.uleb128 0x21
 1680 018d 898201   		.uleb128 0x4109
 1681 0190 01       		.byte	0x1
 1682 0191 11       		.uleb128 0x11
 1683 0192 01       		.uleb128 0x1
 1684 0193 31       		.uleb128 0x31
 1685 0194 13       		.uleb128 0x13
 1686 0195 01       		.uleb128 0x1
 1687 0196 13       		.uleb128 0x13
 1688 0197 00       		.byte	0
 1689 0198 00       		.byte	0
 1690 0199 22       		.uleb128 0x22
 1691 019a 8A8201   		.uleb128 0x410a
 1692 019d 00       		.byte	0
 1693 019e 02       		.uleb128 0x2
 1694 019f 18       		.uleb128 0x18
 1695 01a0 9142     		.uleb128 0x2111
 1696 01a2 18       		.uleb128 0x18
 1697 01a3 00       		.byte	0
 1698 01a4 00       		.byte	0
 1699 01a5 23       		.uleb128 0x23
 1700 01a6 898201   		.uleb128 0x4109
 1701 01a9 01       		.byte	0x1
ARM GAS  /tmp/cc4yfWPT.s 			page 31


 1702 01aa 11       		.uleb128 0x11
 1703 01ab 01       		.uleb128 0x1
 1704 01ac 31       		.uleb128 0x31
 1705 01ad 13       		.uleb128 0x13
 1706 01ae 00       		.byte	0
 1707 01af 00       		.byte	0
 1708 01b0 24       		.uleb128 0x24
 1709 01b1 05       		.uleb128 0x5
 1710 01b2 00       		.byte	0
 1711 01b3 03       		.uleb128 0x3
 1712 01b4 08       		.uleb128 0x8
 1713 01b5 3A       		.uleb128 0x3a
 1714 01b6 0B       		.uleb128 0xb
 1715 01b7 3B       		.uleb128 0x3b
 1716 01b8 0B       		.uleb128 0xb
 1717 01b9 49       		.uleb128 0x49
 1718 01ba 13       		.uleb128 0x13
 1719 01bb 02       		.uleb128 0x2
 1720 01bc 18       		.uleb128 0x18
 1721 01bd 00       		.byte	0
 1722 01be 00       		.byte	0
 1723 01bf 25       		.uleb128 0x25
 1724 01c0 2E       		.uleb128 0x2e
 1725 01c1 00       		.byte	0
 1726 01c2 3F       		.uleb128 0x3f
 1727 01c3 19       		.uleb128 0x19
 1728 01c4 3C       		.uleb128 0x3c
 1729 01c5 19       		.uleb128 0x19
 1730 01c6 6E       		.uleb128 0x6e
 1731 01c7 0E       		.uleb128 0xe
 1732 01c8 03       		.uleb128 0x3
 1733 01c9 0E       		.uleb128 0xe
 1734 01ca 3A       		.uleb128 0x3a
 1735 01cb 0B       		.uleb128 0xb
 1736 01cc 3B       		.uleb128 0x3b
 1737 01cd 05       		.uleb128 0x5
 1738 01ce 00       		.byte	0
 1739 01cf 00       		.byte	0
 1740 01d0 26       		.uleb128 0x26
 1741 01d1 2E       		.uleb128 0x2e
 1742 01d2 00       		.byte	0
 1743 01d3 3F       		.uleb128 0x3f
 1744 01d4 19       		.uleb128 0x19
 1745 01d5 3C       		.uleb128 0x3c
 1746 01d6 19       		.uleb128 0x19
 1747 01d7 6E       		.uleb128 0x6e
 1748 01d8 0E       		.uleb128 0xe
 1749 01d9 03       		.uleb128 0x3
 1750 01da 0E       		.uleb128 0xe
 1751 01db 3A       		.uleb128 0x3a
 1752 01dc 0B       		.uleb128 0xb
 1753 01dd 3B       		.uleb128 0x3b
 1754 01de 0B       		.uleb128 0xb
 1755 01df 00       		.byte	0
 1756 01e0 00       		.byte	0
 1757 01e1 00       		.byte	0
 1758              		.section	.debug_loc,"",%progbits
ARM GAS  /tmp/cc4yfWPT.s 			page 32


 1759              	.Ldebug_loc0:
 1760              	.LLST0:
 1761 0000 28000000 		.4byte	.LVL8
 1762 0004 3D000000 		.4byte	.LVL10-1
 1763 0008 0100     		.2byte	0x1
 1764 000a 52       		.byte	0x52
 1765 000b 46000000 		.4byte	.LVL11
 1766 000f 4C000000 		.4byte	.LVL12
 1767 0013 0100     		.2byte	0x1
 1768 0015 52       		.byte	0x52
 1769 0016 00000000 		.4byte	0
 1770 001a 00000000 		.4byte	0
 1771              	.LLST1:
 1772 001e 2E000000 		.4byte	.LVL9
 1773 0022 4C000000 		.4byte	.LVL12
 1774 0026 0100     		.2byte	0x1
 1775 0028 55       		.byte	0x55
 1776 0029 00000000 		.4byte	0
 1777 002d 00000000 		.4byte	0
 1778              		.section	.debug_aranges,"",%progbits
 1779 0000 2C000000 		.4byte	0x2c
 1780 0004 0200     		.2byte	0x2
 1781 0006 00000000 		.4byte	.Ldebug_info0
 1782 000a 04       		.byte	0x4
 1783 000b 00       		.byte	0
 1784 000c 0000     		.2byte	0
 1785 000e 0000     		.2byte	0
 1786 0010 00000000 		.4byte	.LFB7
 1787 0014 14000000 		.4byte	.LFE7-.LFB7
 1788 0018 00000000 		.4byte	.LFB8
 1789 001c 60000000 		.4byte	.LFE8-.LFB8
 1790 0020 00000000 		.4byte	.LFB9
 1791 0024 58000000 		.4byte	.LFE9-.LFB9
 1792 0028 00000000 		.4byte	0
 1793 002c 00000000 		.4byte	0
 1794              		.section	.debug_ranges,"",%progbits
 1795              	.Ldebug_ranges0:
 1796 0000 32000000 		.4byte	.LBB5
 1797 0004 34000000 		.4byte	.LBE5
 1798 0008 36000000 		.4byte	.LBB6
 1799 000c 3A000000 		.4byte	.LBE6
 1800 0010 00000000 		.4byte	0
 1801 0014 00000000 		.4byte	0
 1802 0018 00000000 		.4byte	.LFB7
 1803 001c 14000000 		.4byte	.LFE7
 1804 0020 00000000 		.4byte	.LFB8
 1805 0024 60000000 		.4byte	.LFE8
 1806 0028 00000000 		.4byte	.LFB9
 1807 002c 58000000 		.4byte	.LFE9
 1808 0030 00000000 		.4byte	0
 1809 0034 00000000 		.4byte	0
 1810              		.section	.debug_line,"",%progbits
 1811              	.Ldebug_line0:
 1812 0000 A0010000 		.section	.debug_str,"MS",%progbits,1
 1812      02004601 
 1812      00000201 
 1812      FB0E0D00 
ARM GAS  /tmp/cc4yfWPT.s 			page 33


 1812      01010101 
 1813              	.LASF83:
 1814 0000 7466756E 		.ascii	"tfunc_t\000"
 1814      635F7400 
 1815              	.LASF94:
 1816 0008 63665F6F 		.ascii	"cf_off_older\000"
 1816      66665F6F 
 1816      6C646572 
 1816      00
 1817              	.LASF118:
 1818 0015 2F686F6D 		.ascii	"/home/ekobayu/Arok-Gandring-Lokajaya/LPC/ChibiOS-RT"
 1818      652F656B 
 1818      6F626179 
 1818      752F4172 
 1818      6F6B2D47 
 1819 0048 2D4C5043 		.ascii	"-LPC/demos/LPC1766\000"
 1819      2F64656D 
 1819      6F732F4C 
 1819      50433137 
 1819      363600
 1820              	.LASF44:
 1821 005b 705F6D73 		.ascii	"p_msg\000"
 1821      6700
 1822              	.LASF61:
 1823 0061 76745F66 		.ascii	"vt_func\000"
 1823      756E6300 
 1824              	.LASF19:
 1825 0069 75696E74 		.ascii	"uint64_t\000"
 1825      36345F74 
 1825      00
 1826              	.LASF6:
 1827 0072 5F5F7569 		.ascii	"__uint8_t\000"
 1827      6E74385F 
 1827      7400
 1828              	.LASF72:
 1829 007c 76746C69 		.ascii	"vtlist\000"
 1829      737400
 1830              	.LASF105:
 1831 0083 63685379 		.ascii	"chSysTimerHandlerI\000"
 1831      7354696D 
 1831      65724861 
 1831      6E646C65 
 1831      724900
 1832              	.LASF14:
 1833 0096 6C6F6E67 		.ascii	"long long unsigned int\000"
 1833      206C6F6E 
 1833      6720756E 
 1833      7369676E 
 1833      65642069 
 1834              	.LASF90:
 1835 00ad 63685F74 		.ascii	"ch_threadsize\000"
 1835      68726561 
 1835      6473697A 
 1835      6500
 1836              	.LASF79:
 1837 00bb 65786974 		.ascii	"exitcode\000"
 1837      636F6465 
ARM GAS  /tmp/cc4yfWPT.s 			page 34


 1837      00
 1838              	.LASF107:
 1839 00c4 6D61696E 		.ascii	"mainthread\000"
 1839      74687265 
 1839      616400
 1840              	.LASF32:
 1841 00cf 705F7072 		.ascii	"p_prio\000"
 1841      696F00
 1842              	.LASF97:
 1843 00d6 63665F6F 		.ascii	"cf_off_state\000"
 1843      66665F73 
 1843      74617465 
 1843      00
 1844              	.LASF110:
 1845 00e3 5F736368 		.ascii	"_scheduler_init\000"
 1845      6564756C 
 1845      65725F69 
 1845      6E697400 
 1846              	.LASF1:
 1847 00f3 6C6F6E67 		.ascii	"long long int\000"
 1847      206C6F6E 
 1847      6720696E 
 1847      7400
 1848              	.LASF3:
 1849 0101 7369676E 		.ascii	"signed char\000"
 1849      65642063 
 1849      68617200 
 1850              	.LASF96:
 1851 010d 63665F6F 		.ascii	"cf_off_stklimit\000"
 1851      66665F73 
 1851      746B6C69 
 1851      6D697400 
 1852              	.LASF98:
 1853 011d 63665F6F 		.ascii	"cf_off_flags\000"
 1853      66665F66 
 1853      6C616773 
 1853      00
 1854              	.LASF48:
 1855 012a 705F6D70 		.ascii	"p_mpool\000"
 1855      6F6F6C00 
 1856              	.LASF75:
 1857 0132 6D5F7175 		.ascii	"m_queue\000"
 1857      65756500 
 1858              	.LASF24:
 1859 013a 74736C69 		.ascii	"tslices_t\000"
 1859      6365735F 
 1859      7400
 1860              	.LASF10:
 1861 0144 6C6F6E67 		.ascii	"long int\000"
 1861      20696E74 
 1861      00
 1862              	.LASF22:
 1863 014d 74737461 		.ascii	"tstate_t\000"
 1863      74655F74 
 1863      00
 1864              	.LASF16:
 1865 0156 75696E74 		.ascii	"uint16_t\000"
ARM GAS  /tmp/cc4yfWPT.s 			page 35


 1865      31365F74 
 1865      00
 1866              	.LASF102:
 1867 015f 63686465 		.ascii	"chdebug_t\000"
 1867      6275675F 
 1867      7400
 1868              	.LASF34:
 1869 0169 705F6E65 		.ascii	"p_newer\000"
 1869      77657200 
 1870              	.LASF104:
 1871 0171 5F69646C 		.ascii	"_idle_thread_wa\000"
 1871      655F7468 
 1871      72656164 
 1871      5F776100 
 1872              	.LASF11:
 1873 0181 5F5F7569 		.ascii	"__uint32_t\000"
 1873      6E743332 
 1873      5F7400
 1874              	.LASF51:
 1875 018c 72656761 		.ascii	"regarm_t\000"
 1875      726D5F74 
 1875      00
 1876              	.LASF59:
 1877 0195 76745F70 		.ascii	"vt_prev\000"
 1877      72657600 
 1878              	.LASF106:
 1879 019d 63685379 		.ascii	"chSysInit\000"
 1879      73496E69 
 1879      7400
 1880              	.LASF113:
 1881 01a7 5F686561 		.ascii	"_heap_init\000"
 1881      705F696E 
 1881      697400
 1882              	.LASF0:
 1883 01b2 756E7369 		.ascii	"unsigned int\000"
 1883      676E6564 
 1883      20696E74 
 1883      00
 1884              	.LASF114:
 1885 01bf 5F746872 		.ascii	"_thread_init\000"
 1885      6561645F 
 1885      696E6974 
 1885      00
 1886              	.LASF58:
 1887 01cc 76745F6E 		.ascii	"vt_next\000"
 1887      65787400 
 1888              	.LASF12:
 1889 01d4 6C6F6E67 		.ascii	"long unsigned int\000"
 1889      20756E73 
 1889      69676E65 
 1889      6420696E 
 1889      7400
 1890              	.LASF103:
 1891 01e6 63685F64 		.ascii	"ch_debug\000"
 1891      65627567 
 1891      00
 1892              	.LASF56:
ARM GAS  /tmp/cc4yfWPT.s 			page 36


 1893 01ef 76746675 		.ascii	"vtfunc_t\000"
 1893      6E635F74 
 1893      00
 1894              	.LASF84:
 1895 01f8 63685F69 		.ascii	"ch_identifier\000"
 1895      64656E74 
 1895      69666965 
 1895      7200
 1896              	.LASF54:
 1897 0206 636F6E74 		.ascii	"context\000"
 1897      65787400 
 1898              	.LASF8:
 1899 020e 73686F72 		.ascii	"short unsigned int\000"
 1899      7420756E 
 1899      7369676E 
 1899      65642069 
 1899      6E7400
 1900              	.LASF26:
 1901 0221 6D73675F 		.ascii	"msg_t\000"
 1901      7400
 1902              	.LASF68:
 1903 0227 725F6E65 		.ascii	"r_newer\000"
 1903      77657200 
 1904              	.LASF21:
 1905 022f 746D6F64 		.ascii	"tmode_t\000"
 1905      655F7400 
 1906              	.LASF50:
 1907 0237 54687265 		.ascii	"ThreadsList\000"
 1907      6164734C 
 1907      69737400 
 1908              	.LASF27:
 1909 0243 6576656E 		.ascii	"eventmask_t\000"
 1909      746D6173 
 1909      6B5F7400 
 1910              	.LASF74:
 1911 024f 4D757465 		.ascii	"Mutex\000"
 1911      7800
 1912              	.LASF52:
 1913 0255 73746B61 		.ascii	"stkalign_t\000"
 1913      6C69676E 
 1913      5F7400
 1914              	.LASF115:
 1915 0260 63685468 		.ascii	"chThdCreateStatic\000"
 1915      64437265 
 1915      61746553 
 1915      74617469 
 1915      6300
 1916              	.LASF85:
 1917 0272 63685F7A 		.ascii	"ch_zero\000"
 1917      65726F00 
 1918              	.LASF99:
 1919 027a 63665F6F 		.ascii	"cf_off_refs\000"
 1919      66665F72 
 1919      65667300 
 1920              	.LASF60:
 1921 0286 76745F74 		.ascii	"vt_time\000"
 1921      696D6500 
ARM GAS  /tmp/cc4yfWPT.s 			page 37


 1922              	.LASF116:
 1923 028e 474E5520 		.ascii	"GNU C11 6.3.1 20170620 -mcpu=cortex-m3 -mno-thumb-i"
 1923      43313120 
 1923      362E332E 
 1923      31203230 
 1923      31373036 
 1924 02c1 6E746572 		.ascii	"nterwork -mthumb -ggdb -O2 -fomit-frame-pointer -ff"
 1924      776F726B 
 1924      202D6D74 
 1924      68756D62 
 1924      202D6767 
 1925 02f4 756E6374 		.ascii	"unction-sections -fdata-sections -fno-common\000"
 1925      696F6E2D 
 1925      73656374 
 1925      696F6E73 
 1925      202D6664 
 1926              	.LASF55:
 1927 0321 73697A65 		.ascii	"sizetype\000"
 1927      74797065 
 1927      00
 1928              	.LASF2:
 1929 032a 6C6F6E67 		.ascii	"long double\000"
 1929      20646F75 
 1929      626C6500 
 1930              	.LASF89:
 1931 0336 63685F74 		.ascii	"ch_timesize\000"
 1931      696D6573 
 1931      697A6500 
 1932              	.LASF95:
 1933 0342 63665F6F 		.ascii	"cf_off_name\000"
 1933      66665F6E 
 1933      616D6500 
 1934              	.LASF35:
 1935 034e 705F6F6C 		.ascii	"p_older\000"
 1935      64657200 
 1936              	.LASF67:
 1937 0356 725F6374 		.ascii	"r_ctx\000"
 1937      7800
 1938              	.LASF49:
 1939 035c 54687265 		.ascii	"ThreadsQueue\000"
 1939      61647351 
 1939      75657565 
 1939      00
 1940              	.LASF86:
 1941 0369 63685F73 		.ascii	"ch_size\000"
 1941      697A6500 
 1942              	.LASF70:
 1943 0371 725F6375 		.ascii	"r_current\000"
 1943      7272656E 
 1943      7400
 1944              	.LASF69:
 1945 037b 725F6F6C 		.ascii	"r_older\000"
 1945      64657200 
 1946              	.LASF108:
 1947 0383 5F69646C 		.ascii	"_idle_thread\000"
 1947      655F7468 
 1947      72656164 
ARM GAS  /tmp/cc4yfWPT.s 			page 38


 1947      00
 1948              	.LASF13:
 1949 0390 5F5F7569 		.ascii	"__uint64_t\000"
 1949      6E743634 
 1949      5F7400
 1950              	.LASF23:
 1951 039b 74726566 		.ascii	"trefs_t\000"
 1951      735F7400 
 1952              	.LASF88:
 1953 03a3 63685F70 		.ascii	"ch_ptrsize\000"
 1953      74727369 
 1953      7A6500
 1954              	.LASF31:
 1955 03ae 705F7072 		.ascii	"p_prev\000"
 1955      657600
 1956              	.LASF25:
 1957 03b5 74707269 		.ascii	"tprio_t\000"
 1957      6F5F7400 
 1958              	.LASF20:
 1959 03bd 5F426F6F 		.ascii	"_Bool\000"
 1959      6C00
 1960              	.LASF17:
 1961 03c3 696E7433 		.ascii	"int32_t\000"
 1961      325F7400 
 1962              	.LASF4:
 1963 03cb 756E7369 		.ascii	"unsigned char\000"
 1963      676E6564 
 1963      20636861 
 1963      7200
 1964              	.LASF112:
 1965 03d9 5F636F72 		.ascii	"_core_init\000"
 1965      655F696E 
 1965      697400
 1966              	.LASF46:
 1967 03e4 705F6D74 		.ascii	"p_mtxlist\000"
 1967      786C6973 
 1967      7400
 1968              	.LASF5:
 1969 03ee 73686F72 		.ascii	"short int\000"
 1969      7420696E 
 1969      7400
 1970              	.LASF37:
 1971 03f8 705F7374 		.ascii	"p_state\000"
 1971      61746500 
 1972              	.LASF40:
 1973 0400 705F7072 		.ascii	"p_preempt\000"
 1973      65656D70 
 1973      7400
 1974              	.LASF101:
 1975 040a 63665F6F 		.ascii	"cf_off_time\000"
 1975      66665F74 
 1975      696D6500 
 1976              	.LASF66:
 1977 0416 725F7072 		.ascii	"r_prio\000"
 1977      696F00
 1978              	.LASF81:
 1979 041d 65776D61 		.ascii	"ewmask\000"
ARM GAS  /tmp/cc4yfWPT.s 			page 39


 1979      736B00
 1980              	.LASF30:
 1981 0424 705F6E65 		.ascii	"p_next\000"
 1981      787400
 1982              	.LASF100:
 1983 042b 63665F6F 		.ascii	"cf_off_preempt\000"
 1983      66665F70 
 1983      7265656D 
 1983      707400
 1984              	.LASF38:
 1985 043a 705F666C 		.ascii	"p_flags\000"
 1985      61677300 
 1986              	.LASF29:
 1987 0442 54687265 		.ascii	"Thread\000"
 1987      616400
 1988              	.LASF93:
 1989 0449 63665F6F 		.ascii	"cf_off_newer\000"
 1989      66665F6E 
 1989      65776572 
 1989      00
 1990              	.LASF45:
 1991 0456 705F6570 		.ascii	"p_epending\000"
 1991      656E6469 
 1991      6E6700
 1992              	.LASF18:
 1993 0461 75696E74 		.ascii	"uint32_t\000"
 1993      33325F74 
 1993      00
 1994              	.LASF91:
 1995 046a 63665F6F 		.ascii	"cf_off_prio\000"
 1995      66665F70 
 1995      72696F00 
 1996              	.LASF65:
 1997 0476 725F7175 		.ascii	"r_queue\000"
 1997      65756500 
 1998              	.LASF57:
 1999 047e 56697274 		.ascii	"VirtualTimer\000"
 1999      75616C54 
 1999      696D6572 
 1999      00
 2000              	.LASF82:
 2001 048b 63686172 		.ascii	"char\000"
 2001      00
 2002              	.LASF7:
 2003 0490 5F5F7569 		.ascii	"__uint16_t\000"
 2003      6E743136 
 2003      5F7400
 2004              	.LASF77:
 2005 049b 6D5F6E65 		.ascii	"m_next\000"
 2005      787400
 2006              	.LASF28:
 2007 04a2 73797374 		.ascii	"systime_t\000"
 2007      696D655F 
 2007      7400
 2008              	.LASF47:
 2009 04ac 705F7265 		.ascii	"p_realprio\000"
 2009      616C7072 
ARM GAS  /tmp/cc4yfWPT.s 			page 40


 2009      696F00
 2010              	.LASF9:
 2011 04b7 5F5F696E 		.ascii	"__int32_t\000"
 2011      7433325F 
 2011      7400
 2012              	.LASF111:
 2013 04c1 5F76745F 		.ascii	"_vt_init\000"
 2013      696E6974 
 2013      00
 2014              	.LASF41:
 2015 04ca 705F7469 		.ascii	"p_time\000"
 2015      6D6500
 2016              	.LASF53:
 2017 04d1 696E7463 		.ascii	"intctx\000"
 2017      747800
 2018              	.LASF43:
 2019 04d8 705F6D73 		.ascii	"p_msgqueue\000"
 2019      67717565 
 2019      756500
 2020              	.LASF62:
 2021 04e3 76745F70 		.ascii	"vt_par\000"
 2021      617200
 2022              	.LASF92:
 2023 04ea 63665F6F 		.ascii	"cf_off_ctx\000"
 2023      66665F63 
 2023      747800
 2024              	.LASF78:
 2025 04f5 7264796D 		.ascii	"rdymsg\000"
 2025      736700
 2026              	.LASF39:
 2027 04fc 705F7265 		.ascii	"p_refs\000"
 2027      667300
 2028              	.LASF71:
 2029 0503 52656164 		.ascii	"ReadyList\000"
 2029      794C6973 
 2029      7400
 2030              	.LASF73:
 2031 050d 726C6973 		.ascii	"rlist\000"
 2031      7400
 2032              	.LASF117:
 2033 0513 2E2E2F2E 		.ascii	"../../os/kernel/src/chsys.c\000"
 2033      2E2F6F73 
 2033      2F6B6572 
 2033      6E656C2F 
 2033      7372632F 
 2034              	.LASF15:
 2035 052f 75696E74 		.ascii	"uint8_t\000"
 2035      385F7400 
 2036              	.LASF109:
 2037 0537 5F706F72 		.ascii	"_port_init\000"
 2037      745F696E 
 2037      697400
 2038              	.LASF80:
 2039 0542 77746F62 		.ascii	"wtobjp\000"
 2039      6A7000
 2040              	.LASF36:
 2041 0549 705F6E61 		.ascii	"p_name\000"
ARM GAS  /tmp/cc4yfWPT.s 			page 41


 2041      6D6500
 2042              	.LASF63:
 2043 0550 76745F73 		.ascii	"vt_systime\000"
 2043      79737469 
 2043      6D6500
 2044              	.LASF87:
 2045 055b 63685F76 		.ascii	"ch_version\000"
 2045      65727369 
 2045      6F6E00
 2046              	.LASF64:
 2047 0566 56544C69 		.ascii	"VTList\000"
 2047      737400
 2048              	.LASF76:
 2049 056d 6D5F6F77 		.ascii	"m_owner\000"
 2049      6E657200 
 2050              	.LASF33:
 2051 0575 705F6374 		.ascii	"p_ctx\000"
 2051      7800
 2052              	.LASF42:
 2053 057b 705F7761 		.ascii	"p_waiting\000"
 2053      6974696E 
 2053      6700
 2054              		.ident	"GCC: (15:6.3.1+svn253039-1build1) 6.3.1 20170620"
ARM GAS  /tmp/cc4yfWPT.s 			page 42


DEFINED SYMBOLS
                            *ABS*:0000000000000000 chsys.c
     /tmp/cc4yfWPT.s:16     .text._idle_thread:0000000000000000 $t
     /tmp/cc4yfWPT.s:24     .text._idle_thread:0000000000000000 _idle_thread
     /tmp/cc4yfWPT.s:44     .text._idle_thread:000000000000000c $d
     /tmp/cc4yfWPT.s:50     .text.chSysInit:0000000000000000 $t
     /tmp/cc4yfWPT.s:58     .text.chSysInit:0000000000000000 chSysInit
     /tmp/cc4yfWPT.s:129    .text.chSysInit:000000000000004c $d
     /tmp/cc4yfWPT.s:138    .text.chSysTimerHandlerI:0000000000000000 $t
     /tmp/cc4yfWPT.s:146    .text.chSysTimerHandlerI:0000000000000000 chSysTimerHandlerI
     /tmp/cc4yfWPT.s:232    .text.chSysTimerHandlerI:0000000000000050 $d
     /tmp/cc4yfWPT.s:244    .bss._idle_thread_wa:0000000000000000 _idle_thread_wa
     /tmp/cc4yfWPT.s:240    .bss._idle_thread_wa:0000000000000000 $d
     /tmp/cc4yfWPT.s:247    .bss.mainthread.4853:0000000000000000 $d
     /tmp/cc4yfWPT.s:251    .bss.mainthread.4853:0000000000000000 mainthread.4853
     /tmp/cc4yfWPT.s:254    .rodata._idle_thread.str1.4:0000000000000000 $d
                     .debug_frame:0000000000000010 $d

UNDEFINED SYMBOLS
rlist
_port_init
_scheduler_init
_vt_init
_core_init
_heap_init
_thread_init
chThdCreateStatic
ch_debug
vtlist
