ARM GAS  /tmp/ccUdixtt.s 			page 1


   1              		.cpu cortex-m3
   2              		.eabi_attribute 20, 1
   3              		.eabi_attribute 21, 1
   4              		.eabi_attribute 23, 3
   5              		.eabi_attribute 24, 1
   6              		.eabi_attribute 25, 1
   7              		.eabi_attribute 26, 1
   8              		.eabi_attribute 30, 2
   9              		.eabi_attribute 34, 1
  10              		.eabi_attribute 18, 4
  11              		.file	"evtimer.c"
  12              		.text
  13              	.Ltext0:
  14              		.cfi_sections	.debug_frame
  15              		.section	.text.tmrcb,"ax",%progbits
  16              		.align	1
  17              		.p2align 2,,3
  18              		.syntax unified
  19              		.thumb
  20              		.thumb_func
  21              		.fpu softvfp
  22              		.type	tmrcb, %function
  23              	tmrcb:
  24              	.LFB7:
  25              		.file 1 "../../os/various/evtimer.c"
  26              		.loc 1 28 0
  27              		.cfi_startproc
  28              		@ args = 0, pretend = 0, frame = 0
  29              		@ frame_needed = 0, uses_anonymous_args = 0
  30              	.LVL0:
  31 0000 10B5     		push	{r4, lr}
  32              		.cfi_def_cfa_offset 8
  33              		.cfi_offset 4, -8
  34              		.cfi_offset 14, -4
  35              	.LBB2:
  36              		.loc 1 31 0
  37 0002 4023     		movs	r3, #64
  38              	.LBE2:
  39              		.loc 1 28 0
  40 0004 0446     		mov	r4, r0
  41              	.LVL1:
  42              	.LBB3:
  43              		.loc 1 31 0
  44              		.syntax unified
  45              	@ 31 "../../os/various/evtimer.c" 1
  46 0006 83F31188 		msr     BASEPRI, r3
  47              	@ 0 "" 2
  48              		.thumb
  49              		.syntax unified
  50              	.LBE3:
  51              		.loc 1 32 0
  52 000a 0021     		movs	r1, #0
  53 000c 1430     		adds	r0, r0, #20
  54              	.LVL2:
  55 000e FFF7FEFF 		bl	chEvtBroadcastFlagsI
  56              	.LVL3:
  57              		.loc 1 33 0
ARM GAS  /tmp/ccUdixtt.s 			page 2


  58 0012 2346     		mov	r3, r4
  59 0014 A169     		ldr	r1, [r4, #24]
  60 0016 2046     		mov	r0, r4
  61 0018 034A     		ldr	r2, .L3
  62 001a FFF7FEFF 		bl	chVTSetI
  63              	.LVL4:
  64              	.LBB4:
  65              		.loc 1 34 0
  66 001e 0023     		movs	r3, #0
  67              		.syntax unified
  68              	@ 34 "../../os/various/evtimer.c" 1
  69 0020 83F31188 		msr     BASEPRI, r3
  70              	@ 0 "" 2
  71              		.thumb
  72              		.syntax unified
  73 0024 10BD     		pop	{r4, pc}
  74              	.LVL5:
  75              	.L4:
  76 0026 00BF     		.align	2
  77              	.L3:
  78 0028 00000000 		.word	tmrcb
  79              	.LBE4:
  80              		.cfi_endproc
  81              	.LFE7:
  82              		.size	tmrcb, .-tmrcb
  83              		.section	.text.evtStart,"ax",%progbits
  84              		.align	1
  85              		.p2align 2,,3
  86              		.global	evtStart
  87              		.syntax unified
  88              		.thumb
  89              		.thumb_func
  90              		.fpu softvfp
  91              		.type	evtStart, %function
  92              	evtStart:
  93              	.LFB8:
  94              		.loc 1 43 0
  95              		.cfi_startproc
  96              		@ args = 0, pretend = 0, frame = 0
  97              		@ frame_needed = 0, uses_anonymous_args = 0
  98              	.LVL6:
  99 0000 08B5     		push	{r3, lr}
 100              		.cfi_def_cfa_offset 8
 101              		.cfi_offset 3, -8
 102              		.cfi_offset 14, -4
 103              	.LBB5:
 104              		.loc 1 45 0
 105 0002 4023     		movs	r3, #64
 106              		.syntax unified
 107              	@ 45 "../../os/various/evtimer.c" 1
 108 0004 83F31188 		msr     BASEPRI, r3
 109              	@ 0 "" 2
 110              		.thumb
 111              		.syntax unified
 112              	.LBE5:
 113              		.loc 1 47 0
 114 0008 C368     		ldr	r3, [r0, #12]
ARM GAS  /tmp/ccUdixtt.s 			page 3


 115 000a 1BB1     		cbz	r3, .L9
 116              	.LBB6:
 117              		.loc 1 50 0
 118 000c 0023     		movs	r3, #0
 119              		.syntax unified
 120              	@ 50 "../../os/various/evtimer.c" 1
 121 000e 83F31188 		msr     BASEPRI, r3
 122              	@ 0 "" 2
 123              		.thumb
 124              		.syntax unified
 125 0012 08BD     		pop	{r3, pc}
 126              	.L9:
 127 0014 0346     		mov	r3, r0
 128              	.LBE6:
 129              		.loc 1 48 0
 130 0016 8169     		ldr	r1, [r0, #24]
 131 0018 034A     		ldr	r2, .L10
 132 001a FFF7FEFF 		bl	chVTSetI
 133              	.LVL7:
 134              	.LBB7:
 135              		.loc 1 50 0
 136 001e 0023     		movs	r3, #0
 137              		.syntax unified
 138              	@ 50 "../../os/various/evtimer.c" 1
 139 0020 83F31188 		msr     BASEPRI, r3
 140              	@ 0 "" 2
 141              		.thumb
 142              		.syntax unified
 143 0024 08BD     		pop	{r3, pc}
 144              	.L11:
 145 0026 00BF     		.align	2
 146              	.L10:
 147 0028 00000000 		.word	tmrcb
 148              	.LBE7:
 149              		.cfi_endproc
 150              	.LFE8:
 151              		.size	evtStart, .-evtStart
 152              		.section	.text.evtStop,"ax",%progbits
 153              		.align	1
 154              		.p2align 2,,3
 155              		.global	evtStop
 156              		.syntax unified
 157              		.thumb
 158              		.thumb_func
 159              		.fpu softvfp
 160              		.type	evtStop, %function
 161              	evtStop:
 162              	.LFB9:
 163              		.loc 1 59 0
 164              		.cfi_startproc
 165              		@ args = 0, pretend = 0, frame = 0
 166              		@ frame_needed = 0, uses_anonymous_args = 0
 167              	.LVL8:
 168 0000 08B5     		push	{r3, lr}
 169              		.cfi_def_cfa_offset 8
 170              		.cfi_offset 3, -8
 171              		.cfi_offset 14, -4
ARM GAS  /tmp/ccUdixtt.s 			page 4


 172              	.LBB8:
 173              		.loc 1 61 0
 174 0002 4023     		movs	r3, #64
 175              		.syntax unified
 176              	@ 61 "../../os/various/evtimer.c" 1
 177 0004 83F31188 		msr     BASEPRI, r3
 178              	@ 0 "" 2
 179              		.thumb
 180              		.syntax unified
 181              	.LBE8:
 182 0008 C368     		ldr	r3, [r0, #12]
 183 000a 0BB1     		cbz	r3, .L13
 184              		.loc 1 61 0 is_stmt 0 discriminator 1
 185 000c FFF7FEFF 		bl	chVTResetI
 186              	.LVL9:
 187              	.L13:
 188              	.LBB9:
 189              		.loc 1 61 0 discriminator 3
 190 0010 0023     		movs	r3, #0
 191              		.syntax unified
 192              	@ 61 "../../os/various/evtimer.c" 1
 193 0012 83F31188 		msr     BASEPRI, r3
 194              	@ 0 "" 2
 195              		.thumb
 196              		.syntax unified
 197 0016 08BD     		pop	{r3, pc}
 198              	.LBE9:
 199              		.cfi_endproc
 200              	.LFE9:
 201              		.size	evtStop, .-evtStop
 202              		.text
 203              	.Letext0:
 204              		.file 2 "/usr/include/newlib/machine/_default_types.h"
 205              		.file 3 "/usr/include/newlib/sys/_stdint.h"
 206              		.file 4 "../../os/ports/GCC/ARMCMx/chtypes.h"
 207              		.file 5 "../../os/kernel/include/chlists.h"
 208              		.file 6 "../../os/kernel/include/chthreads.h"
 209              		.file 7 "../../os/ports/GCC/ARMCMx/chcore_v7m.h"
 210              		.file 8 "../../os/kernel/include/chvt.h"
 211              		.file 9 "../../os/kernel/include/chschd.h"
 212              		.file 10 "../../os/kernel/include/chmtx.h"
 213              		.file 11 "../../os/kernel/include/chevents.h"
 214              		.file 12 "../../os/kernel/include/chregistry.h"
 215              		.file 13 "../../os/kernel/include/ch.h"
 216              		.file 14 "../../os/various/evtimer.h"
 217              		.section	.debug_info,"",%progbits
 218              	.Ldebug_info0:
 219 0000 95080000 		.4byte	0x895
 220 0004 0400     		.2byte	0x4
 221 0006 00000000 		.4byte	.Ldebug_abbrev0
 222 000a 04       		.byte	0x4
 223 000b 01       		.uleb128 0x1
 224 000c 70020000 		.4byte	.LASF121
 225 0010 0C       		.byte	0xc
 226 0011 86050000 		.4byte	.LASF122
 227 0015 19000000 		.4byte	.LASF123
 228 0019 30000000 		.4byte	.Ldebug_ranges0+0x30
ARM GAS  /tmp/ccUdixtt.s 			page 5


 229 001d 00000000 		.4byte	0
 230 0021 00000000 		.4byte	.Ldebug_line0
 231 0025 02       		.uleb128 0x2
 232 0026 04       		.byte	0x4
 233 0027 05       		.byte	0x5
 234 0028 696E7400 		.ascii	"int\000"
 235 002c 03       		.uleb128 0x3
 236 002d 04       		.byte	0x4
 237 002e 07       		.byte	0x7
 238 002f A5010000 		.4byte	.LASF0
 239 0033 03       		.uleb128 0x3
 240 0034 08       		.byte	0x8
 241 0035 05       		.byte	0x5
 242 0036 D2000000 		.4byte	.LASF1
 243 003a 03       		.uleb128 0x3
 244 003b 08       		.byte	0x8
 245 003c 04       		.byte	0x4
 246 003d 0C030000 		.4byte	.LASF2
 247 0041 03       		.uleb128 0x3
 248 0042 01       		.byte	0x1
 249 0043 06       		.byte	0x6
 250 0044 E0000000 		.4byte	.LASF3
 251 0048 04       		.uleb128 0x4
 252 0049 76000000 		.4byte	.LASF6
 253 004d 02       		.byte	0x2
 254 004e 1D       		.byte	0x1d
 255 004f 53000000 		.4byte	0x53
 256 0053 03       		.uleb128 0x3
 257 0054 01       		.byte	0x1
 258 0055 08       		.byte	0x8
 259 0056 B1030000 		.4byte	.LASF4
 260 005a 03       		.uleb128 0x3
 261 005b 02       		.byte	0x2
 262 005c 05       		.byte	0x5
 263 005d DE030000 		.4byte	.LASF5
 264 0061 04       		.uleb128 0x4
 265 0062 86040000 		.4byte	.LASF7
 266 0066 02       		.byte	0x2
 267 0067 2B       		.byte	0x2b
 268 0068 6C000000 		.4byte	0x6c
 269 006c 03       		.uleb128 0x3
 270 006d 02       		.byte	0x2
 271 006e 07       		.byte	0x7
 272 006f F4010000 		.4byte	.LASF8
 273 0073 04       		.uleb128 0x4
 274 0074 AD040000 		.4byte	.LASF9
 275 0078 02       		.byte	0x2
 276 0079 3F       		.byte	0x3f
 277 007a 7E000000 		.4byte	0x7e
 278 007e 03       		.uleb128 0x3
 279 007f 04       		.byte	0x4
 280 0080 05       		.byte	0x5
 281 0081 2B010000 		.4byte	.LASF10
 282 0085 04       		.uleb128 0x4
 283 0086 7D010000 		.4byte	.LASF11
 284 008a 02       		.byte	0x2
 285 008b 41       		.byte	0x41
ARM GAS  /tmp/ccUdixtt.s 			page 6


 286 008c 90000000 		.4byte	0x90
 287 0090 03       		.uleb128 0x3
 288 0091 04       		.byte	0x4
 289 0092 07       		.byte	0x7
 290 0093 BA010000 		.4byte	.LASF12
 291 0097 04       		.uleb128 0x4
 292 0098 76030000 		.4byte	.LASF13
 293 009c 02       		.byte	0x2
 294 009d 5B       		.byte	0x5b
 295 009e A2000000 		.4byte	0xa2
 296 00a2 03       		.uleb128 0x3
 297 00a3 08       		.byte	0x8
 298 00a4 07       		.byte	0x7
 299 00a5 87000000 		.4byte	.LASF14
 300 00a9 04       		.uleb128 0x4
 301 00aa 1F050000 		.4byte	.LASF15
 302 00ae 03       		.byte	0x3
 303 00af 18       		.byte	0x18
 304 00b0 48000000 		.4byte	0x48
 305 00b4 04       		.uleb128 0x4
 306 00b5 3D010000 		.4byte	.LASF16
 307 00b9 03       		.byte	0x3
 308 00ba 24       		.byte	0x24
 309 00bb 61000000 		.4byte	0x61
 310 00bf 04       		.uleb128 0x4
 311 00c0 A9030000 		.4byte	.LASF17
 312 00c4 03       		.byte	0x3
 313 00c5 2C       		.byte	0x2c
 314 00c6 73000000 		.4byte	0x73
 315 00ca 04       		.uleb128 0x4
 316 00cb 51040000 		.4byte	.LASF18
 317 00cf 03       		.byte	0x3
 318 00d0 30       		.byte	0x30
 319 00d1 85000000 		.4byte	0x85
 320 00d5 04       		.uleb128 0x4
 321 00d6 6D000000 		.4byte	.LASF19
 322 00da 03       		.byte	0x3
 323 00db 3C       		.byte	0x3c
 324 00dc 97000000 		.4byte	0x97
 325 00e0 03       		.uleb128 0x3
 326 00e1 01       		.byte	0x1
 327 00e2 02       		.byte	0x2
 328 00e3 A3030000 		.4byte	.LASF20
 329 00e7 04       		.uleb128 0x4
 330 00e8 1D020000 		.4byte	.LASF21
 331 00ec 04       		.byte	0x4
 332 00ed 25       		.byte	0x25
 333 00ee A9000000 		.4byte	0xa9
 334 00f2 04       		.uleb128 0x4
 335 00f3 34010000 		.4byte	.LASF22
 336 00f7 04       		.byte	0x4
 337 00f8 26       		.byte	0x26
 338 00f9 A9000000 		.4byte	0xa9
 339 00fd 04       		.uleb128 0x4
 340 00fe 81030000 		.4byte	.LASF23
 341 0102 04       		.byte	0x4
 342 0103 27       		.byte	0x27
ARM GAS  /tmp/ccUdixtt.s 			page 7


 343 0104 A9000000 		.4byte	0xa9
 344 0108 04       		.uleb128 0x4
 345 0109 21010000 		.4byte	.LASF24
 346 010d 04       		.byte	0x4
 347 010e 28       		.byte	0x28
 348 010f A9000000 		.4byte	0xa9
 349 0113 04       		.uleb128 0x4
 350 0114 9B030000 		.4byte	.LASF25
 351 0118 04       		.byte	0x4
 352 0119 29       		.byte	0x29
 353 011a CA000000 		.4byte	0xca
 354 011e 04       		.uleb128 0x4
 355 011f 07020000 		.4byte	.LASF26
 356 0123 04       		.byte	0x4
 357 0124 2A       		.byte	0x2a
 358 0125 BF000000 		.4byte	0xbf
 359 0129 04       		.uleb128 0x4
 360 012a 31020000 		.4byte	.LASF27
 361 012e 04       		.byte	0x4
 362 012f 2C       		.byte	0x2c
 363 0130 CA000000 		.4byte	0xca
 364 0134 04       		.uleb128 0x4
 365 0135 DF040000 		.4byte	.LASF28
 366 0139 04       		.byte	0x4
 367 013a 2D       		.byte	0x2d
 368 013b CA000000 		.4byte	0xca
 369 013f 04       		.uleb128 0x4
 370 0140 98040000 		.4byte	.LASF29
 371 0144 04       		.byte	0x4
 372 0145 2E       		.byte	0x2e
 373 0146 CA000000 		.4byte	0xca
 374 014a 05       		.uleb128 0x5
 375 014b 3F010000 		.4byte	0x13f
 376 014f 04       		.uleb128 0x4
 377 0150 32040000 		.4byte	.LASF30
 378 0154 05       		.byte	0x5
 379 0155 23       		.byte	0x23
 380 0156 5A010000 		.4byte	0x15a
 381 015a 06       		.uleb128 0x6
 382 015b 32040000 		.4byte	.LASF30
 383 015f 48       		.byte	0x48
 384 0160 06       		.byte	0x6
 385 0161 57       		.byte	0x57
 386 0162 57020000 		.4byte	0x257
 387 0166 07       		.uleb128 0x7
 388 0167 14040000 		.4byte	.LASF31
 389 016b 06       		.byte	0x6
 390 016c 58       		.byte	0x58
 391 016d 78020000 		.4byte	0x278
 392 0171 00       		.byte	0
 393 0172 07       		.uleb128 0x7
 394 0173 94030000 		.4byte	.LASF32
 395 0177 06       		.byte	0x6
 396 0178 5A       		.byte	0x5a
 397 0179 78020000 		.4byte	0x278
 398 017d 04       		.byte	0x4
 399 017e 07       		.uleb128 0x7
ARM GAS  /tmp/ccUdixtt.s 			page 8


 400 017f BE000000 		.4byte	.LASF33
 401 0183 06       		.byte	0x6
 402 0184 5C       		.byte	0x5c
 403 0185 13010000 		.4byte	0x113
 404 0189 08       		.byte	0x8
 405 018a 07       		.uleb128 0x7
 406 018b 76050000 		.4byte	.LASF34
 407 018f 06       		.byte	0x6
 408 0190 5D       		.byte	0x5d
 409 0191 3D030000 		.4byte	0x33d
 410 0195 0C       		.byte	0xc
 411 0196 07       		.uleb128 0x7
 412 0197 65010000 		.4byte	.LASF35
 413 019b 06       		.byte	0x6
 414 019c 5F       		.byte	0x5f
 415 019d 78020000 		.4byte	0x278
 416 01a1 10       		.byte	0x10
 417 01a2 07       		.uleb128 0x7
 418 01a3 39030000 		.4byte	.LASF36
 419 01a7 06       		.byte	0x6
 420 01a8 60       		.byte	0x60
 421 01a9 78020000 		.4byte	0x278
 422 01ad 14       		.byte	0x14
 423 01ae 07       		.uleb128 0x7
 424 01af 3C050000 		.4byte	.LASF37
 425 01b3 06       		.byte	0x6
 426 01b4 67       		.byte	0x67
 427 01b5 7A050000 		.4byte	0x57a
 428 01b9 18       		.byte	0x18
 429 01ba 07       		.uleb128 0x7
 430 01bb E8030000 		.4byte	.LASF38
 431 01bf 06       		.byte	0x6
 432 01c0 72       		.byte	0x72
 433 01c1 F2000000 		.4byte	0xf2
 434 01c5 1C       		.byte	0x1c
 435 01c6 07       		.uleb128 0x7
 436 01c7 2A040000 		.4byte	.LASF39
 437 01cb 06       		.byte	0x6
 438 01cc 76       		.byte	0x76
 439 01cd E7000000 		.4byte	0xe7
 440 01d1 1D       		.byte	0x1d
 441 01d2 07       		.uleb128 0x7
 442 01d3 FD040000 		.4byte	.LASF40
 443 01d7 06       		.byte	0x6
 444 01d8 7B       		.byte	0x7b
 445 01d9 FD000000 		.4byte	0xfd
 446 01dd 1E       		.byte	0x1e
 447 01de 07       		.uleb128 0x7
 448 01df F0030000 		.4byte	.LASF41
 449 01e3 06       		.byte	0x6
 450 01e4 81       		.byte	0x81
 451 01e5 08010000 		.4byte	0x108
 452 01e9 1F       		.byte	0x1f
 453 01ea 07       		.uleb128 0x7
 454 01eb BF040000 		.4byte	.LASF42
 455 01ef 06       		.byte	0x6
 456 01f0 88       		.byte	0x88
ARM GAS  /tmp/ccUdixtt.s 			page 9


 457 01f1 4A010000 		.4byte	0x14a
 458 01f5 20       		.byte	0x20
 459 01f6 08       		.uleb128 0x8
 460 01f7 705F7500 		.ascii	"p_u\000"
 461 01fb 06       		.byte	0x6
 462 01fc AD       		.byte	0xad
 463 01fd 45050000 		.4byte	0x545
 464 0201 24       		.byte	0x24
 465 0202 07       		.uleb128 0x7
 466 0203 7C050000 		.4byte	.LASF43
 467 0207 06       		.byte	0x6
 468 0208 B2       		.byte	0xb2
 469 0209 9E020000 		.4byte	0x29e
 470 020d 28       		.byte	0x28
 471 020e 07       		.uleb128 0x7
 472 020f CD040000 		.4byte	.LASF44
 473 0213 06       		.byte	0x6
 474 0214 B8       		.byte	0xb8
 475 0215 7E020000 		.4byte	0x27e
 476 0219 2C       		.byte	0x2c
 477 021a 07       		.uleb128 0x7
 478 021b 5F000000 		.4byte	.LASF45
 479 021f 06       		.byte	0x6
 480 0220 BC       		.byte	0xbc
 481 0221 1E010000 		.4byte	0x11e
 482 0225 34       		.byte	0x34
 483 0226 07       		.uleb128 0x7
 484 0227 46040000 		.4byte	.LASF46
 485 022b 06       		.byte	0x6
 486 022c C2       		.byte	0xc2
 487 022d 29010000 		.4byte	0x129
 488 0231 38       		.byte	0x38
 489 0232 07       		.uleb128 0x7
 490 0233 D4030000 		.4byte	.LASF47
 491 0237 06       		.byte	0x6
 492 0238 C9       		.byte	0xc9
 493 0239 8C050000 		.4byte	0x58c
 494 023d 3C       		.byte	0x3c
 495 023e 07       		.uleb128 0x7
 496 023f A2040000 		.4byte	.LASF48
 497 0243 06       		.byte	0x6
 498 0244 CD       		.byte	0xcd
 499 0245 13010000 		.4byte	0x113
 500 0249 40       		.byte	0x40
 501 024a 07       		.uleb128 0x7
 502 024b 11010000 		.4byte	.LASF49
 503 024f 06       		.byte	0x6
 504 0250 D3       		.byte	0xd3
 505 0251 B4020000 		.4byte	0x2b4
 506 0255 44       		.byte	0x44
 507 0256 00       		.byte	0
 508 0257 09       		.uleb128 0x9
 509 0258 08       		.byte	0x8
 510 0259 05       		.byte	0x5
 511 025a 5A       		.byte	0x5a
 512 025b 78020000 		.4byte	0x278
 513 025f 07       		.uleb128 0x7
ARM GAS  /tmp/ccUdixtt.s 			page 10


 514 0260 14040000 		.4byte	.LASF31
 515 0264 05       		.byte	0x5
 516 0265 5B       		.byte	0x5b
 517 0266 78020000 		.4byte	0x278
 518 026a 00       		.byte	0
 519 026b 07       		.uleb128 0x7
 520 026c 94030000 		.4byte	.LASF32
 521 0270 05       		.byte	0x5
 522 0271 5D       		.byte	0x5d
 523 0272 78020000 		.4byte	0x278
 524 0276 04       		.byte	0x4
 525 0277 00       		.byte	0
 526 0278 0A       		.uleb128 0xa
 527 0279 04       		.byte	0x4
 528 027a 4F010000 		.4byte	0x14f
 529 027e 04       		.uleb128 0x4
 530 027f 47030000 		.4byte	.LASF50
 531 0283 05       		.byte	0x5
 532 0284 5F       		.byte	0x5f
 533 0285 57020000 		.4byte	0x257
 534 0289 09       		.uleb128 0x9
 535 028a 04       		.byte	0x4
 536 028b 05       		.byte	0x5
 537 028c 64       		.byte	0x64
 538 028d 9E020000 		.4byte	0x29e
 539 0291 07       		.uleb128 0x7
 540 0292 14040000 		.4byte	.LASF31
 541 0296 05       		.byte	0x5
 542 0297 66       		.byte	0x66
 543 0298 78020000 		.4byte	0x278
 544 029c 00       		.byte	0
 545 029d 00       		.byte	0
 546 029e 04       		.uleb128 0x4
 547 029f 25020000 		.4byte	.LASF51
 548 02a3 05       		.byte	0x5
 549 02a4 69       		.byte	0x69
 550 02a5 89020000 		.4byte	0x289
 551 02a9 04       		.uleb128 0x4
 552 02aa 88010000 		.4byte	.LASF52
 553 02ae 07       		.byte	0x7
 554 02af DE       		.byte	0xde
 555 02b0 B4020000 		.4byte	0x2b4
 556 02b4 0B       		.uleb128 0xb
 557 02b5 04       		.byte	0x4
 558 02b6 04       		.uleb128 0x4
 559 02b7 43020000 		.4byte	.LASF53
 560 02bb 07       		.byte	0x7
 561 02bc E4       		.byte	0xe4
 562 02bd D5000000 		.4byte	0xd5
 563 02c1 0C       		.uleb128 0xc
 564 02c2 C6040000 		.4byte	.LASF54
 565 02c6 24       		.byte	0x24
 566 02c7 07       		.byte	0x7
 567 02c8 0501     		.2byte	0x105
 568 02ca 3D030000 		.4byte	0x33d
 569 02ce 0D       		.uleb128 0xd
 570 02cf 723400   		.ascii	"r4\000"
ARM GAS  /tmp/ccUdixtt.s 			page 11


 571 02d2 07       		.byte	0x7
 572 02d3 1801     		.2byte	0x118
 573 02d5 A9020000 		.4byte	0x2a9
 574 02d9 00       		.byte	0
 575 02da 0D       		.uleb128 0xd
 576 02db 723500   		.ascii	"r5\000"
 577 02de 07       		.byte	0x7
 578 02df 1901     		.2byte	0x119
 579 02e1 A9020000 		.4byte	0x2a9
 580 02e5 04       		.byte	0x4
 581 02e6 0D       		.uleb128 0xd
 582 02e7 723600   		.ascii	"r6\000"
 583 02ea 07       		.byte	0x7
 584 02eb 1A01     		.2byte	0x11a
 585 02ed A9020000 		.4byte	0x2a9
 586 02f1 08       		.byte	0x8
 587 02f2 0D       		.uleb128 0xd
 588 02f3 723700   		.ascii	"r7\000"
 589 02f6 07       		.byte	0x7
 590 02f7 1B01     		.2byte	0x11b
 591 02f9 A9020000 		.4byte	0x2a9
 592 02fd 0C       		.byte	0xc
 593 02fe 0D       		.uleb128 0xd
 594 02ff 723800   		.ascii	"r8\000"
 595 0302 07       		.byte	0x7
 596 0303 1C01     		.2byte	0x11c
 597 0305 A9020000 		.4byte	0x2a9
 598 0309 10       		.byte	0x10
 599 030a 0D       		.uleb128 0xd
 600 030b 723900   		.ascii	"r9\000"
 601 030e 07       		.byte	0x7
 602 030f 1D01     		.2byte	0x11d
 603 0311 A9020000 		.4byte	0x2a9
 604 0315 14       		.byte	0x14
 605 0316 0D       		.uleb128 0xd
 606 0317 72313000 		.ascii	"r10\000"
 607 031b 07       		.byte	0x7
 608 031c 1E01     		.2byte	0x11e
 609 031e A9020000 		.4byte	0x2a9
 610 0322 18       		.byte	0x18
 611 0323 0D       		.uleb128 0xd
 612 0324 72313100 		.ascii	"r11\000"
 613 0328 07       		.byte	0x7
 614 0329 1F01     		.2byte	0x11f
 615 032b A9020000 		.4byte	0x2a9
 616 032f 1C       		.byte	0x1c
 617 0330 0D       		.uleb128 0xd
 618 0331 6C7200   		.ascii	"lr\000"
 619 0334 07       		.byte	0x7
 620 0335 2001     		.2byte	0x120
 621 0337 A9020000 		.4byte	0x2a9
 622 033b 20       		.byte	0x20
 623 033c 00       		.byte	0
 624 033d 0C       		.uleb128 0xc
 625 033e EC010000 		.4byte	.LASF55
 626 0342 04       		.byte	0x4
 627 0343 07       		.byte	0x7
ARM GAS  /tmp/ccUdixtt.s 			page 12


 628 0344 2A01     		.2byte	0x12a
 629 0346 58030000 		.4byte	0x358
 630 034a 0D       		.uleb128 0xd
 631 034b 72313300 		.ascii	"r13\000"
 632 034f 07       		.byte	0x7
 633 0350 2B01     		.2byte	0x12b
 634 0352 58030000 		.4byte	0x358
 635 0356 00       		.byte	0
 636 0357 00       		.byte	0
 637 0358 0A       		.uleb128 0xa
 638 0359 04       		.byte	0x4
 639 035a C1020000 		.4byte	0x2c1
 640 035e 03       		.uleb128 0x3
 641 035f 04       		.byte	0x4
 642 0360 07       		.byte	0x7
 643 0361 03030000 		.4byte	.LASF56
 644 0365 04       		.uleb128 0x4
 645 0366 D5010000 		.4byte	.LASF57
 646 036a 08       		.byte	0x8
 647 036b 51       		.byte	0x51
 648 036c 70030000 		.4byte	0x370
 649 0370 0A       		.uleb128 0xa
 650 0371 04       		.byte	0x4
 651 0372 76030000 		.4byte	0x376
 652 0376 0E       		.uleb128 0xe
 653 0377 81030000 		.4byte	0x381
 654 037b 0F       		.uleb128 0xf
 655 037c B4020000 		.4byte	0x2b4
 656 0380 00       		.byte	0
 657 0381 04       		.uleb128 0x4
 658 0382 6E040000 		.4byte	.LASF58
 659 0386 08       		.byte	0x8
 660 0387 56       		.byte	0x56
 661 0388 8C030000 		.4byte	0x38c
 662 038c 06       		.uleb128 0x6
 663 038d 6E040000 		.4byte	.LASF58
 664 0391 14       		.byte	0x14
 665 0392 08       		.byte	0x8
 666 0393 5D       		.byte	0x5d
 667 0394 D5030000 		.4byte	0x3d5
 668 0398 07       		.uleb128 0x7
 669 0399 B2010000 		.4byte	.LASF59
 670 039d 08       		.byte	0x8
 671 039e 5E       		.byte	0x5e
 672 039f D5030000 		.4byte	0x3d5
 673 03a3 00       		.byte	0
 674 03a4 07       		.uleb128 0x7
 675 03a5 91010000 		.4byte	.LASF60
 676 03a9 08       		.byte	0x8
 677 03aa 60       		.byte	0x60
 678 03ab D5030000 		.4byte	0x3d5
 679 03af 04       		.byte	0x4
 680 03b0 07       		.uleb128 0x7
 681 03b1 68020000 		.4byte	.LASF61
 682 03b5 08       		.byte	0x8
 683 03b6 62       		.byte	0x62
 684 03b7 3F010000 		.4byte	0x13f
ARM GAS  /tmp/ccUdixtt.s 			page 13


 685 03bb 08       		.byte	0x8
 686 03bc 07       		.uleb128 0x7
 687 03bd 65000000 		.4byte	.LASF62
 688 03c1 08       		.byte	0x8
 689 03c2 63       		.byte	0x63
 690 03c3 65030000 		.4byte	0x365
 691 03c7 0C       		.byte	0xc
 692 03c8 07       		.uleb128 0x7
 693 03c9 D8040000 		.4byte	.LASF63
 694 03cd 08       		.byte	0x8
 695 03ce 65       		.byte	0x65
 696 03cf B4020000 		.4byte	0x2b4
 697 03d3 10       		.byte	0x10
 698 03d4 00       		.byte	0
 699 03d5 0A       		.uleb128 0xa
 700 03d6 04       		.byte	0x4
 701 03d7 81030000 		.4byte	0x381
 702 03db 09       		.uleb128 0x9
 703 03dc 10       		.byte	0x10
 704 03dd 08       		.byte	0x8
 705 03de 6F       		.byte	0x6f
 706 03df 14040000 		.4byte	0x414
 707 03e3 07       		.uleb128 0x7
 708 03e4 B2010000 		.4byte	.LASF59
 709 03e8 08       		.byte	0x8
 710 03e9 70       		.byte	0x70
 711 03ea D5030000 		.4byte	0x3d5
 712 03ee 00       		.byte	0
 713 03ef 07       		.uleb128 0x7
 714 03f0 91010000 		.4byte	.LASF60
 715 03f4 08       		.byte	0x8
 716 03f5 72       		.byte	0x72
 717 03f6 D5030000 		.4byte	0x3d5
 718 03fa 04       		.byte	0x4
 719 03fb 07       		.uleb128 0x7
 720 03fc 68020000 		.4byte	.LASF61
 721 0400 08       		.byte	0x8
 722 0401 74       		.byte	0x74
 723 0402 3F010000 		.4byte	0x13f
 724 0406 08       		.byte	0x8
 725 0407 07       		.uleb128 0x7
 726 0408 43050000 		.4byte	.LASF64
 727 040c 08       		.byte	0x8
 728 040d 75       		.byte	0x75
 729 040e 4A010000 		.4byte	0x14a
 730 0412 0C       		.byte	0xc
 731 0413 00       		.byte	0
 732 0414 04       		.uleb128 0x4
 733 0415 61050000 		.4byte	.LASF65
 734 0419 08       		.byte	0x8
 735 041a 76       		.byte	0x76
 736 041b DB030000 		.4byte	0x3db
 737 041f 10       		.uleb128 0x10
 738 0420 80000000 		.4byte	.LASF73
 739 0424 08       		.byte	0x8
 740 0425 EE       		.byte	0xee
 741 0426 14040000 		.4byte	0x414
ARM GAS  /tmp/ccUdixtt.s 			page 14


 742 042a 09       		.uleb128 0x9
 743 042b 1C       		.byte	0x1c
 744 042c 09       		.byte	0x9
 745 042d 57       		.byte	0x57
 746 042e 7B040000 		.4byte	0x47b
 747 0432 07       		.uleb128 0x7
 748 0433 66040000 		.4byte	.LASF66
 749 0437 09       		.byte	0x9
 750 0438 58       		.byte	0x58
 751 0439 7E020000 		.4byte	0x27e
 752 043d 00       		.byte	0
 753 043e 07       		.uleb128 0x7
 754 043f 06040000 		.4byte	.LASF67
 755 0443 09       		.byte	0x9
 756 0444 59       		.byte	0x59
 757 0445 13010000 		.4byte	0x113
 758 0449 08       		.byte	0x8
 759 044a 07       		.uleb128 0x7
 760 044b 41030000 		.4byte	.LASF68
 761 044f 09       		.byte	0x9
 762 0450 5B       		.byte	0x5b
 763 0451 3D030000 		.4byte	0x33d
 764 0455 0C       		.byte	0xc
 765 0456 07       		.uleb128 0x7
 766 0457 0D020000 		.4byte	.LASF69
 767 045b 09       		.byte	0x9
 768 045c 5E       		.byte	0x5e
 769 045d 78020000 		.4byte	0x278
 770 0461 10       		.byte	0x10
 771 0462 07       		.uleb128 0x7
 772 0463 66030000 		.4byte	.LASF70
 773 0467 09       		.byte	0x9
 774 0468 5F       		.byte	0x5f
 775 0469 78020000 		.4byte	0x278
 776 046d 14       		.byte	0x14
 777 046e 07       		.uleb128 0x7
 778 046f 5C030000 		.4byte	.LASF71
 779 0473 09       		.byte	0x9
 780 0474 62       		.byte	0x62
 781 0475 78020000 		.4byte	0x278
 782 0479 18       		.byte	0x18
 783 047a 00       		.byte	0
 784 047b 04       		.uleb128 0x4
 785 047c 0F050000 		.4byte	.LASF72
 786 0480 09       		.byte	0x9
 787 0481 64       		.byte	0x64
 788 0482 2A040000 		.4byte	0x42a
 789 0486 10       		.uleb128 0x10
 790 0487 19050000 		.4byte	.LASF74
 791 048b 09       		.byte	0x9
 792 048c 68       		.byte	0x68
 793 048d 7B040000 		.4byte	0x47b
 794 0491 06       		.uleb128 0x6
 795 0492 3D020000 		.4byte	.LASF75
 796 0496 10       		.byte	0x10
 797 0497 0A       		.byte	0xa
 798 0498 25       		.byte	0x25
ARM GAS  /tmp/ccUdixtt.s 			page 15


 799 0499 C2040000 		.4byte	0x4c2
 800 049d 07       		.uleb128 0x7
 801 049e 19010000 		.4byte	.LASF76
 802 04a2 0A       		.byte	0xa
 803 04a3 26       		.byte	0x26
 804 04a4 7E020000 		.4byte	0x27e
 805 04a8 00       		.byte	0
 806 04a9 07       		.uleb128 0x7
 807 04aa 6E050000 		.4byte	.LASF77
 808 04ae 0A       		.byte	0xa
 809 04af 28       		.byte	0x28
 810 04b0 78020000 		.4byte	0x278
 811 04b4 08       		.byte	0x8
 812 04b5 07       		.uleb128 0x7
 813 04b6 91040000 		.4byte	.LASF78
 814 04ba 0A       		.byte	0xa
 815 04bb 2A       		.byte	0x2a
 816 04bc C2040000 		.4byte	0x4c2
 817 04c0 0C       		.byte	0xc
 818 04c1 00       		.byte	0
 819 04c2 0A       		.uleb128 0xa
 820 04c3 04       		.byte	0x4
 821 04c4 91040000 		.4byte	0x491
 822 04c8 04       		.uleb128 0x4
 823 04c9 3D020000 		.4byte	.LASF75
 824 04cd 0A       		.byte	0xa
 825 04ce 2C       		.byte	0x2c
 826 04cf 91040000 		.4byte	0x491
 827 04d3 04       		.uleb128 0x4
 828 04d4 27050000 		.4byte	.LASF79
 829 04d8 0B       		.byte	0xb
 830 04d9 25       		.byte	0x25
 831 04da DE040000 		.4byte	0x4de
 832 04de 06       		.uleb128 0x6
 833 04df 27050000 		.4byte	.LASF79
 834 04e3 10       		.byte	0x10
 835 04e4 0B       		.byte	0xb
 836 04e5 2A       		.byte	0x2a
 837 04e6 1B050000 		.4byte	0x51b
 838 04ea 07       		.uleb128 0x7
 839 04eb 15020000 		.4byte	.LASF80
 840 04ef 0B       		.byte	0xb
 841 04f0 2B       		.byte	0x2b
 842 04f1 1B050000 		.4byte	0x51b
 843 04f5 00       		.byte	0
 844 04f6 07       		.uleb128 0x7
 845 04f7 BF030000 		.4byte	.LASF81
 846 04fb 0B       		.byte	0xb
 847 04fc 2E       		.byte	0x2e
 848 04fd 78020000 		.4byte	0x278
 849 0501 04       		.byte	0x4
 850 0502 07       		.uleb128 0x7
 851 0503 6E030000 		.4byte	.LASF82
 852 0507 0B       		.byte	0xb
 853 0508 30       		.byte	0x30
 854 0509 29010000 		.4byte	0x129
 855 050d 08       		.byte	0x8
ARM GAS  /tmp/ccUdixtt.s 			page 16


 856 050e 07       		.uleb128 0x7
 857 050f CB030000 		.4byte	.LASF83
 858 0513 0B       		.byte	0xb
 859 0514 33       		.byte	0x33
 860 0515 34010000 		.4byte	0x134
 861 0519 0C       		.byte	0xc
 862 051a 00       		.byte	0
 863 051b 0A       		.uleb128 0xa
 864 051c 04       		.byte	0x4
 865 051d D3040000 		.4byte	0x4d3
 866 0521 06       		.uleb128 0x6
 867 0522 99010000 		.4byte	.LASF84
 868 0526 04       		.byte	0x4
 869 0527 0B       		.byte	0xb
 870 0528 3A       		.byte	0x3a
 871 0529 3A050000 		.4byte	0x53a
 872 052d 07       		.uleb128 0x7
 873 052e 4E050000 		.4byte	.LASF85
 874 0532 0B       		.byte	0xb
 875 0533 3B       		.byte	0x3b
 876 0534 1B050000 		.4byte	0x51b
 877 0538 00       		.byte	0
 878 0539 00       		.byte	0
 879 053a 04       		.uleb128 0x4
 880 053b 99010000 		.4byte	.LASF84
 881 053f 0B       		.byte	0xb
 882 0540 3E       		.byte	0x3e
 883 0541 21050000 		.4byte	0x521
 884 0545 11       		.uleb128 0x11
 885 0546 04       		.byte	0x4
 886 0547 06       		.byte	0x6
 887 0548 8F       		.byte	0x8f
 888 0549 7A050000 		.4byte	0x57a
 889 054d 12       		.uleb128 0x12
 890 054e F6040000 		.4byte	.LASF86
 891 0552 06       		.byte	0x6
 892 0553 96       		.byte	0x96
 893 0554 1E010000 		.4byte	0x11e
 894 0558 12       		.uleb128 0x12
 895 0559 AC000000 		.4byte	.LASF87
 896 055d 06       		.byte	0x6
 897 055e 9D       		.byte	0x9d
 898 055f 1E010000 		.4byte	0x11e
 899 0563 12       		.uleb128 0x12
 900 0564 35050000 		.4byte	.LASF88
 901 0568 06       		.byte	0x6
 902 0569 A4       		.byte	0xa4
 903 056a B4020000 		.4byte	0x2b4
 904 056e 12       		.uleb128 0x12
 905 056f 0D040000 		.4byte	.LASF89
 906 0573 06       		.byte	0x6
 907 0574 AB       		.byte	0xab
 908 0575 29010000 		.4byte	0x129
 909 0579 00       		.byte	0
 910 057a 0A       		.uleb128 0xa
 911 057b 04       		.byte	0x4
 912 057c 87050000 		.4byte	0x587
ARM GAS  /tmp/ccUdixtt.s 			page 17


 913 0580 03       		.uleb128 0x3
 914 0581 01       		.byte	0x1
 915 0582 08       		.byte	0x8
 916 0583 7B040000 		.4byte	.LASF90
 917 0587 13       		.uleb128 0x13
 918 0588 80050000 		.4byte	0x580
 919 058c 0A       		.uleb128 0xa
 920 058d 04       		.byte	0x4
 921 058e C8040000 		.4byte	0x4c8
 922 0592 09       		.uleb128 0x9
 923 0593 16       		.byte	0x16
 924 0594 0C       		.byte	0xc
 925 0595 25       		.byte	0x25
 926 0596 73060000 		.4byte	0x673
 927 059a 07       		.uleb128 0x7
 928 059b DE010000 		.4byte	.LASF91
 929 059f 0C       		.byte	0xc
 930 05a0 26       		.byte	0x26
 931 05a1 73060000 		.4byte	0x673
 932 05a5 00       		.byte	0
 933 05a6 07       		.uleb128 0x7
 934 05a7 4E020000 		.4byte	.LASF92
 935 05ab 0C       		.byte	0xc
 936 05ac 27       		.byte	0x27
 937 05ad A9000000 		.4byte	0xa9
 938 05b1 04       		.byte	0x4
 939 05b2 07       		.uleb128 0x7
 940 05b3 54030000 		.4byte	.LASF93
 941 05b7 0C       		.byte	0xc
 942 05b8 28       		.byte	0x28
 943 05b9 A9000000 		.4byte	0xa9
 944 05bd 05       		.byte	0x5
 945 05be 07       		.uleb128 0x7
 946 05bf 56050000 		.4byte	.LASF94
 947 05c3 0C       		.byte	0xc
 948 05c4 29       		.byte	0x29
 949 05c5 B4000000 		.4byte	0xb4
 950 05c9 06       		.byte	0x6
 951 05ca 07       		.uleb128 0x7
 952 05cb 89030000 		.4byte	.LASF95
 953 05cf 0C       		.byte	0xc
 954 05d0 2A       		.byte	0x2a
 955 05d1 A9000000 		.4byte	0xa9
 956 05d5 08       		.byte	0x8
 957 05d6 07       		.uleb128 0x7
 958 05d7 18030000 		.4byte	.LASF96
 959 05db 0C       		.byte	0xc
 960 05dc 2B       		.byte	0x2b
 961 05dd A9000000 		.4byte	0xa9
 962 05e1 09       		.byte	0x9
 963 05e2 07       		.uleb128 0x7
 964 05e3 9E000000 		.4byte	.LASF97
 965 05e7 0C       		.byte	0xc
 966 05e8 2C       		.byte	0x2c
 967 05e9 A9000000 		.4byte	0xa9
 968 05ed 0A       		.byte	0xa
 969 05ee 07       		.uleb128 0x7
ARM GAS  /tmp/ccUdixtt.s 			page 18


 970 05ef 5A040000 		.4byte	.LASF98
 971 05f3 0C       		.byte	0xc
 972 05f4 2D       		.byte	0x2d
 973 05f5 A9000000 		.4byte	0xa9
 974 05f9 0B       		.byte	0xb
 975 05fa 07       		.uleb128 0x7
 976 05fb EB040000 		.4byte	.LASF99
 977 05ff 0C       		.byte	0xc
 978 0600 2E       		.byte	0x2e
 979 0601 A9000000 		.4byte	0xa9
 980 0605 0C       		.byte	0xc
 981 0606 07       		.uleb128 0x7
 982 0607 39040000 		.4byte	.LASF100
 983 060b 0C       		.byte	0xc
 984 060c 2F       		.byte	0x2f
 985 060d A9000000 		.4byte	0xa9
 986 0611 0D       		.byte	0xd
 987 0612 07       		.uleb128 0x7
 988 0613 0C000000 		.4byte	.LASF101
 989 0617 0C       		.byte	0xc
 990 0618 30       		.byte	0x30
 991 0619 A9000000 		.4byte	0xa9
 992 061d 0E       		.byte	0xe
 993 061e 07       		.uleb128 0x7
 994 061f 24030000 		.4byte	.LASF102
 995 0623 0C       		.byte	0xc
 996 0624 31       		.byte	0x31
 997 0625 A9000000 		.4byte	0xa9
 998 0629 0F       		.byte	0xf
 999 062a 07       		.uleb128 0x7
 1000 062b F4000000 		.4byte	.LASF103
 1001 062f 0C       		.byte	0xc
 1002 0630 32       		.byte	0x32
 1003 0631 A9000000 		.4byte	0xa9
 1004 0635 10       		.byte	0x10
 1005 0636 07       		.uleb128 0x7
 1006 0637 C5000000 		.4byte	.LASF104
 1007 063b 0C       		.byte	0xc
 1008 063c 34       		.byte	0x34
 1009 063d A9000000 		.4byte	0xa9
 1010 0641 11       		.byte	0x11
 1011 0642 07       		.uleb128 0x7
 1012 0643 04010000 		.4byte	.LASF105
 1013 0647 0C       		.byte	0xc
 1014 0648 35       		.byte	0x35
 1015 0649 A9000000 		.4byte	0xa9
 1016 064d 12       		.byte	0x12
 1017 064e 07       		.uleb128 0x7
 1018 064f 56020000 		.4byte	.LASF106
 1019 0653 0C       		.byte	0xc
 1020 0654 36       		.byte	0x36
 1021 0655 A9000000 		.4byte	0xa9
 1022 0659 13       		.byte	0x13
 1023 065a 07       		.uleb128 0x7
 1024 065b 1B040000 		.4byte	.LASF107
 1025 065f 0C       		.byte	0xc
 1026 0660 37       		.byte	0x37
ARM GAS  /tmp/ccUdixtt.s 			page 19


 1027 0661 A9000000 		.4byte	0xa9
 1028 0665 14       		.byte	0x14
 1029 0666 07       		.uleb128 0x7
 1030 0667 FA030000 		.4byte	.LASF108
 1031 066b 0C       		.byte	0xc
 1032 066c 39       		.byte	0x39
 1033 066d A9000000 		.4byte	0xa9
 1034 0671 15       		.byte	0x15
 1035 0672 00       		.byte	0
 1036 0673 14       		.uleb128 0x14
 1037 0674 80050000 		.4byte	0x580
 1038 0678 83060000 		.4byte	0x683
 1039 067c 15       		.uleb128 0x15
 1040 067d 5E030000 		.4byte	0x35e
 1041 0681 03       		.byte	0x3
 1042 0682 00       		.byte	0
 1043 0683 04       		.uleb128 0x4
 1044 0684 46010000 		.4byte	.LASF109
 1045 0688 0C       		.byte	0xc
 1046 0689 3A       		.byte	0x3a
 1047 068a 92050000 		.4byte	0x592
 1048 068e 13       		.uleb128 0x13
 1049 068f 83060000 		.4byte	0x683
 1050 0693 10       		.uleb128 0x10
 1051 0694 CC010000 		.4byte	.LASF110
 1052 0698 0C       		.byte	0xc
 1053 0699 77       		.byte	0x77
 1054 069a 8E060000 		.4byte	0x68e
 1055 069e 14       		.uleb128 0x14
 1056 069f B6020000 		.4byte	0x2b6
 1057 06a3 AE060000 		.4byte	0x6ae
 1058 06a7 15       		.uleb128 0x15
 1059 06a8 5E030000 		.4byte	0x35e
 1060 06ac 17       		.byte	0x17
 1061 06ad 00       		.byte	0
 1062 06ae 10       		.uleb128 0x10
 1063 06af 6D010000 		.4byte	.LASF111
 1064 06b3 0D       		.byte	0xd
 1065 06b4 82       		.byte	0x82
 1066 06b5 9E060000 		.4byte	0x69e
 1067 06b9 09       		.uleb128 0x9
 1068 06ba 1C       		.byte	0x1c
 1069 06bb 0E       		.byte	0xe
 1070 06bc 27       		.byte	0x27
 1071 06bd E6060000 		.4byte	0x6e6
 1072 06c1 07       		.uleb128 0x7
 1073 06c2 68050000 		.4byte	.LASF112
 1074 06c6 0E       		.byte	0xe
 1075 06c7 28       		.byte	0x28
 1076 06c8 81030000 		.4byte	0x381
 1077 06cc 00       		.byte	0
 1078 06cd 07       		.uleb128 0x7
 1079 06ce 62020000 		.4byte	.LASF113
 1080 06d2 0E       		.byte	0xe
 1081 06d3 29       		.byte	0x29
 1082 06d4 3A050000 		.4byte	0x53a
 1083 06d8 14       		.byte	0x14
ARM GAS  /tmp/ccUdixtt.s 			page 20


 1084 06d9 07       		.uleb128 0x7
 1085 06da 00000000 		.4byte	.LASF114
 1086 06de 0E       		.byte	0xe
 1087 06df 2A       		.byte	0x2a
 1088 06e0 3F010000 		.4byte	0x13f
 1089 06e4 18       		.byte	0x18
 1090 06e5 00       		.byte	0
 1091 06e6 04       		.uleb128 0x4
 1092 06e7 EC000000 		.4byte	.LASF115
 1093 06eb 0E       		.byte	0xe
 1094 06ec 2B       		.byte	0x2b
 1095 06ed B9060000 		.4byte	0x6b9
 1096 06f1 16       		.uleb128 0x16
 1097 06f2 B7040000 		.4byte	.LASF116
 1098 06f6 01       		.byte	0x1
 1099 06f7 3B       		.byte	0x3b
 1100 06f8 00000000 		.4byte	.LFB9
 1101 06fc 18000000 		.4byte	.LFE9-.LFB9
 1102 0700 01       		.uleb128 0x1
 1103 0701 9C       		.byte	0x9c
 1104 0702 5D070000 		.4byte	0x75d
 1105 0706 17       		.uleb128 0x17
 1106 0707 65747000 		.ascii	"etp\000"
 1107 070b 01       		.byte	0x1
 1108 070c 3B       		.byte	0x3b
 1109 070d 5D070000 		.4byte	0x75d
 1110 0711 00000000 		.4byte	.LLST3
 1111 0715 18       		.uleb128 0x18
 1112 0716 02000000 		.4byte	.LBB8
 1113 071a 06000000 		.4byte	.LBE8-.LBB8
 1114 071e 30070000 		.4byte	0x730
 1115 0722 19       		.uleb128 0x19
 1116 0723 746D7000 		.ascii	"tmp\000"
 1117 0727 01       		.byte	0x1
 1118 0728 3D       		.byte	0x3d
 1119 0729 CA000000 		.4byte	0xca
 1120 072d 01       		.uleb128 0x1
 1121 072e 53       		.byte	0x53
 1122 072f 00       		.byte	0
 1123 0730 18       		.uleb128 0x18
 1124 0731 10000000 		.4byte	.LBB9
 1125 0735 08000000 		.4byte	.LBE9-.LBB9
 1126 0739 4B070000 		.4byte	0x74b
 1127 073d 19       		.uleb128 0x19
 1128 073e 746D7000 		.ascii	"tmp\000"
 1129 0742 01       		.byte	0x1
 1130 0743 3D       		.byte	0x3d
 1131 0744 CA000000 		.4byte	0xca
 1132 0748 01       		.uleb128 0x1
 1133 0749 53       		.byte	0x53
 1134 074a 00       		.byte	0
 1135 074b 1A       		.uleb128 0x1a
 1136 074c 10000000 		.4byte	.LVL9
 1137 0750 77080000 		.4byte	0x877
 1138 0754 1B       		.uleb128 0x1b
 1139 0755 01       		.uleb128 0x1
 1140 0756 50       		.byte	0x50
ARM GAS  /tmp/ccUdixtt.s 			page 21


 1141 0757 03       		.uleb128 0x3
 1142 0758 F3       		.byte	0xf3
 1143 0759 01       		.uleb128 0x1
 1144 075a 50       		.byte	0x50
 1145 075b 00       		.byte	0
 1146 075c 00       		.byte	0
 1147 075d 0A       		.uleb128 0xa
 1148 075e 04       		.byte	0x4
 1149 075f E6060000 		.4byte	0x6e6
 1150 0763 16       		.uleb128 0x16
 1151 0764 B5000000 		.4byte	.LASF117
 1152 0768 01       		.byte	0x1
 1153 0769 2B       		.byte	0x2b
 1154 076a 00000000 		.4byte	.LFB8
 1155 076e 2C000000 		.4byte	.LFE8-.LFB8
 1156 0772 01       		.uleb128 0x1
 1157 0773 9C       		.byte	0x9c
 1158 0774 DB070000 		.4byte	0x7db
 1159 0778 17       		.uleb128 0x17
 1160 0779 65747000 		.ascii	"etp\000"
 1161 077d 01       		.byte	0x1
 1162 077e 2B       		.byte	0x2b
 1163 077f 5D070000 		.4byte	0x75d
 1164 0783 21000000 		.4byte	.LLST2
 1165 0787 18       		.uleb128 0x18
 1166 0788 02000000 		.4byte	.LBB5
 1167 078c 06000000 		.4byte	.LBE5-.LBB5
 1168 0790 A2070000 		.4byte	0x7a2
 1169 0794 19       		.uleb128 0x19
 1170 0795 746D7000 		.ascii	"tmp\000"
 1171 0799 01       		.byte	0x1
 1172 079a 2D       		.byte	0x2d
 1173 079b CA000000 		.4byte	0xca
 1174 079f 01       		.uleb128 0x1
 1175 07a0 53       		.byte	0x53
 1176 07a1 00       		.byte	0
 1177 07a2 1C       		.uleb128 0x1c
 1178 07a3 18000000 		.4byte	.Ldebug_ranges0+0x18
 1179 07a7 B9070000 		.4byte	0x7b9
 1180 07ab 19       		.uleb128 0x19
 1181 07ac 746D7000 		.ascii	"tmp\000"
 1182 07b0 01       		.byte	0x1
 1183 07b1 32       		.byte	0x32
 1184 07b2 CA000000 		.4byte	0xca
 1185 07b6 01       		.uleb128 0x1
 1186 07b7 53       		.byte	0x53
 1187 07b8 00       		.byte	0
 1188 07b9 1A       		.uleb128 0x1a
 1189 07ba 1E000000 		.4byte	.LVL7
 1190 07be 82080000 		.4byte	0x882
 1191 07c2 1B       		.uleb128 0x1b
 1192 07c3 01       		.uleb128 0x1
 1193 07c4 50       		.byte	0x50
 1194 07c5 03       		.uleb128 0x3
 1195 07c6 F3       		.byte	0xf3
 1196 07c7 01       		.uleb128 0x1
 1197 07c8 50       		.byte	0x50
ARM GAS  /tmp/ccUdixtt.s 			page 22


 1198 07c9 1B       		.uleb128 0x1b
 1199 07ca 01       		.uleb128 0x1
 1200 07cb 52       		.byte	0x52
 1201 07cc 05       		.uleb128 0x5
 1202 07cd 03       		.byte	0x3
 1203 07ce 00000000 		.4byte	tmrcb
 1204 07d2 1B       		.uleb128 0x1b
 1205 07d3 01       		.uleb128 0x1
 1206 07d4 53       		.byte	0x53
 1207 07d5 03       		.uleb128 0x3
 1208 07d6 F3       		.byte	0xf3
 1209 07d7 01       		.uleb128 0x1
 1210 07d8 50       		.byte	0x50
 1211 07d9 00       		.byte	0
 1212 07da 00       		.byte	0
 1213 07db 1D       		.uleb128 0x1d
 1214 07dc 80040000 		.4byte	.LASF124
 1215 07e0 01       		.byte	0x1
 1216 07e1 1C       		.byte	0x1c
 1217 07e2 00000000 		.4byte	.LFB7
 1218 07e6 2C000000 		.4byte	.LFE7-.LFB7
 1219 07ea 01       		.uleb128 0x1
 1220 07eb 9C       		.byte	0x9c
 1221 07ec 77080000 		.4byte	0x877
 1222 07f0 17       		.uleb128 0x17
 1223 07f1 7000     		.ascii	"p\000"
 1224 07f3 01       		.byte	0x1
 1225 07f4 1C       		.byte	0x1c
 1226 07f5 B4020000 		.4byte	0x2b4
 1227 07f9 42000000 		.4byte	.LLST0
 1228 07fd 1E       		.uleb128 0x1e
 1229 07fe 65747000 		.ascii	"etp\000"
 1230 0802 01       		.byte	0x1
 1231 0803 1D       		.byte	0x1d
 1232 0804 5D070000 		.4byte	0x75d
 1233 0808 6E000000 		.4byte	.LLST1
 1234 080c 1C       		.uleb128 0x1c
 1235 080d 00000000 		.4byte	.Ldebug_ranges0+0
 1236 0811 23080000 		.4byte	0x823
 1237 0815 19       		.uleb128 0x19
 1238 0816 746D7000 		.ascii	"tmp\000"
 1239 081a 01       		.byte	0x1
 1240 081b 1F       		.byte	0x1f
 1241 081c CA000000 		.4byte	0xca
 1242 0820 01       		.uleb128 0x1
 1243 0821 53       		.byte	0x53
 1244 0822 00       		.byte	0
 1245 0823 18       		.uleb128 0x18
 1246 0824 1E000000 		.4byte	.LBB4
 1247 0828 0E000000 		.4byte	.LBE4-.LBB4
 1248 082c 3E080000 		.4byte	0x83e
 1249 0830 19       		.uleb128 0x19
 1250 0831 746D7000 		.ascii	"tmp\000"
 1251 0835 01       		.byte	0x1
 1252 0836 22       		.byte	0x22
 1253 0837 CA000000 		.4byte	0xca
 1254 083b 01       		.uleb128 0x1
ARM GAS  /tmp/ccUdixtt.s 			page 23


 1255 083c 53       		.byte	0x53
 1256 083d 00       		.byte	0
 1257 083e 1F       		.uleb128 0x1f
 1258 083f 12000000 		.4byte	.LVL3
 1259 0843 8D080000 		.4byte	0x88d
 1260 0847 57080000 		.4byte	0x857
 1261 084b 1B       		.uleb128 0x1b
 1262 084c 01       		.uleb128 0x1
 1263 084d 50       		.byte	0x50
 1264 084e 02       		.uleb128 0x2
 1265 084f 74       		.byte	0x74
 1266 0850 14       		.sleb128 20
 1267 0851 1B       		.uleb128 0x1b
 1268 0852 01       		.uleb128 0x1
 1269 0853 51       		.byte	0x51
 1270 0854 01       		.uleb128 0x1
 1271 0855 30       		.byte	0x30
 1272 0856 00       		.byte	0
 1273 0857 1A       		.uleb128 0x1a
 1274 0858 1E000000 		.4byte	.LVL4
 1275 085c 82080000 		.4byte	0x882
 1276 0860 1B       		.uleb128 0x1b
 1277 0861 01       		.uleb128 0x1
 1278 0862 50       		.byte	0x50
 1279 0863 02       		.uleb128 0x2
 1280 0864 74       		.byte	0x74
 1281 0865 00       		.sleb128 0
 1282 0866 1B       		.uleb128 0x1b
 1283 0867 01       		.uleb128 0x1
 1284 0868 52       		.byte	0x52
 1285 0869 05       		.uleb128 0x5
 1286 086a 03       		.byte	0x3
 1287 086b 00000000 		.4byte	tmrcb
 1288 086f 1B       		.uleb128 0x1b
 1289 0870 01       		.uleb128 0x1
 1290 0871 53       		.byte	0x53
 1291 0872 02       		.uleb128 0x2
 1292 0873 74       		.byte	0x74
 1293 0874 00       		.sleb128 0
 1294 0875 00       		.byte	0
 1295 0876 00       		.byte	0
 1296 0877 20       		.uleb128 0x20
 1297 0878 04050000 		.4byte	.LASF118
 1298 087c 04050000 		.4byte	.LASF118
 1299 0880 08       		.byte	0x8
 1300 0881 F8       		.byte	0xf8
 1301 0882 20       		.uleb128 0x20
 1302 0883 30030000 		.4byte	.LASF119
 1303 0887 30030000 		.4byte	.LASF119
 1304 088b 08       		.byte	0x8
 1305 088c F7       		.byte	0xf7
 1306 088d 20       		.uleb128 0x20
 1307 088e 50010000 		.4byte	.LASF120
 1308 0892 50010000 		.4byte	.LASF120
 1309 0896 0B       		.byte	0xb
 1310 0897 B3       		.byte	0xb3
 1311 0898 00       		.byte	0
ARM GAS  /tmp/ccUdixtt.s 			page 24


 1312              		.section	.debug_abbrev,"",%progbits
 1313              	.Ldebug_abbrev0:
 1314 0000 01       		.uleb128 0x1
 1315 0001 11       		.uleb128 0x11
 1316 0002 01       		.byte	0x1
 1317 0003 25       		.uleb128 0x25
 1318 0004 0E       		.uleb128 0xe
 1319 0005 13       		.uleb128 0x13
 1320 0006 0B       		.uleb128 0xb
 1321 0007 03       		.uleb128 0x3
 1322 0008 0E       		.uleb128 0xe
 1323 0009 1B       		.uleb128 0x1b
 1324 000a 0E       		.uleb128 0xe
 1325 000b 55       		.uleb128 0x55
 1326 000c 17       		.uleb128 0x17
 1327 000d 11       		.uleb128 0x11
 1328 000e 01       		.uleb128 0x1
 1329 000f 10       		.uleb128 0x10
 1330 0010 17       		.uleb128 0x17
 1331 0011 00       		.byte	0
 1332 0012 00       		.byte	0
 1333 0013 02       		.uleb128 0x2
 1334 0014 24       		.uleb128 0x24
 1335 0015 00       		.byte	0
 1336 0016 0B       		.uleb128 0xb
 1337 0017 0B       		.uleb128 0xb
 1338 0018 3E       		.uleb128 0x3e
 1339 0019 0B       		.uleb128 0xb
 1340 001a 03       		.uleb128 0x3
 1341 001b 08       		.uleb128 0x8
 1342 001c 00       		.byte	0
 1343 001d 00       		.byte	0
 1344 001e 03       		.uleb128 0x3
 1345 001f 24       		.uleb128 0x24
 1346 0020 00       		.byte	0
 1347 0021 0B       		.uleb128 0xb
 1348 0022 0B       		.uleb128 0xb
 1349 0023 3E       		.uleb128 0x3e
 1350 0024 0B       		.uleb128 0xb
 1351 0025 03       		.uleb128 0x3
 1352 0026 0E       		.uleb128 0xe
 1353 0027 00       		.byte	0
 1354 0028 00       		.byte	0
 1355 0029 04       		.uleb128 0x4
 1356 002a 16       		.uleb128 0x16
 1357 002b 00       		.byte	0
 1358 002c 03       		.uleb128 0x3
 1359 002d 0E       		.uleb128 0xe
 1360 002e 3A       		.uleb128 0x3a
 1361 002f 0B       		.uleb128 0xb
 1362 0030 3B       		.uleb128 0x3b
 1363 0031 0B       		.uleb128 0xb
 1364 0032 49       		.uleb128 0x49
 1365 0033 13       		.uleb128 0x13
 1366 0034 00       		.byte	0
 1367 0035 00       		.byte	0
 1368 0036 05       		.uleb128 0x5
ARM GAS  /tmp/ccUdixtt.s 			page 25


 1369 0037 35       		.uleb128 0x35
 1370 0038 00       		.byte	0
 1371 0039 49       		.uleb128 0x49
 1372 003a 13       		.uleb128 0x13
 1373 003b 00       		.byte	0
 1374 003c 00       		.byte	0
 1375 003d 06       		.uleb128 0x6
 1376 003e 13       		.uleb128 0x13
 1377 003f 01       		.byte	0x1
 1378 0040 03       		.uleb128 0x3
 1379 0041 0E       		.uleb128 0xe
 1380 0042 0B       		.uleb128 0xb
 1381 0043 0B       		.uleb128 0xb
 1382 0044 3A       		.uleb128 0x3a
 1383 0045 0B       		.uleb128 0xb
 1384 0046 3B       		.uleb128 0x3b
 1385 0047 0B       		.uleb128 0xb
 1386 0048 01       		.uleb128 0x1
 1387 0049 13       		.uleb128 0x13
 1388 004a 00       		.byte	0
 1389 004b 00       		.byte	0
 1390 004c 07       		.uleb128 0x7
 1391 004d 0D       		.uleb128 0xd
 1392 004e 00       		.byte	0
 1393 004f 03       		.uleb128 0x3
 1394 0050 0E       		.uleb128 0xe
 1395 0051 3A       		.uleb128 0x3a
 1396 0052 0B       		.uleb128 0xb
 1397 0053 3B       		.uleb128 0x3b
 1398 0054 0B       		.uleb128 0xb
 1399 0055 49       		.uleb128 0x49
 1400 0056 13       		.uleb128 0x13
 1401 0057 38       		.uleb128 0x38
 1402 0058 0B       		.uleb128 0xb
 1403 0059 00       		.byte	0
 1404 005a 00       		.byte	0
 1405 005b 08       		.uleb128 0x8
 1406 005c 0D       		.uleb128 0xd
 1407 005d 00       		.byte	0
 1408 005e 03       		.uleb128 0x3
 1409 005f 08       		.uleb128 0x8
 1410 0060 3A       		.uleb128 0x3a
 1411 0061 0B       		.uleb128 0xb
 1412 0062 3B       		.uleb128 0x3b
 1413 0063 0B       		.uleb128 0xb
 1414 0064 49       		.uleb128 0x49
 1415 0065 13       		.uleb128 0x13
 1416 0066 38       		.uleb128 0x38
 1417 0067 0B       		.uleb128 0xb
 1418 0068 00       		.byte	0
 1419 0069 00       		.byte	0
 1420 006a 09       		.uleb128 0x9
 1421 006b 13       		.uleb128 0x13
 1422 006c 01       		.byte	0x1
 1423 006d 0B       		.uleb128 0xb
 1424 006e 0B       		.uleb128 0xb
 1425 006f 3A       		.uleb128 0x3a
ARM GAS  /tmp/ccUdixtt.s 			page 26


 1426 0070 0B       		.uleb128 0xb
 1427 0071 3B       		.uleb128 0x3b
 1428 0072 0B       		.uleb128 0xb
 1429 0073 01       		.uleb128 0x1
 1430 0074 13       		.uleb128 0x13
 1431 0075 00       		.byte	0
 1432 0076 00       		.byte	0
 1433 0077 0A       		.uleb128 0xa
 1434 0078 0F       		.uleb128 0xf
 1435 0079 00       		.byte	0
 1436 007a 0B       		.uleb128 0xb
 1437 007b 0B       		.uleb128 0xb
 1438 007c 49       		.uleb128 0x49
 1439 007d 13       		.uleb128 0x13
 1440 007e 00       		.byte	0
 1441 007f 00       		.byte	0
 1442 0080 0B       		.uleb128 0xb
 1443 0081 0F       		.uleb128 0xf
 1444 0082 00       		.byte	0
 1445 0083 0B       		.uleb128 0xb
 1446 0084 0B       		.uleb128 0xb
 1447 0085 00       		.byte	0
 1448 0086 00       		.byte	0
 1449 0087 0C       		.uleb128 0xc
 1450 0088 13       		.uleb128 0x13
 1451 0089 01       		.byte	0x1
 1452 008a 03       		.uleb128 0x3
 1453 008b 0E       		.uleb128 0xe
 1454 008c 0B       		.uleb128 0xb
 1455 008d 0B       		.uleb128 0xb
 1456 008e 3A       		.uleb128 0x3a
 1457 008f 0B       		.uleb128 0xb
 1458 0090 3B       		.uleb128 0x3b
 1459 0091 05       		.uleb128 0x5
 1460 0092 01       		.uleb128 0x1
 1461 0093 13       		.uleb128 0x13
 1462 0094 00       		.byte	0
 1463 0095 00       		.byte	0
 1464 0096 0D       		.uleb128 0xd
 1465 0097 0D       		.uleb128 0xd
 1466 0098 00       		.byte	0
 1467 0099 03       		.uleb128 0x3
 1468 009a 08       		.uleb128 0x8
 1469 009b 3A       		.uleb128 0x3a
 1470 009c 0B       		.uleb128 0xb
 1471 009d 3B       		.uleb128 0x3b
 1472 009e 05       		.uleb128 0x5
 1473 009f 49       		.uleb128 0x49
 1474 00a0 13       		.uleb128 0x13
 1475 00a1 38       		.uleb128 0x38
 1476 00a2 0B       		.uleb128 0xb
 1477 00a3 00       		.byte	0
 1478 00a4 00       		.byte	0
 1479 00a5 0E       		.uleb128 0xe
 1480 00a6 15       		.uleb128 0x15
 1481 00a7 01       		.byte	0x1
 1482 00a8 27       		.uleb128 0x27
ARM GAS  /tmp/ccUdixtt.s 			page 27


 1483 00a9 19       		.uleb128 0x19
 1484 00aa 01       		.uleb128 0x1
 1485 00ab 13       		.uleb128 0x13
 1486 00ac 00       		.byte	0
 1487 00ad 00       		.byte	0
 1488 00ae 0F       		.uleb128 0xf
 1489 00af 05       		.uleb128 0x5
 1490 00b0 00       		.byte	0
 1491 00b1 49       		.uleb128 0x49
 1492 00b2 13       		.uleb128 0x13
 1493 00b3 00       		.byte	0
 1494 00b4 00       		.byte	0
 1495 00b5 10       		.uleb128 0x10
 1496 00b6 34       		.uleb128 0x34
 1497 00b7 00       		.byte	0
 1498 00b8 03       		.uleb128 0x3
 1499 00b9 0E       		.uleb128 0xe
 1500 00ba 3A       		.uleb128 0x3a
 1501 00bb 0B       		.uleb128 0xb
 1502 00bc 3B       		.uleb128 0x3b
 1503 00bd 0B       		.uleb128 0xb
 1504 00be 49       		.uleb128 0x49
 1505 00bf 13       		.uleb128 0x13
 1506 00c0 3F       		.uleb128 0x3f
 1507 00c1 19       		.uleb128 0x19
 1508 00c2 3C       		.uleb128 0x3c
 1509 00c3 19       		.uleb128 0x19
 1510 00c4 00       		.byte	0
 1511 00c5 00       		.byte	0
 1512 00c6 11       		.uleb128 0x11
 1513 00c7 17       		.uleb128 0x17
 1514 00c8 01       		.byte	0x1
 1515 00c9 0B       		.uleb128 0xb
 1516 00ca 0B       		.uleb128 0xb
 1517 00cb 3A       		.uleb128 0x3a
 1518 00cc 0B       		.uleb128 0xb
 1519 00cd 3B       		.uleb128 0x3b
 1520 00ce 0B       		.uleb128 0xb
 1521 00cf 01       		.uleb128 0x1
 1522 00d0 13       		.uleb128 0x13
 1523 00d1 00       		.byte	0
 1524 00d2 00       		.byte	0
 1525 00d3 12       		.uleb128 0x12
 1526 00d4 0D       		.uleb128 0xd
 1527 00d5 00       		.byte	0
 1528 00d6 03       		.uleb128 0x3
 1529 00d7 0E       		.uleb128 0xe
 1530 00d8 3A       		.uleb128 0x3a
 1531 00d9 0B       		.uleb128 0xb
 1532 00da 3B       		.uleb128 0x3b
 1533 00db 0B       		.uleb128 0xb
 1534 00dc 49       		.uleb128 0x49
 1535 00dd 13       		.uleb128 0x13
 1536 00de 00       		.byte	0
 1537 00df 00       		.byte	0
 1538 00e0 13       		.uleb128 0x13
 1539 00e1 26       		.uleb128 0x26
ARM GAS  /tmp/ccUdixtt.s 			page 28


 1540 00e2 00       		.byte	0
 1541 00e3 49       		.uleb128 0x49
 1542 00e4 13       		.uleb128 0x13
 1543 00e5 00       		.byte	0
 1544 00e6 00       		.byte	0
 1545 00e7 14       		.uleb128 0x14
 1546 00e8 01       		.uleb128 0x1
 1547 00e9 01       		.byte	0x1
 1548 00ea 49       		.uleb128 0x49
 1549 00eb 13       		.uleb128 0x13
 1550 00ec 01       		.uleb128 0x1
 1551 00ed 13       		.uleb128 0x13
 1552 00ee 00       		.byte	0
 1553 00ef 00       		.byte	0
 1554 00f0 15       		.uleb128 0x15
 1555 00f1 21       		.uleb128 0x21
 1556 00f2 00       		.byte	0
 1557 00f3 49       		.uleb128 0x49
 1558 00f4 13       		.uleb128 0x13
 1559 00f5 2F       		.uleb128 0x2f
 1560 00f6 0B       		.uleb128 0xb
 1561 00f7 00       		.byte	0
 1562 00f8 00       		.byte	0
 1563 00f9 16       		.uleb128 0x16
 1564 00fa 2E       		.uleb128 0x2e
 1565 00fb 01       		.byte	0x1
 1566 00fc 3F       		.uleb128 0x3f
 1567 00fd 19       		.uleb128 0x19
 1568 00fe 03       		.uleb128 0x3
 1569 00ff 0E       		.uleb128 0xe
 1570 0100 3A       		.uleb128 0x3a
 1571 0101 0B       		.uleb128 0xb
 1572 0102 3B       		.uleb128 0x3b
 1573 0103 0B       		.uleb128 0xb
 1574 0104 27       		.uleb128 0x27
 1575 0105 19       		.uleb128 0x19
 1576 0106 11       		.uleb128 0x11
 1577 0107 01       		.uleb128 0x1
 1578 0108 12       		.uleb128 0x12
 1579 0109 06       		.uleb128 0x6
 1580 010a 40       		.uleb128 0x40
 1581 010b 18       		.uleb128 0x18
 1582 010c 9742     		.uleb128 0x2117
 1583 010e 19       		.uleb128 0x19
 1584 010f 01       		.uleb128 0x1
 1585 0110 13       		.uleb128 0x13
 1586 0111 00       		.byte	0
 1587 0112 00       		.byte	0
 1588 0113 17       		.uleb128 0x17
 1589 0114 05       		.uleb128 0x5
 1590 0115 00       		.byte	0
 1591 0116 03       		.uleb128 0x3
 1592 0117 08       		.uleb128 0x8
 1593 0118 3A       		.uleb128 0x3a
 1594 0119 0B       		.uleb128 0xb
 1595 011a 3B       		.uleb128 0x3b
 1596 011b 0B       		.uleb128 0xb
ARM GAS  /tmp/ccUdixtt.s 			page 29


 1597 011c 49       		.uleb128 0x49
 1598 011d 13       		.uleb128 0x13
 1599 011e 02       		.uleb128 0x2
 1600 011f 17       		.uleb128 0x17
 1601 0120 00       		.byte	0
 1602 0121 00       		.byte	0
 1603 0122 18       		.uleb128 0x18
 1604 0123 0B       		.uleb128 0xb
 1605 0124 01       		.byte	0x1
 1606 0125 11       		.uleb128 0x11
 1607 0126 01       		.uleb128 0x1
 1608 0127 12       		.uleb128 0x12
 1609 0128 06       		.uleb128 0x6
 1610 0129 01       		.uleb128 0x1
 1611 012a 13       		.uleb128 0x13
 1612 012b 00       		.byte	0
 1613 012c 00       		.byte	0
 1614 012d 19       		.uleb128 0x19
 1615 012e 34       		.uleb128 0x34
 1616 012f 00       		.byte	0
 1617 0130 03       		.uleb128 0x3
 1618 0131 08       		.uleb128 0x8
 1619 0132 3A       		.uleb128 0x3a
 1620 0133 0B       		.uleb128 0xb
 1621 0134 3B       		.uleb128 0x3b
 1622 0135 0B       		.uleb128 0xb
 1623 0136 49       		.uleb128 0x49
 1624 0137 13       		.uleb128 0x13
 1625 0138 02       		.uleb128 0x2
 1626 0139 18       		.uleb128 0x18
 1627 013a 00       		.byte	0
 1628 013b 00       		.byte	0
 1629 013c 1A       		.uleb128 0x1a
 1630 013d 898201   		.uleb128 0x4109
 1631 0140 01       		.byte	0x1
 1632 0141 11       		.uleb128 0x11
 1633 0142 01       		.uleb128 0x1
 1634 0143 31       		.uleb128 0x31
 1635 0144 13       		.uleb128 0x13
 1636 0145 00       		.byte	0
 1637 0146 00       		.byte	0
 1638 0147 1B       		.uleb128 0x1b
 1639 0148 8A8201   		.uleb128 0x410a
 1640 014b 00       		.byte	0
 1641 014c 02       		.uleb128 0x2
 1642 014d 18       		.uleb128 0x18
 1643 014e 9142     		.uleb128 0x2111
 1644 0150 18       		.uleb128 0x18
 1645 0151 00       		.byte	0
 1646 0152 00       		.byte	0
 1647 0153 1C       		.uleb128 0x1c
 1648 0154 0B       		.uleb128 0xb
 1649 0155 01       		.byte	0x1
 1650 0156 55       		.uleb128 0x55
 1651 0157 17       		.uleb128 0x17
 1652 0158 01       		.uleb128 0x1
 1653 0159 13       		.uleb128 0x13
ARM GAS  /tmp/ccUdixtt.s 			page 30


 1654 015a 00       		.byte	0
 1655 015b 00       		.byte	0
 1656 015c 1D       		.uleb128 0x1d
 1657 015d 2E       		.uleb128 0x2e
 1658 015e 01       		.byte	0x1
 1659 015f 03       		.uleb128 0x3
 1660 0160 0E       		.uleb128 0xe
 1661 0161 3A       		.uleb128 0x3a
 1662 0162 0B       		.uleb128 0xb
 1663 0163 3B       		.uleb128 0x3b
 1664 0164 0B       		.uleb128 0xb
 1665 0165 27       		.uleb128 0x27
 1666 0166 19       		.uleb128 0x19
 1667 0167 11       		.uleb128 0x11
 1668 0168 01       		.uleb128 0x1
 1669 0169 12       		.uleb128 0x12
 1670 016a 06       		.uleb128 0x6
 1671 016b 40       		.uleb128 0x40
 1672 016c 18       		.uleb128 0x18
 1673 016d 9742     		.uleb128 0x2117
 1674 016f 19       		.uleb128 0x19
 1675 0170 01       		.uleb128 0x1
 1676 0171 13       		.uleb128 0x13
 1677 0172 00       		.byte	0
 1678 0173 00       		.byte	0
 1679 0174 1E       		.uleb128 0x1e
 1680 0175 34       		.uleb128 0x34
 1681 0176 00       		.byte	0
 1682 0177 03       		.uleb128 0x3
 1683 0178 08       		.uleb128 0x8
 1684 0179 3A       		.uleb128 0x3a
 1685 017a 0B       		.uleb128 0xb
 1686 017b 3B       		.uleb128 0x3b
 1687 017c 0B       		.uleb128 0xb
 1688 017d 49       		.uleb128 0x49
 1689 017e 13       		.uleb128 0x13
 1690 017f 02       		.uleb128 0x2
 1691 0180 17       		.uleb128 0x17
 1692 0181 00       		.byte	0
 1693 0182 00       		.byte	0
 1694 0183 1F       		.uleb128 0x1f
 1695 0184 898201   		.uleb128 0x4109
 1696 0187 01       		.byte	0x1
 1697 0188 11       		.uleb128 0x11
 1698 0189 01       		.uleb128 0x1
 1699 018a 31       		.uleb128 0x31
 1700 018b 13       		.uleb128 0x13
 1701 018c 01       		.uleb128 0x1
 1702 018d 13       		.uleb128 0x13
 1703 018e 00       		.byte	0
 1704 018f 00       		.byte	0
 1705 0190 20       		.uleb128 0x20
 1706 0191 2E       		.uleb128 0x2e
 1707 0192 00       		.byte	0
 1708 0193 3F       		.uleb128 0x3f
 1709 0194 19       		.uleb128 0x19
 1710 0195 3C       		.uleb128 0x3c
ARM GAS  /tmp/ccUdixtt.s 			page 31


 1711 0196 19       		.uleb128 0x19
 1712 0197 6E       		.uleb128 0x6e
 1713 0198 0E       		.uleb128 0xe
 1714 0199 03       		.uleb128 0x3
 1715 019a 0E       		.uleb128 0xe
 1716 019b 3A       		.uleb128 0x3a
 1717 019c 0B       		.uleb128 0xb
 1718 019d 3B       		.uleb128 0x3b
 1719 019e 0B       		.uleb128 0xb
 1720 019f 00       		.byte	0
 1721 01a0 00       		.byte	0
 1722 01a1 00       		.byte	0
 1723              		.section	.debug_loc,"",%progbits
 1724              	.Ldebug_loc0:
 1725              	.LLST3:
 1726 0000 00000000 		.4byte	.LVL8
 1727 0004 0F000000 		.4byte	.LVL9-1
 1728 0008 0100     		.2byte	0x1
 1729 000a 50       		.byte	0x50
 1730 000b 0F000000 		.4byte	.LVL9-1
 1731 000f 18000000 		.4byte	.LFE9
 1732 0013 0400     		.2byte	0x4
 1733 0015 F3       		.byte	0xf3
 1734 0016 01       		.uleb128 0x1
 1735 0017 50       		.byte	0x50
 1736 0018 9F       		.byte	0x9f
 1737 0019 00000000 		.4byte	0
 1738 001d 00000000 		.4byte	0
 1739              	.LLST2:
 1740 0021 00000000 		.4byte	.LVL6
 1741 0025 1D000000 		.4byte	.LVL7-1
 1742 0029 0100     		.2byte	0x1
 1743 002b 50       		.byte	0x50
 1744 002c 1D000000 		.4byte	.LVL7-1
 1745 0030 2C000000 		.4byte	.LFE8
 1746 0034 0400     		.2byte	0x4
 1747 0036 F3       		.byte	0xf3
 1748 0037 01       		.uleb128 0x1
 1749 0038 50       		.byte	0x50
 1750 0039 9F       		.byte	0x9f
 1751 003a 00000000 		.4byte	0
 1752 003e 00000000 		.4byte	0
 1753              	.LLST0:
 1754 0042 00000000 		.4byte	.LVL0
 1755 0046 0E000000 		.4byte	.LVL2
 1756 004a 0100     		.2byte	0x1
 1757 004c 50       		.byte	0x50
 1758 004d 0E000000 		.4byte	.LVL2
 1759 0051 26000000 		.4byte	.LVL5
 1760 0055 0100     		.2byte	0x1
 1761 0057 54       		.byte	0x54
 1762 0058 26000000 		.4byte	.LVL5
 1763 005c 2C000000 		.4byte	.LFE7
 1764 0060 0400     		.2byte	0x4
 1765 0062 F3       		.byte	0xf3
 1766 0063 01       		.uleb128 0x1
 1767 0064 50       		.byte	0x50
ARM GAS  /tmp/ccUdixtt.s 			page 32


 1768 0065 9F       		.byte	0x9f
 1769 0066 00000000 		.4byte	0
 1770 006a 00000000 		.4byte	0
 1771              	.LLST1:
 1772 006e 06000000 		.4byte	.LVL1
 1773 0072 0E000000 		.4byte	.LVL2
 1774 0076 0100     		.2byte	0x1
 1775 0078 50       		.byte	0x50
 1776 0079 0E000000 		.4byte	.LVL2
 1777 007d 26000000 		.4byte	.LVL5
 1778 0081 0100     		.2byte	0x1
 1779 0083 54       		.byte	0x54
 1780 0084 26000000 		.4byte	.LVL5
 1781 0088 2C000000 		.4byte	.LFE7
 1782 008c 0400     		.2byte	0x4
 1783 008e F3       		.byte	0xf3
 1784 008f 01       		.uleb128 0x1
 1785 0090 50       		.byte	0x50
 1786 0091 9F       		.byte	0x9f
 1787 0092 00000000 		.4byte	0
 1788 0096 00000000 		.4byte	0
 1789              		.section	.debug_aranges,"",%progbits
 1790 0000 2C000000 		.4byte	0x2c
 1791 0004 0200     		.2byte	0x2
 1792 0006 00000000 		.4byte	.Ldebug_info0
 1793 000a 04       		.byte	0x4
 1794 000b 00       		.byte	0
 1795 000c 0000     		.2byte	0
 1796 000e 0000     		.2byte	0
 1797 0010 00000000 		.4byte	.LFB7
 1798 0014 2C000000 		.4byte	.LFE7-.LFB7
 1799 0018 00000000 		.4byte	.LFB8
 1800 001c 2C000000 		.4byte	.LFE8-.LFB8
 1801 0020 00000000 		.4byte	.LFB9
 1802 0024 18000000 		.4byte	.LFE9-.LFB9
 1803 0028 00000000 		.4byte	0
 1804 002c 00000000 		.4byte	0
 1805              		.section	.debug_ranges,"",%progbits
 1806              	.Ldebug_ranges0:
 1807 0000 02000000 		.4byte	.LBB2
 1808 0004 04000000 		.4byte	.LBE2
 1809 0008 06000000 		.4byte	.LBB3
 1810 000c 0A000000 		.4byte	.LBE3
 1811 0010 00000000 		.4byte	0
 1812 0014 00000000 		.4byte	0
 1813 0018 0C000000 		.4byte	.LBB6
 1814 001c 16000000 		.4byte	.LBE6
 1815 0020 1E000000 		.4byte	.LBB7
 1816 0024 2C000000 		.4byte	.LBE7
 1817 0028 00000000 		.4byte	0
 1818 002c 00000000 		.4byte	0
 1819 0030 00000000 		.4byte	.LFB7
 1820 0034 2C000000 		.4byte	.LFE7
 1821 0038 00000000 		.4byte	.LFB8
 1822 003c 2C000000 		.4byte	.LFE8
 1823 0040 00000000 		.4byte	.LFB9
 1824 0044 18000000 		.4byte	.LFE9
ARM GAS  /tmp/ccUdixtt.s 			page 33


 1825 0048 00000000 		.4byte	0
 1826 004c 00000000 		.4byte	0
 1827              		.section	.debug_line,"",%progbits
 1828              	.Ldebug_line0:
 1829 0000 8F010000 		.section	.debug_str,"MS",%progbits,1
 1829      02004501 
 1829      00000201 
 1829      FB0E0D00 
 1829      01010101 
 1830              	.LASF114:
 1831 0000 65745F69 		.ascii	"et_interval\000"
 1831      6E746572 
 1831      76616C00 
 1832              	.LASF101:
 1833 000c 63665F6F 		.ascii	"cf_off_older\000"
 1833      66665F6F 
 1833      6C646572 
 1833      00
 1834              	.LASF123:
 1835 0019 2F686F6D 		.ascii	"/home/ekobayu/Arok-Gandring-Lokajaya/LPC/ChibiOS-RT"
 1835      652F656B 
 1835      6F626179 
 1835      752F4172 
 1835      6F6B2D47 
 1836 004c 2D4C5043 		.ascii	"-LPC/demos/LPC1766\000"
 1836      2F64656D 
 1836      6F732F4C 
 1836      50433137 
 1836      363600
 1837              	.LASF45:
 1838 005f 705F6D73 		.ascii	"p_msg\000"
 1838      6700
 1839              	.LASF62:
 1840 0065 76745F66 		.ascii	"vt_func\000"
 1840      756E6300 
 1841              	.LASF19:
 1842 006d 75696E74 		.ascii	"uint64_t\000"
 1842      36345F74 
 1842      00
 1843              	.LASF6:
 1844 0076 5F5F7569 		.ascii	"__uint8_t\000"
 1844      6E74385F 
 1844      7400
 1845              	.LASF73:
 1846 0080 76746C69 		.ascii	"vtlist\000"
 1846      737400
 1847              	.LASF14:
 1848 0087 6C6F6E67 		.ascii	"long long unsigned int\000"
 1848      206C6F6E 
 1848      6720756E 
 1848      7369676E 
 1848      65642069 
 1849              	.LASF97:
 1850 009e 63685F74 		.ascii	"ch_threadsize\000"
 1850      68726561 
 1850      6473697A 
 1850      6500
ARM GAS  /tmp/ccUdixtt.s 			page 34


 1851              	.LASF87:
 1852 00ac 65786974 		.ascii	"exitcode\000"
 1852      636F6465 
 1852      00
 1853              	.LASF117:
 1854 00b5 65767453 		.ascii	"evtStart\000"
 1854      74617274 
 1854      00
 1855              	.LASF33:
 1856 00be 705F7072 		.ascii	"p_prio\000"
 1856      696F00
 1857              	.LASF104:
 1858 00c5 63665F6F 		.ascii	"cf_off_state\000"
 1858      66665F73 
 1858      74617465 
 1858      00
 1859              	.LASF1:
 1860 00d2 6C6F6E67 		.ascii	"long long int\000"
 1860      206C6F6E 
 1860      6720696E 
 1860      7400
 1861              	.LASF3:
 1862 00e0 7369676E 		.ascii	"signed char\000"
 1862      65642063 
 1862      68617200 
 1863              	.LASF115:
 1864 00ec 45765469 		.ascii	"EvTimer\000"
 1864      6D657200 
 1865              	.LASF103:
 1866 00f4 63665F6F 		.ascii	"cf_off_stklimit\000"
 1866      66665F73 
 1866      746B6C69 
 1866      6D697400 
 1867              	.LASF105:
 1868 0104 63665F6F 		.ascii	"cf_off_flags\000"
 1868      66665F66 
 1868      6C616773 
 1868      00
 1869              	.LASF49:
 1870 0111 705F6D70 		.ascii	"p_mpool\000"
 1870      6F6F6C00 
 1871              	.LASF76:
 1872 0119 6D5F7175 		.ascii	"m_queue\000"
 1872      65756500 
 1873              	.LASF24:
 1874 0121 74736C69 		.ascii	"tslices_t\000"
 1874      6365735F 
 1874      7400
 1875              	.LASF10:
 1876 012b 6C6F6E67 		.ascii	"long int\000"
 1876      20696E74 
 1876      00
 1877              	.LASF22:
 1878 0134 74737461 		.ascii	"tstate_t\000"
 1878      74655F74 
 1878      00
 1879              	.LASF16:
ARM GAS  /tmp/ccUdixtt.s 			page 35


 1880 013d 75696E74 		.ascii	"uint16_t\000"
 1880      31365F74 
 1880      00
 1881              	.LASF109:
 1882 0146 63686465 		.ascii	"chdebug_t\000"
 1882      6275675F 
 1882      7400
 1883              	.LASF120:
 1884 0150 63684576 		.ascii	"chEvtBroadcastFlagsI\000"
 1884      7442726F 
 1884      61646361 
 1884      7374466C 
 1884      61677349 
 1885              	.LASF35:
 1886 0165 705F6E65 		.ascii	"p_newer\000"
 1886      77657200 
 1887              	.LASF111:
 1888 016d 5F69646C 		.ascii	"_idle_thread_wa\000"
 1888      655F7468 
 1888      72656164 
 1888      5F776100 
 1889              	.LASF11:
 1890 017d 5F5F7569 		.ascii	"__uint32_t\000"
 1890      6E743332 
 1890      5F7400
 1891              	.LASF52:
 1892 0188 72656761 		.ascii	"regarm_t\000"
 1892      726D5F74 
 1892      00
 1893              	.LASF60:
 1894 0191 76745F70 		.ascii	"vt_prev\000"
 1894      72657600 
 1895              	.LASF84:
 1896 0199 4576656E 		.ascii	"EventSource\000"
 1896      74536F75 
 1896      72636500 
 1897              	.LASF0:
 1898 01a5 756E7369 		.ascii	"unsigned int\000"
 1898      676E6564 
 1898      20696E74 
 1898      00
 1899              	.LASF59:
 1900 01b2 76745F6E 		.ascii	"vt_next\000"
 1900      65787400 
 1901              	.LASF12:
 1902 01ba 6C6F6E67 		.ascii	"long unsigned int\000"
 1902      20756E73 
 1902      69676E65 
 1902      6420696E 
 1902      7400
 1903              	.LASF110:
 1904 01cc 63685F64 		.ascii	"ch_debug\000"
 1904      65627567 
 1904      00
 1905              	.LASF57:
 1906 01d5 76746675 		.ascii	"vtfunc_t\000"
 1906      6E635F74 
ARM GAS  /tmp/ccUdixtt.s 			page 36


 1906      00
 1907              	.LASF91:
 1908 01de 63685F69 		.ascii	"ch_identifier\000"
 1908      64656E74 
 1908      69666965 
 1908      7200
 1909              	.LASF55:
 1910 01ec 636F6E74 		.ascii	"context\000"
 1910      65787400 
 1911              	.LASF8:
 1912 01f4 73686F72 		.ascii	"short unsigned int\000"
 1912      7420756E 
 1912      7369676E 
 1912      65642069 
 1912      6E7400
 1913              	.LASF26:
 1914 0207 6D73675F 		.ascii	"msg_t\000"
 1914      7400
 1915              	.LASF69:
 1916 020d 725F6E65 		.ascii	"r_newer\000"
 1916      77657200 
 1917              	.LASF80:
 1918 0215 656C5F6E 		.ascii	"el_next\000"
 1918      65787400 
 1919              	.LASF21:
 1920 021d 746D6F64 		.ascii	"tmode_t\000"
 1920      655F7400 
 1921              	.LASF51:
 1922 0225 54687265 		.ascii	"ThreadsList\000"
 1922      6164734C 
 1922      69737400 
 1923              	.LASF27:
 1924 0231 6576656E 		.ascii	"eventmask_t\000"
 1924      746D6173 
 1924      6B5F7400 
 1925              	.LASF75:
 1926 023d 4D757465 		.ascii	"Mutex\000"
 1926      7800
 1927              	.LASF53:
 1928 0243 73746B61 		.ascii	"stkalign_t\000"
 1928      6C69676E 
 1928      5F7400
 1929              	.LASF92:
 1930 024e 63685F7A 		.ascii	"ch_zero\000"
 1930      65726F00 
 1931              	.LASF106:
 1932 0256 63665F6F 		.ascii	"cf_off_refs\000"
 1932      66665F72 
 1932      65667300 
 1933              	.LASF113:
 1934 0262 65745F65 		.ascii	"et_es\000"
 1934      7300
 1935              	.LASF61:
 1936 0268 76745F74 		.ascii	"vt_time\000"
 1936      696D6500 
 1937              	.LASF121:
 1938 0270 474E5520 		.ascii	"GNU C11 6.3.1 20170620 -mcpu=cortex-m3 -mno-thumb-i"
ARM GAS  /tmp/ccUdixtt.s 			page 37


 1938      43313120 
 1938      362E332E 
 1938      31203230 
 1938      31373036 
 1939 02a3 6E746572 		.ascii	"nterwork -mthumb -ggdb -O2 -fomit-frame-pointer -ff"
 1939      776F726B 
 1939      202D6D74 
 1939      68756D62 
 1939      202D6767 
 1940 02d6 756E6374 		.ascii	"unction-sections -fdata-sections -fno-common\000"
 1940      696F6E2D 
 1940      73656374 
 1940      696F6E73 
 1940      202D6664 
 1941              	.LASF56:
 1942 0303 73697A65 		.ascii	"sizetype\000"
 1942      74797065 
 1942      00
 1943              	.LASF2:
 1944 030c 6C6F6E67 		.ascii	"long double\000"
 1944      20646F75 
 1944      626C6500 
 1945              	.LASF96:
 1946 0318 63685F74 		.ascii	"ch_timesize\000"
 1946      696D6573 
 1946      697A6500 
 1947              	.LASF102:
 1948 0324 63665F6F 		.ascii	"cf_off_name\000"
 1948      66665F6E 
 1948      616D6500 
 1949              	.LASF119:
 1950 0330 63685654 		.ascii	"chVTSetI\000"
 1950      53657449 
 1950      00
 1951              	.LASF36:
 1952 0339 705F6F6C 		.ascii	"p_older\000"
 1952      64657200 
 1953              	.LASF68:
 1954 0341 725F6374 		.ascii	"r_ctx\000"
 1954      7800
 1955              	.LASF50:
 1956 0347 54687265 		.ascii	"ThreadsQueue\000"
 1956      61647351 
 1956      75657565 
 1956      00
 1957              	.LASF93:
 1958 0354 63685F73 		.ascii	"ch_size\000"
 1958      697A6500 
 1959              	.LASF71:
 1960 035c 725F6375 		.ascii	"r_current\000"
 1960      7272656E 
 1960      7400
 1961              	.LASF70:
 1962 0366 725F6F6C 		.ascii	"r_older\000"
 1962      64657200 
 1963              	.LASF82:
 1964 036e 656C5F6D 		.ascii	"el_mask\000"
ARM GAS  /tmp/ccUdixtt.s 			page 38


 1964      61736B00 
 1965              	.LASF13:
 1966 0376 5F5F7569 		.ascii	"__uint64_t\000"
 1966      6E743634 
 1966      5F7400
 1967              	.LASF23:
 1968 0381 74726566 		.ascii	"trefs_t\000"
 1968      735F7400 
 1969              	.LASF95:
 1970 0389 63685F70 		.ascii	"ch_ptrsize\000"
 1970      74727369 
 1970      7A6500
 1971              	.LASF32:
 1972 0394 705F7072 		.ascii	"p_prev\000"
 1972      657600
 1973              	.LASF25:
 1974 039b 74707269 		.ascii	"tprio_t\000"
 1974      6F5F7400 
 1975              	.LASF20:
 1976 03a3 5F426F6F 		.ascii	"_Bool\000"
 1976      6C00
 1977              	.LASF17:
 1978 03a9 696E7433 		.ascii	"int32_t\000"
 1978      325F7400 
 1979              	.LASF4:
 1980 03b1 756E7369 		.ascii	"unsigned char\000"
 1980      676E6564 
 1980      20636861 
 1980      7200
 1981              	.LASF81:
 1982 03bf 656C5F6C 		.ascii	"el_listener\000"
 1982      69737465 
 1982      6E657200 
 1983              	.LASF83:
 1984 03cb 656C5F66 		.ascii	"el_flags\000"
 1984      6C616773 
 1984      00
 1985              	.LASF47:
 1986 03d4 705F6D74 		.ascii	"p_mtxlist\000"
 1986      786C6973 
 1986      7400
 1987              	.LASF5:
 1988 03de 73686F72 		.ascii	"short int\000"
 1988      7420696E 
 1988      7400
 1989              	.LASF38:
 1990 03e8 705F7374 		.ascii	"p_state\000"
 1990      61746500 
 1991              	.LASF41:
 1992 03f0 705F7072 		.ascii	"p_preempt\000"
 1992      65656D70 
 1992      7400
 1993              	.LASF108:
 1994 03fa 63665F6F 		.ascii	"cf_off_time\000"
 1994      66665F74 
 1994      696D6500 
 1995              	.LASF67:
ARM GAS  /tmp/ccUdixtt.s 			page 39


 1996 0406 725F7072 		.ascii	"r_prio\000"
 1996      696F00
 1997              	.LASF89:
 1998 040d 65776D61 		.ascii	"ewmask\000"
 1998      736B00
 1999              	.LASF31:
 2000 0414 705F6E65 		.ascii	"p_next\000"
 2000      787400
 2001              	.LASF107:
 2002 041b 63665F6F 		.ascii	"cf_off_preempt\000"
 2002      66665F70 
 2002      7265656D 
 2002      707400
 2003              	.LASF39:
 2004 042a 705F666C 		.ascii	"p_flags\000"
 2004      61677300 
 2005              	.LASF30:
 2006 0432 54687265 		.ascii	"Thread\000"
 2006      616400
 2007              	.LASF100:
 2008 0439 63665F6F 		.ascii	"cf_off_newer\000"
 2008      66665F6E 
 2008      65776572 
 2008      00
 2009              	.LASF46:
 2010 0446 705F6570 		.ascii	"p_epending\000"
 2010      656E6469 
 2010      6E6700
 2011              	.LASF18:
 2012 0451 75696E74 		.ascii	"uint32_t\000"
 2012      33325F74 
 2012      00
 2013              	.LASF98:
 2014 045a 63665F6F 		.ascii	"cf_off_prio\000"
 2014      66665F70 
 2014      72696F00 
 2015              	.LASF66:
 2016 0466 725F7175 		.ascii	"r_queue\000"
 2016      65756500 
 2017              	.LASF58:
 2018 046e 56697274 		.ascii	"VirtualTimer\000"
 2018      75616C54 
 2018      696D6572 
 2018      00
 2019              	.LASF90:
 2020 047b 63686172 		.ascii	"char\000"
 2020      00
 2021              	.LASF124:
 2022 0480 746D7263 		.ascii	"tmrcb\000"
 2022      6200
 2023              	.LASF7:
 2024 0486 5F5F7569 		.ascii	"__uint16_t\000"
 2024      6E743136 
 2024      5F7400
 2025              	.LASF78:
 2026 0491 6D5F6E65 		.ascii	"m_next\000"
 2026      787400
ARM GAS  /tmp/ccUdixtt.s 			page 40


 2027              	.LASF29:
 2028 0498 73797374 		.ascii	"systime_t\000"
 2028      696D655F 
 2028      7400
 2029              	.LASF48:
 2030 04a2 705F7265 		.ascii	"p_realprio\000"
 2030      616C7072 
 2030      696F00
 2031              	.LASF9:
 2032 04ad 5F5F696E 		.ascii	"__int32_t\000"
 2032      7433325F 
 2032      7400
 2033              	.LASF116:
 2034 04b7 65767453 		.ascii	"evtStop\000"
 2034      746F7000 
 2035              	.LASF42:
 2036 04bf 705F7469 		.ascii	"p_time\000"
 2036      6D6500
 2037              	.LASF54:
 2038 04c6 696E7463 		.ascii	"intctx\000"
 2038      747800
 2039              	.LASF44:
 2040 04cd 705F6D73 		.ascii	"p_msgqueue\000"
 2040      67717565 
 2040      756500
 2041              	.LASF63:
 2042 04d8 76745F70 		.ascii	"vt_par\000"
 2042      617200
 2043              	.LASF28:
 2044 04df 666C6167 		.ascii	"flagsmask_t\000"
 2044      736D6173 
 2044      6B5F7400 
 2045              	.LASF99:
 2046 04eb 63665F6F 		.ascii	"cf_off_ctx\000"
 2046      66665F63 
 2046      747800
 2047              	.LASF86:
 2048 04f6 7264796D 		.ascii	"rdymsg\000"
 2048      736700
 2049              	.LASF40:
 2050 04fd 705F7265 		.ascii	"p_refs\000"
 2050      667300
 2051              	.LASF118:
 2052 0504 63685654 		.ascii	"chVTResetI\000"
 2052      52657365 
 2052      744900
 2053              	.LASF72:
 2054 050f 52656164 		.ascii	"ReadyList\000"
 2054      794C6973 
 2054      7400
 2055              	.LASF74:
 2056 0519 726C6973 		.ascii	"rlist\000"
 2056      7400
 2057              	.LASF15:
 2058 051f 75696E74 		.ascii	"uint8_t\000"
 2058      385F7400 
 2059              	.LASF79:
ARM GAS  /tmp/ccUdixtt.s 			page 41


 2060 0527 4576656E 		.ascii	"EventListener\000"
 2060      744C6973 
 2060      74656E65 
 2060      7200
 2061              	.LASF88:
 2062 0535 77746F62 		.ascii	"wtobjp\000"
 2062      6A7000
 2063              	.LASF37:
 2064 053c 705F6E61 		.ascii	"p_name\000"
 2064      6D6500
 2065              	.LASF64:
 2066 0543 76745F73 		.ascii	"vt_systime\000"
 2066      79737469 
 2066      6D6500
 2067              	.LASF85:
 2068 054e 65735F6E 		.ascii	"es_next\000"
 2068      65787400 
 2069              	.LASF94:
 2070 0556 63685F76 		.ascii	"ch_version\000"
 2070      65727369 
 2070      6F6E00
 2071              	.LASF65:
 2072 0561 56544C69 		.ascii	"VTList\000"
 2072      737400
 2073              	.LASF112:
 2074 0568 65745F76 		.ascii	"et_vt\000"
 2074      7400
 2075              	.LASF77:
 2076 056e 6D5F6F77 		.ascii	"m_owner\000"
 2076      6E657200 
 2077              	.LASF34:
 2078 0576 705F6374 		.ascii	"p_ctx\000"
 2078      7800
 2079              	.LASF43:
 2080 057c 705F7761 		.ascii	"p_waiting\000"
 2080      6974696E 
 2080      6700
 2081              	.LASF122:
 2082 0586 2E2E2F2E 		.ascii	"../../os/various/evtimer.c\000"
 2082      2E2F6F73 
 2082      2F766172 
 2082      696F7573 
 2082      2F657674 
 2083              		.ident	"GCC: (15:6.3.1+svn253039-1build1) 6.3.1 20170620"
ARM GAS  /tmp/ccUdixtt.s 			page 42


DEFINED SYMBOLS
                            *ABS*:0000000000000000 evtimer.c
     /tmp/ccUdixtt.s:16     .text.tmrcb:0000000000000000 $t
     /tmp/ccUdixtt.s:23     .text.tmrcb:0000000000000000 tmrcb
     /tmp/ccUdixtt.s:78     .text.tmrcb:0000000000000028 $d
     /tmp/ccUdixtt.s:84     .text.evtStart:0000000000000000 $t
     /tmp/ccUdixtt.s:92     .text.evtStart:0000000000000000 evtStart
     /tmp/ccUdixtt.s:147    .text.evtStart:0000000000000028 $d
     /tmp/ccUdixtt.s:153    .text.evtStop:0000000000000000 $t
     /tmp/ccUdixtt.s:161    .text.evtStop:0000000000000000 evtStop
                     .debug_frame:0000000000000010 $d

UNDEFINED SYMBOLS
chEvtBroadcastFlagsI
chVTSetI
chVTResetI
