ARM GAS  /tmp/cca7Acgi.s 			page 1


   1              		.cpu cortex-m3
   2              		.eabi_attribute 20, 1
   3              		.eabi_attribute 21, 1
   4              		.eabi_attribute 23, 3
   5              		.eabi_attribute 24, 1
   6              		.eabi_attribute 25, 1
   7              		.eabi_attribute 26, 1
   8              		.eabi_attribute 30, 2
   9              		.eabi_attribute 34, 1
  10              		.eabi_attribute 18, 4
  11              		.file	"nvic.c"
  12              		.text
  13              	.Ltext0:
  14              		.cfi_sections	.debug_frame
  15              		.section	.text.nvicEnableVector,"ax",%progbits
  16              		.align	1
  17              		.p2align 2,,3
  18              		.global	nvicEnableVector
  19              		.syntax unified
  20              		.thumb
  21              		.thumb_func
  22              		.fpu softvfp
  23              		.type	nvicEnableVector, %function
  24              	nvicEnableVector:
  25              	.LFB7:
  26              		.file 1 "../../os/ports/common/ARMCMx/nvic.c"
  27              		.loc 1 39 0
  28              		.cfi_startproc
  29              		@ args = 0, pretend = 0, frame = 0
  30              		@ frame_needed = 0, uses_anonymous_args = 0
  31              		@ link register save eliminated.
  32              	.LVL0:
  33 0000 F0B4     		push	{r4, r5, r6, r7}
  34              		.cfi_def_cfa_offset 16
  35              		.cfi_offset 4, -16
  36              		.cfi_offset 5, -12
  37              		.cfi_offset 6, -8
  38              		.cfi_offset 7, -4
  39              		.loc 1 42 0
  40 0002 FF27     		movs	r7, #255
  41              		.loc 1 43 0
  42 0004 0126     		movs	r6, #1
  43 0006 20F00302 		bic	r2, r0, #3
  44 000a 02F16042 		add	r2, r2, #-536870912
  45 000e 02F56142 		add	r2, r2, #57600
  46              		.loc 1 40 0
  47 0012 C400     		lsls	r4, r0, #3
  48              		.loc 1 42 0
  49 0014 D2F80053 		ldr	r5, [r2, #768]
  50              		.loc 1 40 0
  51 0018 04F01804 		and	r4, r4, #24
  52              	.LVL1:
  53              		.loc 1 43 0
  54 001c 4309     		lsrs	r3, r0, #5
  55              		.loc 1 42 0
  56 001e A740     		lsls	r7, r7, r4
  57 0020 9B00     		lsls	r3, r3, #2
ARM GAS  /tmp/cca7Acgi.s 			page 2


  58 0022 A140     		lsls	r1, r1, r4
  59              	.LVL2:
  60 0024 25EA0705 		bic	r5, r5, r7
  61 0028 03F16043 		add	r3, r3, #-536870912
  62              		.loc 1 43 0
  63 002c 00F01F00 		and	r0, r0, #31
  64              	.LVL3:
  65 0030 06FA00F0 		lsl	r0, r6, r0
  66              		.loc 1 42 0
  67 0034 2943     		orrs	r1, r1, r5
  68 0036 03F56143 		add	r3, r3, #57600
  69 003a C2F80013 		str	r1, [r2, #768]
  70              		.loc 1 45 0
  71 003e F0BC     		pop	{r4, r5, r6, r7}
  72              		.cfi_restore 7
  73              		.cfi_restore 6
  74              		.cfi_restore 5
  75              		.cfi_restore 4
  76              		.cfi_def_cfa_offset 0
  77              	.LVL4:
  78              		.loc 1 43 0
  79 0040 C3F88001 		str	r0, [r3, #384]
  80              		.loc 1 44 0
  81 0044 1860     		str	r0, [r3]
  82              		.loc 1 45 0
  83 0046 7047     		bx	lr
  84              		.cfi_endproc
  85              	.LFE7:
  86              		.size	nvicEnableVector, .-nvicEnableVector
  87              		.section	.text.nvicDisableVector,"ax",%progbits
  88              		.align	1
  89              		.p2align 2,,3
  90              		.global	nvicDisableVector
  91              		.syntax unified
  92              		.thumb
  93              		.thumb_func
  94              		.fpu softvfp
  95              		.type	nvicDisableVector, %function
  96              	nvicDisableVector:
  97              	.LFB8:
  98              		.loc 1 53 0
  99              		.cfi_startproc
 100              		@ args = 0, pretend = 0, frame = 0
 101              		@ frame_needed = 0, uses_anonymous_args = 0
 102              		@ link register save eliminated.
 103              	.LVL5:
 104 0000 70B4     		push	{r4, r5, r6}
 105              		.cfi_def_cfa_offset 12
 106              		.cfi_offset 4, -12
 107              		.cfi_offset 5, -8
 108              		.cfi_offset 6, -4
 109              		.loc 1 56 0
 110 0002 0124     		movs	r4, #1
 111              		.loc 1 57 0
 112 0004 FF21     		movs	r1, #255
 113              		.loc 1 56 0
 114 0006 00F01F06 		and	r6, r0, #31
ARM GAS  /tmp/cca7Acgi.s 			page 3


 115 000a 4209     		lsrs	r2, r0, #5
 116 000c 0B4D     		ldr	r5, .L5
 117 000e 20F00303 		bic	r3, r0, #3
 118 0012 2032     		adds	r2, r2, #32
 119 0014 B440     		lsls	r4, r4, r6
 120 0016 03F16043 		add	r3, r3, #-536870912
 121 001a 45F82240 		str	r4, [r5, r2, lsl #2]
 122 001e 03F56143 		add	r3, r3, #57600
 123              		.loc 1 54 0
 124 0022 C000     		lsls	r0, r0, #3
 125              	.LVL6:
 126              		.loc 1 57 0
 127 0024 D3F80023 		ldr	r2, [r3, #768]
 128              		.loc 1 54 0
 129 0028 00F01800 		and	r0, r0, #24
 130              	.LVL7:
 131              		.loc 1 57 0
 132 002c 01FA00F0 		lsl	r0, r1, r0
 133              	.LVL8:
 134 0030 22EA0000 		bic	r0, r2, r0
 135 0034 C3F80003 		str	r0, [r3, #768]
 136              		.loc 1 58 0
 137 0038 70BC     		pop	{r4, r5, r6}
 138              		.cfi_restore 6
 139              		.cfi_restore 5
 140              		.cfi_restore 4
 141              		.cfi_def_cfa_offset 0
 142 003a 7047     		bx	lr
 143              	.L6:
 144              		.align	2
 145              	.L5:
 146 003c 00E100E0 		.word	-536813312
 147              		.cfi_endproc
 148              	.LFE8:
 149              		.size	nvicDisableVector, .-nvicDisableVector
 150              		.section	.text.nvicSetSystemHandlerPriority,"ax",%progbits
 151              		.align	1
 152              		.p2align 2,,3
 153              		.global	nvicSetSystemHandlerPriority
 154              		.syntax unified
 155              		.thumb
 156              		.thumb_func
 157              		.fpu softvfp
 158              		.type	nvicSetSystemHandlerPriority, %function
 159              	nvicSetSystemHandlerPriority:
 160              	.LFB9:
 161              		.loc 1 67 0
 162              		.cfi_startproc
 163              		@ args = 0, pretend = 0, frame = 0
 164              		@ frame_needed = 0, uses_anonymous_args = 0
 165              		@ link register save eliminated.
 166              	.LVL9:
 167 0000 10B4     		push	{r4}
 168              		.cfi_def_cfa_offset 4
 169              		.cfi_offset 4, -4
 170              		.loc 1 71 0
 171 0002 FF24     		movs	r4, #255
ARM GAS  /tmp/cca7Acgi.s 			page 4


 172 0004 20F00303 		bic	r3, r0, #3
 173 0008 03F16043 		add	r3, r3, #-536870912
 174 000c 03F56D43 		add	r3, r3, #60672
 175              		.loc 1 68 0
 176 0010 00F00300 		and	r0, r0, #3
 177              	.LVL10:
 178 0014 C000     		lsls	r0, r0, #3
 179              	.LVL11:
 180              		.loc 1 70 0
 181 0016 9A69     		ldr	r2, [r3, #24]
 182              		.loc 1 71 0
 183 0018 8440     		lsls	r4, r4, r0
 184 001a 8140     		lsls	r1, r1, r0
 185              	.LVL12:
 186              		.loc 1 70 0
 187 001c 22EA0400 		bic	r0, r2, r4
 188              	.LVL13:
 189              		.loc 1 71 0
 190 0020 0843     		orrs	r0, r0, r1
 191              		.loc 1 70 0
 192 0022 9861     		str	r0, [r3, #24]
 193              		.loc 1 72 0
 194 0024 10BC     		pop	{r4}
 195              		.cfi_restore 4
 196              		.cfi_def_cfa_offset 0
 197 0026 7047     		bx	lr
 198              		.cfi_endproc
 199              	.LFE9:
 200              		.size	nvicSetSystemHandlerPriority, .-nvicSetSystemHandlerPriority
 201              		.text
 202              	.Letext0:
 203              		.file 2 "/usr/include/newlib/machine/_default_types.h"
 204              		.file 3 "/usr/include/newlib/sys/_stdint.h"
 205              		.file 4 "../../os/ports/GCC/ARMCMx/chtypes.h"
 206              		.file 5 "../../os/kernel/include/chlists.h"
 207              		.file 6 "../../os/kernel/include/chthreads.h"
 208              		.file 7 "../../os/ports/GCC/ARMCMx/chcore_v7m.h"
 209              		.file 8 "../../os/ports/common/ARMCMx/nvic.h"
 210              		.file 9 "../../os/kernel/include/chvt.h"
 211              		.file 10 "../../os/kernel/include/chschd.h"
 212              		.file 11 "../../os/kernel/include/chmtx.h"
 213              		.file 12 "../../os/kernel/include/chregistry.h"
 214              		.file 13 "../../os/kernel/include/ch.h"
 215              		.section	.debug_info,"",%progbits
 216              	.Ldebug_info0:
 217 0000 80090000 		.4byte	0x980
 218 0004 0400     		.2byte	0x4
 219 0006 00000000 		.4byte	.Ldebug_abbrev0
 220 000a 04       		.byte	0x4
 221 000b 01       		.uleb128 0x1
 222 000c C2020000 		.4byte	.LASF137
 223 0010 0C       		.byte	0xc
 224 0011 5E030000 		.4byte	.LASF138
 225 0015 05000000 		.4byte	.LASF139
 226 0019 00000000 		.4byte	.Ldebug_ranges0+0
 227 001d 00000000 		.4byte	0
 228 0021 00000000 		.4byte	.Ldebug_line0
ARM GAS  /tmp/cca7Acgi.s 			page 5


 229 0025 02       		.uleb128 0x2
 230 0026 04       		.byte	0x4
 231 0027 05       		.byte	0x5
 232 0028 696E7400 		.ascii	"int\000"
 233 002c 03       		.uleb128 0x3
 234 002d 04       		.byte	0x4
 235 002e 07       		.byte	0x7
 236 002f AF010000 		.4byte	.LASF0
 237 0033 03       		.uleb128 0x3
 238 0034 08       		.byte	0x8
 239 0035 05       		.byte	0x5
 240 0036 FB000000 		.4byte	.LASF1
 241 003a 03       		.uleb128 0x3
 242 003b 08       		.byte	0x8
 243 003c 04       		.byte	0x4
 244 003d 82030000 		.4byte	.LASF2
 245 0041 03       		.uleb128 0x3
 246 0042 01       		.byte	0x1
 247 0043 06       		.byte	0x6
 248 0044 09010000 		.4byte	.LASF3
 249 0048 04       		.uleb128 0x4
 250 0049 7F000000 		.4byte	.LASF6
 251 004d 02       		.byte	0x2
 252 004e 1D       		.byte	0x1d
 253 004f 53000000 		.4byte	0x53
 254 0053 03       		.uleb128 0x3
 255 0054 01       		.byte	0x1
 256 0055 08       		.byte	0x8
 257 0056 2D040000 		.4byte	.LASF4
 258 005a 03       		.uleb128 0x3
 259 005b 02       		.byte	0x2
 260 005c 05       		.byte	0x5
 261 005d 4B040000 		.4byte	.LASF5
 262 0061 04       		.uleb128 0x4
 263 0062 22050000 		.4byte	.LASF7
 264 0066 02       		.byte	0x2
 265 0067 2B       		.byte	0x2b
 266 0068 6C000000 		.4byte	0x6c
 267 006c 03       		.uleb128 0x3
 268 006d 02       		.byte	0x2
 269 006e 07       		.byte	0x7
 270 006f 2D020000 		.4byte	.LASF8
 271 0073 04       		.uleb128 0x4
 272 0074 49050000 		.4byte	.LASF9
 273 0078 02       		.byte	0x2
 274 0079 3F       		.byte	0x3f
 275 007a 7E000000 		.4byte	0x7e
 276 007e 03       		.uleb128 0x3
 277 007f 04       		.byte	0x4
 278 0080 05       		.byte	0x5
 279 0081 4C010000 		.4byte	.LASF10
 280 0085 04       		.uleb128 0x4
 281 0086 93010000 		.4byte	.LASF11
 282 008a 02       		.byte	0x2
 283 008b 41       		.byte	0x41
 284 008c 90000000 		.4byte	0x90
 285 0090 03       		.uleb128 0x3
ARM GAS  /tmp/cca7Acgi.s 			page 6


 286 0091 04       		.byte	0x4
 287 0092 07       		.byte	0x7
 288 0093 E3010000 		.4byte	.LASF12
 289 0097 04       		.uleb128 0x4
 290 0098 EC030000 		.4byte	.LASF13
 291 009c 02       		.byte	0x2
 292 009d 5B       		.byte	0x5b
 293 009e A2000000 		.4byte	0xa2
 294 00a2 03       		.uleb128 0x3
 295 00a3 08       		.byte	0x8
 296 00a4 07       		.byte	0x7
 297 00a5 98000000 		.4byte	.LASF14
 298 00a9 04       		.uleb128 0x4
 299 00aa A6050000 		.4byte	.LASF15
 300 00ae 03       		.byte	0x3
 301 00af 18       		.byte	0x18
 302 00b0 48000000 		.4byte	0x48
 303 00b4 04       		.uleb128 0x4
 304 00b5 63010000 		.4byte	.LASF16
 305 00b9 03       		.byte	0x3
 306 00ba 24       		.byte	0x24
 307 00bb 61000000 		.4byte	0x61
 308 00bf 04       		.uleb128 0x4
 309 00c0 25040000 		.4byte	.LASF17
 310 00c4 03       		.byte	0x3
 311 00c5 2C       		.byte	0x2c
 312 00c6 73000000 		.4byte	0x73
 313 00ca 04       		.uleb128 0x4
 314 00cb DB040000 		.4byte	.LASF18
 315 00cf 03       		.byte	0x3
 316 00d0 30       		.byte	0x30
 317 00d1 85000000 		.4byte	0x85
 318 00d5 05       		.uleb128 0x5
 319 00d6 CA000000 		.4byte	0xca
 320 00da 04       		.uleb128 0x4
 321 00db 76000000 		.4byte	.LASF19
 322 00df 03       		.byte	0x3
 323 00e0 3C       		.byte	0x3c
 324 00e1 97000000 		.4byte	0x97
 325 00e5 03       		.uleb128 0x3
 326 00e6 01       		.byte	0x1
 327 00e7 02       		.byte	0x2
 328 00e8 1F040000 		.4byte	.LASF20
 329 00ec 04       		.uleb128 0x4
 330 00ed 64020000 		.4byte	.LASF21
 331 00f1 04       		.byte	0x4
 332 00f2 25       		.byte	0x25
 333 00f3 A9000000 		.4byte	0xa9
 334 00f7 04       		.uleb128 0x4
 335 00f8 55010000 		.4byte	.LASF22
 336 00fc 04       		.byte	0x4
 337 00fd 26       		.byte	0x26
 338 00fe A9000000 		.4byte	0xa9
 339 0102 04       		.uleb128 0x4
 340 0103 FD030000 		.4byte	.LASF23
 341 0107 04       		.byte	0x4
 342 0108 27       		.byte	0x27
ARM GAS  /tmp/cca7Acgi.s 			page 7


 343 0109 A9000000 		.4byte	0xa9
 344 010d 04       		.uleb128 0x4
 345 010e 42010000 		.4byte	.LASF24
 346 0112 04       		.byte	0x4
 347 0113 28       		.byte	0x28
 348 0114 A9000000 		.4byte	0xa9
 349 0118 04       		.uleb128 0x4
 350 0119 17040000 		.4byte	.LASF25
 351 011d 04       		.byte	0x4
 352 011e 29       		.byte	0x29
 353 011f CA000000 		.4byte	0xca
 354 0123 04       		.uleb128 0x4
 355 0124 45020000 		.4byte	.LASF26
 356 0128 04       		.byte	0x4
 357 0129 2A       		.byte	0x2a
 358 012a BF000000 		.4byte	0xbf
 359 012e 04       		.uleb128 0x4
 360 012f 78020000 		.4byte	.LASF27
 361 0133 04       		.byte	0x4
 362 0134 2C       		.byte	0x2c
 363 0135 CA000000 		.4byte	0xca
 364 0139 04       		.uleb128 0x4
 365 013a 34050000 		.4byte	.LASF28
 366 013e 04       		.byte	0x4
 367 013f 2E       		.byte	0x2e
 368 0140 CA000000 		.4byte	0xca
 369 0144 05       		.uleb128 0x5
 370 0145 39010000 		.4byte	0x139
 371 0149 04       		.uleb128 0x4
 372 014a BC040000 		.4byte	.LASF29
 373 014e 05       		.byte	0x5
 374 014f 23       		.byte	0x23
 375 0150 54010000 		.4byte	0x154
 376 0154 06       		.uleb128 0x6
 377 0155 BC040000 		.4byte	.LASF29
 378 0159 48       		.byte	0x48
 379 015a 06       		.byte	0x6
 380 015b 57       		.byte	0x57
 381 015c 51020000 		.4byte	0x251
 382 0160 07       		.uleb128 0x7
 383 0161 9E040000 		.4byte	.LASF30
 384 0165 06       		.byte	0x6
 385 0166 58       		.byte	0x58
 386 0167 72020000 		.4byte	0x272
 387 016b 00       		.byte	0
 388 016c 07       		.uleb128 0x7
 389 016d 10040000 		.4byte	.LASF31
 390 0171 06       		.byte	0x6
 391 0172 5A       		.byte	0x5a
 392 0173 72020000 		.4byte	0x272
 393 0177 04       		.byte	0x4
 394 0178 07       		.uleb128 0x7
 395 0179 CB000000 		.4byte	.LASF32
 396 017d 06       		.byte	0x6
 397 017e 5C       		.byte	0x5c
 398 017f 18010000 		.4byte	0x118
 399 0183 08       		.byte	0x8
ARM GAS  /tmp/cca7Acgi.s 			page 8


 400 0184 07       		.uleb128 0x7
 401 0185 E6050000 		.4byte	.LASF33
 402 0189 06       		.byte	0x6
 403 018a 5D       		.byte	0x5d
 404 018b 37030000 		.4byte	0x337
 405 018f 0C       		.byte	0xc
 406 0190 07       		.uleb128 0x7
 407 0191 76010000 		.4byte	.LASF34
 408 0195 06       		.byte	0x6
 409 0196 5F       		.byte	0x5f
 410 0197 72020000 		.4byte	0x272
 411 019b 10       		.byte	0x10
 412 019c 07       		.uleb128 0x7
 413 019d A4030000 		.4byte	.LASF35
 414 01a1 06       		.byte	0x6
 415 01a2 60       		.byte	0x60
 416 01a3 72020000 		.4byte	0x272
 417 01a7 14       		.byte	0x14
 418 01a8 07       		.uleb128 0x7
 419 01a9 BA050000 		.4byte	.LASF36
 420 01ad 06       		.byte	0x6
 421 01ae 67       		.byte	0x67
 422 01af 95070000 		.4byte	0x795
 423 01b3 18       		.byte	0x18
 424 01b4 07       		.uleb128 0x7
 425 01b5 55040000 		.4byte	.LASF37
 426 01b9 06       		.byte	0x6
 427 01ba 72       		.byte	0x72
 428 01bb F7000000 		.4byte	0xf7
 429 01bf 1C       		.byte	0x1c
 430 01c0 07       		.uleb128 0x7
 431 01c1 B4040000 		.4byte	.LASF38
 432 01c5 06       		.byte	0x6
 433 01c6 76       		.byte	0x76
 434 01c7 EC000000 		.4byte	0xec
 435 01cb 1D       		.byte	0x1d
 436 01cc 07       		.uleb128 0x7
 437 01cd 8A050000 		.4byte	.LASF39
 438 01d1 06       		.byte	0x6
 439 01d2 7B       		.byte	0x7b
 440 01d3 02010000 		.4byte	0x102
 441 01d7 1E       		.byte	0x1e
 442 01d8 07       		.uleb128 0x7
 443 01d9 5D040000 		.4byte	.LASF40
 444 01dd 06       		.byte	0x6
 445 01de 81       		.byte	0x81
 446 01df 0D010000 		.4byte	0x10d
 447 01e3 1F       		.byte	0x1f
 448 01e4 07       		.uleb128 0x7
 449 01e5 53050000 		.4byte	.LASF41
 450 01e9 06       		.byte	0x6
 451 01ea 88       		.byte	0x88
 452 01eb 44010000 		.4byte	0x144
 453 01ef 20       		.byte	0x20
 454 01f0 08       		.uleb128 0x8
 455 01f1 705F7500 		.ascii	"p_u\000"
 456 01f5 06       		.byte	0x6
ARM GAS  /tmp/cca7Acgi.s 			page 9


 457 01f6 AD       		.byte	0xad
 458 01f7 60070000 		.4byte	0x760
 459 01fb 24       		.byte	0x24
 460 01fc 07       		.uleb128 0x7
 461 01fd EC050000 		.4byte	.LASF42
 462 0201 06       		.byte	0x6
 463 0202 B2       		.byte	0xb2
 464 0203 98020000 		.4byte	0x298
 465 0207 28       		.byte	0x28
 466 0208 07       		.uleb128 0x7
 467 0209 66050000 		.4byte	.LASF43
 468 020d 06       		.byte	0x6
 469 020e B8       		.byte	0xb8
 470 020f 78020000 		.4byte	0x278
 471 0213 2C       		.byte	0x2c
 472 0214 07       		.uleb128 0x7
 473 0215 4B000000 		.4byte	.LASF44
 474 0219 06       		.byte	0x6
 475 021a BC       		.byte	0xbc
 476 021b 23010000 		.4byte	0x123
 477 021f 34       		.byte	0x34
 478 0220 07       		.uleb128 0x7
 479 0221 D0040000 		.4byte	.LASF45
 480 0225 06       		.byte	0x6
 481 0226 C2       		.byte	0xc2
 482 0227 2E010000 		.4byte	0x12e
 483 022b 38       		.byte	0x38
 484 022c 07       		.uleb128 0x7
 485 022d 41040000 		.4byte	.LASF46
 486 0231 06       		.byte	0x6
 487 0232 C9       		.byte	0xc9
 488 0233 A7070000 		.4byte	0x7a7
 489 0237 3C       		.byte	0x3c
 490 0238 07       		.uleb128 0x7
 491 0239 3E050000 		.4byte	.LASF47
 492 023d 06       		.byte	0x6
 493 023e CD       		.byte	0xcd
 494 023f 18010000 		.4byte	0x118
 495 0243 40       		.byte	0x40
 496 0244 07       		.uleb128 0x7
 497 0245 32010000 		.4byte	.LASF48
 498 0249 06       		.byte	0x6
 499 024a D3       		.byte	0xd3
 500 024b AE020000 		.4byte	0x2ae
 501 024f 44       		.byte	0x44
 502 0250 00       		.byte	0
 503 0251 09       		.uleb128 0x9
 504 0252 08       		.byte	0x8
 505 0253 05       		.byte	0x5
 506 0254 5A       		.byte	0x5a
 507 0255 72020000 		.4byte	0x272
 508 0259 07       		.uleb128 0x7
 509 025a 9E040000 		.4byte	.LASF30
 510 025e 05       		.byte	0x5
 511 025f 5B       		.byte	0x5b
 512 0260 72020000 		.4byte	0x272
 513 0264 00       		.byte	0
ARM GAS  /tmp/cca7Acgi.s 			page 10


 514 0265 07       		.uleb128 0x7
 515 0266 10040000 		.4byte	.LASF31
 516 026a 05       		.byte	0x5
 517 026b 5D       		.byte	0x5d
 518 026c 72020000 		.4byte	0x272
 519 0270 04       		.byte	0x4
 520 0271 00       		.byte	0
 521 0272 0A       		.uleb128 0xa
 522 0273 04       		.byte	0x4
 523 0274 49010000 		.4byte	0x149
 524 0278 04       		.uleb128 0x4
 525 0279 B2030000 		.4byte	.LASF49
 526 027d 05       		.byte	0x5
 527 027e 5F       		.byte	0x5f
 528 027f 51020000 		.4byte	0x251
 529 0283 09       		.uleb128 0x9
 530 0284 04       		.byte	0x4
 531 0285 05       		.byte	0x5
 532 0286 64       		.byte	0x64
 533 0287 98020000 		.4byte	0x298
 534 028b 07       		.uleb128 0x7
 535 028c 9E040000 		.4byte	.LASF30
 536 0290 05       		.byte	0x5
 537 0291 66       		.byte	0x66
 538 0292 72020000 		.4byte	0x272
 539 0296 00       		.byte	0
 540 0297 00       		.byte	0
 541 0298 04       		.uleb128 0x4
 542 0299 6C020000 		.4byte	.LASF50
 543 029d 05       		.byte	0x5
 544 029e 69       		.byte	0x69
 545 029f 83020000 		.4byte	0x283
 546 02a3 04       		.uleb128 0x4
 547 02a4 9E010000 		.4byte	.LASF51
 548 02a8 07       		.byte	0x7
 549 02a9 DE       		.byte	0xde
 550 02aa AE020000 		.4byte	0x2ae
 551 02ae 0B       		.uleb128 0xb
 552 02af 04       		.byte	0x4
 553 02b0 04       		.uleb128 0x4
 554 02b1 8A020000 		.4byte	.LASF52
 555 02b5 07       		.byte	0x7
 556 02b6 E4       		.byte	0xe4
 557 02b7 DA000000 		.4byte	0xda
 558 02bb 0C       		.uleb128 0xc
 559 02bc 5F050000 		.4byte	.LASF53
 560 02c0 24       		.byte	0x24
 561 02c1 07       		.byte	0x7
 562 02c2 0501     		.2byte	0x105
 563 02c4 37030000 		.4byte	0x337
 564 02c8 0D       		.uleb128 0xd
 565 02c9 723400   		.ascii	"r4\000"
 566 02cc 07       		.byte	0x7
 567 02cd 1801     		.2byte	0x118
 568 02cf A3020000 		.4byte	0x2a3
 569 02d3 00       		.byte	0
 570 02d4 0D       		.uleb128 0xd
ARM GAS  /tmp/cca7Acgi.s 			page 11


 571 02d5 723500   		.ascii	"r5\000"
 572 02d8 07       		.byte	0x7
 573 02d9 1901     		.2byte	0x119
 574 02db A3020000 		.4byte	0x2a3
 575 02df 04       		.byte	0x4
 576 02e0 0D       		.uleb128 0xd
 577 02e1 723600   		.ascii	"r6\000"
 578 02e4 07       		.byte	0x7
 579 02e5 1A01     		.2byte	0x11a
 580 02e7 A3020000 		.4byte	0x2a3
 581 02eb 08       		.byte	0x8
 582 02ec 0D       		.uleb128 0xd
 583 02ed 723700   		.ascii	"r7\000"
 584 02f0 07       		.byte	0x7
 585 02f1 1B01     		.2byte	0x11b
 586 02f3 A3020000 		.4byte	0x2a3
 587 02f7 0C       		.byte	0xc
 588 02f8 0D       		.uleb128 0xd
 589 02f9 723800   		.ascii	"r8\000"
 590 02fc 07       		.byte	0x7
 591 02fd 1C01     		.2byte	0x11c
 592 02ff A3020000 		.4byte	0x2a3
 593 0303 10       		.byte	0x10
 594 0304 0D       		.uleb128 0xd
 595 0305 723900   		.ascii	"r9\000"
 596 0308 07       		.byte	0x7
 597 0309 1D01     		.2byte	0x11d
 598 030b A3020000 		.4byte	0x2a3
 599 030f 14       		.byte	0x14
 600 0310 0D       		.uleb128 0xd
 601 0311 72313000 		.ascii	"r10\000"
 602 0315 07       		.byte	0x7
 603 0316 1E01     		.2byte	0x11e
 604 0318 A3020000 		.4byte	0x2a3
 605 031c 18       		.byte	0x18
 606 031d 0D       		.uleb128 0xd
 607 031e 72313100 		.ascii	"r11\000"
 608 0322 07       		.byte	0x7
 609 0323 1F01     		.2byte	0x11f
 610 0325 A3020000 		.4byte	0x2a3
 611 0329 1C       		.byte	0x1c
 612 032a 0D       		.uleb128 0xd
 613 032b 6C7200   		.ascii	"lr\000"
 614 032e 07       		.byte	0x7
 615 032f 2001     		.2byte	0x120
 616 0331 A3020000 		.4byte	0x2a3
 617 0335 20       		.byte	0x20
 618 0336 00       		.byte	0
 619 0337 0C       		.uleb128 0xc
 620 0338 25020000 		.4byte	.LASF54
 621 033c 04       		.byte	0x4
 622 033d 07       		.byte	0x7
 623 033e 2A01     		.2byte	0x12a
 624 0340 52030000 		.4byte	0x352
 625 0344 0D       		.uleb128 0xd
 626 0345 72313300 		.ascii	"r13\000"
 627 0349 07       		.byte	0x7
ARM GAS  /tmp/cca7Acgi.s 			page 12


 628 034a 2B01     		.2byte	0x12b
 629 034c 52030000 		.4byte	0x352
 630 0350 00       		.byte	0
 631 0351 00       		.byte	0
 632 0352 0A       		.uleb128 0xa
 633 0353 04       		.byte	0x4
 634 0354 BB020000 		.4byte	0x2bb
 635 0358 04       		.uleb128 0x4
 636 0359 1A050000 		.4byte	.LASF55
 637 035d 08       		.byte	0x8
 638 035e 33       		.byte	0x33
 639 035f D5000000 		.4byte	0xd5
 640 0363 0E       		.uleb128 0xe
 641 0364 040E     		.2byte	0xe04
 642 0366 08       		.byte	0x8
 643 0367 63       		.byte	0x63
 644 0368 12040000 		.4byte	0x412
 645 036c 07       		.uleb128 0x7
 646 036d 5E010000 		.4byte	.LASF56
 647 0371 08       		.byte	0x8
 648 0372 64       		.byte	0x64
 649 0373 22040000 		.4byte	0x422
 650 0377 00       		.byte	0
 651 0378 07       		.uleb128 0x7
 652 0379 FD040000 		.4byte	.LASF57
 653 037d 08       		.byte	0x8
 654 037e 65       		.byte	0x65
 655 037f 3E040000 		.4byte	0x43e
 656 0383 20       		.byte	0x20
 657 0384 07       		.uleb128 0x7
 658 0385 C7030000 		.4byte	.LASF58
 659 0389 08       		.byte	0x8
 660 038a 66       		.byte	0x66
 661 038b 22040000 		.4byte	0x422
 662 038f 80       		.byte	0x80
 663 0390 07       		.uleb128 0x7
 664 0391 05050000 		.4byte	.LASF59
 665 0395 08       		.byte	0x8
 666 0396 67       		.byte	0x67
 667 0397 3E040000 		.4byte	0x43e
 668 039b A0       		.byte	0xa0
 669 039c 0F       		.uleb128 0xf
 670 039d C6000000 		.4byte	.LASF60
 671 03a1 08       		.byte	0x8
 672 03a2 68       		.byte	0x68
 673 03a3 22040000 		.4byte	0x422
 674 03a7 0001     		.2byte	0x100
 675 03a9 0F       		.uleb128 0xf
 676 03aa 0D050000 		.4byte	.LASF61
 677 03ae 08       		.byte	0x8
 678 03af 69       		.byte	0x69
 679 03b0 3E040000 		.4byte	0x43e
 680 03b4 2001     		.2byte	0x120
 681 03b6 0F       		.uleb128 0xf
 682 03b7 00000000 		.4byte	.LASF62
 683 03bb 08       		.byte	0x8
 684 03bc 6A       		.byte	0x6a
ARM GAS  /tmp/cca7Acgi.s 			page 13


 685 03bd 22040000 		.4byte	0x422
 686 03c1 8001     		.2byte	0x180
 687 03c3 0F       		.uleb128 0xf
 688 03c4 51000000 		.4byte	.LASF63
 689 03c8 08       		.byte	0x8
 690 03c9 6B       		.byte	0x6b
 691 03ca 3E040000 		.4byte	0x43e
 692 03ce A001     		.2byte	0x1a0
 693 03d0 0F       		.uleb128 0xf
 694 03d1 93030000 		.4byte	.LASF64
 695 03d5 08       		.byte	0x8
 696 03d6 6C       		.byte	0x6c
 697 03d7 22040000 		.4byte	0x422
 698 03db 0002     		.2byte	0x200
 699 03dd 0F       		.uleb128 0xf
 700 03de 59000000 		.4byte	.LASF65
 701 03e2 08       		.byte	0x8
 702 03e3 6D       		.byte	0x6d
 703 03e4 53040000 		.4byte	0x453
 704 03e8 2002     		.2byte	0x220
 705 03ea 10       		.uleb128 0x10
 706 03eb 49505200 		.ascii	"IPR\000"
 707 03ef 08       		.byte	0x8
 708 03f0 6E       		.byte	0x6e
 709 03f1 68040000 		.4byte	0x468
 710 03f5 0003     		.2byte	0x300
 711 03f7 0F       		.uleb128 0xf
 712 03f8 61000000 		.4byte	.LASF66
 713 03fc 08       		.byte	0x8
 714 03fd 6F       		.byte	0x6f
 715 03fe 7E040000 		.4byte	0x47e
 716 0402 F003     		.2byte	0x3f0
 717 0404 0F       		.uleb128 0xf
 718 0405 AE050000 		.4byte	.LASF67
 719 0409 08       		.byte	0x8
 720 040a 70       		.byte	0x70
 721 040b 58030000 		.4byte	0x358
 722 040f 000E     		.2byte	0xe00
 723 0411 00       		.byte	0
 724 0412 11       		.uleb128 0x11
 725 0413 58030000 		.4byte	0x358
 726 0417 22040000 		.4byte	0x422
 727 041b 12       		.uleb128 0x12
 728 041c 27040000 		.4byte	0x427
 729 0420 07       		.byte	0x7
 730 0421 00       		.byte	0
 731 0422 05       		.uleb128 0x5
 732 0423 12040000 		.4byte	0x412
 733 0427 03       		.uleb128 0x3
 734 0428 04       		.byte	0x4
 735 0429 07       		.byte	0x7
 736 042a 55030000 		.4byte	.LASF68
 737 042e 11       		.uleb128 0x11
 738 042f 58030000 		.4byte	0x358
 739 0433 3E040000 		.4byte	0x43e
 740 0437 12       		.uleb128 0x12
 741 0438 27040000 		.4byte	0x427
ARM GAS  /tmp/cca7Acgi.s 			page 14


 742 043c 17       		.byte	0x17
 743 043d 00       		.byte	0
 744 043e 05       		.uleb128 0x5
 745 043f 2E040000 		.4byte	0x42e
 746 0443 11       		.uleb128 0x11
 747 0444 58030000 		.4byte	0x358
 748 0448 53040000 		.4byte	0x453
 749 044c 12       		.uleb128 0x12
 750 044d 27040000 		.4byte	0x427
 751 0451 37       		.byte	0x37
 752 0452 00       		.byte	0
 753 0453 05       		.uleb128 0x5
 754 0454 43040000 		.4byte	0x443
 755 0458 11       		.uleb128 0x11
 756 0459 58030000 		.4byte	0x358
 757 045d 68040000 		.4byte	0x468
 758 0461 12       		.uleb128 0x12
 759 0462 27040000 		.4byte	0x427
 760 0466 3B       		.byte	0x3b
 761 0467 00       		.byte	0
 762 0468 05       		.uleb128 0x5
 763 0469 58040000 		.4byte	0x458
 764 046d 11       		.uleb128 0x11
 765 046e 58030000 		.4byte	0x358
 766 0472 7E040000 		.4byte	0x47e
 767 0476 13       		.uleb128 0x13
 768 0477 27040000 		.4byte	0x427
 769 047b 8302     		.2byte	0x283
 770 047d 00       		.byte	0
 771 047e 05       		.uleb128 0x5
 772 047f 6D040000 		.4byte	0x46d
 773 0483 04       		.uleb128 0x4
 774 0484 B1020000 		.4byte	.LASF69
 775 0488 08       		.byte	0x8
 776 0489 71       		.byte	0x71
 777 048a 63030000 		.4byte	0x363
 778 048e 09       		.uleb128 0x9
 779 048f 8C       		.byte	0x8c
 780 0490 08       		.byte	0x8
 781 0491 82       		.byte	0x82
 782 0492 93050000 		.4byte	0x593
 783 0496 07       		.uleb128 0x7
 784 0497 F7030000 		.4byte	.LASF70
 785 049b 08       		.byte	0x8
 786 049c 83       		.byte	0x83
 787 049d 58030000 		.4byte	0x358
 788 04a1 00       		.byte	0
 789 04a2 07       		.uleb128 0x7
 790 04a3 40020000 		.4byte	.LASF71
 791 04a7 08       		.byte	0x8
 792 04a8 84       		.byte	0x84
 793 04a9 58030000 		.4byte	0x358
 794 04ad 04       		.byte	0x4
 795 04ae 07       		.uleb128 0x7
 796 04af 13020000 		.4byte	.LASF72
 797 04b3 08       		.byte	0x8
 798 04b4 85       		.byte	0x85
ARM GAS  /tmp/cca7Acgi.s 			page 15


 799 04b5 58030000 		.4byte	0x358
 800 04b9 08       		.byte	0x8
 801 04ba 07       		.uleb128 0x7
 802 04bb 4B020000 		.4byte	.LASF73
 803 04bf 08       		.byte	0x8
 804 04c0 86       		.byte	0x86
 805 04c1 58030000 		.4byte	0x358
 806 04c5 0C       		.byte	0xc
 807 04c6 08       		.uleb128 0x8
 808 04c7 53435200 		.ascii	"SCR\000"
 809 04cb 08       		.byte	0x8
 810 04cc 87       		.byte	0x87
 811 04cd 58030000 		.4byte	0x358
 812 04d1 10       		.byte	0x10
 813 04d2 08       		.uleb128 0x8
 814 04d3 43435200 		.ascii	"CCR\000"
 815 04d7 08       		.byte	0x8
 816 04d8 88       		.byte	0x88
 817 04d9 58030000 		.4byte	0x358
 818 04dd 14       		.byte	0x14
 819 04de 07       		.uleb128 0x7
 820 04df 5A050000 		.4byte	.LASF74
 821 04e3 08       		.byte	0x8
 822 04e4 89       		.byte	0x89
 823 04e5 A3050000 		.4byte	0x5a3
 824 04e9 18       		.byte	0x18
 825 04ea 07       		.uleb128 0x7
 826 04eb 3B040000 		.4byte	.LASF75
 827 04ef 08       		.byte	0x8
 828 04f0 8A       		.byte	0x8a
 829 04f1 58030000 		.4byte	0x358
 830 04f5 24       		.byte	0x24
 831 04f6 07       		.uleb128 0x7
 832 04f7 8E030000 		.4byte	.LASF76
 833 04fb 08       		.byte	0x8
 834 04fc 8B       		.byte	0x8b
 835 04fd 58030000 		.4byte	0x358
 836 0501 28       		.byte	0x28
 837 0502 07       		.uleb128 0x7
 838 0503 D9050000 		.4byte	.LASF77
 839 0507 08       		.byte	0x8
 840 0508 8C       		.byte	0x8c
 841 0509 58030000 		.4byte	0x358
 842 050d 2C       		.byte	0x2c
 843 050e 07       		.uleb128 0x7
 844 050f 51020000 		.4byte	.LASF78
 845 0513 08       		.byte	0x8
 846 0514 8D       		.byte	0x8d
 847 0515 58030000 		.4byte	0x358
 848 0519 30       		.byte	0x30
 849 051a 07       		.uleb128 0x7
 850 051b 5E020000 		.4byte	.LASF79
 851 051f 08       		.byte	0x8
 852 0520 8E       		.byte	0x8e
 853 0521 58030000 		.4byte	0x358
 854 0525 34       		.byte	0x34
 855 0526 07       		.uleb128 0x7
ARM GAS  /tmp/cca7Acgi.s 			page 16


 856 0527 8E010000 		.4byte	.LASF80
 857 052b 08       		.byte	0x8
 858 052c 8F       		.byte	0x8f
 859 052d 58030000 		.4byte	0x358
 860 0531 38       		.byte	0x38
 861 0532 07       		.uleb128 0x7
 862 0533 F8040000 		.4byte	.LASF81
 863 0537 08       		.byte	0x8
 864 0538 90       		.byte	0x90
 865 0539 58030000 		.4byte	0x358
 866 053d 3C       		.byte	0x3c
 867 053e 08       		.uleb128 0x8
 868 053f 50465200 		.ascii	"PFR\000"
 869 0543 08       		.byte	0x8
 870 0544 91       		.byte	0x91
 871 0545 B8050000 		.4byte	0x5b8
 872 0549 40       		.byte	0x40
 873 054a 08       		.uleb128 0x8
 874 054b 44465200 		.ascii	"DFR\000"
 875 054f 08       		.byte	0x8
 876 0550 92       		.byte	0x92
 877 0551 58030000 		.4byte	0x358
 878 0555 48       		.byte	0x48
 879 0556 08       		.uleb128 0x8
 880 0557 41445200 		.ascii	"ADR\000"
 881 055b 08       		.byte	0x8
 882 055c 93       		.byte	0x93
 883 055d 58030000 		.4byte	0x358
 884 0561 4C       		.byte	0x4c
 885 0562 07       		.uleb128 0x7
 886 0563 9B050000 		.4byte	.LASF82
 887 0567 08       		.byte	0x8
 888 0568 94       		.byte	0x94
 889 0569 CD050000 		.4byte	0x5cd
 890 056d 50       		.byte	0x50
 891 056e 08       		.uleb128 0x8
 892 056f 53415200 		.ascii	"SAR\000"
 893 0573 08       		.byte	0x8
 894 0574 95       		.byte	0x95
 895 0575 E2050000 		.4byte	0x5e2
 896 0579 60       		.byte	0x60
 897 057a 07       		.uleb128 0x7
 898 057b FD040000 		.4byte	.LASF57
 899 057f 08       		.byte	0x8
 900 0580 96       		.byte	0x96
 901 0581 E2050000 		.4byte	0x5e2
 902 0585 74       		.byte	0x74
 903 0586 07       		.uleb128 0x7
 904 0587 D3050000 		.4byte	.LASF83
 905 058b 08       		.byte	0x8
 906 058c 97       		.byte	0x97
 907 058d 58030000 		.4byte	0x358
 908 0591 88       		.byte	0x88
 909 0592 00       		.byte	0
 910 0593 11       		.uleb128 0x11
 911 0594 58030000 		.4byte	0x358
 912 0598 A3050000 		.4byte	0x5a3
ARM GAS  /tmp/cca7Acgi.s 			page 17


 913 059c 12       		.uleb128 0x12
 914 059d 27040000 		.4byte	0x427
 915 05a1 02       		.byte	0x2
 916 05a2 00       		.byte	0
 917 05a3 05       		.uleb128 0x5
 918 05a4 93050000 		.4byte	0x593
 919 05a8 11       		.uleb128 0x11
 920 05a9 58030000 		.4byte	0x358
 921 05ad B8050000 		.4byte	0x5b8
 922 05b1 12       		.uleb128 0x12
 923 05b2 27040000 		.4byte	0x427
 924 05b6 01       		.byte	0x1
 925 05b7 00       		.byte	0
 926 05b8 05       		.uleb128 0x5
 927 05b9 A8050000 		.4byte	0x5a8
 928 05bd 11       		.uleb128 0x11
 929 05be 58030000 		.4byte	0x358
 930 05c2 CD050000 		.4byte	0x5cd
 931 05c6 12       		.uleb128 0x12
 932 05c7 27040000 		.4byte	0x427
 933 05cb 03       		.byte	0x3
 934 05cc 00       		.byte	0
 935 05cd 05       		.uleb128 0x5
 936 05ce BD050000 		.4byte	0x5bd
 937 05d2 11       		.uleb128 0x11
 938 05d3 58030000 		.4byte	0x358
 939 05d7 E2050000 		.4byte	0x5e2
 940 05db 12       		.uleb128 0x12
 941 05dc 27040000 		.4byte	0x427
 942 05e0 04       		.byte	0x4
 943 05e1 00       		.byte	0
 944 05e2 05       		.uleb128 0x5
 945 05e3 D2050000 		.4byte	0x5d2
 946 05e7 04       		.uleb128 0x4
 947 05e8 89000000 		.4byte	.LASF84
 948 05ec 08       		.byte	0x8
 949 05ed 98       		.byte	0x98
 950 05ee 8E040000 		.4byte	0x48e
 951 05f2 04       		.uleb128 0x4
 952 05f3 0A020000 		.4byte	.LASF85
 953 05f7 09       		.byte	0x9
 954 05f8 51       		.byte	0x51
 955 05f9 FD050000 		.4byte	0x5fd
 956 05fd 0A       		.uleb128 0xa
 957 05fe 04       		.byte	0x4
 958 05ff 03060000 		.4byte	0x603
 959 0603 14       		.uleb128 0x14
 960 0604 0E060000 		.4byte	0x60e
 961 0608 15       		.uleb128 0x15
 962 0609 AE020000 		.4byte	0x2ae
 963 060d 00       		.byte	0
 964 060e 04       		.uleb128 0x4
 965 060f 18020000 		.4byte	.LASF86
 966 0613 09       		.byte	0x9
 967 0614 56       		.byte	0x56
 968 0615 19060000 		.4byte	0x619
 969 0619 06       		.uleb128 0x6
ARM GAS  /tmp/cca7Acgi.s 			page 18


 970 061a 18020000 		.4byte	.LASF86
 971 061e 14       		.byte	0x14
 972 061f 09       		.byte	0x9
 973 0620 5D       		.byte	0x5d
 974 0621 62060000 		.4byte	0x662
 975 0625 07       		.uleb128 0x7
 976 0626 BC010000 		.4byte	.LASF87
 977 062a 09       		.byte	0x9
 978 062b 5E       		.byte	0x5e
 979 062c 62060000 		.4byte	0x662
 980 0630 00       		.byte	0
 981 0631 07       		.uleb128 0x7
 982 0632 A7010000 		.4byte	.LASF88
 983 0636 09       		.byte	0x9
 984 0637 60       		.byte	0x60
 985 0638 62060000 		.4byte	0x662
 986 063c 04       		.byte	0x4
 987 063d 07       		.uleb128 0x7
 988 063e BA020000 		.4byte	.LASF89
 989 0642 09       		.byte	0x9
 990 0643 62       		.byte	0x62
 991 0644 39010000 		.4byte	0x139
 992 0648 08       		.byte	0x8
 993 0649 07       		.uleb128 0x7
 994 064a 6E000000 		.4byte	.LASF90
 995 064e 09       		.byte	0x9
 996 064f 63       		.byte	0x63
 997 0650 F2050000 		.4byte	0x5f2
 998 0654 0C       		.byte	0xc
 999 0655 07       		.uleb128 0x7
 1000 0656 71050000 		.4byte	.LASF91
 1001 065a 09       		.byte	0x9
 1002 065b 65       		.byte	0x65
 1003 065c AE020000 		.4byte	0x2ae
 1004 0660 10       		.byte	0x10
 1005 0661 00       		.byte	0
 1006 0662 0A       		.uleb128 0xa
 1007 0663 04       		.byte	0x4
 1008 0664 0E060000 		.4byte	0x60e
 1009 0668 09       		.uleb128 0x9
 1010 0669 10       		.byte	0x10
 1011 066a 09       		.byte	0x9
 1012 066b 6F       		.byte	0x6f
 1013 066c A1060000 		.4byte	0x6a1
 1014 0670 07       		.uleb128 0x7
 1015 0671 BC010000 		.4byte	.LASF87
 1016 0675 09       		.byte	0x9
 1017 0676 70       		.byte	0x70
 1018 0677 62060000 		.4byte	0x662
 1019 067b 00       		.byte	0
 1020 067c 07       		.uleb128 0x7
 1021 067d A7010000 		.4byte	.LASF88
 1022 0681 09       		.byte	0x9
 1023 0682 72       		.byte	0x72
 1024 0683 62060000 		.4byte	0x662
 1025 0687 04       		.byte	0x4
 1026 0688 07       		.uleb128 0x7
ARM GAS  /tmp/cca7Acgi.s 			page 19


 1027 0689 BA020000 		.4byte	.LASF89
 1028 068d 09       		.byte	0x9
 1029 068e 74       		.byte	0x74
 1030 068f 39010000 		.4byte	0x139
 1031 0693 08       		.byte	0x8
 1032 0694 07       		.uleb128 0x7
 1033 0695 F0000000 		.4byte	.LASF92
 1034 0699 09       		.byte	0x9
 1035 069a 75       		.byte	0x75
 1036 069b 44010000 		.4byte	0x144
 1037 069f 0C       		.byte	0xc
 1038 06a0 00       		.byte	0
 1039 06a1 04       		.uleb128 0x4
 1040 06a2 CC050000 		.4byte	.LASF93
 1041 06a6 09       		.byte	0x9
 1042 06a7 76       		.byte	0x76
 1043 06a8 68060000 		.4byte	0x668
 1044 06ac 16       		.uleb128 0x16
 1045 06ad 91000000 		.4byte	.LASF101
 1046 06b1 09       		.byte	0x9
 1047 06b2 EE       		.byte	0xee
 1048 06b3 A1060000 		.4byte	0x6a1
 1049 06b7 09       		.uleb128 0x9
 1050 06b8 1C       		.byte	0x1c
 1051 06b9 0A       		.byte	0xa
 1052 06ba 57       		.byte	0x57
 1053 06bb 08070000 		.4byte	0x708
 1054 06bf 07       		.uleb128 0x7
 1055 06c0 F0040000 		.4byte	.LASF94
 1056 06c4 0A       		.byte	0xa
 1057 06c5 58       		.byte	0x58
 1058 06c6 78020000 		.4byte	0x278
 1059 06ca 00       		.byte	0
 1060 06cb 07       		.uleb128 0x7
 1061 06cc 90040000 		.4byte	.LASF95
 1062 06d0 0A       		.byte	0xa
 1063 06d1 59       		.byte	0x59
 1064 06d2 18010000 		.4byte	0x118
 1065 06d6 08       		.byte	0x8
 1066 06d7 07       		.uleb128 0x7
 1067 06d8 AC030000 		.4byte	.LASF96
 1068 06dc 0A       		.byte	0xa
 1069 06dd 5B       		.byte	0x5b
 1070 06de 37030000 		.4byte	0x337
 1071 06e2 0C       		.byte	0xc
 1072 06e3 07       		.uleb128 0x7
 1073 06e4 56020000 		.4byte	.LASF97
 1074 06e8 0A       		.byte	0xa
 1075 06e9 5E       		.byte	0x5e
 1076 06ea 72020000 		.4byte	0x272
 1077 06ee 10       		.byte	0x10
 1078 06ef 07       		.uleb128 0x7
 1079 06f0 E4030000 		.4byte	.LASF98
 1080 06f4 0A       		.byte	0xa
 1081 06f5 5F       		.byte	0x5f
 1082 06f6 72020000 		.4byte	0x272
 1083 06fa 14       		.byte	0x14
ARM GAS  /tmp/cca7Acgi.s 			page 20


 1084 06fb 07       		.uleb128 0x7
 1085 06fc DA030000 		.4byte	.LASF99
 1086 0700 0A       		.byte	0xa
 1087 0701 62       		.byte	0x62
 1088 0702 72020000 		.4byte	0x272
 1089 0706 18       		.byte	0x18
 1090 0707 00       		.byte	0
 1091 0708 04       		.uleb128 0x4
 1092 0709 91050000 		.4byte	.LASF100
 1093 070d 0A       		.byte	0xa
 1094 070e 64       		.byte	0x64
 1095 070f B7060000 		.4byte	0x6b7
 1096 0713 16       		.uleb128 0x16
 1097 0714 A0050000 		.4byte	.LASF102
 1098 0718 0A       		.byte	0xa
 1099 0719 68       		.byte	0x68
 1100 071a 08070000 		.4byte	0x708
 1101 071e 06       		.uleb128 0x6
 1102 071f 84020000 		.4byte	.LASF103
 1103 0723 10       		.byte	0x10
 1104 0724 0B       		.byte	0xb
 1105 0725 25       		.byte	0x25
 1106 0726 4F070000 		.4byte	0x74f
 1107 072a 07       		.uleb128 0x7
 1108 072b 3A010000 		.4byte	.LASF104
 1109 072f 0B       		.byte	0xb
 1110 0730 26       		.byte	0x26
 1111 0731 78020000 		.4byte	0x278
 1112 0735 00       		.byte	0
 1113 0736 07       		.uleb128 0x7
 1114 0737 DE050000 		.4byte	.LASF105
 1115 073b 0B       		.byte	0xb
 1116 073c 28       		.byte	0x28
 1117 073d 72020000 		.4byte	0x272
 1118 0741 08       		.byte	0x8
 1119 0742 07       		.uleb128 0x7
 1120 0743 2D050000 		.4byte	.LASF106
 1121 0747 0B       		.byte	0xb
 1122 0748 2A       		.byte	0x2a
 1123 0749 4F070000 		.4byte	0x74f
 1124 074d 0C       		.byte	0xc
 1125 074e 00       		.byte	0
 1126 074f 0A       		.uleb128 0xa
 1127 0750 04       		.byte	0x4
 1128 0751 1E070000 		.4byte	0x71e
 1129 0755 04       		.uleb128 0x4
 1130 0756 84020000 		.4byte	.LASF103
 1131 075a 0B       		.byte	0xb
 1132 075b 2C       		.byte	0x2c
 1133 075c 1E070000 		.4byte	0x71e
 1134 0760 17       		.uleb128 0x17
 1135 0761 04       		.byte	0x4
 1136 0762 06       		.byte	0x6
 1137 0763 8F       		.byte	0x8f
 1138 0764 95070000 		.4byte	0x795
 1139 0768 18       		.uleb128 0x18
 1140 0769 83050000 		.4byte	.LASF107
ARM GAS  /tmp/cca7Acgi.s 			page 21


 1141 076d 06       		.byte	0x6
 1142 076e 96       		.byte	0x96
 1143 076f 23010000 		.4byte	0x123
 1144 0773 18       		.uleb128 0x18
 1145 0774 BD000000 		.4byte	.LASF108
 1146 0778 06       		.byte	0x6
 1147 0779 9D       		.byte	0x9d
 1148 077a 23010000 		.4byte	0x123
 1149 077e 18       		.uleb128 0x18
 1150 077f B3050000 		.4byte	.LASF109
 1151 0783 06       		.byte	0x6
 1152 0784 A4       		.byte	0xa4
 1153 0785 AE020000 		.4byte	0x2ae
 1154 0789 18       		.uleb128 0x18
 1155 078a 97040000 		.4byte	.LASF110
 1156 078e 06       		.byte	0x6
 1157 078f AB       		.byte	0xab
 1158 0790 2E010000 		.4byte	0x12e
 1159 0794 00       		.byte	0
 1160 0795 0A       		.uleb128 0xa
 1161 0796 04       		.byte	0x4
 1162 0797 A2070000 		.4byte	0x7a2
 1163 079b 03       		.uleb128 0x3
 1164 079c 01       		.byte	0x1
 1165 079d 08       		.byte	0x8
 1166 079e 15050000 		.4byte	.LASF111
 1167 07a2 19       		.uleb128 0x19
 1168 07a3 9B070000 		.4byte	0x79b
 1169 07a7 0A       		.uleb128 0xa
 1170 07a8 04       		.byte	0x4
 1171 07a9 55070000 		.4byte	0x755
 1172 07ad 09       		.uleb128 0x9
 1173 07ae 16       		.byte	0x16
 1174 07af 0C       		.byte	0xc
 1175 07b0 25       		.byte	0x25
 1176 07b1 8E080000 		.4byte	0x88e
 1177 07b5 07       		.uleb128 0x7
 1178 07b6 CC030000 		.4byte	.LASF112
 1179 07ba 0C       		.byte	0xc
 1180 07bb 26       		.byte	0x26
 1181 07bc 8E080000 		.4byte	0x88e
 1182 07c0 00       		.byte	0
 1183 07c1 07       		.uleb128 0x7
 1184 07c2 9D020000 		.4byte	.LASF113
 1185 07c6 0C       		.byte	0xc
 1186 07c7 27       		.byte	0x27
 1187 07c8 A9000000 		.4byte	0xa9
 1188 07cc 04       		.byte	0x4
 1189 07cd 07       		.uleb128 0x7
 1190 07ce BF030000 		.4byte	.LASF114
 1191 07d2 0C       		.byte	0xc
 1192 07d3 28       		.byte	0x28
 1193 07d4 A9000000 		.4byte	0xa9
 1194 07d8 05       		.byte	0x5
 1195 07d9 07       		.uleb128 0x7
 1196 07da C1050000 		.4byte	.LASF115
 1197 07de 0C       		.byte	0xc
ARM GAS  /tmp/cca7Acgi.s 			page 22


 1198 07df 29       		.byte	0x29
 1199 07e0 B4000000 		.4byte	0xb4
 1200 07e4 06       		.byte	0x6
 1201 07e5 07       		.uleb128 0x7
 1202 07e6 05040000 		.4byte	.LASF116
 1203 07ea 0C       		.byte	0xc
 1204 07eb 2A       		.byte	0x2a
 1205 07ec A9000000 		.4byte	0xa9
 1206 07f0 08       		.byte	0x8
 1207 07f1 07       		.uleb128 0x7
 1208 07f2 FE010000 		.4byte	.LASF117
 1209 07f6 0C       		.byte	0xc
 1210 07f7 2B       		.byte	0x2b
 1211 07f8 A9000000 		.4byte	0xa9
 1212 07fc 09       		.byte	0x9
 1213 07fd 07       		.uleb128 0x7
 1214 07fe AF000000 		.4byte	.LASF118
 1215 0802 0C       		.byte	0xc
 1216 0803 2C       		.byte	0x2c
 1217 0804 A9000000 		.4byte	0xa9
 1218 0808 0A       		.byte	0xa
 1219 0809 07       		.uleb128 0x7
 1220 080a E4040000 		.4byte	.LASF119
 1221 080e 0C       		.byte	0xc
 1222 080f 2D       		.byte	0x2d
 1223 0810 A9000000 		.4byte	0xa9
 1224 0814 0B       		.byte	0xb
 1225 0815 07       		.uleb128 0x7
 1226 0816 78050000 		.4byte	.LASF120
 1227 081a 0C       		.byte	0xc
 1228 081b 2E       		.byte	0x2e
 1229 081c A9000000 		.4byte	0xa9
 1230 0820 0C       		.byte	0xc
 1231 0821 07       		.uleb128 0x7
 1232 0822 C3040000 		.4byte	.LASF121
 1233 0826 0C       		.byte	0xc
 1234 0827 2F       		.byte	0x2f
 1235 0828 A9000000 		.4byte	0xa9
 1236 082c 0D       		.byte	0xd
 1237 082d 07       		.uleb128 0x7
 1238 082e D6010000 		.4byte	.LASF122
 1239 0832 0C       		.byte	0xc
 1240 0833 30       		.byte	0x30
 1241 0834 A9000000 		.4byte	0xa9
 1242 0838 0E       		.byte	0xe
 1243 0839 07       		.uleb128 0x7
 1244 083a 98030000 		.4byte	.LASF123
 1245 083e 0C       		.byte	0xc
 1246 083f 31       		.byte	0x31
 1247 0840 A9000000 		.4byte	0xa9
 1248 0844 0F       		.byte	0xf
 1249 0845 07       		.uleb128 0x7
 1250 0846 15010000 		.4byte	.LASF124
 1251 084a 0C       		.byte	0xc
 1252 084b 32       		.byte	0x32
 1253 084c A9000000 		.4byte	0xa9
 1254 0850 10       		.byte	0x10
ARM GAS  /tmp/cca7Acgi.s 			page 23


 1255 0851 07       		.uleb128 0x7
 1256 0852 D2000000 		.4byte	.LASF125
 1257 0856 0C       		.byte	0xc
 1258 0857 34       		.byte	0x34
 1259 0858 A9000000 		.4byte	0xa9
 1260 085c 11       		.byte	0x11
 1261 085d 07       		.uleb128 0x7
 1262 085e 25010000 		.4byte	.LASF126
 1263 0862 0C       		.byte	0xc
 1264 0863 35       		.byte	0x35
 1265 0864 A9000000 		.4byte	0xa9
 1266 0868 12       		.byte	0x12
 1267 0869 07       		.uleb128 0x7
 1268 086a A5020000 		.4byte	.LASF127
 1269 086e 0C       		.byte	0xc
 1270 086f 36       		.byte	0x36
 1271 0870 A9000000 		.4byte	0xa9
 1272 0874 13       		.byte	0x13
 1273 0875 07       		.uleb128 0x7
 1274 0876 A5040000 		.4byte	.LASF128
 1275 087a 0C       		.byte	0xc
 1276 087b 37       		.byte	0x37
 1277 087c A9000000 		.4byte	0xa9
 1278 0880 14       		.byte	0x14
 1279 0881 07       		.uleb128 0x7
 1280 0882 67040000 		.4byte	.LASF129
 1281 0886 0C       		.byte	0xc
 1282 0887 39       		.byte	0x39
 1283 0888 A9000000 		.4byte	0xa9
 1284 088c 15       		.byte	0x15
 1285 088d 00       		.byte	0
 1286 088e 11       		.uleb128 0x11
 1287 088f 9B070000 		.4byte	0x79b
 1288 0893 9E080000 		.4byte	0x89e
 1289 0897 12       		.uleb128 0x12
 1290 0898 27040000 		.4byte	0x427
 1291 089c 03       		.byte	0x3
 1292 089d 00       		.byte	0
 1293 089e 04       		.uleb128 0x4
 1294 089f 6C010000 		.4byte	.LASF130
 1295 08a3 0C       		.byte	0xc
 1296 08a4 3A       		.byte	0x3a
 1297 08a5 AD070000 		.4byte	0x7ad
 1298 08a9 19       		.uleb128 0x19
 1299 08aa 9E080000 		.4byte	0x89e
 1300 08ae 16       		.uleb128 0x16
 1301 08af F5010000 		.4byte	.LASF131
 1302 08b3 0C       		.byte	0xc
 1303 08b4 77       		.byte	0x77
 1304 08b5 A9080000 		.4byte	0x8a9
 1305 08b9 11       		.uleb128 0x11
 1306 08ba B0020000 		.4byte	0x2b0
 1307 08be C9080000 		.4byte	0x8c9
 1308 08c2 12       		.uleb128 0x12
 1309 08c3 27040000 		.4byte	0x427
 1310 08c7 17       		.byte	0x17
 1311 08c8 00       		.byte	0
ARM GAS  /tmp/cca7Acgi.s 			page 24


 1312 08c9 16       		.uleb128 0x16
 1313 08ca 7E010000 		.4byte	.LASF132
 1314 08ce 0D       		.byte	0xd
 1315 08cf 82       		.byte	0x82
 1316 08d0 B9080000 		.4byte	0x8b9
 1317 08d4 1A       		.uleb128 0x1a
 1318 08d5 73040000 		.4byte	.LASF135
 1319 08d9 01       		.byte	0x1
 1320 08da 43       		.byte	0x43
 1321 08db 00000000 		.4byte	.LFB9
 1322 08df 28000000 		.4byte	.LFE9-.LFB9
 1323 08e3 01       		.uleb128 0x1
 1324 08e4 9C       		.byte	0x9c
 1325 08e5 16090000 		.4byte	0x916
 1326 08e9 1B       		.uleb128 0x1b
 1327 08ea 95020000 		.4byte	.LASF133
 1328 08ee 01       		.byte	0x1
 1329 08ef 43       		.byte	0x43
 1330 08f0 CA000000 		.4byte	0xca
 1331 08f4 00000000 		.4byte	.LLST5
 1332 08f8 1B       		.uleb128 0x1b
 1333 08f9 69000000 		.4byte	.LASF134
 1334 08fd 01       		.byte	0x1
 1335 08fe 43       		.byte	0x43
 1336 08ff CA000000 		.4byte	0xca
 1337 0903 21000000 		.4byte	.LLST6
 1338 0907 1C       		.uleb128 0x1c
 1339 0908 736800   		.ascii	"sh\000"
 1340 090b 01       		.byte	0x1
 1341 090c 44       		.byte	0x44
 1342 090d 2C000000 		.4byte	0x2c
 1343 0911 42000000 		.4byte	.LLST7
 1344 0915 00       		.byte	0
 1345 0916 1A       		.uleb128 0x1a
 1346 0917 C4010000 		.4byte	.LASF136
 1347 091b 01       		.byte	0x1
 1348 091c 35       		.byte	0x35
 1349 091d 00000000 		.4byte	.LFB8
 1350 0921 40000000 		.4byte	.LFE8-.LFB8
 1351 0925 01       		.uleb128 0x1
 1352 0926 9C       		.byte	0x9c
 1353 0927 47090000 		.4byte	0x947
 1354 092b 1D       		.uleb128 0x1d
 1355 092c 6E00     		.ascii	"n\000"
 1356 092e 01       		.byte	0x1
 1357 092f 35       		.byte	0x35
 1358 0930 CA000000 		.4byte	0xca
 1359 0934 67000000 		.4byte	.LLST3
 1360 0938 1C       		.uleb128 0x1c
 1361 0939 736800   		.ascii	"sh\000"
 1362 093c 01       		.byte	0x1
 1363 093d 36       		.byte	0x36
 1364 093e 2C000000 		.4byte	0x2c
 1365 0942 88000000 		.4byte	.LLST4
 1366 0946 00       		.byte	0
 1367 0947 1E       		.uleb128 0x1e
 1368 0948 DF000000 		.4byte	.LASF140
ARM GAS  /tmp/cca7Acgi.s 			page 25


 1369 094c 01       		.byte	0x1
 1370 094d 27       		.byte	0x27
 1371 094e 00000000 		.4byte	.LFB7
 1372 0952 48000000 		.4byte	.LFE7-.LFB7
 1373 0956 01       		.uleb128 0x1
 1374 0957 9C       		.byte	0x9c
 1375 0958 1D       		.uleb128 0x1d
 1376 0959 6E00     		.ascii	"n\000"
 1377 095b 01       		.byte	0x1
 1378 095c 27       		.byte	0x27
 1379 095d CA000000 		.4byte	0xca
 1380 0961 D0000000 		.4byte	.LLST0
 1381 0965 1B       		.uleb128 0x1b
 1382 0966 69000000 		.4byte	.LASF134
 1383 096a 01       		.byte	0x1
 1384 096b 27       		.byte	0x27
 1385 096c CA000000 		.4byte	0xca
 1386 0970 F1000000 		.4byte	.LLST1
 1387 0974 1C       		.uleb128 0x1c
 1388 0975 736800   		.ascii	"sh\000"
 1389 0978 01       		.byte	0x1
 1390 0979 28       		.byte	0x28
 1391 097a 2C000000 		.4byte	0x2c
 1392 097e 12010000 		.4byte	.LLST2
 1393 0982 00       		.byte	0
 1394 0983 00       		.byte	0
 1395              		.section	.debug_abbrev,"",%progbits
 1396              	.Ldebug_abbrev0:
 1397 0000 01       		.uleb128 0x1
 1398 0001 11       		.uleb128 0x11
 1399 0002 01       		.byte	0x1
 1400 0003 25       		.uleb128 0x25
 1401 0004 0E       		.uleb128 0xe
 1402 0005 13       		.uleb128 0x13
 1403 0006 0B       		.uleb128 0xb
 1404 0007 03       		.uleb128 0x3
 1405 0008 0E       		.uleb128 0xe
 1406 0009 1B       		.uleb128 0x1b
 1407 000a 0E       		.uleb128 0xe
 1408 000b 55       		.uleb128 0x55
 1409 000c 17       		.uleb128 0x17
 1410 000d 11       		.uleb128 0x11
 1411 000e 01       		.uleb128 0x1
 1412 000f 10       		.uleb128 0x10
 1413 0010 17       		.uleb128 0x17
 1414 0011 00       		.byte	0
 1415 0012 00       		.byte	0
 1416 0013 02       		.uleb128 0x2
 1417 0014 24       		.uleb128 0x24
 1418 0015 00       		.byte	0
 1419 0016 0B       		.uleb128 0xb
 1420 0017 0B       		.uleb128 0xb
 1421 0018 3E       		.uleb128 0x3e
 1422 0019 0B       		.uleb128 0xb
 1423 001a 03       		.uleb128 0x3
 1424 001b 08       		.uleb128 0x8
 1425 001c 00       		.byte	0
ARM GAS  /tmp/cca7Acgi.s 			page 26


 1426 001d 00       		.byte	0
 1427 001e 03       		.uleb128 0x3
 1428 001f 24       		.uleb128 0x24
 1429 0020 00       		.byte	0
 1430 0021 0B       		.uleb128 0xb
 1431 0022 0B       		.uleb128 0xb
 1432 0023 3E       		.uleb128 0x3e
 1433 0024 0B       		.uleb128 0xb
 1434 0025 03       		.uleb128 0x3
 1435 0026 0E       		.uleb128 0xe
 1436 0027 00       		.byte	0
 1437 0028 00       		.byte	0
 1438 0029 04       		.uleb128 0x4
 1439 002a 16       		.uleb128 0x16
 1440 002b 00       		.byte	0
 1441 002c 03       		.uleb128 0x3
 1442 002d 0E       		.uleb128 0xe
 1443 002e 3A       		.uleb128 0x3a
 1444 002f 0B       		.uleb128 0xb
 1445 0030 3B       		.uleb128 0x3b
 1446 0031 0B       		.uleb128 0xb
 1447 0032 49       		.uleb128 0x49
 1448 0033 13       		.uleb128 0x13
 1449 0034 00       		.byte	0
 1450 0035 00       		.byte	0
 1451 0036 05       		.uleb128 0x5
 1452 0037 35       		.uleb128 0x35
 1453 0038 00       		.byte	0
 1454 0039 49       		.uleb128 0x49
 1455 003a 13       		.uleb128 0x13
 1456 003b 00       		.byte	0
 1457 003c 00       		.byte	0
 1458 003d 06       		.uleb128 0x6
 1459 003e 13       		.uleb128 0x13
 1460 003f 01       		.byte	0x1
 1461 0040 03       		.uleb128 0x3
 1462 0041 0E       		.uleb128 0xe
 1463 0042 0B       		.uleb128 0xb
 1464 0043 0B       		.uleb128 0xb
 1465 0044 3A       		.uleb128 0x3a
 1466 0045 0B       		.uleb128 0xb
 1467 0046 3B       		.uleb128 0x3b
 1468 0047 0B       		.uleb128 0xb
 1469 0048 01       		.uleb128 0x1
 1470 0049 13       		.uleb128 0x13
 1471 004a 00       		.byte	0
 1472 004b 00       		.byte	0
 1473 004c 07       		.uleb128 0x7
 1474 004d 0D       		.uleb128 0xd
 1475 004e 00       		.byte	0
 1476 004f 03       		.uleb128 0x3
 1477 0050 0E       		.uleb128 0xe
 1478 0051 3A       		.uleb128 0x3a
 1479 0052 0B       		.uleb128 0xb
 1480 0053 3B       		.uleb128 0x3b
 1481 0054 0B       		.uleb128 0xb
 1482 0055 49       		.uleb128 0x49
ARM GAS  /tmp/cca7Acgi.s 			page 27


 1483 0056 13       		.uleb128 0x13
 1484 0057 38       		.uleb128 0x38
 1485 0058 0B       		.uleb128 0xb
 1486 0059 00       		.byte	0
 1487 005a 00       		.byte	0
 1488 005b 08       		.uleb128 0x8
 1489 005c 0D       		.uleb128 0xd
 1490 005d 00       		.byte	0
 1491 005e 03       		.uleb128 0x3
 1492 005f 08       		.uleb128 0x8
 1493 0060 3A       		.uleb128 0x3a
 1494 0061 0B       		.uleb128 0xb
 1495 0062 3B       		.uleb128 0x3b
 1496 0063 0B       		.uleb128 0xb
 1497 0064 49       		.uleb128 0x49
 1498 0065 13       		.uleb128 0x13
 1499 0066 38       		.uleb128 0x38
 1500 0067 0B       		.uleb128 0xb
 1501 0068 00       		.byte	0
 1502 0069 00       		.byte	0
 1503 006a 09       		.uleb128 0x9
 1504 006b 13       		.uleb128 0x13
 1505 006c 01       		.byte	0x1
 1506 006d 0B       		.uleb128 0xb
 1507 006e 0B       		.uleb128 0xb
 1508 006f 3A       		.uleb128 0x3a
 1509 0070 0B       		.uleb128 0xb
 1510 0071 3B       		.uleb128 0x3b
 1511 0072 0B       		.uleb128 0xb
 1512 0073 01       		.uleb128 0x1
 1513 0074 13       		.uleb128 0x13
 1514 0075 00       		.byte	0
 1515 0076 00       		.byte	0
 1516 0077 0A       		.uleb128 0xa
 1517 0078 0F       		.uleb128 0xf
 1518 0079 00       		.byte	0
 1519 007a 0B       		.uleb128 0xb
 1520 007b 0B       		.uleb128 0xb
 1521 007c 49       		.uleb128 0x49
 1522 007d 13       		.uleb128 0x13
 1523 007e 00       		.byte	0
 1524 007f 00       		.byte	0
 1525 0080 0B       		.uleb128 0xb
 1526 0081 0F       		.uleb128 0xf
 1527 0082 00       		.byte	0
 1528 0083 0B       		.uleb128 0xb
 1529 0084 0B       		.uleb128 0xb
 1530 0085 00       		.byte	0
 1531 0086 00       		.byte	0
 1532 0087 0C       		.uleb128 0xc
 1533 0088 13       		.uleb128 0x13
 1534 0089 01       		.byte	0x1
 1535 008a 03       		.uleb128 0x3
 1536 008b 0E       		.uleb128 0xe
 1537 008c 0B       		.uleb128 0xb
 1538 008d 0B       		.uleb128 0xb
 1539 008e 3A       		.uleb128 0x3a
ARM GAS  /tmp/cca7Acgi.s 			page 28


 1540 008f 0B       		.uleb128 0xb
 1541 0090 3B       		.uleb128 0x3b
 1542 0091 05       		.uleb128 0x5
 1543 0092 01       		.uleb128 0x1
 1544 0093 13       		.uleb128 0x13
 1545 0094 00       		.byte	0
 1546 0095 00       		.byte	0
 1547 0096 0D       		.uleb128 0xd
 1548 0097 0D       		.uleb128 0xd
 1549 0098 00       		.byte	0
 1550 0099 03       		.uleb128 0x3
 1551 009a 08       		.uleb128 0x8
 1552 009b 3A       		.uleb128 0x3a
 1553 009c 0B       		.uleb128 0xb
 1554 009d 3B       		.uleb128 0x3b
 1555 009e 05       		.uleb128 0x5
 1556 009f 49       		.uleb128 0x49
 1557 00a0 13       		.uleb128 0x13
 1558 00a1 38       		.uleb128 0x38
 1559 00a2 0B       		.uleb128 0xb
 1560 00a3 00       		.byte	0
 1561 00a4 00       		.byte	0
 1562 00a5 0E       		.uleb128 0xe
 1563 00a6 13       		.uleb128 0x13
 1564 00a7 01       		.byte	0x1
 1565 00a8 0B       		.uleb128 0xb
 1566 00a9 05       		.uleb128 0x5
 1567 00aa 3A       		.uleb128 0x3a
 1568 00ab 0B       		.uleb128 0xb
 1569 00ac 3B       		.uleb128 0x3b
 1570 00ad 0B       		.uleb128 0xb
 1571 00ae 01       		.uleb128 0x1
 1572 00af 13       		.uleb128 0x13
 1573 00b0 00       		.byte	0
 1574 00b1 00       		.byte	0
 1575 00b2 0F       		.uleb128 0xf
 1576 00b3 0D       		.uleb128 0xd
 1577 00b4 00       		.byte	0
 1578 00b5 03       		.uleb128 0x3
 1579 00b6 0E       		.uleb128 0xe
 1580 00b7 3A       		.uleb128 0x3a
 1581 00b8 0B       		.uleb128 0xb
 1582 00b9 3B       		.uleb128 0x3b
 1583 00ba 0B       		.uleb128 0xb
 1584 00bb 49       		.uleb128 0x49
 1585 00bc 13       		.uleb128 0x13
 1586 00bd 38       		.uleb128 0x38
 1587 00be 05       		.uleb128 0x5
 1588 00bf 00       		.byte	0
 1589 00c0 00       		.byte	0
 1590 00c1 10       		.uleb128 0x10
 1591 00c2 0D       		.uleb128 0xd
 1592 00c3 00       		.byte	0
 1593 00c4 03       		.uleb128 0x3
 1594 00c5 08       		.uleb128 0x8
 1595 00c6 3A       		.uleb128 0x3a
 1596 00c7 0B       		.uleb128 0xb
ARM GAS  /tmp/cca7Acgi.s 			page 29


 1597 00c8 3B       		.uleb128 0x3b
 1598 00c9 0B       		.uleb128 0xb
 1599 00ca 49       		.uleb128 0x49
 1600 00cb 13       		.uleb128 0x13
 1601 00cc 38       		.uleb128 0x38
 1602 00cd 05       		.uleb128 0x5
 1603 00ce 00       		.byte	0
 1604 00cf 00       		.byte	0
 1605 00d0 11       		.uleb128 0x11
 1606 00d1 01       		.uleb128 0x1
 1607 00d2 01       		.byte	0x1
 1608 00d3 49       		.uleb128 0x49
 1609 00d4 13       		.uleb128 0x13
 1610 00d5 01       		.uleb128 0x1
 1611 00d6 13       		.uleb128 0x13
 1612 00d7 00       		.byte	0
 1613 00d8 00       		.byte	0
 1614 00d9 12       		.uleb128 0x12
 1615 00da 21       		.uleb128 0x21
 1616 00db 00       		.byte	0
 1617 00dc 49       		.uleb128 0x49
 1618 00dd 13       		.uleb128 0x13
 1619 00de 2F       		.uleb128 0x2f
 1620 00df 0B       		.uleb128 0xb
 1621 00e0 00       		.byte	0
 1622 00e1 00       		.byte	0
 1623 00e2 13       		.uleb128 0x13
 1624 00e3 21       		.uleb128 0x21
 1625 00e4 00       		.byte	0
 1626 00e5 49       		.uleb128 0x49
 1627 00e6 13       		.uleb128 0x13
 1628 00e7 2F       		.uleb128 0x2f
 1629 00e8 05       		.uleb128 0x5
 1630 00e9 00       		.byte	0
 1631 00ea 00       		.byte	0
 1632 00eb 14       		.uleb128 0x14
 1633 00ec 15       		.uleb128 0x15
 1634 00ed 01       		.byte	0x1
 1635 00ee 27       		.uleb128 0x27
 1636 00ef 19       		.uleb128 0x19
 1637 00f0 01       		.uleb128 0x1
 1638 00f1 13       		.uleb128 0x13
 1639 00f2 00       		.byte	0
 1640 00f3 00       		.byte	0
 1641 00f4 15       		.uleb128 0x15
 1642 00f5 05       		.uleb128 0x5
 1643 00f6 00       		.byte	0
 1644 00f7 49       		.uleb128 0x49
 1645 00f8 13       		.uleb128 0x13
 1646 00f9 00       		.byte	0
 1647 00fa 00       		.byte	0
 1648 00fb 16       		.uleb128 0x16
 1649 00fc 34       		.uleb128 0x34
 1650 00fd 00       		.byte	0
 1651 00fe 03       		.uleb128 0x3
 1652 00ff 0E       		.uleb128 0xe
 1653 0100 3A       		.uleb128 0x3a
ARM GAS  /tmp/cca7Acgi.s 			page 30


 1654 0101 0B       		.uleb128 0xb
 1655 0102 3B       		.uleb128 0x3b
 1656 0103 0B       		.uleb128 0xb
 1657 0104 49       		.uleb128 0x49
 1658 0105 13       		.uleb128 0x13
 1659 0106 3F       		.uleb128 0x3f
 1660 0107 19       		.uleb128 0x19
 1661 0108 3C       		.uleb128 0x3c
 1662 0109 19       		.uleb128 0x19
 1663 010a 00       		.byte	0
 1664 010b 00       		.byte	0
 1665 010c 17       		.uleb128 0x17
 1666 010d 17       		.uleb128 0x17
 1667 010e 01       		.byte	0x1
 1668 010f 0B       		.uleb128 0xb
 1669 0110 0B       		.uleb128 0xb
 1670 0111 3A       		.uleb128 0x3a
 1671 0112 0B       		.uleb128 0xb
 1672 0113 3B       		.uleb128 0x3b
 1673 0114 0B       		.uleb128 0xb
 1674 0115 01       		.uleb128 0x1
 1675 0116 13       		.uleb128 0x13
 1676 0117 00       		.byte	0
 1677 0118 00       		.byte	0
 1678 0119 18       		.uleb128 0x18
 1679 011a 0D       		.uleb128 0xd
 1680 011b 00       		.byte	0
 1681 011c 03       		.uleb128 0x3
 1682 011d 0E       		.uleb128 0xe
 1683 011e 3A       		.uleb128 0x3a
 1684 011f 0B       		.uleb128 0xb
 1685 0120 3B       		.uleb128 0x3b
 1686 0121 0B       		.uleb128 0xb
 1687 0122 49       		.uleb128 0x49
 1688 0123 13       		.uleb128 0x13
 1689 0124 00       		.byte	0
 1690 0125 00       		.byte	0
 1691 0126 19       		.uleb128 0x19
 1692 0127 26       		.uleb128 0x26
 1693 0128 00       		.byte	0
 1694 0129 49       		.uleb128 0x49
 1695 012a 13       		.uleb128 0x13
 1696 012b 00       		.byte	0
 1697 012c 00       		.byte	0
 1698 012d 1A       		.uleb128 0x1a
 1699 012e 2E       		.uleb128 0x2e
 1700 012f 01       		.byte	0x1
 1701 0130 3F       		.uleb128 0x3f
 1702 0131 19       		.uleb128 0x19
 1703 0132 03       		.uleb128 0x3
 1704 0133 0E       		.uleb128 0xe
 1705 0134 3A       		.uleb128 0x3a
 1706 0135 0B       		.uleb128 0xb
 1707 0136 3B       		.uleb128 0x3b
 1708 0137 0B       		.uleb128 0xb
 1709 0138 27       		.uleb128 0x27
 1710 0139 19       		.uleb128 0x19
ARM GAS  /tmp/cca7Acgi.s 			page 31


 1711 013a 11       		.uleb128 0x11
 1712 013b 01       		.uleb128 0x1
 1713 013c 12       		.uleb128 0x12
 1714 013d 06       		.uleb128 0x6
 1715 013e 40       		.uleb128 0x40
 1716 013f 18       		.uleb128 0x18
 1717 0140 9742     		.uleb128 0x2117
 1718 0142 19       		.uleb128 0x19
 1719 0143 01       		.uleb128 0x1
 1720 0144 13       		.uleb128 0x13
 1721 0145 00       		.byte	0
 1722 0146 00       		.byte	0
 1723 0147 1B       		.uleb128 0x1b
 1724 0148 05       		.uleb128 0x5
 1725 0149 00       		.byte	0
 1726 014a 03       		.uleb128 0x3
 1727 014b 0E       		.uleb128 0xe
 1728 014c 3A       		.uleb128 0x3a
 1729 014d 0B       		.uleb128 0xb
 1730 014e 3B       		.uleb128 0x3b
 1731 014f 0B       		.uleb128 0xb
 1732 0150 49       		.uleb128 0x49
 1733 0151 13       		.uleb128 0x13
 1734 0152 02       		.uleb128 0x2
 1735 0153 17       		.uleb128 0x17
 1736 0154 00       		.byte	0
 1737 0155 00       		.byte	0
 1738 0156 1C       		.uleb128 0x1c
 1739 0157 34       		.uleb128 0x34
 1740 0158 00       		.byte	0
 1741 0159 03       		.uleb128 0x3
 1742 015a 08       		.uleb128 0x8
 1743 015b 3A       		.uleb128 0x3a
 1744 015c 0B       		.uleb128 0xb
 1745 015d 3B       		.uleb128 0x3b
 1746 015e 0B       		.uleb128 0xb
 1747 015f 49       		.uleb128 0x49
 1748 0160 13       		.uleb128 0x13
 1749 0161 02       		.uleb128 0x2
 1750 0162 17       		.uleb128 0x17
 1751 0163 00       		.byte	0
 1752 0164 00       		.byte	0
 1753 0165 1D       		.uleb128 0x1d
 1754 0166 05       		.uleb128 0x5
 1755 0167 00       		.byte	0
 1756 0168 03       		.uleb128 0x3
 1757 0169 08       		.uleb128 0x8
 1758 016a 3A       		.uleb128 0x3a
 1759 016b 0B       		.uleb128 0xb
 1760 016c 3B       		.uleb128 0x3b
 1761 016d 0B       		.uleb128 0xb
 1762 016e 49       		.uleb128 0x49
 1763 016f 13       		.uleb128 0x13
 1764 0170 02       		.uleb128 0x2
 1765 0171 17       		.uleb128 0x17
 1766 0172 00       		.byte	0
 1767 0173 00       		.byte	0
ARM GAS  /tmp/cca7Acgi.s 			page 32


 1768 0174 1E       		.uleb128 0x1e
 1769 0175 2E       		.uleb128 0x2e
 1770 0176 01       		.byte	0x1
 1771 0177 3F       		.uleb128 0x3f
 1772 0178 19       		.uleb128 0x19
 1773 0179 03       		.uleb128 0x3
 1774 017a 0E       		.uleb128 0xe
 1775 017b 3A       		.uleb128 0x3a
 1776 017c 0B       		.uleb128 0xb
 1777 017d 3B       		.uleb128 0x3b
 1778 017e 0B       		.uleb128 0xb
 1779 017f 27       		.uleb128 0x27
 1780 0180 19       		.uleb128 0x19
 1781 0181 11       		.uleb128 0x11
 1782 0182 01       		.uleb128 0x1
 1783 0183 12       		.uleb128 0x12
 1784 0184 06       		.uleb128 0x6
 1785 0185 40       		.uleb128 0x40
 1786 0186 18       		.uleb128 0x18
 1787 0187 9742     		.uleb128 0x2117
 1788 0189 19       		.uleb128 0x19
 1789 018a 00       		.byte	0
 1790 018b 00       		.byte	0
 1791 018c 00       		.byte	0
 1792              		.section	.debug_loc,"",%progbits
 1793              	.Ldebug_loc0:
 1794              	.LLST5:
 1795 0000 00000000 		.4byte	.LVL9
 1796 0004 14000000 		.4byte	.LVL10
 1797 0008 0100     		.2byte	0x1
 1798 000a 50       		.byte	0x50
 1799 000b 14000000 		.4byte	.LVL10
 1800 000f 28000000 		.4byte	.LFE9
 1801 0013 0400     		.2byte	0x4
 1802 0015 F3       		.byte	0xf3
 1803 0016 01       		.uleb128 0x1
 1804 0017 50       		.byte	0x50
 1805 0018 9F       		.byte	0x9f
 1806 0019 00000000 		.4byte	0
 1807 001d 00000000 		.4byte	0
 1808              	.LLST6:
 1809 0021 00000000 		.4byte	.LVL9
 1810 0025 1C000000 		.4byte	.LVL12
 1811 0029 0100     		.2byte	0x1
 1812 002b 51       		.byte	0x51
 1813 002c 1C000000 		.4byte	.LVL12
 1814 0030 28000000 		.4byte	.LFE9
 1815 0034 0400     		.2byte	0x4
 1816 0036 F3       		.byte	0xf3
 1817 0037 01       		.uleb128 0x1
 1818 0038 51       		.byte	0x51
 1819 0039 9F       		.byte	0x9f
 1820 003a 00000000 		.4byte	0
 1821 003e 00000000 		.4byte	0
 1822              	.LLST7:
 1823 0042 16000000 		.4byte	.LVL11
 1824 0046 20000000 		.4byte	.LVL13
ARM GAS  /tmp/cca7Acgi.s 			page 33


 1825 004a 0100     		.2byte	0x1
 1826 004c 50       		.byte	0x50
 1827 004d 20000000 		.4byte	.LVL13
 1828 0051 28000000 		.4byte	.LFE9
 1829 0055 0800     		.2byte	0x8
 1830 0057 F3       		.byte	0xf3
 1831 0058 01       		.uleb128 0x1
 1832 0059 50       		.byte	0x50
 1833 005a 33       		.byte	0x33
 1834 005b 1A       		.byte	0x1a
 1835 005c 33       		.byte	0x33
 1836 005d 24       		.byte	0x24
 1837 005e 9F       		.byte	0x9f
 1838 005f 00000000 		.4byte	0
 1839 0063 00000000 		.4byte	0
 1840              	.LLST3:
 1841 0067 00000000 		.4byte	.LVL5
 1842 006b 24000000 		.4byte	.LVL6
 1843 006f 0100     		.2byte	0x1
 1844 0071 50       		.byte	0x50
 1845 0072 24000000 		.4byte	.LVL6
 1846 0076 40000000 		.4byte	.LFE8
 1847 007a 0400     		.2byte	0x4
 1848 007c F3       		.byte	0xf3
 1849 007d 01       		.uleb128 0x1
 1850 007e 50       		.byte	0x50
 1851 007f 9F       		.byte	0x9f
 1852 0080 00000000 		.4byte	0
 1853 0084 00000000 		.4byte	0
 1854              	.LLST4:
 1855 0088 00000000 		.4byte	.LVL5
 1856 008c 24000000 		.4byte	.LVL6
 1857 0090 0700     		.2byte	0x7
 1858 0092 70       		.byte	0x70
 1859 0093 00       		.sleb128 0
 1860 0094 33       		.byte	0x33
 1861 0095 24       		.byte	0x24
 1862 0096 48       		.byte	0x48
 1863 0097 1A       		.byte	0x1a
 1864 0098 9F       		.byte	0x9f
 1865 0099 24000000 		.4byte	.LVL6
 1866 009d 2C000000 		.4byte	.LVL7
 1867 00a1 0800     		.2byte	0x8
 1868 00a3 F3       		.byte	0xf3
 1869 00a4 01       		.uleb128 0x1
 1870 00a5 50       		.byte	0x50
 1871 00a6 33       		.byte	0x33
 1872 00a7 24       		.byte	0x24
 1873 00a8 48       		.byte	0x48
 1874 00a9 1A       		.byte	0x1a
 1875 00aa 9F       		.byte	0x9f
 1876 00ab 2C000000 		.4byte	.LVL7
 1877 00af 30000000 		.4byte	.LVL8
 1878 00b3 0100     		.2byte	0x1
 1879 00b5 50       		.byte	0x50
 1880 00b6 30000000 		.4byte	.LVL8
 1881 00ba 40000000 		.4byte	.LFE8
ARM GAS  /tmp/cca7Acgi.s 			page 34


 1882 00be 0800     		.2byte	0x8
 1883 00c0 F3       		.byte	0xf3
 1884 00c1 01       		.uleb128 0x1
 1885 00c2 50       		.byte	0x50
 1886 00c3 33       		.byte	0x33
 1887 00c4 24       		.byte	0x24
 1888 00c5 48       		.byte	0x48
 1889 00c6 1A       		.byte	0x1a
 1890 00c7 9F       		.byte	0x9f
 1891 00c8 00000000 		.4byte	0
 1892 00cc 00000000 		.4byte	0
 1893              	.LLST0:
 1894 00d0 00000000 		.4byte	.LVL0
 1895 00d4 30000000 		.4byte	.LVL3
 1896 00d8 0100     		.2byte	0x1
 1897 00da 50       		.byte	0x50
 1898 00db 30000000 		.4byte	.LVL3
 1899 00df 48000000 		.4byte	.LFE7
 1900 00e3 0400     		.2byte	0x4
 1901 00e5 F3       		.byte	0xf3
 1902 00e6 01       		.uleb128 0x1
 1903 00e7 50       		.byte	0x50
 1904 00e8 9F       		.byte	0x9f
 1905 00e9 00000000 		.4byte	0
 1906 00ed 00000000 		.4byte	0
 1907              	.LLST1:
 1908 00f1 00000000 		.4byte	.LVL0
 1909 00f5 24000000 		.4byte	.LVL2
 1910 00f9 0100     		.2byte	0x1
 1911 00fb 51       		.byte	0x51
 1912 00fc 24000000 		.4byte	.LVL2
 1913 0100 48000000 		.4byte	.LFE7
 1914 0104 0400     		.2byte	0x4
 1915 0106 F3       		.byte	0xf3
 1916 0107 01       		.uleb128 0x1
 1917 0108 51       		.byte	0x51
 1918 0109 9F       		.byte	0x9f
 1919 010a 00000000 		.4byte	0
 1920 010e 00000000 		.4byte	0
 1921              	.LLST2:
 1922 0112 1C000000 		.4byte	.LVL1
 1923 0116 40000000 		.4byte	.LVL4
 1924 011a 0100     		.2byte	0x1
 1925 011c 54       		.byte	0x54
 1926 011d 40000000 		.4byte	.LVL4
 1927 0121 48000000 		.4byte	.LFE7
 1928 0125 0800     		.2byte	0x8
 1929 0127 F3       		.byte	0xf3
 1930 0128 01       		.uleb128 0x1
 1931 0129 50       		.byte	0x50
 1932 012a 33       		.byte	0x33
 1933 012b 24       		.byte	0x24
 1934 012c 48       		.byte	0x48
 1935 012d 1A       		.byte	0x1a
 1936 012e 9F       		.byte	0x9f
 1937 012f 00000000 		.4byte	0
 1938 0133 00000000 		.4byte	0
ARM GAS  /tmp/cca7Acgi.s 			page 35


 1939              		.section	.debug_aranges,"",%progbits
 1940 0000 2C000000 		.4byte	0x2c
 1941 0004 0200     		.2byte	0x2
 1942 0006 00000000 		.4byte	.Ldebug_info0
 1943 000a 04       		.byte	0x4
 1944 000b 00       		.byte	0
 1945 000c 0000     		.2byte	0
 1946 000e 0000     		.2byte	0
 1947 0010 00000000 		.4byte	.LFB7
 1948 0014 48000000 		.4byte	.LFE7-.LFB7
 1949 0018 00000000 		.4byte	.LFB8
 1950 001c 40000000 		.4byte	.LFE8-.LFB8
 1951 0020 00000000 		.4byte	.LFB9
 1952 0024 28000000 		.4byte	.LFE9-.LFB9
 1953 0028 00000000 		.4byte	0
 1954 002c 00000000 		.4byte	0
 1955              		.section	.debug_ranges,"",%progbits
 1956              	.Ldebug_ranges0:
 1957 0000 00000000 		.4byte	.LFB7
 1958 0004 48000000 		.4byte	.LFE7
 1959 0008 00000000 		.4byte	.LFB8
 1960 000c 40000000 		.4byte	.LFE8
 1961 0010 00000000 		.4byte	.LFB9
 1962 0014 28000000 		.4byte	.LFE9
 1963 0018 00000000 		.4byte	0
 1964 001c 00000000 		.4byte	0
 1965              		.section	.debug_line,"",%progbits
 1966              	.Ldebug_line0:
 1967 0000 8E010000 		.section	.debug_str,"MS",%progbits,1
 1967      02003D01 
 1967      00000201 
 1967      FB0E0D00 
 1967      01010101 
 1968              	.LASF62:
 1969 0000 49435052 		.ascii	"ICPR\000"
 1969      00
 1970              	.LASF139:
 1971 0005 2F686F6D 		.ascii	"/home/ekobayu/Arok-Gandring-Lokajaya/LPC/ChibiOS-RT"
 1971      652F656B 
 1971      6F626179 
 1971      752F4172 
 1971      6F6B2D47 
 1972 0038 2D4C5043 		.ascii	"-LPC/demos/LPC1766\000"
 1972      2F64656D 
 1972      6F732F4C 
 1972      50433137 
 1972      363600
 1973              	.LASF44:
 1974 004b 705F6D73 		.ascii	"p_msg\000"
 1974      6700
 1975              	.LASF63:
 1976 0051 756E7573 		.ascii	"unused4\000"
 1976      65643400 
 1977              	.LASF65:
 1978 0059 756E7573 		.ascii	"unused5\000"
 1978      65643500 
 1979              	.LASF66:
ARM GAS  /tmp/cca7Acgi.s 			page 36


 1980 0061 756E7573 		.ascii	"unused6\000"
 1980      65643600 
 1981              	.LASF134:
 1982 0069 7072696F 		.ascii	"prio\000"
 1982      00
 1983              	.LASF90:
 1984 006e 76745F66 		.ascii	"vt_func\000"
 1984      756E6300 
 1985              	.LASF19:
 1986 0076 75696E74 		.ascii	"uint64_t\000"
 1986      36345F74 
 1986      00
 1987              	.LASF6:
 1988 007f 5F5F7569 		.ascii	"__uint8_t\000"
 1988      6E74385F 
 1988      7400
 1989              	.LASF84:
 1990 0089 434D785F 		.ascii	"CMx_SCB\000"
 1990      53434200 
 1991              	.LASF101:
 1992 0091 76746C69 		.ascii	"vtlist\000"
 1992      737400
 1993              	.LASF14:
 1994 0098 6C6F6E67 		.ascii	"long long unsigned int\000"
 1994      206C6F6E 
 1994      6720756E 
 1994      7369676E 
 1994      65642069 
 1995              	.LASF118:
 1996 00af 63685F74 		.ascii	"ch_threadsize\000"
 1996      68726561 
 1996      6473697A 
 1996      6500
 1997              	.LASF108:
 1998 00bd 65786974 		.ascii	"exitcode\000"
 1998      636F6465 
 1998      00
 1999              	.LASF60:
 2000 00c6 49535052 		.ascii	"ISPR\000"
 2000      00
 2001              	.LASF32:
 2002 00cb 705F7072 		.ascii	"p_prio\000"
 2002      696F00
 2003              	.LASF125:
 2004 00d2 63665F6F 		.ascii	"cf_off_state\000"
 2004      66665F73 
 2004      74617465 
 2004      00
 2005              	.LASF140:
 2006 00df 6E766963 		.ascii	"nvicEnableVector\000"
 2006      456E6162 
 2006      6C655665 
 2006      63746F72 
 2006      00
 2007              	.LASF92:
 2008 00f0 76745F73 		.ascii	"vt_systime\000"
 2008      79737469 
ARM GAS  /tmp/cca7Acgi.s 			page 37


 2008      6D6500
 2009              	.LASF1:
 2010 00fb 6C6F6E67 		.ascii	"long long int\000"
 2010      206C6F6E 
 2010      6720696E 
 2010      7400
 2011              	.LASF3:
 2012 0109 7369676E 		.ascii	"signed char\000"
 2012      65642063 
 2012      68617200 
 2013              	.LASF124:
 2014 0115 63665F6F 		.ascii	"cf_off_stklimit\000"
 2014      66665F73 
 2014      746B6C69 
 2014      6D697400 
 2015              	.LASF126:
 2016 0125 63665F6F 		.ascii	"cf_off_flags\000"
 2016      66665F66 
 2016      6C616773 
 2016      00
 2017              	.LASF48:
 2018 0132 705F6D70 		.ascii	"p_mpool\000"
 2018      6F6F6C00 
 2019              	.LASF104:
 2020 013a 6D5F7175 		.ascii	"m_queue\000"
 2020      65756500 
 2021              	.LASF24:
 2022 0142 74736C69 		.ascii	"tslices_t\000"
 2022      6365735F 
 2022      7400
 2023              	.LASF10:
 2024 014c 6C6F6E67 		.ascii	"long int\000"
 2024      20696E74 
 2024      00
 2025              	.LASF22:
 2026 0155 74737461 		.ascii	"tstate_t\000"
 2026      74655F74 
 2026      00
 2027              	.LASF56:
 2028 015e 49534552 		.ascii	"ISER\000"
 2028      00
 2029              	.LASF16:
 2030 0163 75696E74 		.ascii	"uint16_t\000"
 2030      31365F74 
 2030      00
 2031              	.LASF130:
 2032 016c 63686465 		.ascii	"chdebug_t\000"
 2032      6275675F 
 2032      7400
 2033              	.LASF34:
 2034 0176 705F6E65 		.ascii	"p_newer\000"
 2034      77657200 
 2035              	.LASF132:
 2036 017e 5F69646C 		.ascii	"_idle_thread_wa\000"
 2036      655F7468 
 2036      72656164 
 2036      5F776100 
ARM GAS  /tmp/cca7Acgi.s 			page 38


 2037              	.LASF80:
 2038 018e 42464152 		.ascii	"BFAR\000"
 2038      00
 2039              	.LASF11:
 2040 0193 5F5F7569 		.ascii	"__uint32_t\000"
 2040      6E743332 
 2040      5F7400
 2041              	.LASF51:
 2042 019e 72656761 		.ascii	"regarm_t\000"
 2042      726D5F74 
 2042      00
 2043              	.LASF88:
 2044 01a7 76745F70 		.ascii	"vt_prev\000"
 2044      72657600 
 2045              	.LASF0:
 2046 01af 756E7369 		.ascii	"unsigned int\000"
 2046      676E6564 
 2046      20696E74 
 2046      00
 2047              	.LASF87:
 2048 01bc 76745F6E 		.ascii	"vt_next\000"
 2048      65787400 
 2049              	.LASF136:
 2050 01c4 6E766963 		.ascii	"nvicDisableVector\000"
 2050      44697361 
 2050      626C6556 
 2050      6563746F 
 2050      7200
 2051              	.LASF122:
 2052 01d6 63665F6F 		.ascii	"cf_off_older\000"
 2052      66665F6F 
 2052      6C646572 
 2052      00
 2053              	.LASF12:
 2054 01e3 6C6F6E67 		.ascii	"long unsigned int\000"
 2054      20756E73 
 2054      69676E65 
 2054      6420696E 
 2054      7400
 2055              	.LASF131:
 2056 01f5 63685F64 		.ascii	"ch_debug\000"
 2056      65627567 
 2056      00
 2057              	.LASF117:
 2058 01fe 63685F74 		.ascii	"ch_timesize\000"
 2058      696D6573 
 2058      697A6500 
 2059              	.LASF85:
 2060 020a 76746675 		.ascii	"vtfunc_t\000"
 2060      6E635F74 
 2060      00
 2061              	.LASF72:
 2062 0213 56544F52 		.ascii	"VTOR\000"
 2062      00
 2063              	.LASF86:
 2064 0218 56697274 		.ascii	"VirtualTimer\000"
 2064      75616C54 
ARM GAS  /tmp/cca7Acgi.s 			page 39


 2064      696D6572 
 2064      00
 2065              	.LASF54:
 2066 0225 636F6E74 		.ascii	"context\000"
 2066      65787400 
 2067              	.LASF8:
 2068 022d 73686F72 		.ascii	"short unsigned int\000"
 2068      7420756E 
 2068      7369676E 
 2068      65642069 
 2068      6E7400
 2069              	.LASF71:
 2070 0240 49435352 		.ascii	"ICSR\000"
 2070      00
 2071              	.LASF26:
 2072 0245 6D73675F 		.ascii	"msg_t\000"
 2072      7400
 2073              	.LASF73:
 2074 024b 41495243 		.ascii	"AIRCR\000"
 2074      5200
 2075              	.LASF78:
 2076 0251 44465352 		.ascii	"DFSR\000"
 2076      00
 2077              	.LASF97:
 2078 0256 725F6E65 		.ascii	"r_newer\000"
 2078      77657200 
 2079              	.LASF79:
 2080 025e 4D4D4641 		.ascii	"MMFAR\000"
 2080      5200
 2081              	.LASF21:
 2082 0264 746D6F64 		.ascii	"tmode_t\000"
 2082      655F7400 
 2083              	.LASF50:
 2084 026c 54687265 		.ascii	"ThreadsList\000"
 2084      6164734C 
 2084      69737400 
 2085              	.LASF27:
 2086 0278 6576656E 		.ascii	"eventmask_t\000"
 2086      746D6173 
 2086      6B5F7400 
 2087              	.LASF103:
 2088 0284 4D757465 		.ascii	"Mutex\000"
 2088      7800
 2089              	.LASF52:
 2090 028a 73746B61 		.ascii	"stkalign_t\000"
 2090      6C69676E 
 2090      5F7400
 2091              	.LASF133:
 2092 0295 68616E64 		.ascii	"handler\000"
 2092      6C657200 
 2093              	.LASF113:
 2094 029d 63685F7A 		.ascii	"ch_zero\000"
 2094      65726F00 
 2095              	.LASF127:
 2096 02a5 63665F6F 		.ascii	"cf_off_refs\000"
 2096      66665F72 
 2096      65667300 
ARM GAS  /tmp/cca7Acgi.s 			page 40


 2097              	.LASF69:
 2098 02b1 434D785F 		.ascii	"CMx_NVIC\000"
 2098      4E564943 
 2098      00
 2099              	.LASF89:
 2100 02ba 76745F74 		.ascii	"vt_time\000"
 2100      696D6500 
 2101              	.LASF137:
 2102 02c2 474E5520 		.ascii	"GNU C11 6.3.1 20170620 -mcpu=cortex-m3 -mno-thumb-i"
 2102      43313120 
 2102      362E332E 
 2102      31203230 
 2102      31373036 
 2103 02f5 6E746572 		.ascii	"nterwork -mthumb -ggdb -O2 -fomit-frame-pointer -ff"
 2103      776F726B 
 2103      202D6D74 
 2103      68756D62 
 2103      202D6767 
 2104 0328 756E6374 		.ascii	"unction-sections -fdata-sections -fno-common\000"
 2104      696F6E2D 
 2104      73656374 
 2104      696F6E73 
 2104      202D6664 
 2105              	.LASF68:
 2106 0355 73697A65 		.ascii	"sizetype\000"
 2106      74797065 
 2106      00
 2107              	.LASF138:
 2108 035e 2E2E2F2E 		.ascii	"../../os/ports/common/ARMCMx/nvic.c\000"
 2108      2E2F6F73 
 2108      2F706F72 
 2108      74732F63 
 2108      6F6D6D6F 
 2109              	.LASF2:
 2110 0382 6C6F6E67 		.ascii	"long double\000"
 2110      20646F75 
 2110      626C6500 
 2111              	.LASF76:
 2112 038e 43465352 		.ascii	"CFSR\000"
 2112      00
 2113              	.LASF64:
 2114 0393 49414252 		.ascii	"IABR\000"
 2114      00
 2115              	.LASF123:
 2116 0398 63665F6F 		.ascii	"cf_off_name\000"
 2116      66665F6E 
 2116      616D6500 
 2117              	.LASF35:
 2118 03a4 705F6F6C 		.ascii	"p_older\000"
 2118      64657200 
 2119              	.LASF96:
 2120 03ac 725F6374 		.ascii	"r_ctx\000"
 2120      7800
 2121              	.LASF49:
 2122 03b2 54687265 		.ascii	"ThreadsQueue\000"
 2122      61647351 
 2122      75657565 
ARM GAS  /tmp/cca7Acgi.s 			page 41


 2122      00
 2123              	.LASF114:
 2124 03bf 63685F73 		.ascii	"ch_size\000"
 2124      697A6500 
 2125              	.LASF58:
 2126 03c7 49434552 		.ascii	"ICER\000"
 2126      00
 2127              	.LASF112:
 2128 03cc 63685F69 		.ascii	"ch_identifier\000"
 2128      64656E74 
 2128      69666965 
 2128      7200
 2129              	.LASF99:
 2130 03da 725F6375 		.ascii	"r_current\000"
 2130      7272656E 
 2130      7400
 2131              	.LASF98:
 2132 03e4 725F6F6C 		.ascii	"r_older\000"
 2132      64657200 
 2133              	.LASF13:
 2134 03ec 5F5F7569 		.ascii	"__uint64_t\000"
 2134      6E743634 
 2134      5F7400
 2135              	.LASF70:
 2136 03f7 43505549 		.ascii	"CPUID\000"
 2136      4400
 2137              	.LASF23:
 2138 03fd 74726566 		.ascii	"trefs_t\000"
 2138      735F7400 
 2139              	.LASF116:
 2140 0405 63685F70 		.ascii	"ch_ptrsize\000"
 2140      74727369 
 2140      7A6500
 2141              	.LASF31:
 2142 0410 705F7072 		.ascii	"p_prev\000"
 2142      657600
 2143              	.LASF25:
 2144 0417 74707269 		.ascii	"tprio_t\000"
 2144      6F5F7400 
 2145              	.LASF20:
 2146 041f 5F426F6F 		.ascii	"_Bool\000"
 2146      6C00
 2147              	.LASF17:
 2148 0425 696E7433 		.ascii	"int32_t\000"
 2148      325F7400 
 2149              	.LASF4:
 2150 042d 756E7369 		.ascii	"unsigned char\000"
 2150      676E6564 
 2150      20636861 
 2150      7200
 2151              	.LASF75:
 2152 043b 53484353 		.ascii	"SHCSR\000"
 2152      5200
 2153              	.LASF46:
 2154 0441 705F6D74 		.ascii	"p_mtxlist\000"
 2154      786C6973 
 2154      7400
ARM GAS  /tmp/cca7Acgi.s 			page 42


 2155              	.LASF5:
 2156 044b 73686F72 		.ascii	"short int\000"
 2156      7420696E 
 2156      7400
 2157              	.LASF37:
 2158 0455 705F7374 		.ascii	"p_state\000"
 2158      61746500 
 2159              	.LASF40:
 2160 045d 705F7072 		.ascii	"p_preempt\000"
 2160      65656D70 
 2160      7400
 2161              	.LASF129:
 2162 0467 63665F6F 		.ascii	"cf_off_time\000"
 2162      66665F74 
 2162      696D6500 
 2163              	.LASF135:
 2164 0473 6E766963 		.ascii	"nvicSetSystemHandlerPriority\000"
 2164      53657453 
 2164      79737465 
 2164      6D48616E 
 2164      646C6572 
 2165              	.LASF95:
 2166 0490 725F7072 		.ascii	"r_prio\000"
 2166      696F00
 2167              	.LASF110:
 2168 0497 65776D61 		.ascii	"ewmask\000"
 2168      736B00
 2169              	.LASF30:
 2170 049e 705F6E65 		.ascii	"p_next\000"
 2170      787400
 2171              	.LASF128:
 2172 04a5 63665F6F 		.ascii	"cf_off_preempt\000"
 2172      66665F70 
 2172      7265656D 
 2172      707400
 2173              	.LASF38:
 2174 04b4 705F666C 		.ascii	"p_flags\000"
 2174      61677300 
 2175              	.LASF29:
 2176 04bc 54687265 		.ascii	"Thread\000"
 2176      616400
 2177              	.LASF121:
 2178 04c3 63665F6F 		.ascii	"cf_off_newer\000"
 2178      66665F6E 
 2178      65776572 
 2178      00
 2179              	.LASF45:
 2180 04d0 705F6570 		.ascii	"p_epending\000"
 2180      656E6469 
 2180      6E6700
 2181              	.LASF18:
 2182 04db 75696E74 		.ascii	"uint32_t\000"
 2182      33325F74 
 2182      00
 2183              	.LASF119:
 2184 04e4 63665F6F 		.ascii	"cf_off_prio\000"
 2184      66665F70 
ARM GAS  /tmp/cca7Acgi.s 			page 43


 2184      72696F00 
 2185              	.LASF94:
 2186 04f0 725F7175 		.ascii	"r_queue\000"
 2186      65756500 
 2187              	.LASF81:
 2188 04f8 41465352 		.ascii	"AFSR\000"
 2188      00
 2189              	.LASF57:
 2190 04fd 756E7573 		.ascii	"unused1\000"
 2190      65643100 
 2191              	.LASF59:
 2192 0505 756E7573 		.ascii	"unused2\000"
 2192      65643200 
 2193              	.LASF61:
 2194 050d 756E7573 		.ascii	"unused3\000"
 2194      65643300 
 2195              	.LASF111:
 2196 0515 63686172 		.ascii	"char\000"
 2196      00
 2197              	.LASF55:
 2198 051a 494F5245 		.ascii	"IOREG32\000"
 2198      47333200 
 2199              	.LASF7:
 2200 0522 5F5F7569 		.ascii	"__uint16_t\000"
 2200      6E743136 
 2200      5F7400
 2201              	.LASF106:
 2202 052d 6D5F6E65 		.ascii	"m_next\000"
 2202      787400
 2203              	.LASF28:
 2204 0534 73797374 		.ascii	"systime_t\000"
 2204      696D655F 
 2204      7400
 2205              	.LASF47:
 2206 053e 705F7265 		.ascii	"p_realprio\000"
 2206      616C7072 
 2206      696F00
 2207              	.LASF9:
 2208 0549 5F5F696E 		.ascii	"__int32_t\000"
 2208      7433325F 
 2208      7400
 2209              	.LASF41:
 2210 0553 705F7469 		.ascii	"p_time\000"
 2210      6D6500
 2211              	.LASF74:
 2212 055a 53485052 		.ascii	"SHPR\000"
 2212      00
 2213              	.LASF53:
 2214 055f 696E7463 		.ascii	"intctx\000"
 2214      747800
 2215              	.LASF43:
 2216 0566 705F6D73 		.ascii	"p_msgqueue\000"
 2216      67717565 
 2216      756500
 2217              	.LASF91:
 2218 0571 76745F70 		.ascii	"vt_par\000"
 2218      617200
ARM GAS  /tmp/cca7Acgi.s 			page 44


 2219              	.LASF120:
 2220 0578 63665F6F 		.ascii	"cf_off_ctx\000"
 2220      66665F63 
 2220      747800
 2221              	.LASF107:
 2222 0583 7264796D 		.ascii	"rdymsg\000"
 2222      736700
 2223              	.LASF39:
 2224 058a 705F7265 		.ascii	"p_refs\000"
 2224      667300
 2225              	.LASF100:
 2226 0591 52656164 		.ascii	"ReadyList\000"
 2226      794C6973 
 2226      7400
 2227              	.LASF82:
 2228 059b 4D4D4652 		.ascii	"MMFR\000"
 2228      00
 2229              	.LASF102:
 2230 05a0 726C6973 		.ascii	"rlist\000"
 2230      7400
 2231              	.LASF15:
 2232 05a6 75696E74 		.ascii	"uint8_t\000"
 2232      385F7400 
 2233              	.LASF67:
 2234 05ae 53544952 		.ascii	"STIR\000"
 2234      00
 2235              	.LASF109:
 2236 05b3 77746F62 		.ascii	"wtobjp\000"
 2236      6A7000
 2237              	.LASF36:
 2238 05ba 705F6E61 		.ascii	"p_name\000"
 2238      6D6500
 2239              	.LASF115:
 2240 05c1 63685F76 		.ascii	"ch_version\000"
 2240      65727369 
 2240      6F6E00
 2241              	.LASF93:
 2242 05cc 56544C69 		.ascii	"VTList\000"
 2242      737400
 2243              	.LASF83:
 2244 05d3 43504143 		.ascii	"CPACR\000"
 2244      5200
 2245              	.LASF77:
 2246 05d9 48465352 		.ascii	"HFSR\000"
 2246      00
 2247              	.LASF105:
 2248 05de 6D5F6F77 		.ascii	"m_owner\000"
 2248      6E657200 
 2249              	.LASF33:
 2250 05e6 705F6374 		.ascii	"p_ctx\000"
 2250      7800
 2251              	.LASF42:
 2252 05ec 705F7761 		.ascii	"p_waiting\000"
 2252      6974696E 
 2252      6700
 2253              		.ident	"GCC: (15:6.3.1+svn253039-1build1) 6.3.1 20170620"
ARM GAS  /tmp/cca7Acgi.s 			page 45


DEFINED SYMBOLS
                            *ABS*:0000000000000000 nvic.c
     /tmp/cca7Acgi.s:16     .text.nvicEnableVector:0000000000000000 $t
     /tmp/cca7Acgi.s:24     .text.nvicEnableVector:0000000000000000 nvicEnableVector
     /tmp/cca7Acgi.s:88     .text.nvicDisableVector:0000000000000000 $t
     /tmp/cca7Acgi.s:96     .text.nvicDisableVector:0000000000000000 nvicDisableVector
     /tmp/cca7Acgi.s:146    .text.nvicDisableVector:000000000000003c $d
     /tmp/cca7Acgi.s:151    .text.nvicSetSystemHandlerPriority:0000000000000000 $t
     /tmp/cca7Acgi.s:159    .text.nvicSetSystemHandlerPriority:0000000000000000 nvicSetSystemHandlerPriority
                     .debug_frame:0000000000000010 $d

NO UNDEFINED SYMBOLS
